[2023-08-08T07:29:30.265+0000] {taskinstance.py:1103} INFO - Dependencies all met for dep_context=non-requeueable deps ti=<TaskInstance: dag_w_postgres_v2.create_table_in_postgres manual__2023-08-08T07:29:29.541522+00:00 [queued]>
[2023-08-08T07:29:30.271+0000] {taskinstance.py:1103} INFO - Dependencies all met for dep_context=requeueable deps ti=<TaskInstance: dag_w_postgres_v2.create_table_in_postgres manual__2023-08-08T07:29:29.541522+00:00 [queued]>
[2023-08-08T07:29:30.272+0000] {taskinstance.py:1308} INFO - Starting attempt 1 of 6
[2023-08-08T07:29:30.283+0000] {taskinstance.py:1327} INFO - Executing <Task(PostgresOperator): create_table_in_postgres> on 2023-08-08 07:29:29.541522+00:00
[2023-08-08T07:29:30.288+0000] {standard_task_runner.py:57} INFO - Started process 2735 to run task
[2023-08-08T07:29:30.292+0000] {standard_task_runner.py:84} INFO - Running: ['***', 'tasks', 'run', 'dag_w_postgres_v2', 'create_table_in_postgres', 'manual__2023-08-08T07:29:29.541522+00:00', '--job-id', '1107', '--raw', '--subdir', 'DAGS_FOLDER/dag_postgresql.py', '--cfg-path', '/tmp/tmptsq78j5z']
[2023-08-08T07:29:30.298+0000] {standard_task_runner.py:85} INFO - Job 1107: Subtask create_table_in_postgres
[2023-08-08T07:29:30.360+0000] {task_command.py:410} INFO - Running <TaskInstance: dag_w_postgres_v2.create_table_in_postgres manual__2023-08-08T07:29:29.541522+00:00 [running]> on host e3ce6cb94b48
[2023-08-08T07:29:30.441+0000] {taskinstance.py:1547} INFO - Exporting env vars: AIRFLOW_CTX_DAG_OWNER='Zack' AIRFLOW_CTX_DAG_ID='dag_w_postgres_v2' AIRFLOW_CTX_TASK_ID='create_table_in_postgres' AIRFLOW_CTX_EXECUTION_DATE='2023-08-08T07:29:29.541522+00:00' AIRFLOW_CTX_TRY_NUMBER='1' AIRFLOW_CTX_DAG_RUN_ID='manual__2023-08-08T07:29:29.541522+00:00'
[2023-08-08T07:29:30.442+0000] {sql.py:265} INFO - Executing: 
            CREATE TABLE if not exists dag_runs(
                dt date,
                dag_id character varying,
                primary key  (dt, dag_id)
            )
        
[2023-08-08T07:29:30.452+0000] {base.py:73} INFO - Using connection ID 'postgres_localhost' for task execution.
[2023-08-08T07:29:30.508+0000] {base.py:73} INFO - Using connection ID 'postgres_localhost' for task execution.
[2023-08-08T07:29:30.521+0000] {sql.py:375} INFO - Running statement: 
            CREATE TABLE if not exists dag_runs(
                dt date,
                dag_id character varying,
                primary key  (dt, dag_id)
            )
        , parameters: None
[2023-08-08T07:29:30.536+0000] {taskinstance.py:1350} INFO - Marking task as SUCCESS. dag_id=dag_w_postgres_v2, task_id=create_table_in_postgres, execution_date=20230808T072929, start_date=20230808T072930, end_date=20230808T072930
[2023-08-08T07:29:30.586+0000] {local_task_job_runner.py:225} INFO - Task exited with return code 0
[2023-08-08T07:29:30.609+0000] {taskinstance.py:2653} INFO - 1 downstream tasks scheduled from follow-on schedule check
