[2023-08-08T07:31:34.603+0000] {taskinstance.py:1103} INFO - Dependencies all met for dep_context=non-requeueable deps ti=<TaskInstance: dag_w_postgres_v2.insert_data_to_postgres scheduled__2023-08-07T00:00:00+00:00 [queued]>
[2023-08-08T07:31:34.611+0000] {taskinstance.py:1103} INFO - Dependencies all met for dep_context=requeueable deps ti=<TaskInstance: dag_w_postgres_v2.insert_data_to_postgres scheduled__2023-08-07T00:00:00+00:00 [queued]>
[2023-08-08T07:31:34.611+0000] {taskinstance.py:1308} INFO - Starting attempt 3 of 7
[2023-08-08T07:31:34.622+0000] {taskinstance.py:1327} INFO - Executing <Task(PostgresOperator): insert_data_to_postgres> on 2023-08-07 00:00:00+00:00
[2023-08-08T07:31:34.626+0000] {standard_task_runner.py:57} INFO - Started process 2852 to run task
[2023-08-08T07:31:34.630+0000] {standard_task_runner.py:84} INFO - Running: ['***', 'tasks', 'run', 'dag_w_postgres_v2', 'insert_data_to_postgres', 'scheduled__2023-08-07T00:00:00+00:00', '--job-id', '1111', '--raw', '--subdir', 'DAGS_FOLDER/dag_postgresql.py', '--cfg-path', '/tmp/tmpls8qsgka']
[2023-08-08T07:31:34.633+0000] {standard_task_runner.py:85} INFO - Job 1111: Subtask insert_data_to_postgres
[2023-08-08T07:31:34.683+0000] {task_command.py:410} INFO - Running <TaskInstance: dag_w_postgres_v2.insert_data_to_postgres scheduled__2023-08-07T00:00:00+00:00 [running]> on host e3ce6cb94b48
[2023-08-08T07:31:34.756+0000] {taskinstance.py:1547} INFO - Exporting env vars: AIRFLOW_CTX_DAG_OWNER='Zack' AIRFLOW_CTX_DAG_ID='dag_w_postgres_v2' AIRFLOW_CTX_TASK_ID='insert_data_to_postgres' AIRFLOW_CTX_EXECUTION_DATE='2023-08-07T00:00:00+00:00' AIRFLOW_CTX_TRY_NUMBER='3' AIRFLOW_CTX_DAG_RUN_ID='scheduled__2023-08-07T00:00:00+00:00'
[2023-08-08T07:31:34.757+0000] {sql.py:265} INFO - Executing: 
            INSERT INTO dag_runs (dt, dag_id) values ('2023-08-07', 'dag_w_postgres_v2')
        
[2023-08-08T07:31:34.768+0000] {base.py:73} INFO - Using connection ID 'postgres_localhost' for task execution.
[2023-08-08T07:31:34.819+0000] {base.py:73} INFO - Using connection ID 'postgres_localhost' for task execution.
[2023-08-08T07:31:34.840+0000] {sql.py:375} INFO - Running statement: 
            INSERT INTO dag_runs (dt, dag_id) values ('2023-08-07', 'dag_w_postgres_v2')
        , parameters: None
[2023-08-08T07:31:34.843+0000] {sql.py:384} INFO - Rows affected: 1
[2023-08-08T07:31:34.856+0000] {taskinstance.py:1350} INFO - Marking task as SUCCESS. dag_id=dag_w_postgres_v2, task_id=insert_data_to_postgres, execution_date=20230807T000000, start_date=20230808T073134, end_date=20230808T073134
[2023-08-08T07:31:34.883+0000] {local_task_job_runner.py:225} INFO - Task exited with return code 0
[2023-08-08T07:31:34.901+0000] {taskinstance.py:2653} INFO - 0 downstream tasks scheduled from follow-on schedule check
