[2023-08-11T00:01:21.656+0000] {taskinstance.py:1103} INFO - Dependencies all met for dep_context=non-requeueable deps ti=<TaskInstance: dag_w_postgres_v3.delete_postgres_data scheduled__2023-08-10T00:00:00+00:00 [queued]>
[2023-08-11T00:01:21.663+0000] {taskinstance.py:1103} INFO - Dependencies all met for dep_context=requeueable deps ti=<TaskInstance: dag_w_postgres_v3.delete_postgres_data scheduled__2023-08-10T00:00:00+00:00 [queued]>
[2023-08-11T00:01:21.663+0000] {taskinstance.py:1308} INFO - Starting attempt 1 of 6
[2023-08-11T00:01:21.673+0000] {taskinstance.py:1327} INFO - Executing <Task(PostgresOperator): delete_postgres_data> on 2023-08-10 00:00:00+00:00
[2023-08-11T00:01:21.678+0000] {standard_task_runner.py:57} INFO - Started process 56680 to run task
[2023-08-11T00:01:21.683+0000] {standard_task_runner.py:84} INFO - Running: ['***', 'tasks', 'run', 'dag_w_postgres_v3', 'delete_postgres_data', 'scheduled__2023-08-10T00:00:00+00:00', '--job-id', '1132', '--raw', '--subdir', 'DAGS_FOLDER/dag_postgresql.py', '--cfg-path', '/tmp/tmpqmk7cz40']
[2023-08-11T00:01:21.687+0000] {standard_task_runner.py:85} INFO - Job 1132: Subtask delete_postgres_data
[2023-08-11T00:01:22.142+0000] {task_command.py:410} INFO - Running <TaskInstance: dag_w_postgres_v3.delete_postgres_data scheduled__2023-08-10T00:00:00+00:00 [running]> on host e3ce6cb94b48
[2023-08-11T00:01:22.246+0000] {taskinstance.py:1547} INFO - Exporting env vars: AIRFLOW_CTX_DAG_OWNER='Zack' AIRFLOW_CTX_DAG_ID='dag_w_postgres_v3' AIRFLOW_CTX_TASK_ID='delete_postgres_data' AIRFLOW_CTX_EXECUTION_DATE='2023-08-10T00:00:00+00:00' AIRFLOW_CTX_TRY_NUMBER='1' AIRFLOW_CTX_DAG_RUN_ID='scheduled__2023-08-10T00:00:00+00:00'
[2023-08-11T00:01:22.247+0000] {sql.py:265} INFO - Executing: 
            DELETE FROM dag_runs WHERE dt = '2023-08-10' AND dag_id = 'dag_w_postgres_v3';
        
[2023-08-11T00:01:22.258+0000] {base.py:73} INFO - Using connection ID 'postgres_localhost' for task execution.
[2023-08-11T00:01:22.326+0000] {base.py:73} INFO - Using connection ID 'postgres_localhost' for task execution.
[2023-08-11T00:01:22.336+0000] {sql.py:375} INFO - Running statement: 
            DELETE FROM dag_runs WHERE dt = '2023-08-10' AND dag_id = 'dag_w_postgres_v3';
        , parameters: None
[2023-08-11T00:01:22.340+0000] {sql.py:384} INFO - Rows affected: 0
[2023-08-11T00:01:22.352+0000] {taskinstance.py:1350} INFO - Marking task as SUCCESS. dag_id=dag_w_postgres_v3, task_id=delete_postgres_data, execution_date=20230810T000000, start_date=20230811T000121, end_date=20230811T000122
[2023-08-11T00:01:22.376+0000] {local_task_job_runner.py:225} INFO - Task exited with return code 0
[2023-08-11T00:01:22.399+0000] {taskinstance.py:2653} INFO - 1 downstream tasks scheduled from follow-on schedule check
