[2023-08-08T07:19:59.521+0000] {taskinstance.py:1103} INFO - Dependencies all met for dep_context=non-requeueable deps ti=<TaskInstance: dag_w_postgres_v1.create_table_in_postgres manual__2023-08-08T07:19:58.825011+00:00 [queued]>
[2023-08-08T07:19:59.529+0000] {taskinstance.py:1103} INFO - Dependencies all met for dep_context=requeueable deps ti=<TaskInstance: dag_w_postgres_v1.create_table_in_postgres manual__2023-08-08T07:19:58.825011+00:00 [queued]>
[2023-08-08T07:19:59.529+0000] {taskinstance.py:1308} INFO - Starting attempt 1 of 6
[2023-08-08T07:19:59.541+0000] {taskinstance.py:1327} INFO - Executing <Task(PostgresOperator): create_table_in_postgres> on 2023-08-08 07:19:58.825011+00:00
[2023-08-08T07:19:59.546+0000] {standard_task_runner.py:57} INFO - Started process 2189 to run task
[2023-08-08T07:19:59.550+0000] {standard_task_runner.py:84} INFO - Running: ['***', 'tasks', 'run', 'dag_w_postgres_v1', 'create_table_in_postgres', 'manual__2023-08-08T07:19:58.825011+00:00', '--job-id', '1095', '--raw', '--subdir', 'DAGS_FOLDER/dag_postgresql.py', '--cfg-path', '/tmp/tmpxsmlocif']
[2023-08-08T07:19:59.554+0000] {standard_task_runner.py:85} INFO - Job 1095: Subtask create_table_in_postgres
[2023-08-08T07:19:59.614+0000] {task_command.py:410} INFO - Running <TaskInstance: dag_w_postgres_v1.create_table_in_postgres manual__2023-08-08T07:19:58.825011+00:00 [running]> on host e3ce6cb94b48
[2023-08-08T07:19:59.692+0000] {taskinstance.py:1547} INFO - Exporting env vars: AIRFLOW_CTX_DAG_OWNER='Zack' AIRFLOW_CTX_DAG_ID='dag_w_postgres_v1' AIRFLOW_CTX_TASK_ID='create_table_in_postgres' AIRFLOW_CTX_EXECUTION_DATE='2023-08-08T07:19:58.825011+00:00' AIRFLOW_CTX_TRY_NUMBER='1' AIRFLOW_CTX_DAG_RUN_ID='manual__2023-08-08T07:19:58.825011+00:00'
[2023-08-08T07:19:59.693+0000] {sql.py:265} INFO - Executing: 
            CREATE TABLE if not exists dag_runs(
                dt date,
                dag_id character varying,
                primary key  (dt, dag_id)
            )
        
[2023-08-08T07:19:59.702+0000] {base.py:73} INFO - Using connection ID 'postgres_localhost' for task execution.
[2023-08-08T07:19:59.753+0000] {base.py:73} INFO - Using connection ID 'postgres_localhost' for task execution.
[2023-08-08T07:19:59.765+0000] {sql.py:375} INFO - Running statement: 
            CREATE TABLE if not exists dag_runs(
                dt date,
                dag_id character varying,
                primary key  (dt, dag_id)
            )
        , parameters: None
[2023-08-08T07:19:59.790+0000] {taskinstance.py:1350} INFO - Marking task as SUCCESS. dag_id=dag_w_postgres_v1, task_id=create_table_in_postgres, execution_date=20230808T071958, start_date=20230808T071959, end_date=20230808T071959
[2023-08-08T07:19:59.848+0000] {local_task_job_runner.py:225} INFO - Task exited with return code 0
[2023-08-08T07:19:59.866+0000] {taskinstance.py:2653} INFO - 0 downstream tasks scheduled from follow-on schedule check
