[2023-08-10T00:17:19.218+0000] {taskinstance.py:1103} INFO - Dependencies all met for dep_context=non-requeueable deps ti=<TaskInstance: dag_w_postgres_v3.create_table_in_postgres scheduled__2023-08-09T00:00:00+00:00 [queued]>
[2023-08-10T00:17:19.229+0000] {taskinstance.py:1103} INFO - Dependencies all met for dep_context=requeueable deps ti=<TaskInstance: dag_w_postgres_v3.create_table_in_postgres scheduled__2023-08-09T00:00:00+00:00 [queued]>
[2023-08-10T00:17:19.230+0000] {taskinstance.py:1308} INFO - Starting attempt 1 of 6
[2023-08-10T00:17:19.256+0000] {taskinstance.py:1327} INFO - Executing <Task(PostgresOperator): create_table_in_postgres> on 2023-08-09 00:00:00+00:00
[2023-08-10T00:17:19.269+0000] {standard_task_runner.py:57} INFO - Started process 46899 to run task
[2023-08-10T00:17:19.283+0000] {standard_task_runner.py:84} INFO - Running: ['***', 'tasks', 'run', 'dag_w_postgres_v3', 'create_table_in_postgres', 'scheduled__2023-08-09T00:00:00+00:00', '--job-id', '1128', '--raw', '--subdir', 'DAGS_FOLDER/dag_postgresql.py', '--cfg-path', '/tmp/tmpwui9ruvp']
[2023-08-10T00:17:19.305+0000] {standard_task_runner.py:85} INFO - Job 1128: Subtask create_table_in_postgres
[2023-08-10T00:17:19.435+0000] {task_command.py:410} INFO - Running <TaskInstance: dag_w_postgres_v3.create_table_in_postgres scheduled__2023-08-09T00:00:00+00:00 [running]> on host e3ce6cb94b48
[2023-08-10T00:17:19.614+0000] {taskinstance.py:1547} INFO - Exporting env vars: AIRFLOW_CTX_DAG_OWNER='Zack' AIRFLOW_CTX_DAG_ID='dag_w_postgres_v3' AIRFLOW_CTX_TASK_ID='create_table_in_postgres' AIRFLOW_CTX_EXECUTION_DATE='2023-08-09T00:00:00+00:00' AIRFLOW_CTX_TRY_NUMBER='1' AIRFLOW_CTX_DAG_RUN_ID='scheduled__2023-08-09T00:00:00+00:00'
[2023-08-10T00:17:19.616+0000] {sql.py:265} INFO - Executing: 
            CREATE TABLE if not exists dag_runs(
                dt date,
                dag_id character varying,
                primary key  (dt, dag_id)
            )
        
[2023-08-10T00:17:19.632+0000] {base.py:73} INFO - Using connection ID 'postgres_localhost' for task execution.
[2023-08-10T00:17:19.733+0000] {base.py:73} INFO - Using connection ID 'postgres_localhost' for task execution.
[2023-08-10T00:17:19.767+0000] {sql.py:375} INFO - Running statement: 
            CREATE TABLE if not exists dag_runs(
                dt date,
                dag_id character varying,
                primary key  (dt, dag_id)
            )
        , parameters: None
[2023-08-10T00:17:19.796+0000] {taskinstance.py:1350} INFO - Marking task as SUCCESS. dag_id=dag_w_postgres_v3, task_id=create_table_in_postgres, execution_date=20230809T000000, start_date=20230810T001719, end_date=20230810T001719
[2023-08-10T00:17:19.838+0000] {local_task_job_runner.py:225} INFO - Task exited with return code 0
[2023-08-10T00:17:19.876+0000] {taskinstance.py:2653} INFO - 1 downstream tasks scheduled from follow-on schedule check
