[2023-08-13T00:03:10.412+0000] {processor.py:157} INFO - Started process (PID=88003) to work on /opt/airflow/dags/dag_taskflow_api.py
[2023-08-13T00:03:10.414+0000] {processor.py:826} INFO - Processing file /opt/airflow/dags/dag_taskflow_api.py for tasks to queue
[2023-08-13T00:03:10.415+0000] {logging_mixin.py:150} INFO - [2023-08-13T00:03:10.414+0000] {dagbag.py:541} INFO - Filling up the DagBag from /opt/airflow/dags/dag_taskflow_api.py
[2023-08-13T00:03:10.439+0000] {processor.py:836} INFO - DAG(s) dict_keys(['Greeting_v2']) retrieved from /opt/airflow/dags/dag_taskflow_api.py
[2023-08-13T00:03:10.490+0000] {logging_mixin.py:150} INFO - [2023-08-13T00:03:10.490+0000] {dag.py:2742} INFO - Sync 1 DAGs
[2023-08-13T00:03:10.516+0000] {logging_mixin.py:150} INFO - [2023-08-13T00:03:10.516+0000] {dag.py:3508} INFO - Setting next_dagrun for Greeting_v2 to 2023-08-07T16:00:00+00:00, run_after=2023-08-08T16:00:00+00:00
[2023-08-13T00:03:10.539+0000] {processor.py:179} INFO - Processing /opt/airflow/dags/dag_taskflow_api.py took 0.131 seconds
[2023-08-13T00:03:41.175+0000] {processor.py:157} INFO - Started process (PID=88037) to work on /opt/airflow/dags/dag_taskflow_api.py
[2023-08-13T00:03:41.176+0000] {processor.py:826} INFO - Processing file /opt/airflow/dags/dag_taskflow_api.py for tasks to queue
[2023-08-13T00:03:41.177+0000] {logging_mixin.py:150} INFO - [2023-08-13T00:03:41.177+0000] {dagbag.py:541} INFO - Filling up the DagBag from /opt/airflow/dags/dag_taskflow_api.py
[2023-08-13T00:03:41.188+0000] {processor.py:836} INFO - DAG(s) dict_keys(['Greeting_v2']) retrieved from /opt/airflow/dags/dag_taskflow_api.py
[2023-08-13T00:03:41.212+0000] {logging_mixin.py:150} INFO - [2023-08-13T00:03:41.212+0000] {dag.py:2742} INFO - Sync 1 DAGs
[2023-08-13T00:03:41.228+0000] {logging_mixin.py:150} INFO - [2023-08-13T00:03:41.228+0000] {dag.py:3508} INFO - Setting next_dagrun for Greeting_v2 to 2023-08-07T16:00:00+00:00, run_after=2023-08-08T16:00:00+00:00
[2023-08-13T00:03:41.239+0000] {processor.py:179} INFO - Processing /opt/airflow/dags/dag_taskflow_api.py took 0.067 seconds
[2023-08-13T00:04:11.781+0000] {processor.py:157} INFO - Started process (PID=88064) to work on /opt/airflow/dags/dag_taskflow_api.py
[2023-08-13T00:04:11.782+0000] {processor.py:826} INFO - Processing file /opt/airflow/dags/dag_taskflow_api.py for tasks to queue
[2023-08-13T00:04:11.783+0000] {logging_mixin.py:150} INFO - [2023-08-13T00:04:11.783+0000] {dagbag.py:541} INFO - Filling up the DagBag from /opt/airflow/dags/dag_taskflow_api.py
[2023-08-13T00:04:11.794+0000] {processor.py:836} INFO - DAG(s) dict_keys(['Greeting_v2']) retrieved from /opt/airflow/dags/dag_taskflow_api.py
[2023-08-13T00:04:11.818+0000] {logging_mixin.py:150} INFO - [2023-08-13T00:04:11.818+0000] {dag.py:2742} INFO - Sync 1 DAGs
[2023-08-13T00:04:11.834+0000] {logging_mixin.py:150} INFO - [2023-08-13T00:04:11.834+0000] {dag.py:3508} INFO - Setting next_dagrun for Greeting_v2 to 2023-08-07T16:00:00+00:00, run_after=2023-08-08T16:00:00+00:00
[2023-08-13T00:04:11.846+0000] {processor.py:179} INFO - Processing /opt/airflow/dags/dag_taskflow_api.py took 0.068 seconds
[2023-08-13T00:21:17.295+0000] {processor.py:157} INFO - Started process (PID=88089) to work on /opt/airflow/dags/dag_taskflow_api.py
[2023-08-13T00:21:17.297+0000] {processor.py:826} INFO - Processing file /opt/airflow/dags/dag_taskflow_api.py for tasks to queue
[2023-08-13T00:21:17.302+0000] {logging_mixin.py:150} INFO - [2023-08-13T00:21:17.302+0000] {dagbag.py:541} INFO - Filling up the DagBag from /opt/airflow/dags/dag_taskflow_api.py
[2023-08-13T00:21:17.319+0000] {processor.py:836} INFO - DAG(s) dict_keys(['Greeting_v2']) retrieved from /opt/airflow/dags/dag_taskflow_api.py
[2023-08-13T00:21:17.350+0000] {logging_mixin.py:150} INFO - [2023-08-13T00:21:17.350+0000] {dag.py:2742} INFO - Sync 1 DAGs
[2023-08-13T00:21:17.368+0000] {logging_mixin.py:150} INFO - [2023-08-13T00:21:17.368+0000] {dag.py:3508} INFO - Setting next_dagrun for Greeting_v2 to 2023-08-07T16:00:00+00:00, run_after=2023-08-08T16:00:00+00:00
[2023-08-13T00:21:17.379+0000] {processor.py:179} INFO - Processing /opt/airflow/dags/dag_taskflow_api.py took 0.088 seconds
[2023-08-13T00:39:21.979+0000] {processor.py:157} INFO - Started process (PID=88116) to work on /opt/airflow/dags/dag_taskflow_api.py
[2023-08-13T00:39:21.984+0000] {processor.py:826} INFO - Processing file /opt/airflow/dags/dag_taskflow_api.py for tasks to queue
[2023-08-13T00:39:21.986+0000] {logging_mixin.py:150} INFO - [2023-08-13T00:39:21.985+0000] {dagbag.py:541} INFO - Filling up the DagBag from /opt/airflow/dags/dag_taskflow_api.py
[2023-08-13T00:39:22.002+0000] {processor.py:836} INFO - DAG(s) dict_keys(['Greeting_v2']) retrieved from /opt/airflow/dags/dag_taskflow_api.py
[2023-08-13T00:39:22.033+0000] {logging_mixin.py:150} INFO - [2023-08-13T00:39:22.033+0000] {dag.py:2742} INFO - Sync 1 DAGs
[2023-08-13T00:39:22.060+0000] {logging_mixin.py:150} INFO - [2023-08-13T00:39:22.060+0000] {dag.py:3508} INFO - Setting next_dagrun for Greeting_v2 to 2023-08-07T16:00:00+00:00, run_after=2023-08-08T16:00:00+00:00
[2023-08-13T00:39:22.091+0000] {processor.py:179} INFO - Processing /opt/airflow/dags/dag_taskflow_api.py took 0.117 seconds
[2023-08-13T00:39:52.745+0000] {processor.py:157} INFO - Started process (PID=88145) to work on /opt/airflow/dags/dag_taskflow_api.py
[2023-08-13T00:39:52.746+0000] {processor.py:826} INFO - Processing file /opt/airflow/dags/dag_taskflow_api.py for tasks to queue
[2023-08-13T00:39:52.747+0000] {logging_mixin.py:150} INFO - [2023-08-13T00:39:52.747+0000] {dagbag.py:541} INFO - Filling up the DagBag from /opt/airflow/dags/dag_taskflow_api.py
[2023-08-13T00:39:52.758+0000] {processor.py:836} INFO - DAG(s) dict_keys(['Greeting_v2']) retrieved from /opt/airflow/dags/dag_taskflow_api.py
[2023-08-13T00:39:52.781+0000] {logging_mixin.py:150} INFO - [2023-08-13T00:39:52.781+0000] {dag.py:2742} INFO - Sync 1 DAGs
[2023-08-13T00:39:52.798+0000] {logging_mixin.py:150} INFO - [2023-08-13T00:39:52.798+0000] {dag.py:3508} INFO - Setting next_dagrun for Greeting_v2 to 2023-08-07T16:00:00+00:00, run_after=2023-08-08T16:00:00+00:00
[2023-08-13T00:39:52.808+0000] {processor.py:179} INFO - Processing /opt/airflow/dags/dag_taskflow_api.py took 0.066 seconds
[2023-08-13T00:57:25.456+0000] {processor.py:157} INFO - Started process (PID=88174) to work on /opt/airflow/dags/dag_taskflow_api.py
[2023-08-13T00:57:25.457+0000] {processor.py:826} INFO - Processing file /opt/airflow/dags/dag_taskflow_api.py for tasks to queue
[2023-08-13T00:57:25.458+0000] {logging_mixin.py:150} INFO - [2023-08-13T00:57:25.458+0000] {dagbag.py:541} INFO - Filling up the DagBag from /opt/airflow/dags/dag_taskflow_api.py
[2023-08-13T00:57:25.470+0000] {processor.py:836} INFO - DAG(s) dict_keys(['Greeting_v2']) retrieved from /opt/airflow/dags/dag_taskflow_api.py
[2023-08-13T00:57:25.496+0000] {logging_mixin.py:150} INFO - [2023-08-13T00:57:25.496+0000] {dag.py:2742} INFO - Sync 1 DAGs
[2023-08-13T00:57:25.512+0000] {logging_mixin.py:150} INFO - [2023-08-13T00:57:25.512+0000] {dag.py:3508} INFO - Setting next_dagrun for Greeting_v2 to 2023-08-07T16:00:00+00:00, run_after=2023-08-08T16:00:00+00:00
[2023-08-13T00:57:25.523+0000] {processor.py:179} INFO - Processing /opt/airflow/dags/dag_taskflow_api.py took 0.070 seconds
[2023-08-13T01:13:52.108+0000] {processor.py:157} INFO - Started process (PID=88201) to work on /opt/airflow/dags/dag_taskflow_api.py
[2023-08-13T01:13:52.110+0000] {processor.py:826} INFO - Processing file /opt/airflow/dags/dag_taskflow_api.py for tasks to queue
[2023-08-13T01:13:52.112+0000] {logging_mixin.py:150} INFO - [2023-08-13T01:13:52.111+0000] {dagbag.py:541} INFO - Filling up the DagBag from /opt/airflow/dags/dag_taskflow_api.py
[2023-08-13T01:13:52.128+0000] {processor.py:836} INFO - DAG(s) dict_keys(['Greeting_v2']) retrieved from /opt/airflow/dags/dag_taskflow_api.py
[2023-08-13T01:13:52.167+0000] {logging_mixin.py:150} INFO - [2023-08-13T01:13:52.167+0000] {dag.py:2742} INFO - Sync 1 DAGs
[2023-08-13T01:13:52.208+0000] {logging_mixin.py:150} INFO - [2023-08-13T01:13:52.208+0000] {dag.py:3508} INFO - Setting next_dagrun for Greeting_v2 to 2023-08-07T16:00:00+00:00, run_after=2023-08-08T16:00:00+00:00
[2023-08-13T01:13:52.231+0000] {processor.py:179} INFO - Processing /opt/airflow/dags/dag_taskflow_api.py took 0.127 seconds
[2023-08-13T01:14:22.802+0000] {processor.py:157} INFO - Started process (PID=88228) to work on /opt/airflow/dags/dag_taskflow_api.py
[2023-08-13T01:14:22.803+0000] {processor.py:826} INFO - Processing file /opt/airflow/dags/dag_taskflow_api.py for tasks to queue
[2023-08-13T01:14:22.804+0000] {logging_mixin.py:150} INFO - [2023-08-13T01:14:22.804+0000] {dagbag.py:541} INFO - Filling up the DagBag from /opt/airflow/dags/dag_taskflow_api.py
[2023-08-13T01:14:22.816+0000] {processor.py:836} INFO - DAG(s) dict_keys(['Greeting_v2']) retrieved from /opt/airflow/dags/dag_taskflow_api.py
[2023-08-13T01:14:22.840+0000] {logging_mixin.py:150} INFO - [2023-08-13T01:14:22.840+0000] {dag.py:2742} INFO - Sync 1 DAGs
[2023-08-13T01:14:22.856+0000] {logging_mixin.py:150} INFO - [2023-08-13T01:14:22.856+0000] {dag.py:3508} INFO - Setting next_dagrun for Greeting_v2 to 2023-08-07T16:00:00+00:00, run_after=2023-08-08T16:00:00+00:00
[2023-08-13T01:14:22.868+0000] {processor.py:179} INFO - Processing /opt/airflow/dags/dag_taskflow_api.py took 0.068 seconds
[2023-08-13T01:30:08.193+0000] {processor.py:157} INFO - Started process (PID=88253) to work on /opt/airflow/dags/dag_taskflow_api.py
[2023-08-13T01:30:08.195+0000] {processor.py:826} INFO - Processing file /opt/airflow/dags/dag_taskflow_api.py for tasks to queue
[2023-08-13T01:30:08.196+0000] {logging_mixin.py:150} INFO - [2023-08-13T01:30:08.196+0000] {dagbag.py:541} INFO - Filling up the DagBag from /opt/airflow/dags/dag_taskflow_api.py
[2023-08-13T01:30:08.212+0000] {processor.py:836} INFO - DAG(s) dict_keys(['Greeting_v2']) retrieved from /opt/airflow/dags/dag_taskflow_api.py
[2023-08-13T01:30:08.238+0000] {logging_mixin.py:150} INFO - [2023-08-13T01:30:08.238+0000] {dag.py:2742} INFO - Sync 1 DAGs
[2023-08-13T01:30:08.256+0000] {logging_mixin.py:150} INFO - [2023-08-13T01:30:08.256+0000] {dag.py:3508} INFO - Setting next_dagrun for Greeting_v2 to 2023-08-07T16:00:00+00:00, run_after=2023-08-08T16:00:00+00:00
[2023-08-13T01:30:08.269+0000] {processor.py:179} INFO - Processing /opt/airflow/dags/dag_taskflow_api.py took 0.080 seconds
[2023-08-13T01:30:38.824+0000] {processor.py:157} INFO - Started process (PID=88282) to work on /opt/airflow/dags/dag_taskflow_api.py
[2023-08-13T01:30:38.825+0000] {processor.py:826} INFO - Processing file /opt/airflow/dags/dag_taskflow_api.py for tasks to queue
[2023-08-13T01:30:38.826+0000] {logging_mixin.py:150} INFO - [2023-08-13T01:30:38.825+0000] {dagbag.py:541} INFO - Filling up the DagBag from /opt/airflow/dags/dag_taskflow_api.py
[2023-08-13T01:30:38.837+0000] {processor.py:836} INFO - DAG(s) dict_keys(['Greeting_v2']) retrieved from /opt/airflow/dags/dag_taskflow_api.py
[2023-08-13T01:30:38.860+0000] {logging_mixin.py:150} INFO - [2023-08-13T01:30:38.860+0000] {dag.py:2742} INFO - Sync 1 DAGs
[2023-08-13T01:30:38.877+0000] {logging_mixin.py:150} INFO - [2023-08-13T01:30:38.877+0000] {dag.py:3508} INFO - Setting next_dagrun for Greeting_v2 to 2023-08-07T16:00:00+00:00, run_after=2023-08-08T16:00:00+00:00
[2023-08-13T01:30:38.887+0000] {processor.py:179} INFO - Processing /opt/airflow/dags/dag_taskflow_api.py took 0.066 seconds
[2023-08-13T01:49:00.621+0000] {processor.py:157} INFO - Started process (PID=88309) to work on /opt/airflow/dags/dag_taskflow_api.py
[2023-08-13T01:49:00.622+0000] {processor.py:826} INFO - Processing file /opt/airflow/dags/dag_taskflow_api.py for tasks to queue
[2023-08-13T01:49:00.623+0000] {logging_mixin.py:150} INFO - [2023-08-13T01:49:00.623+0000] {dagbag.py:541} INFO - Filling up the DagBag from /opt/airflow/dags/dag_taskflow_api.py
[2023-08-13T01:49:00.635+0000] {processor.py:836} INFO - DAG(s) dict_keys(['Greeting_v2']) retrieved from /opt/airflow/dags/dag_taskflow_api.py
[2023-08-13T01:49:00.658+0000] {logging_mixin.py:150} INFO - [2023-08-13T01:49:00.658+0000] {dag.py:2742} INFO - Sync 1 DAGs
[2023-08-13T01:49:00.675+0000] {logging_mixin.py:150} INFO - [2023-08-13T01:49:00.675+0000] {dag.py:3508} INFO - Setting next_dagrun for Greeting_v2 to 2023-08-07T16:00:00+00:00, run_after=2023-08-08T16:00:00+00:00
[2023-08-13T01:49:00.686+0000] {processor.py:179} INFO - Processing /opt/airflow/dags/dag_taskflow_api.py took 0.068 seconds
[2023-08-13T01:49:31.233+0000] {processor.py:157} INFO - Started process (PID=88336) to work on /opt/airflow/dags/dag_taskflow_api.py
[2023-08-13T01:49:31.235+0000] {processor.py:826} INFO - Processing file /opt/airflow/dags/dag_taskflow_api.py for tasks to queue
[2023-08-13T01:49:31.236+0000] {logging_mixin.py:150} INFO - [2023-08-13T01:49:31.235+0000] {dagbag.py:541} INFO - Filling up the DagBag from /opt/airflow/dags/dag_taskflow_api.py
[2023-08-13T01:49:31.248+0000] {processor.py:836} INFO - DAG(s) dict_keys(['Greeting_v2']) retrieved from /opt/airflow/dags/dag_taskflow_api.py
[2023-08-13T01:49:31.273+0000] {logging_mixin.py:150} INFO - [2023-08-13T01:49:31.272+0000] {dag.py:2742} INFO - Sync 1 DAGs
[2023-08-13T01:49:31.290+0000] {logging_mixin.py:150} INFO - [2023-08-13T01:49:31.290+0000] {dag.py:3508} INFO - Setting next_dagrun for Greeting_v2 to 2023-08-07T16:00:00+00:00, run_after=2023-08-08T16:00:00+00:00
[2023-08-13T01:49:31.301+0000] {processor.py:179} INFO - Processing /opt/airflow/dags/dag_taskflow_api.py took 0.071 seconds
[2023-08-13T02:06:19.328+0000] {processor.py:157} INFO - Started process (PID=88363) to work on /opt/airflow/dags/dag_taskflow_api.py
[2023-08-13T02:06:19.334+0000] {processor.py:826} INFO - Processing file /opt/airflow/dags/dag_taskflow_api.py for tasks to queue
[2023-08-13T02:06:19.337+0000] {logging_mixin.py:150} INFO - [2023-08-13T02:06:19.337+0000] {dagbag.py:541} INFO - Filling up the DagBag from /opt/airflow/dags/dag_taskflow_api.py
[2023-08-13T02:06:19.368+0000] {processor.py:836} INFO - DAG(s) dict_keys(['Greeting_v2']) retrieved from /opt/airflow/dags/dag_taskflow_api.py
[2023-08-13T02:06:19.406+0000] {logging_mixin.py:150} INFO - [2023-08-13T02:06:19.406+0000] {dag.py:2742} INFO - Sync 1 DAGs
[2023-08-13T02:06:19.436+0000] {logging_mixin.py:150} INFO - [2023-08-13T02:06:19.436+0000] {dag.py:3508} INFO - Setting next_dagrun for Greeting_v2 to 2023-08-07T16:00:00+00:00, run_after=2023-08-08T16:00:00+00:00
[2023-08-13T02:06:19.459+0000] {processor.py:179} INFO - Processing /opt/airflow/dags/dag_taskflow_api.py took 0.137 seconds
[2023-08-13T02:22:11.986+0000] {processor.py:157} INFO - Started process (PID=88390) to work on /opt/airflow/dags/dag_taskflow_api.py
[2023-08-13T02:22:11.987+0000] {processor.py:826} INFO - Processing file /opt/airflow/dags/dag_taskflow_api.py for tasks to queue
[2023-08-13T02:22:11.988+0000] {logging_mixin.py:150} INFO - [2023-08-13T02:22:11.988+0000] {dagbag.py:541} INFO - Filling up the DagBag from /opt/airflow/dags/dag_taskflow_api.py
[2023-08-13T02:22:12.024+0000] {processor.py:836} INFO - DAG(s) dict_keys(['Greeting_v2']) retrieved from /opt/airflow/dags/dag_taskflow_api.py
[2023-08-13T02:22:12.093+0000] {logging_mixin.py:150} INFO - [2023-08-13T02:22:12.093+0000] {dag.py:2742} INFO - Sync 1 DAGs
[2023-08-13T02:22:12.135+0000] {logging_mixin.py:150} INFO - [2023-08-13T02:22:12.134+0000] {dag.py:3508} INFO - Setting next_dagrun for Greeting_v2 to 2023-08-07T16:00:00+00:00, run_after=2023-08-08T16:00:00+00:00
[2023-08-13T02:22:12.160+0000] {processor.py:179} INFO - Processing /opt/airflow/dags/dag_taskflow_api.py took 0.177 seconds
[2023-08-13T02:22:42.722+0000] {processor.py:157} INFO - Started process (PID=88419) to work on /opt/airflow/dags/dag_taskflow_api.py
[2023-08-13T02:22:42.723+0000] {processor.py:826} INFO - Processing file /opt/airflow/dags/dag_taskflow_api.py for tasks to queue
[2023-08-13T02:22:42.724+0000] {logging_mixin.py:150} INFO - [2023-08-13T02:22:42.724+0000] {dagbag.py:541} INFO - Filling up the DagBag from /opt/airflow/dags/dag_taskflow_api.py
[2023-08-13T02:22:42.736+0000] {processor.py:836} INFO - DAG(s) dict_keys(['Greeting_v2']) retrieved from /opt/airflow/dags/dag_taskflow_api.py
[2023-08-13T02:22:42.759+0000] {logging_mixin.py:150} INFO - [2023-08-13T02:22:42.759+0000] {dag.py:2742} INFO - Sync 1 DAGs
[2023-08-13T02:22:42.776+0000] {logging_mixin.py:150} INFO - [2023-08-13T02:22:42.776+0000] {dag.py:3508} INFO - Setting next_dagrun for Greeting_v2 to 2023-08-07T16:00:00+00:00, run_after=2023-08-08T16:00:00+00:00
[2023-08-13T02:22:42.787+0000] {processor.py:179} INFO - Processing /opt/airflow/dags/dag_taskflow_api.py took 0.068 seconds
[2023-08-13T02:24:22.946+0000] {processor.py:157} INFO - Started process (PID=88446) to work on /opt/airflow/dags/dag_taskflow_api.py
[2023-08-13T02:24:22.947+0000] {processor.py:826} INFO - Processing file /opt/airflow/dags/dag_taskflow_api.py for tasks to queue
[2023-08-13T02:24:22.948+0000] {logging_mixin.py:150} INFO - [2023-08-13T02:24:22.948+0000] {dagbag.py:541} INFO - Filling up the DagBag from /opt/airflow/dags/dag_taskflow_api.py
[2023-08-13T02:24:22.959+0000] {processor.py:836} INFO - DAG(s) dict_keys(['Greeting_v2']) retrieved from /opt/airflow/dags/dag_taskflow_api.py
[2023-08-13T02:24:22.983+0000] {logging_mixin.py:150} INFO - [2023-08-13T02:24:22.982+0000] {dag.py:2742} INFO - Sync 1 DAGs
[2023-08-13T02:24:22.999+0000] {logging_mixin.py:150} INFO - [2023-08-13T02:24:22.999+0000] {dag.py:3508} INFO - Setting next_dagrun for Greeting_v2 to 2023-08-07T16:00:00+00:00, run_after=2023-08-08T16:00:00+00:00
[2023-08-13T02:24:23.010+0000] {processor.py:179} INFO - Processing /opt/airflow/dags/dag_taskflow_api.py took 0.067 seconds
[2023-08-13T02:41:16.046+0000] {processor.py:157} INFO - Started process (PID=88472) to work on /opt/airflow/dags/dag_taskflow_api.py
[2023-08-13T02:41:16.048+0000] {processor.py:826} INFO - Processing file /opt/airflow/dags/dag_taskflow_api.py for tasks to queue
[2023-08-13T02:41:16.049+0000] {logging_mixin.py:150} INFO - [2023-08-13T02:41:16.049+0000] {dagbag.py:541} INFO - Filling up the DagBag from /opt/airflow/dags/dag_taskflow_api.py
[2023-08-13T02:41:16.072+0000] {processor.py:836} INFO - DAG(s) dict_keys(['Greeting_v2']) retrieved from /opt/airflow/dags/dag_taskflow_api.py
[2023-08-13T02:41:16.130+0000] {logging_mixin.py:150} INFO - [2023-08-13T02:41:16.129+0000] {dag.py:2742} INFO - Sync 1 DAGs
[2023-08-13T02:41:16.152+0000] {logging_mixin.py:150} INFO - [2023-08-13T02:41:16.152+0000] {dag.py:3508} INFO - Setting next_dagrun for Greeting_v2 to 2023-08-07T16:00:00+00:00, run_after=2023-08-08T16:00:00+00:00
[2023-08-13T02:41:16.170+0000] {processor.py:179} INFO - Processing /opt/airflow/dags/dag_taskflow_api.py took 0.127 seconds
[2023-08-13T02:41:46.854+0000] {processor.py:157} INFO - Started process (PID=88500) to work on /opt/airflow/dags/dag_taskflow_api.py
[2023-08-13T02:41:46.856+0000] {processor.py:826} INFO - Processing file /opt/airflow/dags/dag_taskflow_api.py for tasks to queue
[2023-08-13T02:41:46.857+0000] {logging_mixin.py:150} INFO - [2023-08-13T02:41:46.856+0000] {dagbag.py:541} INFO - Filling up the DagBag from /opt/airflow/dags/dag_taskflow_api.py
[2023-08-13T02:41:46.868+0000] {processor.py:836} INFO - DAG(s) dict_keys(['Greeting_v2']) retrieved from /opt/airflow/dags/dag_taskflow_api.py
[2023-08-13T02:41:46.891+0000] {logging_mixin.py:150} INFO - [2023-08-13T02:41:46.891+0000] {dag.py:2742} INFO - Sync 1 DAGs
[2023-08-13T02:41:46.906+0000] {logging_mixin.py:150} INFO - [2023-08-13T02:41:46.906+0000] {dag.py:3508} INFO - Setting next_dagrun for Greeting_v2 to 2023-08-07T16:00:00+00:00, run_after=2023-08-08T16:00:00+00:00
[2023-08-13T02:41:46.917+0000] {processor.py:179} INFO - Processing /opt/airflow/dags/dag_taskflow_api.py took 0.066 seconds
[2023-08-13T02:57:56.663+0000] {processor.py:157} INFO - Started process (PID=88529) to work on /opt/airflow/dags/dag_taskflow_api.py
[2023-08-13T02:57:56.665+0000] {processor.py:826} INFO - Processing file /opt/airflow/dags/dag_taskflow_api.py for tasks to queue
[2023-08-13T02:57:56.667+0000] {logging_mixin.py:150} INFO - [2023-08-13T02:57:56.666+0000] {dagbag.py:541} INFO - Filling up the DagBag from /opt/airflow/dags/dag_taskflow_api.py
[2023-08-13T02:57:56.685+0000] {processor.py:836} INFO - DAG(s) dict_keys(['Greeting_v2']) retrieved from /opt/airflow/dags/dag_taskflow_api.py
[2023-08-13T02:57:56.720+0000] {logging_mixin.py:150} INFO - [2023-08-13T02:57:56.720+0000] {dag.py:2742} INFO - Sync 1 DAGs
[2023-08-13T02:57:56.746+0000] {logging_mixin.py:150} INFO - [2023-08-13T02:57:56.746+0000] {dag.py:3508} INFO - Setting next_dagrun for Greeting_v2 to 2023-08-07T16:00:00+00:00, run_after=2023-08-08T16:00:00+00:00
[2023-08-13T02:57:56.762+0000] {processor.py:179} INFO - Processing /opt/airflow/dags/dag_taskflow_api.py took 0.107 seconds
[2023-08-13T03:14:36.992+0000] {processor.py:157} INFO - Started process (PID=88554) to work on /opt/airflow/dags/dag_taskflow_api.py
[2023-08-13T03:14:36.997+0000] {processor.py:826} INFO - Processing file /opt/airflow/dags/dag_taskflow_api.py for tasks to queue
[2023-08-13T03:14:37.000+0000] {logging_mixin.py:150} INFO - [2023-08-13T03:14:36.999+0000] {dagbag.py:541} INFO - Filling up the DagBag from /opt/airflow/dags/dag_taskflow_api.py
[2023-08-13T03:14:37.032+0000] {processor.py:836} INFO - DAG(s) dict_keys(['Greeting_v2']) retrieved from /opt/airflow/dags/dag_taskflow_api.py
[2023-08-13T03:14:37.074+0000] {logging_mixin.py:150} INFO - [2023-08-13T03:14:37.074+0000] {dag.py:2742} INFO - Sync 1 DAGs
[2023-08-13T03:14:37.100+0000] {logging_mixin.py:150} INFO - [2023-08-13T03:14:37.100+0000] {dag.py:3508} INFO - Setting next_dagrun for Greeting_v2 to 2023-08-07T16:00:00+00:00, run_after=2023-08-08T16:00:00+00:00
[2023-08-13T03:14:37.120+0000] {processor.py:179} INFO - Processing /opt/airflow/dags/dag_taskflow_api.py took 0.134 seconds
[2023-08-13T03:15:07.697+0000] {processor.py:157} INFO - Started process (PID=88583) to work on /opt/airflow/dags/dag_taskflow_api.py
[2023-08-13T03:15:07.698+0000] {processor.py:826} INFO - Processing file /opt/airflow/dags/dag_taskflow_api.py for tasks to queue
[2023-08-13T03:15:07.699+0000] {logging_mixin.py:150} INFO - [2023-08-13T03:15:07.699+0000] {dagbag.py:541} INFO - Filling up the DagBag from /opt/airflow/dags/dag_taskflow_api.py
[2023-08-13T03:15:07.710+0000] {processor.py:836} INFO - DAG(s) dict_keys(['Greeting_v2']) retrieved from /opt/airflow/dags/dag_taskflow_api.py
[2023-08-13T03:15:07.733+0000] {logging_mixin.py:150} INFO - [2023-08-13T03:15:07.733+0000] {dag.py:2742} INFO - Sync 1 DAGs
[2023-08-13T03:15:07.750+0000] {logging_mixin.py:150} INFO - [2023-08-13T03:15:07.750+0000] {dag.py:3508} INFO - Setting next_dagrun for Greeting_v2 to 2023-08-07T16:00:00+00:00, run_after=2023-08-08T16:00:00+00:00
[2023-08-13T03:15:07.760+0000] {processor.py:179} INFO - Processing /opt/airflow/dags/dag_taskflow_api.py took 0.066 seconds
[2023-08-13T03:32:06.075+0000] {processor.py:157} INFO - Started process (PID=88610) to work on /opt/airflow/dags/dag_taskflow_api.py
[2023-08-13T03:32:06.076+0000] {processor.py:826} INFO - Processing file /opt/airflow/dags/dag_taskflow_api.py for tasks to queue
[2023-08-13T03:32:06.077+0000] {logging_mixin.py:150} INFO - [2023-08-13T03:32:06.077+0000] {dagbag.py:541} INFO - Filling up the DagBag from /opt/airflow/dags/dag_taskflow_api.py
[2023-08-13T03:32:06.090+0000] {processor.py:836} INFO - DAG(s) dict_keys(['Greeting_v2']) retrieved from /opt/airflow/dags/dag_taskflow_api.py
[2023-08-13T03:32:06.152+0000] {logging_mixin.py:150} INFO - [2023-08-13T03:32:06.152+0000] {dag.py:2742} INFO - Sync 1 DAGs
[2023-08-13T03:32:06.199+0000] {logging_mixin.py:150} INFO - [2023-08-13T03:32:06.199+0000] {dag.py:3508} INFO - Setting next_dagrun for Greeting_v2 to 2023-08-07T16:00:00+00:00, run_after=2023-08-08T16:00:00+00:00
[2023-08-13T03:32:06.222+0000] {processor.py:179} INFO - Processing /opt/airflow/dags/dag_taskflow_api.py took 0.151 seconds
[2023-08-13T03:32:36.731+0000] {processor.py:157} INFO - Started process (PID=88637) to work on /opt/airflow/dags/dag_taskflow_api.py
[2023-08-13T03:32:36.732+0000] {processor.py:826} INFO - Processing file /opt/airflow/dags/dag_taskflow_api.py for tasks to queue
[2023-08-13T03:32:36.733+0000] {logging_mixin.py:150} INFO - [2023-08-13T03:32:36.733+0000] {dagbag.py:541} INFO - Filling up the DagBag from /opt/airflow/dags/dag_taskflow_api.py
[2023-08-13T03:32:36.747+0000] {processor.py:836} INFO - DAG(s) dict_keys(['Greeting_v2']) retrieved from /opt/airflow/dags/dag_taskflow_api.py
[2023-08-13T03:32:36.771+0000] {logging_mixin.py:150} INFO - [2023-08-13T03:32:36.771+0000] {dag.py:2742} INFO - Sync 1 DAGs
[2023-08-13T03:32:36.787+0000] {logging_mixin.py:150} INFO - [2023-08-13T03:32:36.787+0000] {dag.py:3508} INFO - Setting next_dagrun for Greeting_v2 to 2023-08-07T16:00:00+00:00, run_after=2023-08-08T16:00:00+00:00
[2023-08-13T03:32:36.797+0000] {processor.py:179} INFO - Processing /opt/airflow/dags/dag_taskflow_api.py took 0.069 seconds
[2023-08-13T03:49:19.465+0000] {processor.py:157} INFO - Started process (PID=88663) to work on /opt/airflow/dags/dag_taskflow_api.py
[2023-08-13T03:49:19.467+0000] {processor.py:826} INFO - Processing file /opt/airflow/dags/dag_taskflow_api.py for tasks to queue
[2023-08-13T03:49:19.468+0000] {logging_mixin.py:150} INFO - [2023-08-13T03:49:19.467+0000] {dagbag.py:541} INFO - Filling up the DagBag from /opt/airflow/dags/dag_taskflow_api.py
[2023-08-13T03:49:19.479+0000] {processor.py:836} INFO - DAG(s) dict_keys(['Greeting_v2']) retrieved from /opt/airflow/dags/dag_taskflow_api.py
[2023-08-13T03:49:19.500+0000] {logging_mixin.py:150} INFO - [2023-08-13T03:49:19.500+0000] {dag.py:2742} INFO - Sync 1 DAGs
[2023-08-13T03:49:19.516+0000] {logging_mixin.py:150} INFO - [2023-08-13T03:49:19.516+0000] {dag.py:3508} INFO - Setting next_dagrun for Greeting_v2 to 2023-08-07T16:00:00+00:00, run_after=2023-08-08T16:00:00+00:00
[2023-08-13T03:49:19.527+0000] {processor.py:179} INFO - Processing /opt/airflow/dags/dag_taskflow_api.py took 0.064 seconds
[2023-08-13T03:49:50.117+0000] {processor.py:157} INFO - Started process (PID=88690) to work on /opt/airflow/dags/dag_taskflow_api.py
[2023-08-13T03:49:50.118+0000] {processor.py:826} INFO - Processing file /opt/airflow/dags/dag_taskflow_api.py for tasks to queue
[2023-08-13T03:49:50.119+0000] {logging_mixin.py:150} INFO - [2023-08-13T03:49:50.118+0000] {dagbag.py:541} INFO - Filling up the DagBag from /opt/airflow/dags/dag_taskflow_api.py
[2023-08-13T03:49:50.129+0000] {processor.py:836} INFO - DAG(s) dict_keys(['Greeting_v2']) retrieved from /opt/airflow/dags/dag_taskflow_api.py
[2023-08-13T03:49:50.152+0000] {logging_mixin.py:150} INFO - [2023-08-13T03:49:50.152+0000] {dag.py:2742} INFO - Sync 1 DAGs
[2023-08-13T03:49:50.168+0000] {logging_mixin.py:150} INFO - [2023-08-13T03:49:50.168+0000] {dag.py:3508} INFO - Setting next_dagrun for Greeting_v2 to 2023-08-07T16:00:00+00:00, run_after=2023-08-08T16:00:00+00:00
[2023-08-13T03:49:50.179+0000] {processor.py:179} INFO - Processing /opt/airflow/dags/dag_taskflow_api.py took 0.065 seconds
[2023-08-13T04:07:58.154+0000] {processor.py:157} INFO - Started process (PID=88719) to work on /opt/airflow/dags/dag_taskflow_api.py
[2023-08-13T04:07:58.155+0000] {processor.py:826} INFO - Processing file /opt/airflow/dags/dag_taskflow_api.py for tasks to queue
[2023-08-13T04:07:58.157+0000] {logging_mixin.py:150} INFO - [2023-08-13T04:07:58.156+0000] {dagbag.py:541} INFO - Filling up the DagBag from /opt/airflow/dags/dag_taskflow_api.py
[2023-08-13T04:07:58.167+0000] {processor.py:836} INFO - DAG(s) dict_keys(['Greeting_v2']) retrieved from /opt/airflow/dags/dag_taskflow_api.py
[2023-08-13T04:07:58.190+0000] {logging_mixin.py:150} INFO - [2023-08-13T04:07:58.190+0000] {dag.py:2742} INFO - Sync 1 DAGs
[2023-08-13T04:07:58.207+0000] {logging_mixin.py:150} INFO - [2023-08-13T04:07:58.207+0000] {dag.py:3508} INFO - Setting next_dagrun for Greeting_v2 to 2023-08-07T16:00:00+00:00, run_after=2023-08-08T16:00:00+00:00
[2023-08-13T04:07:58.218+0000] {processor.py:179} INFO - Processing /opt/airflow/dags/dag_taskflow_api.py took 0.067 seconds
[2023-08-13T04:24:13.002+0000] {processor.py:157} INFO - Started process (PID=88746) to work on /opt/airflow/dags/dag_taskflow_api.py
[2023-08-13T04:24:13.004+0000] {processor.py:826} INFO - Processing file /opt/airflow/dags/dag_taskflow_api.py for tasks to queue
[2023-08-13T04:24:13.007+0000] {logging_mixin.py:150} INFO - [2023-08-13T04:24:13.006+0000] {dagbag.py:541} INFO - Filling up the DagBag from /opt/airflow/dags/dag_taskflow_api.py
[2023-08-13T04:24:13.028+0000] {processor.py:836} INFO - DAG(s) dict_keys(['Greeting_v2']) retrieved from /opt/airflow/dags/dag_taskflow_api.py
[2023-08-13T04:24:13.066+0000] {logging_mixin.py:150} INFO - [2023-08-13T04:24:13.066+0000] {dag.py:2742} INFO - Sync 1 DAGs
[2023-08-13T04:24:13.091+0000] {logging_mixin.py:150} INFO - [2023-08-13T04:24:13.091+0000] {dag.py:3508} INFO - Setting next_dagrun for Greeting_v2 to 2023-08-07T16:00:00+00:00, run_after=2023-08-08T16:00:00+00:00
[2023-08-13T04:24:13.106+0000] {processor.py:179} INFO - Processing /opt/airflow/dags/dag_taskflow_api.py took 0.108 seconds
[2023-08-13T04:24:43.653+0000] {processor.py:157} INFO - Started process (PID=88773) to work on /opt/airflow/dags/dag_taskflow_api.py
[2023-08-13T04:24:43.654+0000] {processor.py:826} INFO - Processing file /opt/airflow/dags/dag_taskflow_api.py for tasks to queue
[2023-08-13T04:24:43.655+0000] {logging_mixin.py:150} INFO - [2023-08-13T04:24:43.655+0000] {dagbag.py:541} INFO - Filling up the DagBag from /opt/airflow/dags/dag_taskflow_api.py
[2023-08-13T04:24:43.667+0000] {processor.py:836} INFO - DAG(s) dict_keys(['Greeting_v2']) retrieved from /opt/airflow/dags/dag_taskflow_api.py
[2023-08-13T04:24:43.690+0000] {logging_mixin.py:150} INFO - [2023-08-13T04:24:43.690+0000] {dag.py:2742} INFO - Sync 1 DAGs
[2023-08-13T04:24:43.707+0000] {logging_mixin.py:150} INFO - [2023-08-13T04:24:43.707+0000] {dag.py:3508} INFO - Setting next_dagrun for Greeting_v2 to 2023-08-07T16:00:00+00:00, run_after=2023-08-08T16:00:00+00:00
[2023-08-13T04:24:43.718+0000] {processor.py:179} INFO - Processing /opt/airflow/dags/dag_taskflow_api.py took 0.068 seconds
[2023-08-13T04:41:33.086+0000] {processor.py:157} INFO - Started process (PID=88800) to work on /opt/airflow/dags/dag_taskflow_api.py
[2023-08-13T04:41:33.088+0000] {processor.py:826} INFO - Processing file /opt/airflow/dags/dag_taskflow_api.py for tasks to queue
[2023-08-13T04:41:33.090+0000] {logging_mixin.py:150} INFO - [2023-08-13T04:41:33.090+0000] {dagbag.py:541} INFO - Filling up the DagBag from /opt/airflow/dags/dag_taskflow_api.py
[2023-08-13T04:41:33.113+0000] {processor.py:836} INFO - DAG(s) dict_keys(['Greeting_v2']) retrieved from /opt/airflow/dags/dag_taskflow_api.py
[2023-08-13T04:41:33.139+0000] {logging_mixin.py:150} INFO - [2023-08-13T04:41:33.139+0000] {dag.py:2742} INFO - Sync 1 DAGs
[2023-08-13T04:41:33.160+0000] {logging_mixin.py:150} INFO - [2023-08-13T04:41:33.160+0000] {dag.py:3508} INFO - Setting next_dagrun for Greeting_v2 to 2023-08-07T16:00:00+00:00, run_after=2023-08-08T16:00:00+00:00
[2023-08-13T04:41:33.176+0000] {processor.py:179} INFO - Processing /opt/airflow/dags/dag_taskflow_api.py took 0.097 seconds
[2023-08-13T04:57:38.801+0000] {processor.py:157} INFO - Started process (PID=88827) to work on /opt/airflow/dags/dag_taskflow_api.py
[2023-08-13T04:57:38.802+0000] {processor.py:826} INFO - Processing file /opt/airflow/dags/dag_taskflow_api.py for tasks to queue
[2023-08-13T04:57:38.803+0000] {logging_mixin.py:150} INFO - [2023-08-13T04:57:38.803+0000] {dagbag.py:541} INFO - Filling up the DagBag from /opt/airflow/dags/dag_taskflow_api.py
[2023-08-13T04:57:38.814+0000] {processor.py:836} INFO - DAG(s) dict_keys(['Greeting_v2']) retrieved from /opt/airflow/dags/dag_taskflow_api.py
[2023-08-13T04:57:38.839+0000] {logging_mixin.py:150} INFO - [2023-08-13T04:57:38.839+0000] {dag.py:2742} INFO - Sync 1 DAGs
[2023-08-13T04:57:38.856+0000] {logging_mixin.py:150} INFO - [2023-08-13T04:57:38.856+0000] {dag.py:3508} INFO - Setting next_dagrun for Greeting_v2 to 2023-08-07T16:00:00+00:00, run_after=2023-08-08T16:00:00+00:00
[2023-08-13T04:57:38.870+0000] {processor.py:179} INFO - Processing /opt/airflow/dags/dag_taskflow_api.py took 0.072 seconds
[2023-08-13T04:58:09.443+0000] {processor.py:157} INFO - Started process (PID=88854) to work on /opt/airflow/dags/dag_taskflow_api.py
[2023-08-13T04:58:09.445+0000] {processor.py:826} INFO - Processing file /opt/airflow/dags/dag_taskflow_api.py for tasks to queue
[2023-08-13T04:58:09.446+0000] {logging_mixin.py:150} INFO - [2023-08-13T04:58:09.446+0000] {dagbag.py:541} INFO - Filling up the DagBag from /opt/airflow/dags/dag_taskflow_api.py
[2023-08-13T04:58:09.457+0000] {processor.py:836} INFO - DAG(s) dict_keys(['Greeting_v2']) retrieved from /opt/airflow/dags/dag_taskflow_api.py
[2023-08-13T04:58:09.480+0000] {logging_mixin.py:150} INFO - [2023-08-13T04:58:09.480+0000] {dag.py:2742} INFO - Sync 1 DAGs
[2023-08-13T04:58:09.497+0000] {logging_mixin.py:150} INFO - [2023-08-13T04:58:09.497+0000] {dag.py:3508} INFO - Setting next_dagrun for Greeting_v2 to 2023-08-07T16:00:00+00:00, run_after=2023-08-08T16:00:00+00:00
[2023-08-13T04:58:09.507+0000] {processor.py:179} INFO - Processing /opt/airflow/dags/dag_taskflow_api.py took 0.067 seconds
[2023-08-13T05:14:17.261+0000] {processor.py:157} INFO - Started process (PID=88883) to work on /opt/airflow/dags/dag_taskflow_api.py
[2023-08-13T05:14:17.263+0000] {processor.py:826} INFO - Processing file /opt/airflow/dags/dag_taskflow_api.py for tasks to queue
[2023-08-13T05:14:17.264+0000] {logging_mixin.py:150} INFO - [2023-08-13T05:14:17.264+0000] {dagbag.py:541} INFO - Filling up the DagBag from /opt/airflow/dags/dag_taskflow_api.py
[2023-08-13T05:14:17.282+0000] {processor.py:836} INFO - DAG(s) dict_keys(['Greeting_v2']) retrieved from /opt/airflow/dags/dag_taskflow_api.py
[2023-08-13T05:14:17.325+0000] {logging_mixin.py:150} INFO - [2023-08-13T05:14:17.325+0000] {dag.py:2742} INFO - Sync 1 DAGs
[2023-08-13T05:14:17.353+0000] {logging_mixin.py:150} INFO - [2023-08-13T05:14:17.353+0000] {dag.py:3508} INFO - Setting next_dagrun for Greeting_v2 to 2023-08-07T16:00:00+00:00, run_after=2023-08-08T16:00:00+00:00
[2023-08-13T05:14:17.368+0000] {processor.py:179} INFO - Processing /opt/airflow/dags/dag_taskflow_api.py took 0.111 seconds
[2023-08-13T05:14:47.866+0000] {processor.py:157} INFO - Started process (PID=88910) to work on /opt/airflow/dags/dag_taskflow_api.py
[2023-08-13T05:14:47.868+0000] {processor.py:826} INFO - Processing file /opt/airflow/dags/dag_taskflow_api.py for tasks to queue
[2023-08-13T05:14:47.869+0000] {logging_mixin.py:150} INFO - [2023-08-13T05:14:47.868+0000] {dagbag.py:541} INFO - Filling up the DagBag from /opt/airflow/dags/dag_taskflow_api.py
[2023-08-13T05:14:47.880+0000] {processor.py:836} INFO - DAG(s) dict_keys(['Greeting_v2']) retrieved from /opt/airflow/dags/dag_taskflow_api.py
[2023-08-13T05:14:47.903+0000] {logging_mixin.py:150} INFO - [2023-08-13T05:14:47.903+0000] {dag.py:2742} INFO - Sync 1 DAGs
[2023-08-13T05:14:47.919+0000] {logging_mixin.py:150} INFO - [2023-08-13T05:14:47.919+0000] {dag.py:3508} INFO - Setting next_dagrun for Greeting_v2 to 2023-08-07T16:00:00+00:00, run_after=2023-08-08T16:00:00+00:00
[2023-08-13T05:14:47.929+0000] {processor.py:179} INFO - Processing /opt/airflow/dags/dag_taskflow_api.py took 0.065 seconds
[2023-08-13T05:31:23.336+0000] {processor.py:157} INFO - Started process (PID=88936) to work on /opt/airflow/dags/dag_taskflow_api.py
[2023-08-13T05:31:23.339+0000] {processor.py:826} INFO - Processing file /opt/airflow/dags/dag_taskflow_api.py for tasks to queue
[2023-08-13T05:31:23.341+0000] {logging_mixin.py:150} INFO - [2023-08-13T05:31:23.340+0000] {dagbag.py:541} INFO - Filling up the DagBag from /opt/airflow/dags/dag_taskflow_api.py
[2023-08-13T05:31:23.364+0000] {processor.py:836} INFO - DAG(s) dict_keys(['Greeting_v2']) retrieved from /opt/airflow/dags/dag_taskflow_api.py
[2023-08-13T05:31:23.417+0000] {logging_mixin.py:150} INFO - [2023-08-13T05:31:23.417+0000] {dag.py:2742} INFO - Sync 1 DAGs
[2023-08-13T05:31:23.465+0000] {logging_mixin.py:150} INFO - [2023-08-13T05:31:23.464+0000] {dag.py:3508} INFO - Setting next_dagrun for Greeting_v2 to 2023-08-07T16:00:00+00:00, run_after=2023-08-08T16:00:00+00:00
[2023-08-13T05:31:23.478+0000] {processor.py:179} INFO - Processing /opt/airflow/dags/dag_taskflow_api.py took 0.150 seconds
[2023-08-13T05:31:54.154+0000] {processor.py:157} INFO - Started process (PID=88965) to work on /opt/airflow/dags/dag_taskflow_api.py
[2023-08-13T05:31:54.155+0000] {processor.py:826} INFO - Processing file /opt/airflow/dags/dag_taskflow_api.py for tasks to queue
[2023-08-13T05:31:54.156+0000] {logging_mixin.py:150} INFO - [2023-08-13T05:31:54.156+0000] {dagbag.py:541} INFO - Filling up the DagBag from /opt/airflow/dags/dag_taskflow_api.py
[2023-08-13T05:31:54.168+0000] {processor.py:836} INFO - DAG(s) dict_keys(['Greeting_v2']) retrieved from /opt/airflow/dags/dag_taskflow_api.py
[2023-08-13T05:31:54.191+0000] {logging_mixin.py:150} INFO - [2023-08-13T05:31:54.191+0000] {dag.py:2742} INFO - Sync 1 DAGs
[2023-08-13T05:31:54.207+0000] {logging_mixin.py:150} INFO - [2023-08-13T05:31:54.207+0000] {dag.py:3508} INFO - Setting next_dagrun for Greeting_v2 to 2023-08-07T16:00:00+00:00, run_after=2023-08-08T16:00:00+00:00
[2023-08-13T05:31:54.217+0000] {processor.py:179} INFO - Processing /opt/airflow/dags/dag_taskflow_api.py took 0.066 seconds
[2023-08-13T05:32:24.746+0000] {processor.py:157} INFO - Started process (PID=88992) to work on /opt/airflow/dags/dag_taskflow_api.py
[2023-08-13T05:32:24.748+0000] {processor.py:826} INFO - Processing file /opt/airflow/dags/dag_taskflow_api.py for tasks to queue
[2023-08-13T05:32:24.749+0000] {logging_mixin.py:150} INFO - [2023-08-13T05:32:24.748+0000] {dagbag.py:541} INFO - Filling up the DagBag from /opt/airflow/dags/dag_taskflow_api.py
[2023-08-13T05:32:24.761+0000] {processor.py:836} INFO - DAG(s) dict_keys(['Greeting_v2']) retrieved from /opt/airflow/dags/dag_taskflow_api.py
[2023-08-13T05:32:24.784+0000] {logging_mixin.py:150} INFO - [2023-08-13T05:32:24.784+0000] {dag.py:2742} INFO - Sync 1 DAGs
[2023-08-13T05:32:24.802+0000] {logging_mixin.py:150} INFO - [2023-08-13T05:32:24.802+0000] {dag.py:3508} INFO - Setting next_dagrun for Greeting_v2 to 2023-08-07T16:00:00+00:00, run_after=2023-08-08T16:00:00+00:00
[2023-08-13T05:32:24.813+0000] {processor.py:179} INFO - Processing /opt/airflow/dags/dag_taskflow_api.py took 0.070 seconds
[2023-08-13T05:50:38.069+0000] {processor.py:157} INFO - Started process (PID=89021) to work on /opt/airflow/dags/dag_taskflow_api.py
[2023-08-13T05:50:38.071+0000] {processor.py:826} INFO - Processing file /opt/airflow/dags/dag_taskflow_api.py for tasks to queue
[2023-08-13T05:50:38.072+0000] {logging_mixin.py:150} INFO - [2023-08-13T05:50:38.071+0000] {dagbag.py:541} INFO - Filling up the DagBag from /opt/airflow/dags/dag_taskflow_api.py
[2023-08-13T05:50:38.091+0000] {processor.py:836} INFO - DAG(s) dict_keys(['Greeting_v2']) retrieved from /opt/airflow/dags/dag_taskflow_api.py
[2023-08-13T05:50:38.128+0000] {logging_mixin.py:150} INFO - [2023-08-13T05:50:38.128+0000] {dag.py:2742} INFO - Sync 1 DAGs
[2023-08-13T05:50:38.164+0000] {logging_mixin.py:150} INFO - [2023-08-13T05:50:38.164+0000] {dag.py:3508} INFO - Setting next_dagrun for Greeting_v2 to 2023-08-07T16:00:00+00:00, run_after=2023-08-08T16:00:00+00:00
[2023-08-13T05:50:38.177+0000] {processor.py:179} INFO - Processing /opt/airflow/dags/dag_taskflow_api.py took 0.118 seconds
[2023-08-13T05:51:08.731+0000] {processor.py:157} INFO - Started process (PID=89048) to work on /opt/airflow/dags/dag_taskflow_api.py
[2023-08-13T05:51:08.732+0000] {processor.py:826} INFO - Processing file /opt/airflow/dags/dag_taskflow_api.py for tasks to queue
[2023-08-13T05:51:08.733+0000] {logging_mixin.py:150} INFO - [2023-08-13T05:51:08.733+0000] {dagbag.py:541} INFO - Filling up the DagBag from /opt/airflow/dags/dag_taskflow_api.py
[2023-08-13T05:51:08.744+0000] {processor.py:836} INFO - DAG(s) dict_keys(['Greeting_v2']) retrieved from /opt/airflow/dags/dag_taskflow_api.py
[2023-08-13T05:51:08.767+0000] {logging_mixin.py:150} INFO - [2023-08-13T05:51:08.767+0000] {dag.py:2742} INFO - Sync 1 DAGs
[2023-08-13T05:51:08.783+0000] {logging_mixin.py:150} INFO - [2023-08-13T05:51:08.783+0000] {dag.py:3508} INFO - Setting next_dagrun for Greeting_v2 to 2023-08-07T16:00:00+00:00, run_after=2023-08-08T16:00:00+00:00
[2023-08-13T05:51:08.795+0000] {processor.py:179} INFO - Processing /opt/airflow/dags/dag_taskflow_api.py took 0.067 seconds
[2023-08-13T06:33:50.113+0000] {processor.py:157} INFO - Started process (PID=89075) to work on /opt/airflow/dags/dag_taskflow_api.py
[2023-08-13T06:33:50.115+0000] {processor.py:826} INFO - Processing file /opt/airflow/dags/dag_taskflow_api.py for tasks to queue
[2023-08-13T06:33:50.116+0000] {logging_mixin.py:150} INFO - [2023-08-13T06:33:50.116+0000] {dagbag.py:541} INFO - Filling up the DagBag from /opt/airflow/dags/dag_taskflow_api.py
[2023-08-13T06:33:50.133+0000] {processor.py:836} INFO - DAG(s) dict_keys(['Greeting_v2']) retrieved from /opt/airflow/dags/dag_taskflow_api.py
[2023-08-13T06:33:50.165+0000] {logging_mixin.py:150} INFO - [2023-08-13T06:33:50.165+0000] {dag.py:2742} INFO - Sync 1 DAGs
[2023-08-13T06:33:50.188+0000] {logging_mixin.py:150} INFO - [2023-08-13T06:33:50.188+0000] {dag.py:3508} INFO - Setting next_dagrun for Greeting_v2 to 2023-08-07T16:00:00+00:00, run_after=2023-08-08T16:00:00+00:00
[2023-08-13T06:33:50.203+0000] {processor.py:179} INFO - Processing /opt/airflow/dags/dag_taskflow_api.py took 0.094 seconds
[2023-08-13T07:23:55.879+0000] {processor.py:157} INFO - Started process (PID=89101) to work on /opt/airflow/dags/dag_taskflow_api.py
[2023-08-13T07:23:55.881+0000] {processor.py:826} INFO - Processing file /opt/airflow/dags/dag_taskflow_api.py for tasks to queue
[2023-08-13T07:23:55.883+0000] {logging_mixin.py:150} INFO - [2023-08-13T07:23:55.882+0000] {dagbag.py:541} INFO - Filling up the DagBag from /opt/airflow/dags/dag_taskflow_api.py
[2023-08-13T07:23:55.908+0000] {processor.py:836} INFO - DAG(s) dict_keys(['Greeting_v2']) retrieved from /opt/airflow/dags/dag_taskflow_api.py
[2023-08-13T07:23:55.938+0000] {logging_mixin.py:150} INFO - [2023-08-13T07:23:55.938+0000] {dag.py:2742} INFO - Sync 1 DAGs
[2023-08-13T07:23:55.962+0000] {logging_mixin.py:150} INFO - [2023-08-13T07:23:55.962+0000] {dag.py:3508} INFO - Setting next_dagrun for Greeting_v2 to 2023-08-07T16:00:00+00:00, run_after=2023-08-08T16:00:00+00:00
[2023-08-13T07:23:55.995+0000] {processor.py:179} INFO - Processing /opt/airflow/dags/dag_taskflow_api.py took 0.131 seconds
[2023-08-13T08:33:18.056+0000] {processor.py:157} INFO - Started process (PID=89128) to work on /opt/airflow/dags/dag_taskflow_api.py
[2023-08-13T08:33:18.057+0000] {processor.py:826} INFO - Processing file /opt/airflow/dags/dag_taskflow_api.py for tasks to queue
[2023-08-13T08:33:18.058+0000] {logging_mixin.py:150} INFO - [2023-08-13T08:33:18.058+0000] {dagbag.py:541} INFO - Filling up the DagBag from /opt/airflow/dags/dag_taskflow_api.py
[2023-08-13T08:33:18.074+0000] {processor.py:836} INFO - DAG(s) dict_keys(['Greeting_v2']) retrieved from /opt/airflow/dags/dag_taskflow_api.py
[2023-08-13T08:33:18.104+0000] {logging_mixin.py:150} INFO - [2023-08-13T08:33:18.103+0000] {dag.py:2742} INFO - Sync 1 DAGs
[2023-08-13T08:33:18.126+0000] {logging_mixin.py:150} INFO - [2023-08-13T08:33:18.126+0000] {dag.py:3508} INFO - Setting next_dagrun for Greeting_v2 to 2023-08-07T16:00:00+00:00, run_after=2023-08-08T16:00:00+00:00
[2023-08-13T08:33:18.142+0000] {processor.py:179} INFO - Processing /opt/airflow/dags/dag_taskflow_api.py took 0.090 seconds
[2023-08-13T09:57:14.336+0000] {processor.py:157} INFO - Started process (PID=89157) to work on /opt/airflow/dags/dag_taskflow_api.py
[2023-08-13T09:57:14.337+0000] {processor.py:826} INFO - Processing file /opt/airflow/dags/dag_taskflow_api.py for tasks to queue
[2023-08-13T09:57:14.338+0000] {logging_mixin.py:150} INFO - [2023-08-13T09:57:14.338+0000] {dagbag.py:541} INFO - Filling up the DagBag from /opt/airflow/dags/dag_taskflow_api.py
[2023-08-13T09:57:14.350+0000] {processor.py:836} INFO - DAG(s) dict_keys(['Greeting_v2']) retrieved from /opt/airflow/dags/dag_taskflow_api.py
[2023-08-13T09:57:14.373+0000] {logging_mixin.py:150} INFO - [2023-08-13T09:57:14.373+0000] {dag.py:2742} INFO - Sync 1 DAGs
[2023-08-13T09:57:14.390+0000] {logging_mixin.py:150} INFO - [2023-08-13T09:57:14.390+0000] {dag.py:3508} INFO - Setting next_dagrun for Greeting_v2 to 2023-08-07T16:00:00+00:00, run_after=2023-08-08T16:00:00+00:00
[2023-08-13T09:57:14.400+0000] {processor.py:179} INFO - Processing /opt/airflow/dags/dag_taskflow_api.py took 0.067 seconds
[2023-08-13T10:52:37.147+0000] {processor.py:157} INFO - Started process (PID=89184) to work on /opt/airflow/dags/dag_taskflow_api.py
[2023-08-13T10:52:37.149+0000] {processor.py:826} INFO - Processing file /opt/airflow/dags/dag_taskflow_api.py for tasks to queue
[2023-08-13T10:52:37.150+0000] {logging_mixin.py:150} INFO - [2023-08-13T10:52:37.149+0000] {dagbag.py:541} INFO - Filling up the DagBag from /opt/airflow/dags/dag_taskflow_api.py
[2023-08-13T10:52:37.161+0000] {processor.py:836} INFO - DAG(s) dict_keys(['Greeting_v2']) retrieved from /opt/airflow/dags/dag_taskflow_api.py
[2023-08-13T10:52:37.184+0000] {logging_mixin.py:150} INFO - [2023-08-13T10:52:37.184+0000] {dag.py:2742} INFO - Sync 1 DAGs
[2023-08-13T10:52:37.202+0000] {logging_mixin.py:150} INFO - [2023-08-13T10:52:37.202+0000] {dag.py:3508} INFO - Setting next_dagrun for Greeting_v2 to 2023-08-07T16:00:00+00:00, run_after=2023-08-08T16:00:00+00:00
[2023-08-13T10:52:37.213+0000] {processor.py:179} INFO - Processing /opt/airflow/dags/dag_taskflow_api.py took 0.069 seconds
[2023-08-13T11:33:17.599+0000] {processor.py:157} INFO - Started process (PID=89211) to work on /opt/airflow/dags/dag_taskflow_api.py
[2023-08-13T11:33:17.602+0000] {processor.py:826} INFO - Processing file /opt/airflow/dags/dag_taskflow_api.py for tasks to queue
[2023-08-13T11:33:17.606+0000] {logging_mixin.py:150} INFO - [2023-08-13T11:33:17.605+0000] {dagbag.py:541} INFO - Filling up the DagBag from /opt/airflow/dags/dag_taskflow_api.py
[2023-08-13T11:33:17.633+0000] {processor.py:836} INFO - DAG(s) dict_keys(['Greeting_v2']) retrieved from /opt/airflow/dags/dag_taskflow_api.py
[2023-08-13T11:33:17.670+0000] {logging_mixin.py:150} INFO - [2023-08-13T11:33:17.670+0000] {dag.py:2742} INFO - Sync 1 DAGs
[2023-08-13T11:33:17.696+0000] {logging_mixin.py:150} INFO - [2023-08-13T11:33:17.696+0000] {dag.py:3508} INFO - Setting next_dagrun for Greeting_v2 to 2023-08-07T16:00:00+00:00, run_after=2023-08-08T16:00:00+00:00
[2023-08-13T11:33:17.727+0000] {processor.py:179} INFO - Processing /opt/airflow/dags/dag_taskflow_api.py took 0.131 seconds
[2023-08-13T12:22:52.321+0000] {processor.py:157} INFO - Started process (PID=89240) to work on /opt/airflow/dags/dag_taskflow_api.py
[2023-08-13T12:22:52.323+0000] {processor.py:826} INFO - Processing file /opt/airflow/dags/dag_taskflow_api.py for tasks to queue
[2023-08-13T12:22:52.324+0000] {logging_mixin.py:150} INFO - [2023-08-13T12:22:52.323+0000] {dagbag.py:541} INFO - Filling up the DagBag from /opt/airflow/dags/dag_taskflow_api.py
[2023-08-13T12:22:52.336+0000] {processor.py:836} INFO - DAG(s) dict_keys(['Greeting_v2']) retrieved from /opt/airflow/dags/dag_taskflow_api.py
[2023-08-13T12:22:52.360+0000] {logging_mixin.py:150} INFO - [2023-08-13T12:22:52.360+0000] {dag.py:2742} INFO - Sync 1 DAGs
[2023-08-13T12:22:52.377+0000] {logging_mixin.py:150} INFO - [2023-08-13T12:22:52.377+0000] {dag.py:3508} INFO - Setting next_dagrun for Greeting_v2 to 2023-08-07T16:00:00+00:00, run_after=2023-08-08T16:00:00+00:00
[2023-08-13T12:22:52.388+0000] {processor.py:179} INFO - Processing /opt/airflow/dags/dag_taskflow_api.py took 0.070 seconds
[2023-08-13T13:11:38.033+0000] {processor.py:157} INFO - Started process (PID=89267) to work on /opt/airflow/dags/dag_taskflow_api.py
[2023-08-13T13:11:38.035+0000] {processor.py:826} INFO - Processing file /opt/airflow/dags/dag_taskflow_api.py for tasks to queue
[2023-08-13T13:11:38.036+0000] {logging_mixin.py:150} INFO - [2023-08-13T13:11:38.035+0000] {dagbag.py:541} INFO - Filling up the DagBag from /opt/airflow/dags/dag_taskflow_api.py
[2023-08-13T13:11:38.048+0000] {processor.py:836} INFO - DAG(s) dict_keys(['Greeting_v2']) retrieved from /opt/airflow/dags/dag_taskflow_api.py
[2023-08-13T13:11:38.070+0000] {logging_mixin.py:150} INFO - [2023-08-13T13:11:38.070+0000] {dag.py:2742} INFO - Sync 1 DAGs
[2023-08-13T13:11:38.088+0000] {logging_mixin.py:150} INFO - [2023-08-13T13:11:38.088+0000] {dag.py:3508} INFO - Setting next_dagrun for Greeting_v2 to 2023-08-07T16:00:00+00:00, run_after=2023-08-08T16:00:00+00:00
[2023-08-13T13:11:38.103+0000] {processor.py:179} INFO - Processing /opt/airflow/dags/dag_taskflow_api.py took 0.072 seconds
[2023-08-13T14:20:26.959+0000] {processor.py:157} INFO - Started process (PID=89294) to work on /opt/airflow/dags/dag_taskflow_api.py
[2023-08-13T14:20:26.960+0000] {processor.py:826} INFO - Processing file /opt/airflow/dags/dag_taskflow_api.py for tasks to queue
[2023-08-13T14:20:26.962+0000] {logging_mixin.py:150} INFO - [2023-08-13T14:20:26.961+0000] {dagbag.py:541} INFO - Filling up the DagBag from /opt/airflow/dags/dag_taskflow_api.py
[2023-08-13T14:20:26.981+0000] {processor.py:836} INFO - DAG(s) dict_keys(['Greeting_v2']) retrieved from /opt/airflow/dags/dag_taskflow_api.py
[2023-08-13T14:20:27.015+0000] {logging_mixin.py:150} INFO - [2023-08-13T14:20:27.014+0000] {dag.py:2742} INFO - Sync 1 DAGs
[2023-08-13T14:20:27.040+0000] {logging_mixin.py:150} INFO - [2023-08-13T14:20:27.040+0000] {dag.py:3508} INFO - Setting next_dagrun for Greeting_v2 to 2023-08-07T16:00:00+00:00, run_after=2023-08-08T16:00:00+00:00
[2023-08-13T14:20:27.057+0000] {processor.py:179} INFO - Processing /opt/airflow/dags/dag_taskflow_api.py took 0.103 seconds
[2023-08-13T15:12:51.443+0000] {processor.py:157} INFO - Started process (PID=89319) to work on /opt/airflow/dags/dag_taskflow_api.py
[2023-08-13T15:12:51.451+0000] {processor.py:826} INFO - Processing file /opt/airflow/dags/dag_taskflow_api.py for tasks to queue
[2023-08-13T15:12:51.453+0000] {logging_mixin.py:150} INFO - [2023-08-13T15:12:51.453+0000] {dagbag.py:541} INFO - Filling up the DagBag from /opt/airflow/dags/dag_taskflow_api.py
[2023-08-13T15:12:51.501+0000] {processor.py:836} INFO - DAG(s) dict_keys(['Greeting_v2']) retrieved from /opt/airflow/dags/dag_taskflow_api.py
[2023-08-13T15:12:51.537+0000] {logging_mixin.py:150} INFO - [2023-08-13T15:12:51.537+0000] {dag.py:2742} INFO - Sync 1 DAGs
[2023-08-13T15:12:51.567+0000] {logging_mixin.py:150} INFO - [2023-08-13T15:12:51.567+0000] {dag.py:3508} INFO - Setting next_dagrun for Greeting_v2 to 2023-08-07T16:00:00+00:00, run_after=2023-08-08T16:00:00+00:00
[2023-08-13T15:12:51.584+0000] {processor.py:179} INFO - Processing /opt/airflow/dags/dag_taskflow_api.py took 0.151 seconds
[2023-08-13T16:09:07.784+0000] {processor.py:157} INFO - Started process (PID=89348) to work on /opt/airflow/dags/dag_taskflow_api.py
[2023-08-13T16:09:07.786+0000] {processor.py:826} INFO - Processing file /opt/airflow/dags/dag_taskflow_api.py for tasks to queue
[2023-08-13T16:09:07.787+0000] {logging_mixin.py:150} INFO - [2023-08-13T16:09:07.787+0000] {dagbag.py:541} INFO - Filling up the DagBag from /opt/airflow/dags/dag_taskflow_api.py
[2023-08-13T16:09:07.801+0000] {processor.py:836} INFO - DAG(s) dict_keys(['Greeting_v2']) retrieved from /opt/airflow/dags/dag_taskflow_api.py
[2023-08-13T16:09:07.827+0000] {logging_mixin.py:150} INFO - [2023-08-13T16:09:07.827+0000] {dag.py:2742} INFO - Sync 1 DAGs
[2023-08-13T16:09:07.846+0000] {logging_mixin.py:150} INFO - [2023-08-13T16:09:07.846+0000] {dag.py:3508} INFO - Setting next_dagrun for Greeting_v2 to 2023-08-07T16:00:00+00:00, run_after=2023-08-08T16:00:00+00:00
[2023-08-13T16:09:07.859+0000] {processor.py:179} INFO - Processing /opt/airflow/dags/dag_taskflow_api.py took 0.078 seconds
[2023-08-13T17:04:27.552+0000] {processor.py:157} INFO - Started process (PID=89377) to work on /opt/airflow/dags/dag_taskflow_api.py
[2023-08-13T17:04:27.554+0000] {processor.py:826} INFO - Processing file /opt/airflow/dags/dag_taskflow_api.py for tasks to queue
[2023-08-13T17:04:27.556+0000] {logging_mixin.py:150} INFO - [2023-08-13T17:04:27.555+0000] {dagbag.py:541} INFO - Filling up the DagBag from /opt/airflow/dags/dag_taskflow_api.py
[2023-08-13T17:04:27.578+0000] {processor.py:836} INFO - DAG(s) dict_keys(['Greeting_v2']) retrieved from /opt/airflow/dags/dag_taskflow_api.py
[2023-08-13T17:04:27.613+0000] {logging_mixin.py:150} INFO - [2023-08-13T17:04:27.613+0000] {dag.py:2742} INFO - Sync 1 DAGs
[2023-08-13T17:04:27.636+0000] {logging_mixin.py:150} INFO - [2023-08-13T17:04:27.635+0000] {dag.py:3508} INFO - Setting next_dagrun for Greeting_v2 to 2023-08-07T16:00:00+00:00, run_after=2023-08-08T16:00:00+00:00
[2023-08-13T17:04:27.652+0000] {processor.py:179} INFO - Processing /opt/airflow/dags/dag_taskflow_api.py took 0.107 seconds
[2023-08-13T17:53:53.942+0000] {processor.py:157} INFO - Started process (PID=89404) to work on /opt/airflow/dags/dag_taskflow_api.py
[2023-08-13T17:53:53.944+0000] {processor.py:826} INFO - Processing file /opt/airflow/dags/dag_taskflow_api.py for tasks to queue
[2023-08-13T17:53:53.947+0000] {logging_mixin.py:150} INFO - [2023-08-13T17:53:53.947+0000] {dagbag.py:541} INFO - Filling up the DagBag from /opt/airflow/dags/dag_taskflow_api.py
[2023-08-13T17:53:53.990+0000] {processor.py:836} INFO - DAG(s) dict_keys(['Greeting_v2']) retrieved from /opt/airflow/dags/dag_taskflow_api.py
[2023-08-13T17:53:54.060+0000] {logging_mixin.py:150} INFO - [2023-08-13T17:53:54.059+0000] {dag.py:2742} INFO - Sync 1 DAGs
[2023-08-13T17:53:54.104+0000] {logging_mixin.py:150} INFO - [2023-08-13T17:53:54.103+0000] {dag.py:3508} INFO - Setting next_dagrun for Greeting_v2 to 2023-08-07T16:00:00+00:00, run_after=2023-08-08T16:00:00+00:00
[2023-08-13T17:53:54.133+0000] {processor.py:179} INFO - Processing /opt/airflow/dags/dag_taskflow_api.py took 0.195 seconds
[2023-08-13T18:59:20.940+0000] {processor.py:157} INFO - Started process (PID=89429) to work on /opt/airflow/dags/dag_taskflow_api.py
[2023-08-13T18:59:20.944+0000] {processor.py:826} INFO - Processing file /opt/airflow/dags/dag_taskflow_api.py for tasks to queue
[2023-08-13T18:59:20.945+0000] {logging_mixin.py:150} INFO - [2023-08-13T18:59:20.945+0000] {dagbag.py:541} INFO - Filling up the DagBag from /opt/airflow/dags/dag_taskflow_api.py
[2023-08-13T18:59:20.970+0000] {processor.py:836} INFO - DAG(s) dict_keys(['Greeting_v2']) retrieved from /opt/airflow/dags/dag_taskflow_api.py
[2023-08-13T18:59:21.006+0000] {logging_mixin.py:150} INFO - [2023-08-13T18:59:21.006+0000] {dag.py:2742} INFO - Sync 1 DAGs
[2023-08-13T18:59:21.032+0000] {logging_mixin.py:150} INFO - [2023-08-13T18:59:21.032+0000] {dag.py:3508} INFO - Setting next_dagrun for Greeting_v2 to 2023-08-07T16:00:00+00:00, run_after=2023-08-08T16:00:00+00:00
[2023-08-13T18:59:21.046+0000] {processor.py:179} INFO - Processing /opt/airflow/dags/dag_taskflow_api.py took 0.110 seconds
[2023-08-13T20:04:05.667+0000] {processor.py:157} INFO - Started process (PID=89458) to work on /opt/airflow/dags/dag_taskflow_api.py
[2023-08-13T20:04:05.669+0000] {processor.py:826} INFO - Processing file /opt/airflow/dags/dag_taskflow_api.py for tasks to queue
[2023-08-13T20:04:05.671+0000] {logging_mixin.py:150} INFO - [2023-08-13T20:04:05.670+0000] {dagbag.py:541} INFO - Filling up the DagBag from /opt/airflow/dags/dag_taskflow_api.py
[2023-08-13T20:04:05.692+0000] {processor.py:836} INFO - DAG(s) dict_keys(['Greeting_v2']) retrieved from /opt/airflow/dags/dag_taskflow_api.py
[2023-08-13T20:04:05.732+0000] {logging_mixin.py:150} INFO - [2023-08-13T20:04:05.732+0000] {dag.py:2742} INFO - Sync 1 DAGs
[2023-08-13T20:04:05.759+0000] {logging_mixin.py:150} INFO - [2023-08-13T20:04:05.759+0000] {dag.py:3508} INFO - Setting next_dagrun for Greeting_v2 to 2023-08-07T16:00:00+00:00, run_after=2023-08-08T16:00:00+00:00
[2023-08-13T20:04:05.774+0000] {processor.py:179} INFO - Processing /opt/airflow/dags/dag_taskflow_api.py took 0.111 seconds
[2023-08-13T21:27:49.833+0000] {processor.py:157} INFO - Started process (PID=89483) to work on /opt/airflow/dags/dag_taskflow_api.py
[2023-08-13T21:27:49.839+0000] {processor.py:826} INFO - Processing file /opt/airflow/dags/dag_taskflow_api.py for tasks to queue
[2023-08-13T21:27:49.841+0000] {logging_mixin.py:150} INFO - [2023-08-13T21:27:49.840+0000] {dagbag.py:541} INFO - Filling up the DagBag from /opt/airflow/dags/dag_taskflow_api.py
[2023-08-13T21:27:49.872+0000] {processor.py:836} INFO - DAG(s) dict_keys(['Greeting_v2']) retrieved from /opt/airflow/dags/dag_taskflow_api.py
[2023-08-13T21:27:49.960+0000] {logging_mixin.py:150} INFO - [2023-08-13T21:27:49.960+0000] {dag.py:2742} INFO - Sync 1 DAGs
[2023-08-13T21:27:49.990+0000] {logging_mixin.py:150} INFO - [2023-08-13T21:27:49.989+0000] {dag.py:3508} INFO - Setting next_dagrun for Greeting_v2 to 2023-08-07T16:00:00+00:00, run_after=2023-08-08T16:00:00+00:00
[2023-08-13T21:27:50.026+0000] {processor.py:179} INFO - Processing /opt/airflow/dags/dag_taskflow_api.py took 0.197 seconds
[2023-08-13T22:01:12.384+0000] {processor.py:157} INFO - Started process (PID=89514) to work on /opt/airflow/dags/dag_taskflow_api.py
[2023-08-13T22:01:12.386+0000] {processor.py:826} INFO - Processing file /opt/airflow/dags/dag_taskflow_api.py for tasks to queue
[2023-08-13T22:01:12.387+0000] {logging_mixin.py:150} INFO - [2023-08-13T22:01:12.386+0000] {dagbag.py:541} INFO - Filling up the DagBag from /opt/airflow/dags/dag_taskflow_api.py
[2023-08-13T22:01:12.407+0000] {processor.py:836} INFO - DAG(s) dict_keys(['Greeting_v2']) retrieved from /opt/airflow/dags/dag_taskflow_api.py
[2023-08-13T22:01:12.704+0000] {logging_mixin.py:150} INFO - [2023-08-13T22:01:12.704+0000] {dag.py:2742} INFO - Sync 1 DAGs
[2023-08-13T22:01:12.770+0000] {logging_mixin.py:150} INFO - [2023-08-13T22:01:12.769+0000] {dag.py:3508} INFO - Setting next_dagrun for Greeting_v2 to 2023-08-07T16:00:00+00:00, run_after=2023-08-08T16:00:00+00:00
[2023-08-13T22:01:12.825+0000] {processor.py:179} INFO - Processing /opt/airflow/dags/dag_taskflow_api.py took 0.444 seconds
[2023-08-13T22:57:27.205+0000] {processor.py:157} INFO - Started process (PID=89541) to work on /opt/airflow/dags/dag_taskflow_api.py
[2023-08-13T22:57:27.207+0000] {processor.py:826} INFO - Processing file /opt/airflow/dags/dag_taskflow_api.py for tasks to queue
[2023-08-13T22:57:27.209+0000] {logging_mixin.py:150} INFO - [2023-08-13T22:57:27.208+0000] {dagbag.py:541} INFO - Filling up the DagBag from /opt/airflow/dags/dag_taskflow_api.py
[2023-08-13T22:57:27.228+0000] {processor.py:836} INFO - DAG(s) dict_keys(['Greeting_v2']) retrieved from /opt/airflow/dags/dag_taskflow_api.py
[2023-08-13T22:57:27.259+0000] {logging_mixin.py:150} INFO - [2023-08-13T22:57:27.259+0000] {dag.py:2742} INFO - Sync 1 DAGs
[2023-08-13T22:57:27.281+0000] {logging_mixin.py:150} INFO - [2023-08-13T22:57:27.281+0000] {dag.py:3508} INFO - Setting next_dagrun for Greeting_v2 to 2023-08-07T16:00:00+00:00, run_after=2023-08-08T16:00:00+00:00
[2023-08-13T22:57:27.296+0000] {processor.py:179} INFO - Processing /opt/airflow/dags/dag_taskflow_api.py took 0.098 seconds
