[2023-08-13T00:03:10.215+0000] {processor.py:157} INFO - Started process (PID=87994) to work on /opt/airflow/dags/dag_postgresql.py
[2023-08-13T00:03:10.217+0000] {processor.py:826} INFO - Processing file /opt/airflow/dags/dag_postgresql.py for tasks to queue
[2023-08-13T00:03:10.224+0000] {logging_mixin.py:150} INFO - [2023-08-13T00:03:10.219+0000] {dagbag.py:541} INFO - Filling up the DagBag from /opt/airflow/dags/dag_postgresql.py
[2023-08-13T00:03:10.245+0000] {processor.py:836} INFO - DAG(s) dict_keys(['dag_w_postgres_v3']) retrieved from /opt/airflow/dags/dag_postgresql.py
[2023-08-13T00:03:10.282+0000] {logging_mixin.py:150} INFO - [2023-08-13T00:03:10.282+0000] {dag.py:2742} INFO - Sync 1 DAGs
[2023-08-13T00:03:10.326+0000] {logging_mixin.py:150} INFO - [2023-08-13T00:03:10.326+0000] {dag.py:3508} INFO - Setting next_dagrun for dag_w_postgres_v3 to 2023-08-13T00:00:00+00:00, run_after=2023-08-14T00:00:00+00:00
[2023-08-13T00:03:10.349+0000] {processor.py:179} INFO - Processing /opt/airflow/dags/dag_postgresql.py took 0.138 seconds
[2023-08-13T00:03:41.059+0000] {processor.py:157} INFO - Started process (PID=88027) to work on /opt/airflow/dags/dag_postgresql.py
[2023-08-13T00:03:41.061+0000] {processor.py:826} INFO - Processing file /opt/airflow/dags/dag_postgresql.py for tasks to queue
[2023-08-13T00:03:41.063+0000] {logging_mixin.py:150} INFO - [2023-08-13T00:03:41.062+0000] {dagbag.py:541} INFO - Filling up the DagBag from /opt/airflow/dags/dag_postgresql.py
[2023-08-13T00:03:41.082+0000] {processor.py:836} INFO - DAG(s) dict_keys(['dag_w_postgres_v3']) retrieved from /opt/airflow/dags/dag_postgresql.py
[2023-08-13T00:03:41.110+0000] {logging_mixin.py:150} INFO - [2023-08-13T00:03:41.110+0000] {dag.py:2742} INFO - Sync 1 DAGs
[2023-08-13T00:03:41.130+0000] {logging_mixin.py:150} INFO - [2023-08-13T00:03:41.129+0000] {dag.py:3508} INFO - Setting next_dagrun for dag_w_postgres_v3 to 2023-08-13T00:00:00+00:00, run_after=2023-08-14T00:00:00+00:00
[2023-08-13T00:03:41.142+0000] {processor.py:179} INFO - Processing /opt/airflow/dags/dag_postgresql.py took 0.089 seconds
[2023-08-13T00:04:11.680+0000] {processor.py:157} INFO - Started process (PID=88054) to work on /opt/airflow/dags/dag_postgresql.py
[2023-08-13T00:04:11.682+0000] {processor.py:826} INFO - Processing file /opt/airflow/dags/dag_postgresql.py for tasks to queue
[2023-08-13T00:04:11.684+0000] {logging_mixin.py:150} INFO - [2023-08-13T00:04:11.683+0000] {dagbag.py:541} INFO - Filling up the DagBag from /opt/airflow/dags/dag_postgresql.py
[2023-08-13T00:04:11.698+0000] {processor.py:836} INFO - DAG(s) dict_keys(['dag_w_postgres_v3']) retrieved from /opt/airflow/dags/dag_postgresql.py
[2023-08-13T00:04:11.725+0000] {logging_mixin.py:150} INFO - [2023-08-13T00:04:11.725+0000] {dag.py:2742} INFO - Sync 1 DAGs
[2023-08-13T00:04:11.742+0000] {logging_mixin.py:150} INFO - [2023-08-13T00:04:11.741+0000] {dag.py:3508} INFO - Setting next_dagrun for dag_w_postgres_v3 to 2023-08-13T00:00:00+00:00, run_after=2023-08-14T00:00:00+00:00
[2023-08-13T00:04:11.753+0000] {processor.py:179} INFO - Processing /opt/airflow/dags/dag_postgresql.py took 0.078 seconds
[2023-08-13T00:21:17.118+0000] {processor.py:157} INFO - Started process (PID=88081) to work on /opt/airflow/dags/dag_postgresql.py
[2023-08-13T00:21:17.126+0000] {processor.py:826} INFO - Processing file /opt/airflow/dags/dag_postgresql.py for tasks to queue
[2023-08-13T00:21:17.128+0000] {logging_mixin.py:150} INFO - [2023-08-13T00:21:17.127+0000] {dagbag.py:541} INFO - Filling up the DagBag from /opt/airflow/dags/dag_postgresql.py
[2023-08-13T00:21:17.146+0000] {processor.py:836} INFO - DAG(s) dict_keys(['dag_w_postgres_v3']) retrieved from /opt/airflow/dags/dag_postgresql.py
[2023-08-13T00:21:17.195+0000] {logging_mixin.py:150} INFO - [2023-08-13T00:21:17.195+0000] {dag.py:2742} INFO - Sync 1 DAGs
[2023-08-13T00:21:17.233+0000] {logging_mixin.py:150} INFO - [2023-08-13T00:21:17.232+0000] {dag.py:3508} INFO - Setting next_dagrun for dag_w_postgres_v3 to 2023-08-13T00:00:00+00:00, run_after=2023-08-14T00:00:00+00:00
[2023-08-13T00:21:17.276+0000] {processor.py:179} INFO - Processing /opt/airflow/dags/dag_postgresql.py took 0.164 seconds
[2023-08-13T00:39:21.823+0000] {processor.py:157} INFO - Started process (PID=88108) to work on /opt/airflow/dags/dag_postgresql.py
[2023-08-13T00:39:21.825+0000] {processor.py:826} INFO - Processing file /opt/airflow/dags/dag_postgresql.py for tasks to queue
[2023-08-13T00:39:21.826+0000] {logging_mixin.py:150} INFO - [2023-08-13T00:39:21.826+0000] {dagbag.py:541} INFO - Filling up the DagBag from /opt/airflow/dags/dag_postgresql.py
[2023-08-13T00:39:21.844+0000] {processor.py:836} INFO - DAG(s) dict_keys(['dag_w_postgres_v3']) retrieved from /opt/airflow/dags/dag_postgresql.py
[2023-08-13T00:39:21.877+0000] {logging_mixin.py:150} INFO - [2023-08-13T00:39:21.877+0000] {dag.py:2742} INFO - Sync 1 DAGs
[2023-08-13T00:39:21.899+0000] {logging_mixin.py:150} INFO - [2023-08-13T00:39:21.899+0000] {dag.py:3508} INFO - Setting next_dagrun for dag_w_postgres_v3 to 2023-08-13T00:00:00+00:00, run_after=2023-08-14T00:00:00+00:00
[2023-08-13T00:39:21.911+0000] {processor.py:179} INFO - Processing /opt/airflow/dags/dag_postgresql.py took 0.093 seconds
[2023-08-13T00:39:52.634+0000] {processor.py:157} INFO - Started process (PID=88135) to work on /opt/airflow/dags/dag_postgresql.py
[2023-08-13T00:39:52.636+0000] {processor.py:826} INFO - Processing file /opt/airflow/dags/dag_postgresql.py for tasks to queue
[2023-08-13T00:39:52.638+0000] {logging_mixin.py:150} INFO - [2023-08-13T00:39:52.638+0000] {dagbag.py:541} INFO - Filling up the DagBag from /opt/airflow/dags/dag_postgresql.py
[2023-08-13T00:39:52.652+0000] {processor.py:836} INFO - DAG(s) dict_keys(['dag_w_postgres_v3']) retrieved from /opt/airflow/dags/dag_postgresql.py
[2023-08-13T00:39:52.679+0000] {logging_mixin.py:150} INFO - [2023-08-13T00:39:52.678+0000] {dag.py:2742} INFO - Sync 1 DAGs
[2023-08-13T00:39:52.696+0000] {logging_mixin.py:150} INFO - [2023-08-13T00:39:52.696+0000] {dag.py:3508} INFO - Setting next_dagrun for dag_w_postgres_v3 to 2023-08-13T00:00:00+00:00, run_after=2023-08-14T00:00:00+00:00
[2023-08-13T00:39:52.709+0000] {processor.py:179} INFO - Processing /opt/airflow/dags/dag_postgresql.py took 0.081 seconds
[2023-08-13T00:57:25.313+0000] {processor.py:157} INFO - Started process (PID=88164) to work on /opt/airflow/dags/dag_postgresql.py
[2023-08-13T00:57:25.315+0000] {processor.py:826} INFO - Processing file /opt/airflow/dags/dag_postgresql.py for tasks to queue
[2023-08-13T00:57:25.317+0000] {logging_mixin.py:150} INFO - [2023-08-13T00:57:25.316+0000] {dagbag.py:541} INFO - Filling up the DagBag from /opt/airflow/dags/dag_postgresql.py
[2023-08-13T00:57:25.346+0000] {processor.py:836} INFO - DAG(s) dict_keys(['dag_w_postgres_v3']) retrieved from /opt/airflow/dags/dag_postgresql.py
[2023-08-13T00:57:25.388+0000] {logging_mixin.py:150} INFO - [2023-08-13T00:57:25.388+0000] {dag.py:2742} INFO - Sync 1 DAGs
[2023-08-13T00:57:25.415+0000] {logging_mixin.py:150} INFO - [2023-08-13T00:57:25.415+0000] {dag.py:3508} INFO - Setting next_dagrun for dag_w_postgres_v3 to 2023-08-13T00:00:00+00:00, run_after=2023-08-14T00:00:00+00:00
[2023-08-13T00:57:25.427+0000] {processor.py:179} INFO - Processing /opt/airflow/dags/dag_postgresql.py took 0.120 seconds
[2023-08-13T01:13:51.915+0000] {processor.py:157} INFO - Started process (PID=88191) to work on /opt/airflow/dags/dag_postgresql.py
[2023-08-13T01:13:51.916+0000] {processor.py:826} INFO - Processing file /opt/airflow/dags/dag_postgresql.py for tasks to queue
[2023-08-13T01:13:51.918+0000] {logging_mixin.py:150} INFO - [2023-08-13T01:13:51.917+0000] {dagbag.py:541} INFO - Filling up the DagBag from /opt/airflow/dags/dag_postgresql.py
[2023-08-13T01:13:51.930+0000] {processor.py:836} INFO - DAG(s) dict_keys(['dag_w_postgres_v3']) retrieved from /opt/airflow/dags/dag_postgresql.py
[2023-08-13T01:13:51.982+0000] {logging_mixin.py:150} INFO - [2023-08-13T01:13:51.982+0000] {dag.py:2742} INFO - Sync 1 DAGs
[2023-08-13T01:13:52.028+0000] {logging_mixin.py:150} INFO - [2023-08-13T01:13:52.028+0000] {dag.py:3508} INFO - Setting next_dagrun for dag_w_postgres_v3 to 2023-08-13T00:00:00+00:00, run_after=2023-08-14T00:00:00+00:00
[2023-08-13T01:13:52.060+0000] {processor.py:179} INFO - Processing /opt/airflow/dags/dag_postgresql.py took 0.148 seconds
[2023-08-13T01:14:22.704+0000] {processor.py:157} INFO - Started process (PID=88218) to work on /opt/airflow/dags/dag_postgresql.py
[2023-08-13T01:14:22.705+0000] {processor.py:826} INFO - Processing file /opt/airflow/dags/dag_postgresql.py for tasks to queue
[2023-08-13T01:14:22.707+0000] {logging_mixin.py:150} INFO - [2023-08-13T01:14:22.706+0000] {dagbag.py:541} INFO - Filling up the DagBag from /opt/airflow/dags/dag_postgresql.py
[2023-08-13T01:14:22.720+0000] {processor.py:836} INFO - DAG(s) dict_keys(['dag_w_postgres_v3']) retrieved from /opt/airflow/dags/dag_postgresql.py
[2023-08-13T01:14:22.746+0000] {logging_mixin.py:150} INFO - [2023-08-13T01:14:22.746+0000] {dag.py:2742} INFO - Sync 1 DAGs
[2023-08-13T01:14:22.763+0000] {logging_mixin.py:150} INFO - [2023-08-13T01:14:22.763+0000] {dag.py:3508} INFO - Setting next_dagrun for dag_w_postgres_v3 to 2023-08-13T00:00:00+00:00, run_after=2023-08-14T00:00:00+00:00
[2023-08-13T01:14:22.774+0000] {processor.py:179} INFO - Processing /opt/airflow/dags/dag_postgresql.py took 0.075 seconds
[2023-08-13T01:30:07.916+0000] {processor.py:157} INFO - Started process (PID=88245) to work on /opt/airflow/dags/dag_postgresql.py
[2023-08-13T01:30:07.922+0000] {processor.py:826} INFO - Processing file /opt/airflow/dags/dag_postgresql.py for tasks to queue
[2023-08-13T01:30:07.926+0000] {logging_mixin.py:150} INFO - [2023-08-13T01:30:07.926+0000] {dagbag.py:541} INFO - Filling up the DagBag from /opt/airflow/dags/dag_postgresql.py
[2023-08-13T01:30:07.972+0000] {processor.py:836} INFO - DAG(s) dict_keys(['dag_w_postgres_v3']) retrieved from /opt/airflow/dags/dag_postgresql.py
[2023-08-13T01:30:08.029+0000] {logging_mixin.py:150} INFO - [2023-08-13T01:30:08.028+0000] {dag.py:2742} INFO - Sync 1 DAGs
[2023-08-13T01:30:08.076+0000] {logging_mixin.py:150} INFO - [2023-08-13T01:30:08.076+0000] {dag.py:3508} INFO - Setting next_dagrun for dag_w_postgres_v3 to 2023-08-13T00:00:00+00:00, run_after=2023-08-14T00:00:00+00:00
[2023-08-13T01:30:08.164+0000] {processor.py:179} INFO - Processing /opt/airflow/dags/dag_postgresql.py took 0.260 seconds
[2023-08-13T01:30:38.721+0000] {processor.py:157} INFO - Started process (PID=88272) to work on /opt/airflow/dags/dag_postgresql.py
[2023-08-13T01:30:38.722+0000] {processor.py:826} INFO - Processing file /opt/airflow/dags/dag_postgresql.py for tasks to queue
[2023-08-13T01:30:38.724+0000] {logging_mixin.py:150} INFO - [2023-08-13T01:30:38.723+0000] {dagbag.py:541} INFO - Filling up the DagBag from /opt/airflow/dags/dag_postgresql.py
[2023-08-13T01:30:38.738+0000] {processor.py:836} INFO - DAG(s) dict_keys(['dag_w_postgres_v3']) retrieved from /opt/airflow/dags/dag_postgresql.py
[2023-08-13T01:30:38.766+0000] {logging_mixin.py:150} INFO - [2023-08-13T01:30:38.766+0000] {dag.py:2742} INFO - Sync 1 DAGs
[2023-08-13T01:30:38.784+0000] {logging_mixin.py:150} INFO - [2023-08-13T01:30:38.784+0000] {dag.py:3508} INFO - Setting next_dagrun for dag_w_postgres_v3 to 2023-08-13T00:00:00+00:00, run_after=2023-08-14T00:00:00+00:00
[2023-08-13T01:30:38.795+0000] {processor.py:179} INFO - Processing /opt/airflow/dags/dag_postgresql.py took 0.079 seconds
[2023-08-13T01:49:00.508+0000] {processor.py:157} INFO - Started process (PID=88299) to work on /opt/airflow/dags/dag_postgresql.py
[2023-08-13T01:49:00.510+0000] {processor.py:826} INFO - Processing file /opt/airflow/dags/dag_postgresql.py for tasks to queue
[2023-08-13T01:49:00.511+0000] {logging_mixin.py:150} INFO - [2023-08-13T01:49:00.511+0000] {dagbag.py:541} INFO - Filling up the DagBag from /opt/airflow/dags/dag_postgresql.py
[2023-08-13T01:49:00.527+0000] {processor.py:836} INFO - DAG(s) dict_keys(['dag_w_postgres_v3']) retrieved from /opt/airflow/dags/dag_postgresql.py
[2023-08-13T01:49:00.557+0000] {logging_mixin.py:150} INFO - [2023-08-13T01:49:00.557+0000] {dag.py:2742} INFO - Sync 1 DAGs
[2023-08-13T01:49:00.578+0000] {logging_mixin.py:150} INFO - [2023-08-13T01:49:00.578+0000] {dag.py:3508} INFO - Setting next_dagrun for dag_w_postgres_v3 to 2023-08-13T00:00:00+00:00, run_after=2023-08-14T00:00:00+00:00
[2023-08-13T01:49:00.591+0000] {processor.py:179} INFO - Processing /opt/airflow/dags/dag_postgresql.py took 0.088 seconds
[2023-08-13T01:49:31.128+0000] {processor.py:157} INFO - Started process (PID=88326) to work on /opt/airflow/dags/dag_postgresql.py
[2023-08-13T01:49:31.131+0000] {processor.py:826} INFO - Processing file /opt/airflow/dags/dag_postgresql.py for tasks to queue
[2023-08-13T01:49:31.132+0000] {logging_mixin.py:150} INFO - [2023-08-13T01:49:31.132+0000] {dagbag.py:541} INFO - Filling up the DagBag from /opt/airflow/dags/dag_postgresql.py
[2023-08-13T01:49:31.146+0000] {processor.py:836} INFO - DAG(s) dict_keys(['dag_w_postgres_v3']) retrieved from /opt/airflow/dags/dag_postgresql.py
[2023-08-13T01:49:31.174+0000] {logging_mixin.py:150} INFO - [2023-08-13T01:49:31.174+0000] {dag.py:2742} INFO - Sync 1 DAGs
[2023-08-13T01:49:31.192+0000] {logging_mixin.py:150} INFO - [2023-08-13T01:49:31.192+0000] {dag.py:3508} INFO - Setting next_dagrun for dag_w_postgres_v3 to 2023-08-13T00:00:00+00:00, run_after=2023-08-14T00:00:00+00:00
[2023-08-13T01:49:31.204+0000] {processor.py:179} INFO - Processing /opt/airflow/dags/dag_postgresql.py took 0.082 seconds
[2023-08-13T02:06:19.148+0000] {processor.py:157} INFO - Started process (PID=88355) to work on /opt/airflow/dags/dag_postgresql.py
[2023-08-13T02:06:19.152+0000] {processor.py:826} INFO - Processing file /opt/airflow/dags/dag_postgresql.py for tasks to queue
[2023-08-13T02:06:19.153+0000] {logging_mixin.py:150} INFO - [2023-08-13T02:06:19.152+0000] {dagbag.py:541} INFO - Filling up the DagBag from /opt/airflow/dags/dag_postgresql.py
[2023-08-13T02:06:19.170+0000] {processor.py:836} INFO - DAG(s) dict_keys(['dag_w_postgres_v3']) retrieved from /opt/airflow/dags/dag_postgresql.py
[2023-08-13T02:06:19.236+0000] {logging_mixin.py:150} INFO - [2023-08-13T02:06:19.236+0000] {dag.py:2742} INFO - Sync 1 DAGs
[2023-08-13T02:06:19.264+0000] {logging_mixin.py:150} INFO - [2023-08-13T02:06:19.264+0000] {dag.py:3508} INFO - Setting next_dagrun for dag_w_postgres_v3 to 2023-08-13T00:00:00+00:00, run_after=2023-08-14T00:00:00+00:00
[2023-08-13T02:06:19.285+0000] {processor.py:179} INFO - Processing /opt/airflow/dags/dag_postgresql.py took 0.142 seconds
[2023-08-13T02:22:11.837+0000] {processor.py:157} INFO - Started process (PID=88382) to work on /opt/airflow/dags/dag_postgresql.py
[2023-08-13T02:22:11.838+0000] {processor.py:826} INFO - Processing file /opt/airflow/dags/dag_postgresql.py for tasks to queue
[2023-08-13T02:22:11.839+0000] {logging_mixin.py:150} INFO - [2023-08-13T02:22:11.839+0000] {dagbag.py:541} INFO - Filling up the DagBag from /opt/airflow/dags/dag_postgresql.py
[2023-08-13T02:22:11.852+0000] {processor.py:836} INFO - DAG(s) dict_keys(['dag_w_postgres_v3']) retrieved from /opt/airflow/dags/dag_postgresql.py
[2023-08-13T02:22:11.879+0000] {logging_mixin.py:150} INFO - [2023-08-13T02:22:11.879+0000] {dag.py:2742} INFO - Sync 1 DAGs
[2023-08-13T02:22:11.899+0000] {logging_mixin.py:150} INFO - [2023-08-13T02:22:11.899+0000] {dag.py:3508} INFO - Setting next_dagrun for dag_w_postgres_v3 to 2023-08-13T00:00:00+00:00, run_after=2023-08-14T00:00:00+00:00
[2023-08-13T02:22:11.954+0000] {processor.py:179} INFO - Processing /opt/airflow/dags/dag_postgresql.py took 0.121 seconds
[2023-08-13T02:22:42.614+0000] {processor.py:157} INFO - Started process (PID=88409) to work on /opt/airflow/dags/dag_postgresql.py
[2023-08-13T02:22:42.616+0000] {processor.py:826} INFO - Processing file /opt/airflow/dags/dag_postgresql.py for tasks to queue
[2023-08-13T02:22:42.618+0000] {logging_mixin.py:150} INFO - [2023-08-13T02:22:42.618+0000] {dagbag.py:541} INFO - Filling up the DagBag from /opt/airflow/dags/dag_postgresql.py
[2023-08-13T02:22:42.634+0000] {processor.py:836} INFO - DAG(s) dict_keys(['dag_w_postgres_v3']) retrieved from /opt/airflow/dags/dag_postgresql.py
[2023-08-13T02:22:42.663+0000] {logging_mixin.py:150} INFO - [2023-08-13T02:22:42.663+0000] {dag.py:2742} INFO - Sync 1 DAGs
[2023-08-13T02:22:42.681+0000] {logging_mixin.py:150} INFO - [2023-08-13T02:22:42.681+0000] {dag.py:3508} INFO - Setting next_dagrun for dag_w_postgres_v3 to 2023-08-13T00:00:00+00:00, run_after=2023-08-14T00:00:00+00:00
[2023-08-13T02:22:42.693+0000] {processor.py:179} INFO - Processing /opt/airflow/dags/dag_postgresql.py took 0.085 seconds
[2023-08-13T02:24:22.841+0000] {processor.py:157} INFO - Started process (PID=88436) to work on /opt/airflow/dags/dag_postgresql.py
[2023-08-13T02:24:22.843+0000] {processor.py:826} INFO - Processing file /opt/airflow/dags/dag_postgresql.py for tasks to queue
[2023-08-13T02:24:22.845+0000] {logging_mixin.py:150} INFO - [2023-08-13T02:24:22.845+0000] {dagbag.py:541} INFO - Filling up the DagBag from /opt/airflow/dags/dag_postgresql.py
[2023-08-13T02:24:22.861+0000] {processor.py:836} INFO - DAG(s) dict_keys(['dag_w_postgres_v3']) retrieved from /opt/airflow/dags/dag_postgresql.py
[2023-08-13T02:24:22.889+0000] {logging_mixin.py:150} INFO - [2023-08-13T02:24:22.889+0000] {dag.py:2742} INFO - Sync 1 DAGs
[2023-08-13T02:24:22.907+0000] {logging_mixin.py:150} INFO - [2023-08-13T02:24:22.906+0000] {dag.py:3508} INFO - Setting next_dagrun for dag_w_postgres_v3 to 2023-08-13T00:00:00+00:00, run_after=2023-08-14T00:00:00+00:00
[2023-08-13T02:24:22.918+0000] {processor.py:179} INFO - Processing /opt/airflow/dags/dag_postgresql.py took 0.082 seconds
[2023-08-13T02:41:15.830+0000] {processor.py:157} INFO - Started process (PID=88463) to work on /opt/airflow/dags/dag_postgresql.py
[2023-08-13T02:41:15.832+0000] {processor.py:826} INFO - Processing file /opt/airflow/dags/dag_postgresql.py for tasks to queue
[2023-08-13T02:41:15.833+0000] {logging_mixin.py:150} INFO - [2023-08-13T02:41:15.833+0000] {dagbag.py:541} INFO - Filling up the DagBag from /opt/airflow/dags/dag_postgresql.py
[2023-08-13T02:41:15.873+0000] {processor.py:836} INFO - DAG(s) dict_keys(['dag_w_postgres_v3']) retrieved from /opt/airflow/dags/dag_postgresql.py
[2023-08-13T02:41:15.930+0000] {logging_mixin.py:150} INFO - [2023-08-13T02:41:15.930+0000] {dag.py:2742} INFO - Sync 1 DAGs
[2023-08-13T02:41:15.974+0000] {logging_mixin.py:150} INFO - [2023-08-13T02:41:15.973+0000] {dag.py:3508} INFO - Setting next_dagrun for dag_w_postgres_v3 to 2023-08-13T00:00:00+00:00, run_after=2023-08-14T00:00:00+00:00
[2023-08-13T02:41:16.003+0000] {processor.py:179} INFO - Processing /opt/airflow/dags/dag_postgresql.py took 0.178 seconds
[2023-08-13T02:41:46.732+0000] {processor.py:157} INFO - Started process (PID=88490) to work on /opt/airflow/dags/dag_postgresql.py
[2023-08-13T02:41:46.735+0000] {processor.py:826} INFO - Processing file /opt/airflow/dags/dag_postgresql.py for tasks to queue
[2023-08-13T02:41:46.737+0000] {logging_mixin.py:150} INFO - [2023-08-13T02:41:46.736+0000] {dagbag.py:541} INFO - Filling up the DagBag from /opt/airflow/dags/dag_postgresql.py
[2023-08-13T02:41:46.758+0000] {processor.py:836} INFO - DAG(s) dict_keys(['dag_w_postgres_v3']) retrieved from /opt/airflow/dags/dag_postgresql.py
[2023-08-13T02:41:46.788+0000] {logging_mixin.py:150} INFO - [2023-08-13T02:41:46.788+0000] {dag.py:2742} INFO - Sync 1 DAGs
[2023-08-13T02:41:46.809+0000] {logging_mixin.py:150} INFO - [2023-08-13T02:41:46.809+0000] {dag.py:3508} INFO - Setting next_dagrun for dag_w_postgres_v3 to 2023-08-13T00:00:00+00:00, run_after=2023-08-14T00:00:00+00:00
[2023-08-13T02:41:46.822+0000] {processor.py:179} INFO - Processing /opt/airflow/dags/dag_postgresql.py took 0.096 seconds
[2023-08-13T02:57:56.474+0000] {processor.py:157} INFO - Started process (PID=88518) to work on /opt/airflow/dags/dag_postgresql.py
[2023-08-13T02:57:56.476+0000] {processor.py:826} INFO - Processing file /opt/airflow/dags/dag_postgresql.py for tasks to queue
[2023-08-13T02:57:56.477+0000] {logging_mixin.py:150} INFO - [2023-08-13T02:57:56.477+0000] {dagbag.py:541} INFO - Filling up the DagBag from /opt/airflow/dags/dag_postgresql.py
[2023-08-13T02:57:56.490+0000] {processor.py:836} INFO - DAG(s) dict_keys(['dag_w_postgres_v3']) retrieved from /opt/airflow/dags/dag_postgresql.py
[2023-08-13T02:57:56.521+0000] {logging_mixin.py:150} INFO - [2023-08-13T02:57:56.521+0000] {dag.py:2742} INFO - Sync 1 DAGs
[2023-08-13T02:57:56.550+0000] {logging_mixin.py:150} INFO - [2023-08-13T02:57:56.550+0000] {dag.py:3508} INFO - Setting next_dagrun for dag_w_postgres_v3 to 2023-08-13T00:00:00+00:00, run_after=2023-08-14T00:00:00+00:00
[2023-08-13T02:57:56.582+0000] {processor.py:179} INFO - Processing /opt/airflow/dags/dag_postgresql.py took 0.111 seconds
[2023-08-13T03:14:36.809+0000] {processor.py:157} INFO - Started process (PID=88546) to work on /opt/airflow/dags/dag_postgresql.py
[2023-08-13T03:14:36.811+0000] {processor.py:826} INFO - Processing file /opt/airflow/dags/dag_postgresql.py for tasks to queue
[2023-08-13T03:14:36.812+0000] {logging_mixin.py:150} INFO - [2023-08-13T03:14:36.812+0000] {dagbag.py:541} INFO - Filling up the DagBag from /opt/airflow/dags/dag_postgresql.py
[2023-08-13T03:14:36.825+0000] {processor.py:836} INFO - DAG(s) dict_keys(['dag_w_postgres_v3']) retrieved from /opt/airflow/dags/dag_postgresql.py
[2023-08-13T03:14:36.857+0000] {logging_mixin.py:150} INFO - [2023-08-13T03:14:36.856+0000] {dag.py:2742} INFO - Sync 1 DAGs
[2023-08-13T03:14:36.881+0000] {logging_mixin.py:150} INFO - [2023-08-13T03:14:36.880+0000] {dag.py:3508} INFO - Setting next_dagrun for dag_w_postgres_v3 to 2023-08-13T00:00:00+00:00, run_after=2023-08-14T00:00:00+00:00
[2023-08-13T03:14:36.909+0000] {processor.py:179} INFO - Processing /opt/airflow/dags/dag_postgresql.py took 0.103 seconds
[2023-08-13T03:15:07.592+0000] {processor.py:157} INFO - Started process (PID=88573) to work on /opt/airflow/dags/dag_postgresql.py
[2023-08-13T03:15:07.595+0000] {processor.py:826} INFO - Processing file /opt/airflow/dags/dag_postgresql.py for tasks to queue
[2023-08-13T03:15:07.597+0000] {logging_mixin.py:150} INFO - [2023-08-13T03:15:07.596+0000] {dagbag.py:541} INFO - Filling up the DagBag from /opt/airflow/dags/dag_postgresql.py
[2023-08-13T03:15:07.610+0000] {processor.py:836} INFO - DAG(s) dict_keys(['dag_w_postgres_v3']) retrieved from /opt/airflow/dags/dag_postgresql.py
[2023-08-13T03:15:07.637+0000] {logging_mixin.py:150} INFO - [2023-08-13T03:15:07.637+0000] {dag.py:2742} INFO - Sync 1 DAGs
[2023-08-13T03:15:07.656+0000] {logging_mixin.py:150} INFO - [2023-08-13T03:15:07.656+0000] {dag.py:3508} INFO - Setting next_dagrun for dag_w_postgres_v3 to 2023-08-13T00:00:00+00:00, run_after=2023-08-14T00:00:00+00:00
[2023-08-13T03:15:07.668+0000] {processor.py:179} INFO - Processing /opt/airflow/dags/dag_postgresql.py took 0.082 seconds
[2023-08-13T03:32:05.951+0000] {processor.py:157} INFO - Started process (PID=88600) to work on /opt/airflow/dags/dag_postgresql.py
[2023-08-13T03:32:05.952+0000] {processor.py:826} INFO - Processing file /opt/airflow/dags/dag_postgresql.py for tasks to queue
[2023-08-13T03:32:05.953+0000] {logging_mixin.py:150} INFO - [2023-08-13T03:32:05.953+0000] {dagbag.py:541} INFO - Filling up the DagBag from /opt/airflow/dags/dag_postgresql.py
[2023-08-13T03:32:05.964+0000] {processor.py:836} INFO - DAG(s) dict_keys(['dag_w_postgres_v3']) retrieved from /opt/airflow/dags/dag_postgresql.py
[2023-08-13T03:32:05.987+0000] {logging_mixin.py:150} INFO - [2023-08-13T03:32:05.987+0000] {dag.py:2742} INFO - Sync 1 DAGs
[2023-08-13T03:32:06.006+0000] {logging_mixin.py:150} INFO - [2023-08-13T03:32:06.006+0000] {dag.py:3508} INFO - Setting next_dagrun for dag_w_postgres_v3 to 2023-08-13T00:00:00+00:00, run_after=2023-08-14T00:00:00+00:00
[2023-08-13T03:32:06.034+0000] {processor.py:179} INFO - Processing /opt/airflow/dags/dag_postgresql.py took 0.086 seconds
[2023-08-13T03:32:36.625+0000] {processor.py:157} INFO - Started process (PID=88627) to work on /opt/airflow/dags/dag_postgresql.py
[2023-08-13T03:32:36.628+0000] {processor.py:826} INFO - Processing file /opt/airflow/dags/dag_postgresql.py for tasks to queue
[2023-08-13T03:32:36.629+0000] {logging_mixin.py:150} INFO - [2023-08-13T03:32:36.629+0000] {dagbag.py:541} INFO - Filling up the DagBag from /opt/airflow/dags/dag_postgresql.py
[2023-08-13T03:32:36.645+0000] {processor.py:836} INFO - DAG(s) dict_keys(['dag_w_postgres_v3']) retrieved from /opt/airflow/dags/dag_postgresql.py
[2023-08-13T03:32:36.672+0000] {logging_mixin.py:150} INFO - [2023-08-13T03:32:36.672+0000] {dag.py:2742} INFO - Sync 1 DAGs
[2023-08-13T03:32:36.689+0000] {logging_mixin.py:150} INFO - [2023-08-13T03:32:36.689+0000] {dag.py:3508} INFO - Setting next_dagrun for dag_w_postgres_v3 to 2023-08-13T00:00:00+00:00, run_after=2023-08-14T00:00:00+00:00
[2023-08-13T03:32:36.701+0000] {processor.py:179} INFO - Processing /opt/airflow/dags/dag_postgresql.py took 0.081 seconds
[2023-08-13T03:49:19.371+0000] {processor.py:157} INFO - Started process (PID=88653) to work on /opt/airflow/dags/dag_postgresql.py
[2023-08-13T03:49:19.373+0000] {processor.py:826} INFO - Processing file /opt/airflow/dags/dag_postgresql.py for tasks to queue
[2023-08-13T03:49:19.374+0000] {logging_mixin.py:150} INFO - [2023-08-13T03:49:19.373+0000] {dagbag.py:541} INFO - Filling up the DagBag from /opt/airflow/dags/dag_postgresql.py
[2023-08-13T03:49:19.385+0000] {processor.py:836} INFO - DAG(s) dict_keys(['dag_w_postgres_v3']) retrieved from /opt/airflow/dags/dag_postgresql.py
[2023-08-13T03:49:19.409+0000] {logging_mixin.py:150} INFO - [2023-08-13T03:49:19.409+0000] {dag.py:2742} INFO - Sync 1 DAGs
[2023-08-13T03:49:19.426+0000] {logging_mixin.py:150} INFO - [2023-08-13T03:49:19.426+0000] {dag.py:3508} INFO - Setting next_dagrun for dag_w_postgres_v3 to 2023-08-13T00:00:00+00:00, run_after=2023-08-14T00:00:00+00:00
[2023-08-13T03:49:19.437+0000] {processor.py:179} INFO - Processing /opt/airflow/dags/dag_postgresql.py took 0.070 seconds
[2023-08-13T03:49:50.016+0000] {processor.py:157} INFO - Started process (PID=88680) to work on /opt/airflow/dags/dag_postgresql.py
[2023-08-13T03:49:50.018+0000] {processor.py:826} INFO - Processing file /opt/airflow/dags/dag_postgresql.py for tasks to queue
[2023-08-13T03:49:50.019+0000] {logging_mixin.py:150} INFO - [2023-08-13T03:49:50.019+0000] {dagbag.py:541} INFO - Filling up the DagBag from /opt/airflow/dags/dag_postgresql.py
[2023-08-13T03:49:50.034+0000] {processor.py:836} INFO - DAG(s) dict_keys(['dag_w_postgres_v3']) retrieved from /opt/airflow/dags/dag_postgresql.py
[2023-08-13T03:49:50.061+0000] {logging_mixin.py:150} INFO - [2023-08-13T03:49:50.060+0000] {dag.py:2742} INFO - Sync 1 DAGs
[2023-08-13T03:49:50.078+0000] {logging_mixin.py:150} INFO - [2023-08-13T03:49:50.078+0000] {dag.py:3508} INFO - Setting next_dagrun for dag_w_postgres_v3 to 2023-08-13T00:00:00+00:00, run_after=2023-08-14T00:00:00+00:00
[2023-08-13T03:49:50.090+0000] {processor.py:179} INFO - Processing /opt/airflow/dags/dag_postgresql.py took 0.079 seconds
[2023-08-13T04:07:58.055+0000] {processor.py:157} INFO - Started process (PID=88708) to work on /opt/airflow/dags/dag_postgresql.py
[2023-08-13T04:07:58.057+0000] {processor.py:826} INFO - Processing file /opt/airflow/dags/dag_postgresql.py for tasks to queue
[2023-08-13T04:07:58.058+0000] {logging_mixin.py:150} INFO - [2023-08-13T04:07:58.058+0000] {dagbag.py:541} INFO - Filling up the DagBag from /opt/airflow/dags/dag_postgresql.py
[2023-08-13T04:07:58.070+0000] {processor.py:836} INFO - DAG(s) dict_keys(['dag_w_postgres_v3']) retrieved from /opt/airflow/dags/dag_postgresql.py
[2023-08-13T04:07:58.094+0000] {logging_mixin.py:150} INFO - [2023-08-13T04:07:58.094+0000] {dag.py:2742} INFO - Sync 1 DAGs
[2023-08-13T04:07:58.112+0000] {logging_mixin.py:150} INFO - [2023-08-13T04:07:58.112+0000] {dag.py:3508} INFO - Setting next_dagrun for dag_w_postgres_v3 to 2023-08-13T00:00:00+00:00, run_after=2023-08-14T00:00:00+00:00
[2023-08-13T04:07:58.124+0000] {processor.py:179} INFO - Processing /opt/airflow/dags/dag_postgresql.py took 0.072 seconds
[2023-08-13T04:24:12.812+0000] {processor.py:157} INFO - Started process (PID=88736) to work on /opt/airflow/dags/dag_postgresql.py
[2023-08-13T04:24:12.814+0000] {processor.py:826} INFO - Processing file /opt/airflow/dags/dag_postgresql.py for tasks to queue
[2023-08-13T04:24:12.815+0000] {logging_mixin.py:150} INFO - [2023-08-13T04:24:12.815+0000] {dagbag.py:541} INFO - Filling up the DagBag from /opt/airflow/dags/dag_postgresql.py
[2023-08-13T04:24:12.841+0000] {processor.py:836} INFO - DAG(s) dict_keys(['dag_w_postgres_v3']) retrieved from /opt/airflow/dags/dag_postgresql.py
[2023-08-13T04:24:12.891+0000] {logging_mixin.py:150} INFO - [2023-08-13T04:24:12.891+0000] {dag.py:2742} INFO - Sync 1 DAGs
[2023-08-13T04:24:12.923+0000] {logging_mixin.py:150} INFO - [2023-08-13T04:24:12.922+0000] {dag.py:3508} INFO - Setting next_dagrun for dag_w_postgres_v3 to 2023-08-13T00:00:00+00:00, run_after=2023-08-14T00:00:00+00:00
[2023-08-13T04:24:12.947+0000] {processor.py:179} INFO - Processing /opt/airflow/dags/dag_postgresql.py took 0.139 seconds
[2023-08-13T04:24:43.553+0000] {processor.py:157} INFO - Started process (PID=88763) to work on /opt/airflow/dags/dag_postgresql.py
[2023-08-13T04:24:43.554+0000] {processor.py:826} INFO - Processing file /opt/airflow/dags/dag_postgresql.py for tasks to queue
[2023-08-13T04:24:43.556+0000] {logging_mixin.py:150} INFO - [2023-08-13T04:24:43.556+0000] {dagbag.py:541} INFO - Filling up the DagBag from /opt/airflow/dags/dag_postgresql.py
[2023-08-13T04:24:43.570+0000] {processor.py:836} INFO - DAG(s) dict_keys(['dag_w_postgres_v3']) retrieved from /opt/airflow/dags/dag_postgresql.py
[2023-08-13T04:24:43.598+0000] {logging_mixin.py:150} INFO - [2023-08-13T04:24:43.598+0000] {dag.py:2742} INFO - Sync 1 DAGs
[2023-08-13T04:24:43.615+0000] {logging_mixin.py:150} INFO - [2023-08-13T04:24:43.615+0000] {dag.py:3508} INFO - Setting next_dagrun for dag_w_postgres_v3 to 2023-08-13T00:00:00+00:00, run_after=2023-08-14T00:00:00+00:00
[2023-08-13T04:24:43.626+0000] {processor.py:179} INFO - Processing /opt/airflow/dags/dag_postgresql.py took 0.079 seconds
[2023-08-13T04:41:32.904+0000] {processor.py:157} INFO - Started process (PID=88790) to work on /opt/airflow/dags/dag_postgresql.py
[2023-08-13T04:41:32.906+0000] {processor.py:826} INFO - Processing file /opt/airflow/dags/dag_postgresql.py for tasks to queue
[2023-08-13T04:41:32.908+0000] {logging_mixin.py:150} INFO - [2023-08-13T04:41:32.907+0000] {dagbag.py:541} INFO - Filling up the DagBag from /opt/airflow/dags/dag_postgresql.py
[2023-08-13T04:41:32.936+0000] {processor.py:836} INFO - DAG(s) dict_keys(['dag_w_postgres_v3']) retrieved from /opt/airflow/dags/dag_postgresql.py
[2023-08-13T04:41:32.962+0000] {logging_mixin.py:150} INFO - [2023-08-13T04:41:32.962+0000] {dag.py:2742} INFO - Sync 1 DAGs
[2023-08-13T04:41:32.979+0000] {logging_mixin.py:150} INFO - [2023-08-13T04:41:32.978+0000] {dag.py:3508} INFO - Setting next_dagrun for dag_w_postgres_v3 to 2023-08-13T00:00:00+00:00, run_after=2023-08-14T00:00:00+00:00
[2023-08-13T04:41:33.012+0000] {processor.py:179} INFO - Processing /opt/airflow/dags/dag_postgresql.py took 0.110 seconds
[2023-08-13T04:57:38.705+0000] {processor.py:157} INFO - Started process (PID=88817) to work on /opt/airflow/dags/dag_postgresql.py
[2023-08-13T04:57:38.706+0000] {processor.py:826} INFO - Processing file /opt/airflow/dags/dag_postgresql.py for tasks to queue
[2023-08-13T04:57:38.707+0000] {logging_mixin.py:150} INFO - [2023-08-13T04:57:38.707+0000] {dagbag.py:541} INFO - Filling up the DagBag from /opt/airflow/dags/dag_postgresql.py
[2023-08-13T04:57:38.719+0000] {processor.py:836} INFO - DAG(s) dict_keys(['dag_w_postgres_v3']) retrieved from /opt/airflow/dags/dag_postgresql.py
[2023-08-13T04:57:38.743+0000] {logging_mixin.py:150} INFO - [2023-08-13T04:57:38.743+0000] {dag.py:2742} INFO - Sync 1 DAGs
[2023-08-13T04:57:38.760+0000] {logging_mixin.py:150} INFO - [2023-08-13T04:57:38.760+0000] {dag.py:3508} INFO - Setting next_dagrun for dag_w_postgres_v3 to 2023-08-13T00:00:00+00:00, run_after=2023-08-14T00:00:00+00:00
[2023-08-13T04:57:38.772+0000] {processor.py:179} INFO - Processing /opt/airflow/dags/dag_postgresql.py took 0.071 seconds
[2023-08-13T04:58:09.338+0000] {processor.py:157} INFO - Started process (PID=88844) to work on /opt/airflow/dags/dag_postgresql.py
[2023-08-13T04:58:09.341+0000] {processor.py:826} INFO - Processing file /opt/airflow/dags/dag_postgresql.py for tasks to queue
[2023-08-13T04:58:09.342+0000] {logging_mixin.py:150} INFO - [2023-08-13T04:58:09.342+0000] {dagbag.py:541} INFO - Filling up the DagBag from /opt/airflow/dags/dag_postgresql.py
[2023-08-13T04:58:09.356+0000] {processor.py:836} INFO - DAG(s) dict_keys(['dag_w_postgres_v3']) retrieved from /opt/airflow/dags/dag_postgresql.py
[2023-08-13T04:58:09.383+0000] {logging_mixin.py:150} INFO - [2023-08-13T04:58:09.383+0000] {dag.py:2742} INFO - Sync 1 DAGs
[2023-08-13T04:58:09.401+0000] {logging_mixin.py:150} INFO - [2023-08-13T04:58:09.401+0000] {dag.py:3508} INFO - Setting next_dagrun for dag_w_postgres_v3 to 2023-08-13T00:00:00+00:00, run_after=2023-08-14T00:00:00+00:00
[2023-08-13T04:58:09.414+0000] {processor.py:179} INFO - Processing /opt/airflow/dags/dag_postgresql.py took 0.081 seconds
[2023-08-13T05:14:17.029+0000] {processor.py:157} INFO - Started process (PID=88873) to work on /opt/airflow/dags/dag_postgresql.py
[2023-08-13T05:14:17.033+0000] {processor.py:826} INFO - Processing file /opt/airflow/dags/dag_postgresql.py for tasks to queue
[2023-08-13T05:14:17.036+0000] {logging_mixin.py:150} INFO - [2023-08-13T05:14:17.036+0000] {dagbag.py:541} INFO - Filling up the DagBag from /opt/airflow/dags/dag_postgresql.py
[2023-08-13T05:14:17.084+0000] {processor.py:836} INFO - DAG(s) dict_keys(['dag_w_postgres_v3']) retrieved from /opt/airflow/dags/dag_postgresql.py
[2023-08-13T05:14:17.129+0000] {logging_mixin.py:150} INFO - [2023-08-13T05:14:17.129+0000] {dag.py:2742} INFO - Sync 1 DAGs
[2023-08-13T05:14:17.150+0000] {logging_mixin.py:150} INFO - [2023-08-13T05:14:17.150+0000] {dag.py:3508} INFO - Setting next_dagrun for dag_w_postgres_v3 to 2023-08-13T00:00:00+00:00, run_after=2023-08-14T00:00:00+00:00
[2023-08-13T05:14:17.164+0000] {processor.py:179} INFO - Processing /opt/airflow/dags/dag_postgresql.py took 0.138 seconds
[2023-08-13T05:14:47.763+0000] {processor.py:157} INFO - Started process (PID=88900) to work on /opt/airflow/dags/dag_postgresql.py
[2023-08-13T05:14:47.765+0000] {processor.py:826} INFO - Processing file /opt/airflow/dags/dag_postgresql.py for tasks to queue
[2023-08-13T05:14:47.766+0000] {logging_mixin.py:150} INFO - [2023-08-13T05:14:47.766+0000] {dagbag.py:541} INFO - Filling up the DagBag from /opt/airflow/dags/dag_postgresql.py
[2023-08-13T05:14:47.782+0000] {processor.py:836} INFO - DAG(s) dict_keys(['dag_w_postgres_v3']) retrieved from /opt/airflow/dags/dag_postgresql.py
[2023-08-13T05:14:47.809+0000] {logging_mixin.py:150} INFO - [2023-08-13T05:14:47.809+0000] {dag.py:2742} INFO - Sync 1 DAGs
[2023-08-13T05:14:47.827+0000] {logging_mixin.py:150} INFO - [2023-08-13T05:14:47.827+0000] {dag.py:3508} INFO - Setting next_dagrun for dag_w_postgres_v3 to 2023-08-13T00:00:00+00:00, run_after=2023-08-14T00:00:00+00:00
[2023-08-13T05:14:47.838+0000] {processor.py:179} INFO - Processing /opt/airflow/dags/dag_postgresql.py took 0.080 seconds
[2023-08-13T05:31:23.176+0000] {processor.py:157} INFO - Started process (PID=88928) to work on /opt/airflow/dags/dag_postgresql.py
[2023-08-13T05:31:23.177+0000] {processor.py:826} INFO - Processing file /opt/airflow/dags/dag_postgresql.py for tasks to queue
[2023-08-13T05:31:23.178+0000] {logging_mixin.py:150} INFO - [2023-08-13T05:31:23.178+0000] {dagbag.py:541} INFO - Filling up the DagBag from /opt/airflow/dags/dag_postgresql.py
[2023-08-13T05:31:23.205+0000] {processor.py:836} INFO - DAG(s) dict_keys(['dag_w_postgres_v3']) retrieved from /opt/airflow/dags/dag_postgresql.py
[2023-08-13T05:31:23.252+0000] {logging_mixin.py:150} INFO - [2023-08-13T05:31:23.252+0000] {dag.py:2742} INFO - Sync 1 DAGs
[2023-08-13T05:31:23.285+0000] {logging_mixin.py:150} INFO - [2023-08-13T05:31:23.285+0000] {dag.py:3508} INFO - Setting next_dagrun for dag_w_postgres_v3 to 2023-08-13T00:00:00+00:00, run_after=2023-08-14T00:00:00+00:00
[2023-08-13T05:31:23.312+0000] {processor.py:179} INFO - Processing /opt/airflow/dags/dag_postgresql.py took 0.144 seconds
[2023-08-13T05:31:54.050+0000] {processor.py:157} INFO - Started process (PID=88955) to work on /opt/airflow/dags/dag_postgresql.py
[2023-08-13T05:31:54.052+0000] {processor.py:826} INFO - Processing file /opt/airflow/dags/dag_postgresql.py for tasks to queue
[2023-08-13T05:31:54.053+0000] {logging_mixin.py:150} INFO - [2023-08-13T05:31:54.053+0000] {dagbag.py:541} INFO - Filling up the DagBag from /opt/airflow/dags/dag_postgresql.py
[2023-08-13T05:31:54.068+0000] {processor.py:836} INFO - DAG(s) dict_keys(['dag_w_postgres_v3']) retrieved from /opt/airflow/dags/dag_postgresql.py
[2023-08-13T05:31:54.095+0000] {logging_mixin.py:150} INFO - [2023-08-13T05:31:54.095+0000] {dag.py:2742} INFO - Sync 1 DAGs
[2023-08-13T05:31:54.113+0000] {logging_mixin.py:150} INFO - [2023-08-13T05:31:54.113+0000] {dag.py:3508} INFO - Setting next_dagrun for dag_w_postgres_v3 to 2023-08-13T00:00:00+00:00, run_after=2023-08-14T00:00:00+00:00
[2023-08-13T05:31:54.124+0000] {processor.py:179} INFO - Processing /opt/airflow/dags/dag_postgresql.py took 0.079 seconds
[2023-08-13T05:32:24.643+0000] {processor.py:157} INFO - Started process (PID=88982) to work on /opt/airflow/dags/dag_postgresql.py
[2023-08-13T05:32:24.645+0000] {processor.py:826} INFO - Processing file /opt/airflow/dags/dag_postgresql.py for tasks to queue
[2023-08-13T05:32:24.646+0000] {logging_mixin.py:150} INFO - [2023-08-13T05:32:24.646+0000] {dagbag.py:541} INFO - Filling up the DagBag from /opt/airflow/dags/dag_postgresql.py
[2023-08-13T05:32:24.661+0000] {processor.py:836} INFO - DAG(s) dict_keys(['dag_w_postgres_v3']) retrieved from /opt/airflow/dags/dag_postgresql.py
[2023-08-13T05:32:24.689+0000] {logging_mixin.py:150} INFO - [2023-08-13T05:32:24.689+0000] {dag.py:2742} INFO - Sync 1 DAGs
[2023-08-13T05:32:24.706+0000] {logging_mixin.py:150} INFO - [2023-08-13T05:32:24.705+0000] {dag.py:3508} INFO - Setting next_dagrun for dag_w_postgres_v3 to 2023-08-13T00:00:00+00:00, run_after=2023-08-14T00:00:00+00:00
[2023-08-13T05:32:24.718+0000] {processor.py:179} INFO - Processing /opt/airflow/dags/dag_postgresql.py took 0.080 seconds
[2023-08-13T05:50:37.806+0000] {processor.py:157} INFO - Started process (PID=89011) to work on /opt/airflow/dags/dag_postgresql.py
[2023-08-13T05:50:37.813+0000] {processor.py:826} INFO - Processing file /opt/airflow/dags/dag_postgresql.py for tasks to queue
[2023-08-13T05:50:37.814+0000] {logging_mixin.py:150} INFO - [2023-08-13T05:50:37.814+0000] {dagbag.py:541} INFO - Filling up the DagBag from /opt/airflow/dags/dag_postgresql.py
[2023-08-13T05:50:37.866+0000] {processor.py:836} INFO - DAG(s) dict_keys(['dag_w_postgres_v3']) retrieved from /opt/airflow/dags/dag_postgresql.py
[2023-08-13T05:50:37.930+0000] {logging_mixin.py:150} INFO - [2023-08-13T05:50:37.930+0000] {dag.py:2742} INFO - Sync 1 DAGs
[2023-08-13T05:50:37.973+0000] {logging_mixin.py:150} INFO - [2023-08-13T05:50:37.973+0000] {dag.py:3508} INFO - Setting next_dagrun for dag_w_postgres_v3 to 2023-08-13T00:00:00+00:00, run_after=2023-08-14T00:00:00+00:00
[2023-08-13T05:50:38.011+0000] {processor.py:179} INFO - Processing /opt/airflow/dags/dag_postgresql.py took 0.215 seconds
[2023-08-13T05:51:08.630+0000] {processor.py:157} INFO - Started process (PID=89038) to work on /opt/airflow/dags/dag_postgresql.py
[2023-08-13T05:51:08.632+0000] {processor.py:826} INFO - Processing file /opt/airflow/dags/dag_postgresql.py for tasks to queue
[2023-08-13T05:51:08.633+0000] {logging_mixin.py:150} INFO - [2023-08-13T05:51:08.633+0000] {dagbag.py:541} INFO - Filling up the DagBag from /opt/airflow/dags/dag_postgresql.py
[2023-08-13T05:51:08.646+0000] {processor.py:836} INFO - DAG(s) dict_keys(['dag_w_postgres_v3']) retrieved from /opt/airflow/dags/dag_postgresql.py
[2023-08-13T05:51:08.672+0000] {logging_mixin.py:150} INFO - [2023-08-13T05:51:08.671+0000] {dag.py:2742} INFO - Sync 1 DAGs
[2023-08-13T05:51:08.689+0000] {logging_mixin.py:150} INFO - [2023-08-13T05:51:08.689+0000] {dag.py:3508} INFO - Setting next_dagrun for dag_w_postgres_v3 to 2023-08-13T00:00:00+00:00, run_after=2023-08-14T00:00:00+00:00
[2023-08-13T05:51:08.701+0000] {processor.py:179} INFO - Processing /opt/airflow/dags/dag_postgresql.py took 0.074 seconds
[2023-08-13T06:33:49.820+0000] {processor.py:157} INFO - Started process (PID=89065) to work on /opt/airflow/dags/dag_postgresql.py
[2023-08-13T06:33:49.827+0000] {processor.py:826} INFO - Processing file /opt/airflow/dags/dag_postgresql.py for tasks to queue
[2023-08-13T06:33:49.830+0000] {logging_mixin.py:150} INFO - [2023-08-13T06:33:49.829+0000] {dagbag.py:541} INFO - Filling up the DagBag from /opt/airflow/dags/dag_postgresql.py
[2023-08-13T06:33:49.919+0000] {processor.py:836} INFO - DAG(s) dict_keys(['dag_w_postgres_v3']) retrieved from /opt/airflow/dags/dag_postgresql.py
[2023-08-13T06:33:49.988+0000] {logging_mixin.py:150} INFO - [2023-08-13T06:33:49.988+0000] {dag.py:2742} INFO - Sync 1 DAGs
[2023-08-13T06:33:50.031+0000] {logging_mixin.py:150} INFO - [2023-08-13T06:33:50.031+0000] {dag.py:3508} INFO - Setting next_dagrun for dag_w_postgres_v3 to 2023-08-13T00:00:00+00:00, run_after=2023-08-14T00:00:00+00:00
[2023-08-13T06:33:50.061+0000] {processor.py:179} INFO - Processing /opt/airflow/dags/dag_postgresql.py took 0.252 seconds
[2023-08-13T07:23:55.686+0000] {processor.py:157} INFO - Started process (PID=89091) to work on /opt/airflow/dags/dag_postgresql.py
[2023-08-13T07:23:55.688+0000] {processor.py:826} INFO - Processing file /opt/airflow/dags/dag_postgresql.py for tasks to queue
[2023-08-13T07:23:55.689+0000] {logging_mixin.py:150} INFO - [2023-08-13T07:23:55.689+0000] {dagbag.py:541} INFO - Filling up the DagBag from /opt/airflow/dags/dag_postgresql.py
[2023-08-13T07:23:55.703+0000] {processor.py:836} INFO - DAG(s) dict_keys(['dag_w_postgres_v3']) retrieved from /opt/airflow/dags/dag_postgresql.py
[2023-08-13T07:23:55.761+0000] {logging_mixin.py:150} INFO - [2023-08-13T07:23:55.761+0000] {dag.py:2742} INFO - Sync 1 DAGs
[2023-08-13T07:23:55.792+0000] {logging_mixin.py:150} INFO - [2023-08-13T07:23:55.792+0000] {dag.py:3508} INFO - Setting next_dagrun for dag_w_postgres_v3 to 2023-08-13T00:00:00+00:00, run_after=2023-08-14T00:00:00+00:00
[2023-08-13T07:23:55.813+0000] {processor.py:179} INFO - Processing /opt/airflow/dags/dag_postgresql.py took 0.129 seconds
[2023-08-13T08:33:17.874+0000] {processor.py:157} INFO - Started process (PID=89118) to work on /opt/airflow/dags/dag_postgresql.py
[2023-08-13T08:33:17.879+0000] {processor.py:826} INFO - Processing file /opt/airflow/dags/dag_postgresql.py for tasks to queue
[2023-08-13T08:33:17.884+0000] {logging_mixin.py:150} INFO - [2023-08-13T08:33:17.883+0000] {dagbag.py:541} INFO - Filling up the DagBag from /opt/airflow/dags/dag_postgresql.py
[2023-08-13T08:33:17.898+0000] {processor.py:836} INFO - DAG(s) dict_keys(['dag_w_postgres_v3']) retrieved from /opt/airflow/dags/dag_postgresql.py
[2023-08-13T08:33:17.936+0000] {logging_mixin.py:150} INFO - [2023-08-13T08:33:17.936+0000] {dag.py:2742} INFO - Sync 1 DAGs
[2023-08-13T08:33:17.984+0000] {logging_mixin.py:150} INFO - [2023-08-13T08:33:17.983+0000] {dag.py:3508} INFO - Setting next_dagrun for dag_w_postgres_v3 to 2023-08-13T00:00:00+00:00, run_after=2023-08-14T00:00:00+00:00
[2023-08-13T08:33:18.011+0000] {processor.py:179} INFO - Processing /opt/airflow/dags/dag_postgresql.py took 0.140 seconds
[2023-08-13T09:57:14.230+0000] {processor.py:157} INFO - Started process (PID=89147) to work on /opt/airflow/dags/dag_postgresql.py
[2023-08-13T09:57:14.232+0000] {processor.py:826} INFO - Processing file /opt/airflow/dags/dag_postgresql.py for tasks to queue
[2023-08-13T09:57:14.233+0000] {logging_mixin.py:150} INFO - [2023-08-13T09:57:14.233+0000] {dagbag.py:541} INFO - Filling up the DagBag from /opt/airflow/dags/dag_postgresql.py
[2023-08-13T09:57:14.246+0000] {processor.py:836} INFO - DAG(s) dict_keys(['dag_w_postgres_v3']) retrieved from /opt/airflow/dags/dag_postgresql.py
[2023-08-13T09:57:14.272+0000] {logging_mixin.py:150} INFO - [2023-08-13T09:57:14.272+0000] {dag.py:2742} INFO - Sync 1 DAGs
[2023-08-13T09:57:14.291+0000] {logging_mixin.py:150} INFO - [2023-08-13T09:57:14.291+0000] {dag.py:3508} INFO - Setting next_dagrun for dag_w_postgres_v3 to 2023-08-13T00:00:00+00:00, run_after=2023-08-14T00:00:00+00:00
[2023-08-13T09:57:14.303+0000] {processor.py:179} INFO - Processing /opt/airflow/dags/dag_postgresql.py took 0.076 seconds
[2023-08-13T10:52:37.036+0000] {processor.py:157} INFO - Started process (PID=89174) to work on /opt/airflow/dags/dag_postgresql.py
[2023-08-13T10:52:37.038+0000] {processor.py:826} INFO - Processing file /opt/airflow/dags/dag_postgresql.py for tasks to queue
[2023-08-13T10:52:37.039+0000] {logging_mixin.py:150} INFO - [2023-08-13T10:52:37.039+0000] {dagbag.py:541} INFO - Filling up the DagBag from /opt/airflow/dags/dag_postgresql.py
[2023-08-13T10:52:37.056+0000] {processor.py:836} INFO - DAG(s) dict_keys(['dag_w_postgres_v3']) retrieved from /opt/airflow/dags/dag_postgresql.py
[2023-08-13T10:52:37.089+0000] {logging_mixin.py:150} INFO - [2023-08-13T10:52:37.088+0000] {dag.py:2742} INFO - Sync 1 DAGs
[2023-08-13T10:52:37.107+0000] {logging_mixin.py:150} INFO - [2023-08-13T10:52:37.107+0000] {dag.py:3508} INFO - Setting next_dagrun for dag_w_postgres_v3 to 2023-08-13T00:00:00+00:00, run_after=2023-08-14T00:00:00+00:00
[2023-08-13T10:52:37.119+0000] {processor.py:179} INFO - Processing /opt/airflow/dags/dag_postgresql.py took 0.088 seconds
[2023-08-13T11:33:17.403+0000] {processor.py:157} INFO - Started process (PID=89201) to work on /opt/airflow/dags/dag_postgresql.py
[2023-08-13T11:33:17.406+0000] {processor.py:826} INFO - Processing file /opt/airflow/dags/dag_postgresql.py for tasks to queue
[2023-08-13T11:33:17.408+0000] {logging_mixin.py:150} INFO - [2023-08-13T11:33:17.407+0000] {dagbag.py:541} INFO - Filling up the DagBag from /opt/airflow/dags/dag_postgresql.py
[2023-08-13T11:33:17.428+0000] {processor.py:836} INFO - DAG(s) dict_keys(['dag_w_postgres_v3']) retrieved from /opt/airflow/dags/dag_postgresql.py
[2023-08-13T11:33:17.463+0000] {logging_mixin.py:150} INFO - [2023-08-13T11:33:17.462+0000] {dag.py:2742} INFO - Sync 1 DAGs
[2023-08-13T11:33:17.526+0000] {logging_mixin.py:150} INFO - [2023-08-13T11:33:17.526+0000] {dag.py:3508} INFO - Setting next_dagrun for dag_w_postgres_v3 to 2023-08-13T00:00:00+00:00, run_after=2023-08-14T00:00:00+00:00
[2023-08-13T11:33:17.552+0000] {processor.py:179} INFO - Processing /opt/airflow/dags/dag_postgresql.py took 0.154 seconds
[2023-08-13T12:22:52.220+0000] {processor.py:157} INFO - Started process (PID=89230) to work on /opt/airflow/dags/dag_postgresql.py
[2023-08-13T12:22:52.222+0000] {processor.py:826} INFO - Processing file /opt/airflow/dags/dag_postgresql.py for tasks to queue
[2023-08-13T12:22:52.223+0000] {logging_mixin.py:150} INFO - [2023-08-13T12:22:52.223+0000] {dagbag.py:541} INFO - Filling up the DagBag from /opt/airflow/dags/dag_postgresql.py
[2023-08-13T12:22:52.236+0000] {processor.py:836} INFO - DAG(s) dict_keys(['dag_w_postgres_v3']) retrieved from /opt/airflow/dags/dag_postgresql.py
[2023-08-13T12:22:52.262+0000] {logging_mixin.py:150} INFO - [2023-08-13T12:22:52.262+0000] {dag.py:2742} INFO - Sync 1 DAGs
[2023-08-13T12:22:52.281+0000] {logging_mixin.py:150} INFO - [2023-08-13T12:22:52.281+0000] {dag.py:3508} INFO - Setting next_dagrun for dag_w_postgres_v3 to 2023-08-13T00:00:00+00:00, run_after=2023-08-14T00:00:00+00:00
[2023-08-13T12:22:52.293+0000] {processor.py:179} INFO - Processing /opt/airflow/dags/dag_postgresql.py took 0.076 seconds
[2023-08-13T13:11:37.826+0000] {processor.py:157} INFO - Started process (PID=89257) to work on /opt/airflow/dags/dag_postgresql.py
[2023-08-13T13:11:37.831+0000] {processor.py:826} INFO - Processing file /opt/airflow/dags/dag_postgresql.py for tasks to queue
[2023-08-13T13:11:37.840+0000] {logging_mixin.py:150} INFO - [2023-08-13T13:11:37.839+0000] {dagbag.py:541} INFO - Filling up the DagBag from /opt/airflow/dags/dag_postgresql.py
[2023-08-13T13:11:37.871+0000] {processor.py:836} INFO - DAG(s) dict_keys(['dag_w_postgres_v3']) retrieved from /opt/airflow/dags/dag_postgresql.py
[2023-08-13T13:11:37.928+0000] {logging_mixin.py:150} INFO - [2023-08-13T13:11:37.928+0000] {dag.py:2742} INFO - Sync 1 DAGs
[2023-08-13T13:11:37.970+0000] {logging_mixin.py:150} INFO - [2023-08-13T13:11:37.970+0000] {dag.py:3508} INFO - Setting next_dagrun for dag_w_postgres_v3 to 2023-08-13T00:00:00+00:00, run_after=2023-08-14T00:00:00+00:00
[2023-08-13T13:11:38.011+0000] {processor.py:179} INFO - Processing /opt/airflow/dags/dag_postgresql.py took 0.190 seconds
[2023-08-13T14:20:26.716+0000] {processor.py:157} INFO - Started process (PID=89284) to work on /opt/airflow/dags/dag_postgresql.py
[2023-08-13T14:20:26.719+0000] {processor.py:826} INFO - Processing file /opt/airflow/dags/dag_postgresql.py for tasks to queue
[2023-08-13T14:20:26.720+0000] {logging_mixin.py:150} INFO - [2023-08-13T14:20:26.720+0000] {dagbag.py:541} INFO - Filling up the DagBag from /opt/airflow/dags/dag_postgresql.py
[2023-08-13T14:20:26.765+0000] {processor.py:836} INFO - DAG(s) dict_keys(['dag_w_postgres_v3']) retrieved from /opt/airflow/dags/dag_postgresql.py
[2023-08-13T14:20:26.811+0000] {logging_mixin.py:150} INFO - [2023-08-13T14:20:26.811+0000] {dag.py:2742} INFO - Sync 1 DAGs
[2023-08-13T14:20:26.860+0000] {logging_mixin.py:150} INFO - [2023-08-13T14:20:26.859+0000] {dag.py:3508} INFO - Setting next_dagrun for dag_w_postgres_v3 to 2023-08-13T00:00:00+00:00, run_after=2023-08-14T00:00:00+00:00
[2023-08-13T14:20:26.901+0000] {processor.py:179} INFO - Processing /opt/airflow/dags/dag_postgresql.py took 0.190 seconds
[2023-08-13T15:12:51.246+0000] {processor.py:157} INFO - Started process (PID=89311) to work on /opt/airflow/dags/dag_postgresql.py
[2023-08-13T15:12:51.251+0000] {processor.py:826} INFO - Processing file /opt/airflow/dags/dag_postgresql.py for tasks to queue
[2023-08-13T15:12:51.255+0000] {logging_mixin.py:150} INFO - [2023-08-13T15:12:51.254+0000] {dagbag.py:541} INFO - Filling up the DagBag from /opt/airflow/dags/dag_postgresql.py
[2023-08-13T15:12:51.268+0000] {processor.py:836} INFO - DAG(s) dict_keys(['dag_w_postgres_v3']) retrieved from /opt/airflow/dags/dag_postgresql.py
[2023-08-13T15:12:51.299+0000] {logging_mixin.py:150} INFO - [2023-08-13T15:12:51.299+0000] {dag.py:2742} INFO - Sync 1 DAGs
[2023-08-13T15:12:51.320+0000] {logging_mixin.py:150} INFO - [2023-08-13T15:12:51.320+0000] {dag.py:3508} INFO - Setting next_dagrun for dag_w_postgres_v3 to 2023-08-13T00:00:00+00:00, run_after=2023-08-14T00:00:00+00:00
[2023-08-13T15:12:51.353+0000] {processor.py:179} INFO - Processing /opt/airflow/dags/dag_postgresql.py took 0.111 seconds
[2023-08-13T16:09:07.678+0000] {processor.py:157} INFO - Started process (PID=89338) to work on /opt/airflow/dags/dag_postgresql.py
[2023-08-13T16:09:07.680+0000] {processor.py:826} INFO - Processing file /opt/airflow/dags/dag_postgresql.py for tasks to queue
[2023-08-13T16:09:07.681+0000] {logging_mixin.py:150} INFO - [2023-08-13T16:09:07.681+0000] {dagbag.py:541} INFO - Filling up the DagBag from /opt/airflow/dags/dag_postgresql.py
[2023-08-13T16:09:07.695+0000] {processor.py:836} INFO - DAG(s) dict_keys(['dag_w_postgres_v3']) retrieved from /opt/airflow/dags/dag_postgresql.py
[2023-08-13T16:09:07.723+0000] {logging_mixin.py:150} INFO - [2023-08-13T16:09:07.723+0000] {dag.py:2742} INFO - Sync 1 DAGs
[2023-08-13T16:09:07.742+0000] {logging_mixin.py:150} INFO - [2023-08-13T16:09:07.742+0000] {dag.py:3508} INFO - Setting next_dagrun for dag_w_postgres_v3 to 2023-08-13T00:00:00+00:00, run_after=2023-08-14T00:00:00+00:00
[2023-08-13T16:09:07.755+0000] {processor.py:179} INFO - Processing /opt/airflow/dags/dag_postgresql.py took 0.082 seconds
[2023-08-13T17:04:27.330+0000] {processor.py:157} INFO - Started process (PID=89367) to work on /opt/airflow/dags/dag_postgresql.py
[2023-08-13T17:04:27.332+0000] {processor.py:826} INFO - Processing file /opt/airflow/dags/dag_postgresql.py for tasks to queue
[2023-08-13T17:04:27.334+0000] {logging_mixin.py:150} INFO - [2023-08-13T17:04:27.334+0000] {dagbag.py:541} INFO - Filling up the DagBag from /opt/airflow/dags/dag_postgresql.py
[2023-08-13T17:04:27.354+0000] {processor.py:836} INFO - DAG(s) dict_keys(['dag_w_postgres_v3']) retrieved from /opt/airflow/dags/dag_postgresql.py
[2023-08-13T17:04:27.415+0000] {logging_mixin.py:150} INFO - [2023-08-13T17:04:27.415+0000] {dag.py:2742} INFO - Sync 1 DAGs
[2023-08-13T17:04:27.463+0000] {logging_mixin.py:150} INFO - [2023-08-13T17:04:27.463+0000] {dag.py:3508} INFO - Setting next_dagrun for dag_w_postgres_v3 to 2023-08-13T00:00:00+00:00, run_after=2023-08-14T00:00:00+00:00
[2023-08-13T17:04:27.495+0000] {processor.py:179} INFO - Processing /opt/airflow/dags/dag_postgresql.py took 0.169 seconds
[2023-08-13T17:53:53.758+0000] {processor.py:157} INFO - Started process (PID=89394) to work on /opt/airflow/dags/dag_postgresql.py
[2023-08-13T17:53:53.759+0000] {processor.py:826} INFO - Processing file /opt/airflow/dags/dag_postgresql.py for tasks to queue
[2023-08-13T17:53:53.760+0000] {logging_mixin.py:150} INFO - [2023-08-13T17:53:53.760+0000] {dagbag.py:541} INFO - Filling up the DagBag from /opt/airflow/dags/dag_postgresql.py
[2023-08-13T17:53:53.777+0000] {processor.py:836} INFO - DAG(s) dict_keys(['dag_w_postgres_v3']) retrieved from /opt/airflow/dags/dag_postgresql.py
[2023-08-13T17:53:53.807+0000] {logging_mixin.py:150} INFO - [2023-08-13T17:53:53.807+0000] {dag.py:2742} INFO - Sync 1 DAGs
[2023-08-13T17:53:53.849+0000] {logging_mixin.py:150} INFO - [2023-08-13T17:53:53.849+0000] {dag.py:3508} INFO - Setting next_dagrun for dag_w_postgres_v3 to 2023-08-13T00:00:00+00:00, run_after=2023-08-14T00:00:00+00:00
[2023-08-13T17:53:53.882+0000] {processor.py:179} INFO - Processing /opt/airflow/dags/dag_postgresql.py took 0.127 seconds
[2023-08-13T18:59:20.762+0000] {processor.py:157} INFO - Started process (PID=89421) to work on /opt/airflow/dags/dag_postgresql.py
[2023-08-13T18:59:20.765+0000] {processor.py:826} INFO - Processing file /opt/airflow/dags/dag_postgresql.py for tasks to queue
[2023-08-13T18:59:20.768+0000] {logging_mixin.py:150} INFO - [2023-08-13T18:59:20.768+0000] {dagbag.py:541} INFO - Filling up the DagBag from /opt/airflow/dags/dag_postgresql.py
[2023-08-13T18:59:20.789+0000] {processor.py:836} INFO - DAG(s) dict_keys(['dag_w_postgres_v3']) retrieved from /opt/airflow/dags/dag_postgresql.py
[2023-08-13T18:59:20.859+0000] {logging_mixin.py:150} INFO - [2023-08-13T18:59:20.859+0000] {dag.py:2742} INFO - Sync 1 DAGs
[2023-08-13T18:59:20.886+0000] {logging_mixin.py:150} INFO - [2023-08-13T18:59:20.885+0000] {dag.py:3508} INFO - Setting next_dagrun for dag_w_postgres_v3 to 2023-08-13T00:00:00+00:00, run_after=2023-08-14T00:00:00+00:00
[2023-08-13T18:59:20.904+0000] {processor.py:179} INFO - Processing /opt/airflow/dags/dag_postgresql.py took 0.150 seconds
[2023-08-13T20:04:05.549+0000] {processor.py:157} INFO - Started process (PID=89448) to work on /opt/airflow/dags/dag_postgresql.py
[2023-08-13T20:04:05.552+0000] {processor.py:826} INFO - Processing file /opt/airflow/dags/dag_postgresql.py for tasks to queue
[2023-08-13T20:04:05.553+0000] {logging_mixin.py:150} INFO - [2023-08-13T20:04:05.552+0000] {dagbag.py:541} INFO - Filling up the DagBag from /opt/airflow/dags/dag_postgresql.py
[2023-08-13T20:04:05.569+0000] {processor.py:836} INFO - DAG(s) dict_keys(['dag_w_postgres_v3']) retrieved from /opt/airflow/dags/dag_postgresql.py
[2023-08-13T20:04:05.599+0000] {logging_mixin.py:150} INFO - [2023-08-13T20:04:05.599+0000] {dag.py:2742} INFO - Sync 1 DAGs
[2023-08-13T20:04:05.622+0000] {logging_mixin.py:150} INFO - [2023-08-13T20:04:05.622+0000] {dag.py:3508} INFO - Setting next_dagrun for dag_w_postgres_v3 to 2023-08-13T00:00:00+00:00, run_after=2023-08-14T00:00:00+00:00
[2023-08-13T20:04:05.636+0000] {processor.py:179} INFO - Processing /opt/airflow/dags/dag_postgresql.py took 0.091 seconds
[2023-08-13T21:27:49.631+0000] {processor.py:157} INFO - Started process (PID=89475) to work on /opt/airflow/dags/dag_postgresql.py
[2023-08-13T21:27:49.633+0000] {processor.py:826} INFO - Processing file /opt/airflow/dags/dag_postgresql.py for tasks to queue
[2023-08-13T21:27:49.635+0000] {logging_mixin.py:150} INFO - [2023-08-13T21:27:49.635+0000] {dagbag.py:541} INFO - Filling up the DagBag from /opt/airflow/dags/dag_postgresql.py
[2023-08-13T21:27:49.659+0000] {processor.py:836} INFO - DAG(s) dict_keys(['dag_w_postgres_v3']) retrieved from /opt/airflow/dags/dag_postgresql.py
[2023-08-13T21:27:49.724+0000] {logging_mixin.py:150} INFO - [2023-08-13T21:27:49.724+0000] {dag.py:2742} INFO - Sync 1 DAGs
[2023-08-13T21:27:49.760+0000] {logging_mixin.py:150} INFO - [2023-08-13T21:27:49.760+0000] {dag.py:3508} INFO - Setting next_dagrun for dag_w_postgres_v3 to 2023-08-13T00:00:00+00:00, run_after=2023-08-14T00:00:00+00:00
[2023-08-13T21:27:49.782+0000] {processor.py:179} INFO - Processing /opt/airflow/dags/dag_postgresql.py took 0.157 seconds
[2023-08-13T22:01:12.194+0000] {processor.py:157} INFO - Started process (PID=89504) to work on /opt/airflow/dags/dag_postgresql.py
[2023-08-13T22:01:12.195+0000] {processor.py:826} INFO - Processing file /opt/airflow/dags/dag_postgresql.py for tasks to queue
[2023-08-13T22:01:12.197+0000] {logging_mixin.py:150} INFO - [2023-08-13T22:01:12.197+0000] {dagbag.py:541} INFO - Filling up the DagBag from /opt/airflow/dags/dag_postgresql.py
[2023-08-13T22:01:12.223+0000] {processor.py:836} INFO - DAG(s) dict_keys(['dag_w_postgres_v3']) retrieved from /opt/airflow/dags/dag_postgresql.py
[2023-08-13T22:01:12.283+0000] {logging_mixin.py:150} INFO - [2023-08-13T22:01:12.282+0000] {dag.py:2742} INFO - Sync 1 DAGs
[2023-08-13T22:01:12.318+0000] {logging_mixin.py:150} INFO - [2023-08-13T22:01:12.317+0000] {dag.py:3508} INFO - Setting next_dagrun for dag_w_postgres_v3 to 2023-08-13T00:00:00+00:00, run_after=2023-08-14T00:00:00+00:00
[2023-08-13T22:01:12.340+0000] {processor.py:179} INFO - Processing /opt/airflow/dags/dag_postgresql.py took 0.151 seconds
[2023-08-13T22:57:26.968+0000] {processor.py:157} INFO - Started process (PID=89531) to work on /opt/airflow/dags/dag_postgresql.py
[2023-08-13T22:57:26.979+0000] {processor.py:826} INFO - Processing file /opt/airflow/dags/dag_postgresql.py for tasks to queue
[2023-08-13T22:57:26.982+0000] {logging_mixin.py:150} INFO - [2023-08-13T22:57:26.981+0000] {dagbag.py:541} INFO - Filling up the DagBag from /opt/airflow/dags/dag_postgresql.py
[2023-08-13T22:57:27.009+0000] {processor.py:836} INFO - DAG(s) dict_keys(['dag_w_postgres_v3']) retrieved from /opt/airflow/dags/dag_postgresql.py
[2023-08-13T22:57:27.048+0000] {logging_mixin.py:150} INFO - [2023-08-13T22:57:27.048+0000] {dag.py:2742} INFO - Sync 1 DAGs
[2023-08-13T22:57:27.102+0000] {logging_mixin.py:150} INFO - [2023-08-13T22:57:27.101+0000] {dag.py:3508} INFO - Setting next_dagrun for dag_w_postgres_v3 to 2023-08-13T00:00:00+00:00, run_after=2023-08-14T00:00:00+00:00
[2023-08-13T22:57:27.142+0000] {processor.py:179} INFO - Processing /opt/airflow/dags/dag_postgresql.py took 0.191 seconds
