[2023-08-13T00:03:10.238+0000] {processor.py:157} INFO - Started process (PID=87997) to work on /opt/airflow/dags/dag_catchup_backfill.py
[2023-08-13T00:03:10.245+0000] {processor.py:826} INFO - Processing file /opt/airflow/dags/dag_catchup_backfill.py for tasks to queue
[2023-08-13T00:03:10.253+0000] {logging_mixin.py:150} INFO - [2023-08-13T00:03:10.250+0000] {dagbag.py:541} INFO - Filling up the DagBag from /opt/airflow/dags/dag_catchup_backfill.py
[2023-08-13T00:03:10.286+0000] {processor.py:836} INFO - DAG(s) dict_keys(['catchup_backfill_dag_v3']) retrieved from /opt/airflow/dags/dag_catchup_backfill.py
[2023-08-13T00:03:10.349+0000] {logging_mixin.py:150} INFO - [2023-08-13T00:03:10.349+0000] {dag.py:2742} INFO - Sync 1 DAGs
[2023-08-13T00:03:10.397+0000] {logging_mixin.py:150} INFO - [2023-08-13T00:03:10.397+0000] {dag.py:3508} INFO - Setting next_dagrun for catchup_backfill_dag_v3 to 2023-08-12T00:00:00+00:00, run_after=2023-08-13T00:00:00+00:00
[2023-08-13T00:03:10.430+0000] {processor.py:179} INFO - Processing /opt/airflow/dags/dag_catchup_backfill.py took 0.195 seconds
[2023-08-13T00:03:41.063+0000] {processor.py:157} INFO - Started process (PID=88030) to work on /opt/airflow/dags/dag_catchup_backfill.py
[2023-08-13T00:03:41.065+0000] {processor.py:826} INFO - Processing file /opt/airflow/dags/dag_catchup_backfill.py for tasks to queue
[2023-08-13T00:03:41.066+0000] {logging_mixin.py:150} INFO - [2023-08-13T00:03:41.066+0000] {dagbag.py:541} INFO - Filling up the DagBag from /opt/airflow/dags/dag_catchup_backfill.py
[2023-08-13T00:03:41.082+0000] {processor.py:836} INFO - DAG(s) dict_keys(['catchup_backfill_dag_v3']) retrieved from /opt/airflow/dags/dag_catchup_backfill.py
[2023-08-13T00:03:41.110+0000] {logging_mixin.py:150} INFO - [2023-08-13T00:03:41.110+0000] {dag.py:2742} INFO - Sync 1 DAGs
[2023-08-13T00:03:41.130+0000] {logging_mixin.py:150} INFO - [2023-08-13T00:03:41.130+0000] {dag.py:3508} INFO - Setting next_dagrun for catchup_backfill_dag_v3 to 2023-08-12T00:00:00+00:00, run_after=2023-08-13T00:00:00+00:00
[2023-08-13T00:03:41.142+0000] {processor.py:179} INFO - Processing /opt/airflow/dags/dag_catchup_backfill.py took 0.082 seconds
[2023-08-13T00:04:11.688+0000] {processor.py:157} INFO - Started process (PID=88057) to work on /opt/airflow/dags/dag_catchup_backfill.py
[2023-08-13T00:04:11.689+0000] {processor.py:826} INFO - Processing file /opt/airflow/dags/dag_catchup_backfill.py for tasks to queue
[2023-08-13T00:04:11.691+0000] {logging_mixin.py:150} INFO - [2023-08-13T00:04:11.690+0000] {dagbag.py:541} INFO - Filling up the DagBag from /opt/airflow/dags/dag_catchup_backfill.py
[2023-08-13T00:04:11.702+0000] {processor.py:836} INFO - DAG(s) dict_keys(['catchup_backfill_dag_v3']) retrieved from /opt/airflow/dags/dag_catchup_backfill.py
[2023-08-13T00:04:11.725+0000] {logging_mixin.py:150} INFO - [2023-08-13T00:04:11.725+0000] {dag.py:2742} INFO - Sync 1 DAGs
[2023-08-13T00:04:11.742+0000] {logging_mixin.py:150} INFO - [2023-08-13T00:04:11.742+0000] {dag.py:3508} INFO - Setting next_dagrun for catchup_backfill_dag_v3 to 2023-08-12T00:00:00+00:00, run_after=2023-08-13T00:00:00+00:00
[2023-08-13T00:04:11.753+0000] {processor.py:179} INFO - Processing /opt/airflow/dags/dag_catchup_backfill.py took 0.069 seconds
[2023-08-13T00:21:17.125+0000] {processor.py:157} INFO - Started process (PID=88082) to work on /opt/airflow/dags/dag_catchup_backfill.py
[2023-08-13T00:21:17.129+0000] {processor.py:826} INFO - Processing file /opt/airflow/dags/dag_catchup_backfill.py for tasks to queue
[2023-08-13T00:21:17.133+0000] {logging_mixin.py:150} INFO - [2023-08-13T00:21:17.132+0000] {dagbag.py:541} INFO - Filling up the DagBag from /opt/airflow/dags/dag_catchup_backfill.py
[2023-08-13T00:21:17.156+0000] {processor.py:836} INFO - DAG(s) dict_keys(['catchup_backfill_dag_v3']) retrieved from /opt/airflow/dags/dag_catchup_backfill.py
[2023-08-13T00:21:17.184+0000] {logging_mixin.py:150} INFO - [2023-08-13T00:21:17.184+0000] {dag.py:2742} INFO - Sync 1 DAGs
[2023-08-13T00:21:17.213+0000] {logging_mixin.py:150} INFO - [2023-08-13T00:21:17.213+0000] {dag.py:3508} INFO - Setting next_dagrun for catchup_backfill_dag_v3 to 2023-08-12T00:00:00+00:00, run_after=2023-08-13T00:00:00+00:00
[2023-08-13T00:21:17.230+0000] {processor.py:179} INFO - Processing /opt/airflow/dags/dag_catchup_backfill.py took 0.109 seconds
[2023-08-13T00:39:21.875+0000] {processor.py:157} INFO - Started process (PID=88111) to work on /opt/airflow/dags/dag_catchup_backfill.py
[2023-08-13T00:39:21.879+0000] {processor.py:826} INFO - Processing file /opt/airflow/dags/dag_catchup_backfill.py for tasks to queue
[2023-08-13T00:39:21.880+0000] {logging_mixin.py:150} INFO - [2023-08-13T00:39:21.880+0000] {dagbag.py:541} INFO - Filling up the DagBag from /opt/airflow/dags/dag_catchup_backfill.py
[2023-08-13T00:39:21.903+0000] {processor.py:836} INFO - DAG(s) dict_keys(['catchup_backfill_dag_v3']) retrieved from /opt/airflow/dags/dag_catchup_backfill.py
[2023-08-13T00:39:21.942+0000] {logging_mixin.py:150} INFO - [2023-08-13T00:39:21.942+0000] {dag.py:2742} INFO - Sync 1 DAGs
[2023-08-13T00:39:21.968+0000] {logging_mixin.py:150} INFO - [2023-08-13T00:39:21.968+0000] {dag.py:3508} INFO - Setting next_dagrun for catchup_backfill_dag_v3 to 2023-08-12T00:00:00+00:00, run_after=2023-08-13T00:00:00+00:00
[2023-08-13T00:39:21.983+0000] {processor.py:179} INFO - Processing /opt/airflow/dags/dag_catchup_backfill.py took 0.115 seconds
[2023-08-13T00:39:52.641+0000] {processor.py:157} INFO - Started process (PID=88138) to work on /opt/airflow/dags/dag_catchup_backfill.py
[2023-08-13T00:39:52.643+0000] {processor.py:826} INFO - Processing file /opt/airflow/dags/dag_catchup_backfill.py for tasks to queue
[2023-08-13T00:39:52.644+0000] {logging_mixin.py:150} INFO - [2023-08-13T00:39:52.644+0000] {dagbag.py:541} INFO - Filling up the DagBag from /opt/airflow/dags/dag_catchup_backfill.py
[2023-08-13T00:39:52.655+0000] {processor.py:836} INFO - DAG(s) dict_keys(['catchup_backfill_dag_v3']) retrieved from /opt/airflow/dags/dag_catchup_backfill.py
[2023-08-13T00:39:52.679+0000] {logging_mixin.py:150} INFO - [2023-08-13T00:39:52.679+0000] {dag.py:2742} INFO - Sync 1 DAGs
[2023-08-13T00:39:52.697+0000] {logging_mixin.py:150} INFO - [2023-08-13T00:39:52.697+0000] {dag.py:3508} INFO - Setting next_dagrun for catchup_backfill_dag_v3 to 2023-08-12T00:00:00+00:00, run_after=2023-08-13T00:00:00+00:00
[2023-08-13T00:39:52.709+0000] {processor.py:179} INFO - Processing /opt/airflow/dags/dag_catchup_backfill.py took 0.072 seconds
[2023-08-13T00:57:25.300+0000] {processor.py:157} INFO - Started process (PID=88165) to work on /opt/airflow/dags/dag_catchup_backfill.py
[2023-08-13T00:57:25.306+0000] {processor.py:826} INFO - Processing file /opt/airflow/dags/dag_catchup_backfill.py for tasks to queue
[2023-08-13T00:57:25.317+0000] {logging_mixin.py:150} INFO - [2023-08-13T00:57:25.316+0000] {dagbag.py:541} INFO - Filling up the DagBag from /opt/airflow/dags/dag_catchup_backfill.py
[2023-08-13T00:57:25.349+0000] {processor.py:836} INFO - DAG(s) dict_keys(['catchup_backfill_dag_v3']) retrieved from /opt/airflow/dags/dag_catchup_backfill.py
[2023-08-13T00:57:25.389+0000] {logging_mixin.py:150} INFO - [2023-08-13T00:57:25.389+0000] {dag.py:2742} INFO - Sync 1 DAGs
[2023-08-13T00:57:25.415+0000] {logging_mixin.py:150} INFO - [2023-08-13T00:57:25.415+0000] {dag.py:3508} INFO - Setting next_dagrun for catchup_backfill_dag_v3 to 2023-08-12T00:00:00+00:00, run_after=2023-08-13T00:00:00+00:00
[2023-08-13T00:57:25.427+0000] {processor.py:179} INFO - Processing /opt/airflow/dags/dag_catchup_backfill.py took 0.132 seconds
[2023-08-13T01:13:51.942+0000] {processor.py:157} INFO - Started process (PID=88194) to work on /opt/airflow/dags/dag_catchup_backfill.py
[2023-08-13T01:13:51.943+0000] {processor.py:826} INFO - Processing file /opt/airflow/dags/dag_catchup_backfill.py for tasks to queue
[2023-08-13T01:13:51.945+0000] {logging_mixin.py:150} INFO - [2023-08-13T01:13:51.944+0000] {dagbag.py:541} INFO - Filling up the DagBag from /opt/airflow/dags/dag_catchup_backfill.py
[2023-08-13T01:13:51.963+0000] {processor.py:836} INFO - DAG(s) dict_keys(['catchup_backfill_dag_v3']) retrieved from /opt/airflow/dags/dag_catchup_backfill.py
[2023-08-13T01:13:52.017+0000] {logging_mixin.py:150} INFO - [2023-08-13T01:13:52.017+0000] {dag.py:2742} INFO - Sync 1 DAGs
[2023-08-13T01:13:52.053+0000] {logging_mixin.py:150} INFO - [2023-08-13T01:13:52.053+0000] {dag.py:3508} INFO - Setting next_dagrun for catchup_backfill_dag_v3 to 2023-08-12T00:00:00+00:00, run_after=2023-08-13T00:00:00+00:00
[2023-08-13T01:13:52.078+0000] {processor.py:179} INFO - Processing /opt/airflow/dags/dag_catchup_backfill.py took 0.139 seconds
[2023-08-13T01:14:22.710+0000] {processor.py:157} INFO - Started process (PID=88221) to work on /opt/airflow/dags/dag_catchup_backfill.py
[2023-08-13T01:14:22.711+0000] {processor.py:826} INFO - Processing file /opt/airflow/dags/dag_catchup_backfill.py for tasks to queue
[2023-08-13T01:14:22.712+0000] {logging_mixin.py:150} INFO - [2023-08-13T01:14:22.712+0000] {dagbag.py:541} INFO - Filling up the DagBag from /opt/airflow/dags/dag_catchup_backfill.py
[2023-08-13T01:14:22.724+0000] {processor.py:836} INFO - DAG(s) dict_keys(['catchup_backfill_dag_v3']) retrieved from /opt/airflow/dags/dag_catchup_backfill.py
[2023-08-13T01:14:22.746+0000] {logging_mixin.py:150} INFO - [2023-08-13T01:14:22.746+0000] {dag.py:2742} INFO - Sync 1 DAGs
[2023-08-13T01:14:22.763+0000] {logging_mixin.py:150} INFO - [2023-08-13T01:14:22.763+0000] {dag.py:3508} INFO - Setting next_dagrun for catchup_backfill_dag_v3 to 2023-08-12T00:00:00+00:00, run_after=2023-08-13T00:00:00+00:00
[2023-08-13T01:14:22.774+0000] {processor.py:179} INFO - Processing /opt/airflow/dags/dag_catchup_backfill.py took 0.067 seconds
[2023-08-13T01:30:07.915+0000] {processor.py:157} INFO - Started process (PID=88246) to work on /opt/airflow/dags/dag_catchup_backfill.py
[2023-08-13T01:30:07.918+0000] {processor.py:826} INFO - Processing file /opt/airflow/dags/dag_catchup_backfill.py for tasks to queue
[2023-08-13T01:30:07.923+0000] {logging_mixin.py:150} INFO - [2023-08-13T01:30:07.920+0000] {dagbag.py:541} INFO - Filling up the DagBag from /opt/airflow/dags/dag_catchup_backfill.py
[2023-08-13T01:30:07.943+0000] {processor.py:836} INFO - DAG(s) dict_keys(['catchup_backfill_dag_v3']) retrieved from /opt/airflow/dags/dag_catchup_backfill.py
[2023-08-13T01:30:07.980+0000] {logging_mixin.py:150} INFO - [2023-08-13T01:30:07.979+0000] {dag.py:2742} INFO - Sync 1 DAGs
[2023-08-13T01:30:07.999+0000] {logging_mixin.py:150} INFO - [2023-08-13T01:30:07.999+0000] {dag.py:3508} INFO - Setting next_dagrun for catchup_backfill_dag_v3 to 2023-08-12T00:00:00+00:00, run_after=2023-08-13T00:00:00+00:00
[2023-08-13T01:30:08.033+0000] {processor.py:179} INFO - Processing /opt/airflow/dags/dag_catchup_backfill.py took 0.135 seconds
[2023-08-13T01:30:38.727+0000] {processor.py:157} INFO - Started process (PID=88275) to work on /opt/airflow/dags/dag_catchup_backfill.py
[2023-08-13T01:30:38.728+0000] {processor.py:826} INFO - Processing file /opt/airflow/dags/dag_catchup_backfill.py for tasks to queue
[2023-08-13T01:30:38.729+0000] {logging_mixin.py:150} INFO - [2023-08-13T01:30:38.729+0000] {dagbag.py:541} INFO - Filling up the DagBag from /opt/airflow/dags/dag_catchup_backfill.py
[2023-08-13T01:30:38.742+0000] {processor.py:836} INFO - DAG(s) dict_keys(['catchup_backfill_dag_v3']) retrieved from /opt/airflow/dags/dag_catchup_backfill.py
[2023-08-13T01:30:38.766+0000] {logging_mixin.py:150} INFO - [2023-08-13T01:30:38.766+0000] {dag.py:2742} INFO - Sync 1 DAGs
[2023-08-13T01:30:38.784+0000] {logging_mixin.py:150} INFO - [2023-08-13T01:30:38.784+0000] {dag.py:3508} INFO - Setting next_dagrun for catchup_backfill_dag_v3 to 2023-08-12T00:00:00+00:00, run_after=2023-08-13T00:00:00+00:00
[2023-08-13T01:30:38.795+0000] {processor.py:179} INFO - Processing /opt/airflow/dags/dag_catchup_backfill.py took 0.072 seconds
[2023-08-13T01:49:00.511+0000] {processor.py:157} INFO - Started process (PID=88302) to work on /opt/airflow/dags/dag_catchup_backfill.py
[2023-08-13T01:49:00.512+0000] {processor.py:826} INFO - Processing file /opt/airflow/dags/dag_catchup_backfill.py for tasks to queue
[2023-08-13T01:49:00.513+0000] {logging_mixin.py:150} INFO - [2023-08-13T01:49:00.513+0000] {dagbag.py:541} INFO - Filling up the DagBag from /opt/airflow/dags/dag_catchup_backfill.py
[2023-08-13T01:49:00.527+0000] {processor.py:836} INFO - DAG(s) dict_keys(['catchup_backfill_dag_v3']) retrieved from /opt/airflow/dags/dag_catchup_backfill.py
[2023-08-13T01:49:00.557+0000] {logging_mixin.py:150} INFO - [2023-08-13T01:49:00.557+0000] {dag.py:2742} INFO - Sync 1 DAGs
[2023-08-13T01:49:00.578+0000] {logging_mixin.py:150} INFO - [2023-08-13T01:49:00.578+0000] {dag.py:3508} INFO - Setting next_dagrun for catchup_backfill_dag_v3 to 2023-08-12T00:00:00+00:00, run_after=2023-08-13T00:00:00+00:00
[2023-08-13T01:49:00.591+0000] {processor.py:179} INFO - Processing /opt/airflow/dags/dag_catchup_backfill.py took 0.083 seconds
[2023-08-13T01:49:31.135+0000] {processor.py:157} INFO - Started process (PID=88329) to work on /opt/airflow/dags/dag_catchup_backfill.py
[2023-08-13T01:49:31.136+0000] {processor.py:826} INFO - Processing file /opt/airflow/dags/dag_catchup_backfill.py for tasks to queue
[2023-08-13T01:49:31.138+0000] {logging_mixin.py:150} INFO - [2023-08-13T01:49:31.137+0000] {dagbag.py:541} INFO - Filling up the DagBag from /opt/airflow/dags/dag_catchup_backfill.py
[2023-08-13T01:49:31.150+0000] {processor.py:836} INFO - DAG(s) dict_keys(['catchup_backfill_dag_v3']) retrieved from /opt/airflow/dags/dag_catchup_backfill.py
[2023-08-13T01:49:31.174+0000] {logging_mixin.py:150} INFO - [2023-08-13T01:49:31.174+0000] {dag.py:2742} INFO - Sync 1 DAGs
[2023-08-13T01:49:31.192+0000] {logging_mixin.py:150} INFO - [2023-08-13T01:49:31.192+0000] {dag.py:3508} INFO - Setting next_dagrun for catchup_backfill_dag_v3 to 2023-08-12T00:00:00+00:00, run_after=2023-08-13T00:00:00+00:00
[2023-08-13T01:49:31.204+0000] {processor.py:179} INFO - Processing /opt/airflow/dags/dag_catchup_backfill.py took 0.072 seconds
[2023-08-13T02:06:19.150+0000] {processor.py:157} INFO - Started process (PID=88356) to work on /opt/airflow/dags/dag_catchup_backfill.py
[2023-08-13T02:06:19.153+0000] {processor.py:826} INFO - Processing file /opt/airflow/dags/dag_catchup_backfill.py for tasks to queue
[2023-08-13T02:06:19.154+0000] {logging_mixin.py:150} INFO - [2023-08-13T02:06:19.154+0000] {dagbag.py:541} INFO - Filling up the DagBag from /opt/airflow/dags/dag_catchup_backfill.py
[2023-08-13T02:06:19.170+0000] {processor.py:836} INFO - DAG(s) dict_keys(['catchup_backfill_dag_v3']) retrieved from /opt/airflow/dags/dag_catchup_backfill.py
[2023-08-13T02:06:19.200+0000] {logging_mixin.py:150} INFO - [2023-08-13T02:06:19.200+0000] {dag.py:2742} INFO - Sync 1 DAGs
[2023-08-13T02:06:19.222+0000] {logging_mixin.py:150} INFO - [2023-08-13T02:06:19.222+0000] {dag.py:3508} INFO - Setting next_dagrun for catchup_backfill_dag_v3 to 2023-08-12T00:00:00+00:00, run_after=2023-08-13T00:00:00+00:00
[2023-08-13T02:06:19.252+0000] {processor.py:179} INFO - Processing /opt/airflow/dags/dag_catchup_backfill.py took 0.105 seconds
[2023-08-13T02:22:11.842+0000] {processor.py:157} INFO - Started process (PID=88385) to work on /opt/airflow/dags/dag_catchup_backfill.py
[2023-08-13T02:22:11.843+0000] {processor.py:826} INFO - Processing file /opt/airflow/dags/dag_catchup_backfill.py for tasks to queue
[2023-08-13T02:22:11.844+0000] {logging_mixin.py:150} INFO - [2023-08-13T02:22:11.844+0000] {dagbag.py:541} INFO - Filling up the DagBag from /opt/airflow/dags/dag_catchup_backfill.py
[2023-08-13T02:22:11.855+0000] {processor.py:836} INFO - DAG(s) dict_keys(['catchup_backfill_dag_v3']) retrieved from /opt/airflow/dags/dag_catchup_backfill.py
[2023-08-13T02:22:11.879+0000] {logging_mixin.py:150} INFO - [2023-08-13T02:22:11.879+0000] {dag.py:2742} INFO - Sync 1 DAGs
[2023-08-13T02:22:11.909+0000] {logging_mixin.py:150} INFO - [2023-08-13T02:22:11.908+0000] {dag.py:3508} INFO - Setting next_dagrun for catchup_backfill_dag_v3 to 2023-08-12T00:00:00+00:00, run_after=2023-08-13T00:00:00+00:00
[2023-08-13T02:22:11.925+0000] {processor.py:179} INFO - Processing /opt/airflow/dags/dag_catchup_backfill.py took 0.086 seconds
[2023-08-13T02:22:42.621+0000] {processor.py:157} INFO - Started process (PID=88412) to work on /opt/airflow/dags/dag_catchup_backfill.py
[2023-08-13T02:22:42.623+0000] {processor.py:826} INFO - Processing file /opt/airflow/dags/dag_catchup_backfill.py for tasks to queue
[2023-08-13T02:22:42.626+0000] {logging_mixin.py:150} INFO - [2023-08-13T02:22:42.625+0000] {dagbag.py:541} INFO - Filling up the DagBag from /opt/airflow/dags/dag_catchup_backfill.py
[2023-08-13T02:22:42.639+0000] {processor.py:836} INFO - DAG(s) dict_keys(['catchup_backfill_dag_v3']) retrieved from /opt/airflow/dags/dag_catchup_backfill.py
[2023-08-13T02:22:42.664+0000] {logging_mixin.py:150} INFO - [2023-08-13T02:22:42.664+0000] {dag.py:2742} INFO - Sync 1 DAGs
[2023-08-13T02:22:42.681+0000] {logging_mixin.py:150} INFO - [2023-08-13T02:22:42.681+0000] {dag.py:3508} INFO - Setting next_dagrun for catchup_backfill_dag_v3 to 2023-08-12T00:00:00+00:00, run_after=2023-08-13T00:00:00+00:00
[2023-08-13T02:22:42.693+0000] {processor.py:179} INFO - Processing /opt/airflow/dags/dag_catchup_backfill.py took 0.077 seconds
[2023-08-13T02:24:22.849+0000] {processor.py:157} INFO - Started process (PID=88439) to work on /opt/airflow/dags/dag_catchup_backfill.py
[2023-08-13T02:24:22.851+0000] {processor.py:826} INFO - Processing file /opt/airflow/dags/dag_catchup_backfill.py for tasks to queue
[2023-08-13T02:24:22.852+0000] {logging_mixin.py:150} INFO - [2023-08-13T02:24:22.852+0000] {dagbag.py:541} INFO - Filling up the DagBag from /opt/airflow/dags/dag_catchup_backfill.py
[2023-08-13T02:24:22.865+0000] {processor.py:836} INFO - DAG(s) dict_keys(['catchup_backfill_dag_v3']) retrieved from /opt/airflow/dags/dag_catchup_backfill.py
[2023-08-13T02:24:22.889+0000] {logging_mixin.py:150} INFO - [2023-08-13T02:24:22.889+0000] {dag.py:2742} INFO - Sync 1 DAGs
[2023-08-13T02:24:22.907+0000] {logging_mixin.py:150} INFO - [2023-08-13T02:24:22.907+0000] {dag.py:3508} INFO - Setting next_dagrun for catchup_backfill_dag_v3 to 2023-08-12T00:00:00+00:00, run_after=2023-08-13T00:00:00+00:00
[2023-08-13T02:24:22.918+0000] {processor.py:179} INFO - Processing /opt/airflow/dags/dag_catchup_backfill.py took 0.073 seconds
[2023-08-13T02:41:15.842+0000] {processor.py:157} INFO - Started process (PID=88466) to work on /opt/airflow/dags/dag_catchup_backfill.py
[2023-08-13T02:41:15.844+0000] {processor.py:826} INFO - Processing file /opt/airflow/dags/dag_catchup_backfill.py for tasks to queue
[2023-08-13T02:41:15.850+0000] {logging_mixin.py:150} INFO - [2023-08-13T02:41:15.850+0000] {dagbag.py:541} INFO - Filling up the DagBag from /opt/airflow/dags/dag_catchup_backfill.py
[2023-08-13T02:41:15.878+0000] {processor.py:836} INFO - DAG(s) dict_keys(['catchup_backfill_dag_v3']) retrieved from /opt/airflow/dags/dag_catchup_backfill.py
[2023-08-13T02:41:15.931+0000] {logging_mixin.py:150} INFO - [2023-08-13T02:41:15.931+0000] {dag.py:2742} INFO - Sync 1 DAGs
[2023-08-13T02:41:15.966+0000] {logging_mixin.py:150} INFO - [2023-08-13T02:41:15.966+0000] {dag.py:3508} INFO - Setting next_dagrun for catchup_backfill_dag_v3 to 2023-08-12T00:00:00+00:00, run_after=2023-08-13T00:00:00+00:00
[2023-08-13T02:41:15.983+0000] {processor.py:179} INFO - Processing /opt/airflow/dags/dag_catchup_backfill.py took 0.145 seconds
[2023-08-13T02:41:46.738+0000] {processor.py:157} INFO - Started process (PID=88493) to work on /opt/airflow/dags/dag_catchup_backfill.py
[2023-08-13T02:41:46.740+0000] {processor.py:826} INFO - Processing file /opt/airflow/dags/dag_catchup_backfill.py for tasks to queue
[2023-08-13T02:41:46.741+0000] {logging_mixin.py:150} INFO - [2023-08-13T02:41:46.741+0000] {dagbag.py:541} INFO - Filling up the DagBag from /opt/airflow/dags/dag_catchup_backfill.py
[2023-08-13T02:41:46.758+0000] {processor.py:836} INFO - DAG(s) dict_keys(['catchup_backfill_dag_v3']) retrieved from /opt/airflow/dags/dag_catchup_backfill.py
[2023-08-13T02:41:46.788+0000] {logging_mixin.py:150} INFO - [2023-08-13T02:41:46.788+0000] {dag.py:2742} INFO - Sync 1 DAGs
[2023-08-13T02:41:46.809+0000] {logging_mixin.py:150} INFO - [2023-08-13T02:41:46.809+0000] {dag.py:3508} INFO - Setting next_dagrun for catchup_backfill_dag_v3 to 2023-08-12T00:00:00+00:00, run_after=2023-08-13T00:00:00+00:00
[2023-08-13T02:41:46.822+0000] {processor.py:179} INFO - Processing /opt/airflow/dags/dag_catchup_backfill.py took 0.088 seconds
[2023-08-13T02:57:56.480+0000] {processor.py:157} INFO - Started process (PID=88521) to work on /opt/airflow/dags/dag_catchup_backfill.py
[2023-08-13T02:57:56.481+0000] {processor.py:826} INFO - Processing file /opt/airflow/dags/dag_catchup_backfill.py for tasks to queue
[2023-08-13T02:57:56.482+0000] {logging_mixin.py:150} INFO - [2023-08-13T02:57:56.481+0000] {dagbag.py:541} INFO - Filling up the DagBag from /opt/airflow/dags/dag_catchup_backfill.py
[2023-08-13T02:57:56.493+0000] {processor.py:836} INFO - DAG(s) dict_keys(['catchup_backfill_dag_v3']) retrieved from /opt/airflow/dags/dag_catchup_backfill.py
[2023-08-13T02:57:56.535+0000] {logging_mixin.py:150} INFO - [2023-08-13T02:57:56.535+0000] {dag.py:2742} INFO - Sync 1 DAGs
[2023-08-13T02:57:56.564+0000] {logging_mixin.py:150} INFO - [2023-08-13T02:57:56.564+0000] {dag.py:3508} INFO - Setting next_dagrun for catchup_backfill_dag_v3 to 2023-08-12T00:00:00+00:00, run_after=2023-08-13T00:00:00+00:00
[2023-08-13T02:57:56.588+0000] {processor.py:179} INFO - Processing /opt/airflow/dags/dag_catchup_backfill.py took 0.112 seconds
[2023-08-13T03:14:36.834+0000] {processor.py:157} INFO - Started process (PID=88549) to work on /opt/airflow/dags/dag_catchup_backfill.py
[2023-08-13T03:14:36.835+0000] {processor.py:826} INFO - Processing file /opt/airflow/dags/dag_catchup_backfill.py for tasks to queue
[2023-08-13T03:14:36.837+0000] {logging_mixin.py:150} INFO - [2023-08-13T03:14:36.836+0000] {dagbag.py:541} INFO - Filling up the DagBag from /opt/airflow/dags/dag_catchup_backfill.py
[2023-08-13T03:14:36.851+0000] {processor.py:836} INFO - DAG(s) dict_keys(['catchup_backfill_dag_v3']) retrieved from /opt/airflow/dags/dag_catchup_backfill.py
[2023-08-13T03:14:36.894+0000] {logging_mixin.py:150} INFO - [2023-08-13T03:14:36.894+0000] {dag.py:2742} INFO - Sync 1 DAGs
[2023-08-13T03:14:36.950+0000] {logging_mixin.py:150} INFO - [2023-08-13T03:14:36.950+0000] {dag.py:3508} INFO - Setting next_dagrun for catchup_backfill_dag_v3 to 2023-08-12T00:00:00+00:00, run_after=2023-08-13T00:00:00+00:00
[2023-08-13T03:14:36.970+0000] {processor.py:179} INFO - Processing /opt/airflow/dags/dag_catchup_backfill.py took 0.140 seconds
[2023-08-13T03:15:07.602+0000] {processor.py:157} INFO - Started process (PID=88576) to work on /opt/airflow/dags/dag_catchup_backfill.py
[2023-08-13T03:15:07.603+0000] {processor.py:826} INFO - Processing file /opt/airflow/dags/dag_catchup_backfill.py for tasks to queue
[2023-08-13T03:15:07.605+0000] {logging_mixin.py:150} INFO - [2023-08-13T03:15:07.604+0000] {dagbag.py:541} INFO - Filling up the DagBag from /opt/airflow/dags/dag_catchup_backfill.py
[2023-08-13T03:15:07.616+0000] {processor.py:836} INFO - DAG(s) dict_keys(['catchup_backfill_dag_v3']) retrieved from /opt/airflow/dags/dag_catchup_backfill.py
[2023-08-13T03:15:07.640+0000] {logging_mixin.py:150} INFO - [2023-08-13T03:15:07.639+0000] {dag.py:2742} INFO - Sync 1 DAGs
[2023-08-13T03:15:07.657+0000] {logging_mixin.py:150} INFO - [2023-08-13T03:15:07.657+0000] {dag.py:3508} INFO - Setting next_dagrun for catchup_backfill_dag_v3 to 2023-08-12T00:00:00+00:00, run_after=2023-08-13T00:00:00+00:00
[2023-08-13T03:15:07.668+0000] {processor.py:179} INFO - Processing /opt/airflow/dags/dag_catchup_backfill.py took 0.069 seconds
[2023-08-13T03:32:05.956+0000] {processor.py:157} INFO - Started process (PID=88603) to work on /opt/airflow/dags/dag_catchup_backfill.py
[2023-08-13T03:32:05.957+0000] {processor.py:826} INFO - Processing file /opt/airflow/dags/dag_catchup_backfill.py for tasks to queue
[2023-08-13T03:32:05.958+0000] {logging_mixin.py:150} INFO - [2023-08-13T03:32:05.958+0000] {dagbag.py:541} INFO - Filling up the DagBag from /opt/airflow/dags/dag_catchup_backfill.py
[2023-08-13T03:32:05.968+0000] {processor.py:836} INFO - DAG(s) dict_keys(['catchup_backfill_dag_v3']) retrieved from /opt/airflow/dags/dag_catchup_backfill.py
[2023-08-13T03:32:05.990+0000] {logging_mixin.py:150} INFO - [2023-08-13T03:32:05.990+0000] {dag.py:2742} INFO - Sync 1 DAGs
[2023-08-13T03:32:06.008+0000] {logging_mixin.py:150} INFO - [2023-08-13T03:32:06.008+0000] {dag.py:3508} INFO - Setting next_dagrun for catchup_backfill_dag_v3 to 2023-08-12T00:00:00+00:00, run_after=2023-08-13T00:00:00+00:00
[2023-08-13T03:32:06.025+0000] {processor.py:179} INFO - Processing /opt/airflow/dags/dag_catchup_backfill.py took 0.071 seconds
[2023-08-13T03:32:36.634+0000] {processor.py:157} INFO - Started process (PID=88630) to work on /opt/airflow/dags/dag_catchup_backfill.py
[2023-08-13T03:32:36.636+0000] {processor.py:826} INFO - Processing file /opt/airflow/dags/dag_catchup_backfill.py for tasks to queue
[2023-08-13T03:32:36.637+0000] {logging_mixin.py:150} INFO - [2023-08-13T03:32:36.637+0000] {dagbag.py:541} INFO - Filling up the DagBag from /opt/airflow/dags/dag_catchup_backfill.py
[2023-08-13T03:32:36.649+0000] {processor.py:836} INFO - DAG(s) dict_keys(['catchup_backfill_dag_v3']) retrieved from /opt/airflow/dags/dag_catchup_backfill.py
[2023-08-13T03:32:36.673+0000] {logging_mixin.py:150} INFO - [2023-08-13T03:32:36.673+0000] {dag.py:2742} INFO - Sync 1 DAGs
[2023-08-13T03:32:36.690+0000] {logging_mixin.py:150} INFO - [2023-08-13T03:32:36.690+0000] {dag.py:3508} INFO - Setting next_dagrun for catchup_backfill_dag_v3 to 2023-08-12T00:00:00+00:00, run_after=2023-08-13T00:00:00+00:00
[2023-08-13T03:32:36.701+0000] {processor.py:179} INFO - Processing /opt/airflow/dags/dag_catchup_backfill.py took 0.071 seconds
[2023-08-13T03:49:19.375+0000] {processor.py:157} INFO - Started process (PID=88656) to work on /opt/airflow/dags/dag_catchup_backfill.py
[2023-08-13T03:49:19.376+0000] {processor.py:826} INFO - Processing file /opt/airflow/dags/dag_catchup_backfill.py for tasks to queue
[2023-08-13T03:49:19.378+0000] {logging_mixin.py:150} INFO - [2023-08-13T03:49:19.377+0000] {dagbag.py:541} INFO - Filling up the DagBag from /opt/airflow/dags/dag_catchup_backfill.py
[2023-08-13T03:49:19.387+0000] {processor.py:836} INFO - DAG(s) dict_keys(['catchup_backfill_dag_v3']) retrieved from /opt/airflow/dags/dag_catchup_backfill.py
[2023-08-13T03:49:19.409+0000] {logging_mixin.py:150} INFO - [2023-08-13T03:49:19.409+0000] {dag.py:2742} INFO - Sync 1 DAGs
[2023-08-13T03:49:19.426+0000] {logging_mixin.py:150} INFO - [2023-08-13T03:49:19.426+0000] {dag.py:3508} INFO - Setting next_dagrun for catchup_backfill_dag_v3 to 2023-08-12T00:00:00+00:00, run_after=2023-08-13T00:00:00+00:00
[2023-08-13T03:49:19.437+0000] {processor.py:179} INFO - Processing /opt/airflow/dags/dag_catchup_backfill.py took 0.065 seconds
[2023-08-13T03:49:50.025+0000] {processor.py:157} INFO - Started process (PID=88683) to work on /opt/airflow/dags/dag_catchup_backfill.py
[2023-08-13T03:49:50.027+0000] {processor.py:826} INFO - Processing file /opt/airflow/dags/dag_catchup_backfill.py for tasks to queue
[2023-08-13T03:49:50.028+0000] {logging_mixin.py:150} INFO - [2023-08-13T03:49:50.028+0000] {dagbag.py:541} INFO - Filling up the DagBag from /opt/airflow/dags/dag_catchup_backfill.py
[2023-08-13T03:49:50.040+0000] {processor.py:836} INFO - DAG(s) dict_keys(['catchup_backfill_dag_v3']) retrieved from /opt/airflow/dags/dag_catchup_backfill.py
[2023-08-13T03:49:50.063+0000] {logging_mixin.py:150} INFO - [2023-08-13T03:49:50.063+0000] {dag.py:2742} INFO - Sync 1 DAGs
[2023-08-13T03:49:50.080+0000] {logging_mixin.py:150} INFO - [2023-08-13T03:49:50.080+0000] {dag.py:3508} INFO - Setting next_dagrun for catchup_backfill_dag_v3 to 2023-08-12T00:00:00+00:00, run_after=2023-08-13T00:00:00+00:00
[2023-08-13T03:49:50.090+0000] {processor.py:179} INFO - Processing /opt/airflow/dags/dag_catchup_backfill.py took 0.069 seconds
[2023-08-13T04:07:58.060+0000] {processor.py:157} INFO - Started process (PID=88711) to work on /opt/airflow/dags/dag_catchup_backfill.py
[2023-08-13T04:07:58.061+0000] {processor.py:826} INFO - Processing file /opt/airflow/dags/dag_catchup_backfill.py for tasks to queue
[2023-08-13T04:07:58.063+0000] {logging_mixin.py:150} INFO - [2023-08-13T04:07:58.062+0000] {dagbag.py:541} INFO - Filling up the DagBag from /opt/airflow/dags/dag_catchup_backfill.py
[2023-08-13T04:07:58.073+0000] {processor.py:836} INFO - DAG(s) dict_keys(['catchup_backfill_dag_v3']) retrieved from /opt/airflow/dags/dag_catchup_backfill.py
[2023-08-13T04:07:58.094+0000] {logging_mixin.py:150} INFO - [2023-08-13T04:07:58.094+0000] {dag.py:2742} INFO - Sync 1 DAGs
[2023-08-13T04:07:58.112+0000] {logging_mixin.py:150} INFO - [2023-08-13T04:07:58.112+0000] {dag.py:3508} INFO - Setting next_dagrun for catchup_backfill_dag_v3 to 2023-08-12T00:00:00+00:00, run_after=2023-08-13T00:00:00+00:00
[2023-08-13T04:07:58.124+0000] {processor.py:179} INFO - Processing /opt/airflow/dags/dag_catchup_backfill.py took 0.068 seconds
[2023-08-13T04:24:12.820+0000] {processor.py:157} INFO - Started process (PID=88737) to work on /opt/airflow/dags/dag_catchup_backfill.py
[2023-08-13T04:24:12.823+0000] {processor.py:826} INFO - Processing file /opt/airflow/dags/dag_catchup_backfill.py for tasks to queue
[2023-08-13T04:24:12.830+0000] {logging_mixin.py:150} INFO - [2023-08-13T04:24:12.830+0000] {dagbag.py:541} INFO - Filling up the DagBag from /opt/airflow/dags/dag_catchup_backfill.py
[2023-08-13T04:24:12.848+0000] {processor.py:836} INFO - DAG(s) dict_keys(['catchup_backfill_dag_v3']) retrieved from /opt/airflow/dags/dag_catchup_backfill.py
[2023-08-13T04:24:12.891+0000] {logging_mixin.py:150} INFO - [2023-08-13T04:24:12.891+0000] {dag.py:2742} INFO - Sync 1 DAGs
[2023-08-13T04:24:12.923+0000] {logging_mixin.py:150} INFO - [2023-08-13T04:24:12.923+0000] {dag.py:3508} INFO - Setting next_dagrun for catchup_backfill_dag_v3 to 2023-08-12T00:00:00+00:00, run_after=2023-08-13T00:00:00+00:00
[2023-08-13T04:24:12.953+0000] {processor.py:179} INFO - Processing /opt/airflow/dags/dag_catchup_backfill.py took 0.136 seconds
[2023-08-13T04:24:43.560+0000] {processor.py:157} INFO - Started process (PID=88766) to work on /opt/airflow/dags/dag_catchup_backfill.py
[2023-08-13T04:24:43.561+0000] {processor.py:826} INFO - Processing file /opt/airflow/dags/dag_catchup_backfill.py for tasks to queue
[2023-08-13T04:24:43.563+0000] {logging_mixin.py:150} INFO - [2023-08-13T04:24:43.562+0000] {dagbag.py:541} INFO - Filling up the DagBag from /opt/airflow/dags/dag_catchup_backfill.py
[2023-08-13T04:24:43.576+0000] {processor.py:836} INFO - DAG(s) dict_keys(['catchup_backfill_dag_v3']) retrieved from /opt/airflow/dags/dag_catchup_backfill.py
[2023-08-13T04:24:43.599+0000] {logging_mixin.py:150} INFO - [2023-08-13T04:24:43.599+0000] {dag.py:2742} INFO - Sync 1 DAGs
[2023-08-13T04:24:43.615+0000] {logging_mixin.py:150} INFO - [2023-08-13T04:24:43.615+0000] {dag.py:3508} INFO - Setting next_dagrun for catchup_backfill_dag_v3 to 2023-08-12T00:00:00+00:00, run_after=2023-08-13T00:00:00+00:00
[2023-08-13T04:24:43.626+0000] {processor.py:179} INFO - Processing /opt/airflow/dags/dag_catchup_backfill.py took 0.070 seconds
[2023-08-13T04:41:32.950+0000] {processor.py:157} INFO - Started process (PID=88793) to work on /opt/airflow/dags/dag_catchup_backfill.py
[2023-08-13T04:41:32.951+0000] {processor.py:826} INFO - Processing file /opt/airflow/dags/dag_catchup_backfill.py for tasks to queue
[2023-08-13T04:41:32.953+0000] {logging_mixin.py:150} INFO - [2023-08-13T04:41:32.952+0000] {dagbag.py:541} INFO - Filling up the DagBag from /opt/airflow/dags/dag_catchup_backfill.py
[2023-08-13T04:41:32.978+0000] {processor.py:836} INFO - DAG(s) dict_keys(['catchup_backfill_dag_v3']) retrieved from /opt/airflow/dags/dag_catchup_backfill.py
[2023-08-13T04:41:33.001+0000] {logging_mixin.py:150} INFO - [2023-08-13T04:41:33.001+0000] {dag.py:2742} INFO - Sync 1 DAGs
[2023-08-13T04:41:33.032+0000] {logging_mixin.py:150} INFO - [2023-08-13T04:41:33.032+0000] {dag.py:3508} INFO - Setting next_dagrun for catchup_backfill_dag_v3 to 2023-08-12T00:00:00+00:00, run_after=2023-08-13T00:00:00+00:00
[2023-08-13T04:41:33.046+0000] {processor.py:179} INFO - Processing /opt/airflow/dags/dag_catchup_backfill.py took 0.105 seconds
[2023-08-13T04:57:38.714+0000] {processor.py:157} INFO - Started process (PID=88820) to work on /opt/airflow/dags/dag_catchup_backfill.py
[2023-08-13T04:57:38.715+0000] {processor.py:826} INFO - Processing file /opt/airflow/dags/dag_catchup_backfill.py for tasks to queue
[2023-08-13T04:57:38.716+0000] {logging_mixin.py:150} INFO - [2023-08-13T04:57:38.716+0000] {dagbag.py:541} INFO - Filling up the DagBag from /opt/airflow/dags/dag_catchup_backfill.py
[2023-08-13T04:57:38.730+0000] {processor.py:836} INFO - DAG(s) dict_keys(['catchup_backfill_dag_v3']) retrieved from /opt/airflow/dags/dag_catchup_backfill.py
[2023-08-13T04:57:38.752+0000] {logging_mixin.py:150} INFO - [2023-08-13T04:57:38.752+0000] {dag.py:2742} INFO - Sync 1 DAGs
[2023-08-13T04:57:38.768+0000] {logging_mixin.py:150} INFO - [2023-08-13T04:57:38.768+0000] {dag.py:3508} INFO - Setting next_dagrun for catchup_backfill_dag_v3 to 2023-08-12T00:00:00+00:00, run_after=2023-08-13T00:00:00+00:00
[2023-08-13T04:57:38.780+0000] {processor.py:179} INFO - Processing /opt/airflow/dags/dag_catchup_backfill.py took 0.069 seconds
[2023-08-13T04:58:09.343+0000] {processor.py:157} INFO - Started process (PID=88847) to work on /opt/airflow/dags/dag_catchup_backfill.py
[2023-08-13T04:58:09.344+0000] {processor.py:826} INFO - Processing file /opt/airflow/dags/dag_catchup_backfill.py for tasks to queue
[2023-08-13T04:58:09.346+0000] {logging_mixin.py:150} INFO - [2023-08-13T04:58:09.345+0000] {dagbag.py:541} INFO - Filling up the DagBag from /opt/airflow/dags/dag_catchup_backfill.py
[2023-08-13T04:58:09.358+0000] {processor.py:836} INFO - DAG(s) dict_keys(['catchup_backfill_dag_v3']) retrieved from /opt/airflow/dags/dag_catchup_backfill.py
[2023-08-13T04:58:09.383+0000] {logging_mixin.py:150} INFO - [2023-08-13T04:58:09.383+0000] {dag.py:2742} INFO - Sync 1 DAGs
[2023-08-13T04:58:09.401+0000] {logging_mixin.py:150} INFO - [2023-08-13T04:58:09.401+0000] {dag.py:3508} INFO - Setting next_dagrun for catchup_backfill_dag_v3 to 2023-08-12T00:00:00+00:00, run_after=2023-08-13T00:00:00+00:00
[2023-08-13T04:58:09.414+0000] {processor.py:179} INFO - Processing /opt/airflow/dags/dag_catchup_backfill.py took 0.075 seconds
[2023-08-13T05:14:17.022+0000] {processor.py:157} INFO - Started process (PID=88874) to work on /opt/airflow/dags/dag_catchup_backfill.py
[2023-08-13T05:14:17.024+0000] {processor.py:826} INFO - Processing file /opt/airflow/dags/dag_catchup_backfill.py for tasks to queue
[2023-08-13T05:14:17.031+0000] {logging_mixin.py:150} INFO - [2023-08-13T05:14:17.030+0000] {dagbag.py:541} INFO - Filling up the DagBag from /opt/airflow/dags/dag_catchup_backfill.py
[2023-08-13T05:14:17.078+0000] {processor.py:836} INFO - DAG(s) dict_keys(['catchup_backfill_dag_v3']) retrieved from /opt/airflow/dags/dag_catchup_backfill.py
[2023-08-13T05:14:17.136+0000] {logging_mixin.py:150} INFO - [2023-08-13T05:14:17.135+0000] {dag.py:2742} INFO - Sync 1 DAGs
[2023-08-13T05:14:17.168+0000] {logging_mixin.py:150} INFO - [2023-08-13T05:14:17.168+0000] {dag.py:3508} INFO - Setting next_dagrun for catchup_backfill_dag_v3 to 2023-08-12T00:00:00+00:00, run_after=2023-08-13T00:00:00+00:00
[2023-08-13T05:14:17.184+0000] {processor.py:179} INFO - Processing /opt/airflow/dags/dag_catchup_backfill.py took 0.166 seconds
[2023-08-13T05:14:47.769+0000] {processor.py:157} INFO - Started process (PID=88903) to work on /opt/airflow/dags/dag_catchup_backfill.py
[2023-08-13T05:14:47.771+0000] {processor.py:826} INFO - Processing file /opt/airflow/dags/dag_catchup_backfill.py for tasks to queue
[2023-08-13T05:14:47.772+0000] {logging_mixin.py:150} INFO - [2023-08-13T05:14:47.772+0000] {dagbag.py:541} INFO - Filling up the DagBag from /opt/airflow/dags/dag_catchup_backfill.py
[2023-08-13T05:14:47.786+0000] {processor.py:836} INFO - DAG(s) dict_keys(['catchup_backfill_dag_v3']) retrieved from /opt/airflow/dags/dag_catchup_backfill.py
[2023-08-13T05:14:47.810+0000] {logging_mixin.py:150} INFO - [2023-08-13T05:14:47.810+0000] {dag.py:2742} INFO - Sync 1 DAGs
[2023-08-13T05:14:47.827+0000] {logging_mixin.py:150} INFO - [2023-08-13T05:14:47.827+0000] {dag.py:3508} INFO - Setting next_dagrun for catchup_backfill_dag_v3 to 2023-08-12T00:00:00+00:00, run_after=2023-08-13T00:00:00+00:00
[2023-08-13T05:14:47.838+0000] {processor.py:179} INFO - Processing /opt/airflow/dags/dag_catchup_backfill.py took 0.074 seconds
[2023-08-13T05:31:23.174+0000] {processor.py:157} INFO - Started process (PID=88929) to work on /opt/airflow/dags/dag_catchup_backfill.py
[2023-08-13T05:31:23.177+0000] {processor.py:826} INFO - Processing file /opt/airflow/dags/dag_catchup_backfill.py for tasks to queue
[2023-08-13T05:31:23.181+0000] {logging_mixin.py:150} INFO - [2023-08-13T05:31:23.180+0000] {dagbag.py:541} INFO - Filling up the DagBag from /opt/airflow/dags/dag_catchup_backfill.py
[2023-08-13T05:31:23.207+0000] {processor.py:836} INFO - DAG(s) dict_keys(['catchup_backfill_dag_v3']) retrieved from /opt/airflow/dags/dag_catchup_backfill.py
[2023-08-13T05:31:23.240+0000] {logging_mixin.py:150} INFO - [2023-08-13T05:31:23.240+0000] {dag.py:2742} INFO - Sync 1 DAGs
[2023-08-13T05:31:23.264+0000] {logging_mixin.py:150} INFO - [2023-08-13T05:31:23.264+0000] {dag.py:3508} INFO - Setting next_dagrun for catchup_backfill_dag_v3 to 2023-08-12T00:00:00+00:00, run_after=2023-08-13T00:00:00+00:00
[2023-08-13T05:31:23.280+0000] {processor.py:179} INFO - Processing /opt/airflow/dags/dag_catchup_backfill.py took 0.112 seconds
[2023-08-13T05:31:54.057+0000] {processor.py:157} INFO - Started process (PID=88958) to work on /opt/airflow/dags/dag_catchup_backfill.py
[2023-08-13T05:31:54.059+0000] {processor.py:826} INFO - Processing file /opt/airflow/dags/dag_catchup_backfill.py for tasks to queue
[2023-08-13T05:31:54.060+0000] {logging_mixin.py:150} INFO - [2023-08-13T05:31:54.060+0000] {dagbag.py:541} INFO - Filling up the DagBag from /opt/airflow/dags/dag_catchup_backfill.py
[2023-08-13T05:31:54.075+0000] {processor.py:836} INFO - DAG(s) dict_keys(['catchup_backfill_dag_v3']) retrieved from /opt/airflow/dags/dag_catchup_backfill.py
[2023-08-13T05:31:54.098+0000] {logging_mixin.py:150} INFO - [2023-08-13T05:31:54.098+0000] {dag.py:2742} INFO - Sync 1 DAGs
[2023-08-13T05:31:54.114+0000] {logging_mixin.py:150} INFO - [2023-08-13T05:31:54.114+0000] {dag.py:3508} INFO - Setting next_dagrun for catchup_backfill_dag_v3 to 2023-08-12T00:00:00+00:00, run_after=2023-08-13T00:00:00+00:00
[2023-08-13T05:31:54.125+0000] {processor.py:179} INFO - Processing /opt/airflow/dags/dag_catchup_backfill.py took 0.071 seconds
[2023-08-13T05:32:24.650+0000] {processor.py:157} INFO - Started process (PID=88985) to work on /opt/airflow/dags/dag_catchup_backfill.py
[2023-08-13T05:32:24.651+0000] {processor.py:826} INFO - Processing file /opt/airflow/dags/dag_catchup_backfill.py for tasks to queue
[2023-08-13T05:32:24.653+0000] {logging_mixin.py:150} INFO - [2023-08-13T05:32:24.652+0000] {dagbag.py:541} INFO - Filling up the DagBag from /opt/airflow/dags/dag_catchup_backfill.py
[2023-08-13T05:32:24.665+0000] {processor.py:836} INFO - DAG(s) dict_keys(['catchup_backfill_dag_v3']) retrieved from /opt/airflow/dags/dag_catchup_backfill.py
[2023-08-13T05:32:24.689+0000] {logging_mixin.py:150} INFO - [2023-08-13T05:32:24.689+0000] {dag.py:2742} INFO - Sync 1 DAGs
[2023-08-13T05:32:24.706+0000] {logging_mixin.py:150} INFO - [2023-08-13T05:32:24.706+0000] {dag.py:3508} INFO - Setting next_dagrun for catchup_backfill_dag_v3 to 2023-08-12T00:00:00+00:00, run_after=2023-08-13T00:00:00+00:00
[2023-08-13T05:32:24.718+0000] {processor.py:179} INFO - Processing /opt/airflow/dags/dag_catchup_backfill.py took 0.072 seconds
[2023-08-13T05:50:37.811+0000] {processor.py:157} INFO - Started process (PID=89012) to work on /opt/airflow/dags/dag_catchup_backfill.py
[2023-08-13T05:50:37.816+0000] {processor.py:826} INFO - Processing file /opt/airflow/dags/dag_catchup_backfill.py for tasks to queue
[2023-08-13T05:50:37.818+0000] {logging_mixin.py:150} INFO - [2023-08-13T05:50:37.817+0000] {dagbag.py:541} INFO - Filling up the DagBag from /opt/airflow/dags/dag_catchup_backfill.py
[2023-08-13T05:50:37.869+0000] {processor.py:836} INFO - DAG(s) dict_keys(['catchup_backfill_dag_v3']) retrieved from /opt/airflow/dags/dag_catchup_backfill.py
[2023-08-13T05:50:37.921+0000] {logging_mixin.py:150} INFO - [2023-08-13T05:50:37.921+0000] {dag.py:2742} INFO - Sync 1 DAGs
[2023-08-13T05:50:37.960+0000] {logging_mixin.py:150} INFO - [2023-08-13T05:50:37.959+0000] {dag.py:3508} INFO - Setting next_dagrun for catchup_backfill_dag_v3 to 2023-08-12T00:00:00+00:00, run_after=2023-08-13T00:00:00+00:00
[2023-08-13T05:50:37.990+0000] {processor.py:179} INFO - Processing /opt/airflow/dags/dag_catchup_backfill.py took 0.188 seconds
[2023-08-13T05:51:08.636+0000] {processor.py:157} INFO - Started process (PID=89041) to work on /opt/airflow/dags/dag_catchup_backfill.py
[2023-08-13T05:51:08.638+0000] {processor.py:826} INFO - Processing file /opt/airflow/dags/dag_catchup_backfill.py for tasks to queue
[2023-08-13T05:51:08.639+0000] {logging_mixin.py:150} INFO - [2023-08-13T05:51:08.639+0000] {dagbag.py:541} INFO - Filling up the DagBag from /opt/airflow/dags/dag_catchup_backfill.py
[2023-08-13T05:51:08.651+0000] {processor.py:836} INFO - DAG(s) dict_keys(['catchup_backfill_dag_v3']) retrieved from /opt/airflow/dags/dag_catchup_backfill.py
[2023-08-13T05:51:08.674+0000] {logging_mixin.py:150} INFO - [2023-08-13T05:51:08.674+0000] {dag.py:2742} INFO - Sync 1 DAGs
[2023-08-13T05:51:08.691+0000] {logging_mixin.py:150} INFO - [2023-08-13T05:51:08.691+0000] {dag.py:3508} INFO - Setting next_dagrun for catchup_backfill_dag_v3 to 2023-08-12T00:00:00+00:00, run_after=2023-08-13T00:00:00+00:00
[2023-08-13T05:51:08.701+0000] {processor.py:179} INFO - Processing /opt/airflow/dags/dag_catchup_backfill.py took 0.068 seconds
[2023-08-13T06:33:49.841+0000] {processor.py:157} INFO - Started process (PID=89067) to work on /opt/airflow/dags/dag_catchup_backfill.py
[2023-08-13T06:33:49.847+0000] {processor.py:826} INFO - Processing file /opt/airflow/dags/dag_catchup_backfill.py for tasks to queue
[2023-08-13T06:33:49.857+0000] {logging_mixin.py:150} INFO - [2023-08-13T06:33:49.857+0000] {dagbag.py:541} INFO - Filling up the DagBag from /opt/airflow/dags/dag_catchup_backfill.py
[2023-08-13T06:33:49.918+0000] {processor.py:836} INFO - DAG(s) dict_keys(['catchup_backfill_dag_v3']) retrieved from /opt/airflow/dags/dag_catchup_backfill.py
[2023-08-13T06:33:49.988+0000] {logging_mixin.py:150} INFO - [2023-08-13T06:33:49.988+0000] {dag.py:2742} INFO - Sync 1 DAGs
[2023-08-13T06:33:50.029+0000] {logging_mixin.py:150} INFO - [2023-08-13T06:33:50.029+0000] {dag.py:3508} INFO - Setting next_dagrun for catchup_backfill_dag_v3 to 2023-08-12T00:00:00+00:00, run_after=2023-08-13T00:00:00+00:00
[2023-08-13T06:33:50.061+0000] {processor.py:179} INFO - Processing /opt/airflow/dags/dag_catchup_backfill.py took 0.226 seconds
[2023-08-13T07:23:55.709+0000] {processor.py:157} INFO - Started process (PID=89094) to work on /opt/airflow/dags/dag_catchup_backfill.py
[2023-08-13T07:23:55.711+0000] {processor.py:826} INFO - Processing file /opt/airflow/dags/dag_catchup_backfill.py for tasks to queue
[2023-08-13T07:23:55.712+0000] {logging_mixin.py:150} INFO - [2023-08-13T07:23:55.711+0000] {dagbag.py:541} INFO - Filling up the DagBag from /opt/airflow/dags/dag_catchup_backfill.py
[2023-08-13T07:23:55.725+0000] {processor.py:836} INFO - DAG(s) dict_keys(['catchup_backfill_dag_v3']) retrieved from /opt/airflow/dags/dag_catchup_backfill.py
[2023-08-13T07:23:55.771+0000] {logging_mixin.py:150} INFO - [2023-08-13T07:23:55.771+0000] {dag.py:2742} INFO - Sync 1 DAGs
[2023-08-13T07:23:55.799+0000] {logging_mixin.py:150} INFO - [2023-08-13T07:23:55.799+0000] {dag.py:3508} INFO - Setting next_dagrun for catchup_backfill_dag_v3 to 2023-08-12T00:00:00+00:00, run_after=2023-08-13T00:00:00+00:00
[2023-08-13T07:23:55.816+0000] {processor.py:179} INFO - Processing /opt/airflow/dags/dag_catchup_backfill.py took 0.109 seconds
[2023-08-13T08:33:17.874+0000] {processor.py:157} INFO - Started process (PID=89120) to work on /opt/airflow/dags/dag_catchup_backfill.py
[2023-08-13T08:33:17.877+0000] {processor.py:826} INFO - Processing file /opt/airflow/dags/dag_catchup_backfill.py for tasks to queue
[2023-08-13T08:33:17.878+0000] {logging_mixin.py:150} INFO - [2023-08-13T08:33:17.878+0000] {dagbag.py:541} INFO - Filling up the DagBag from /opt/airflow/dags/dag_catchup_backfill.py
[2023-08-13T08:33:17.907+0000] {processor.py:836} INFO - DAG(s) dict_keys(['catchup_backfill_dag_v3']) retrieved from /opt/airflow/dags/dag_catchup_backfill.py
[2023-08-13T08:33:17.973+0000] {logging_mixin.py:150} INFO - [2023-08-13T08:33:17.973+0000] {dag.py:2742} INFO - Sync 1 DAGs
[2023-08-13T08:33:17.995+0000] {logging_mixin.py:150} INFO - [2023-08-13T08:33:17.995+0000] {dag.py:3508} INFO - Setting next_dagrun for catchup_backfill_dag_v3 to 2023-08-12T00:00:00+00:00, run_after=2023-08-13T00:00:00+00:00
[2023-08-13T08:33:18.019+0000] {processor.py:179} INFO - Processing /opt/airflow/dags/dag_catchup_backfill.py took 0.148 seconds
[2023-08-13T09:57:14.236+0000] {processor.py:157} INFO - Started process (PID=89150) to work on /opt/airflow/dags/dag_catchup_backfill.py
[2023-08-13T09:57:14.238+0000] {processor.py:826} INFO - Processing file /opt/airflow/dags/dag_catchup_backfill.py for tasks to queue
[2023-08-13T09:57:14.240+0000] {logging_mixin.py:150} INFO - [2023-08-13T09:57:14.240+0000] {dagbag.py:541} INFO - Filling up the DagBag from /opt/airflow/dags/dag_catchup_backfill.py
[2023-08-13T09:57:14.250+0000] {processor.py:836} INFO - DAG(s) dict_keys(['catchup_backfill_dag_v3']) retrieved from /opt/airflow/dags/dag_catchup_backfill.py
[2023-08-13T09:57:14.274+0000] {logging_mixin.py:150} INFO - [2023-08-13T09:57:14.274+0000] {dag.py:2742} INFO - Sync 1 DAGs
[2023-08-13T09:57:14.292+0000] {logging_mixin.py:150} INFO - [2023-08-13T09:57:14.292+0000] {dag.py:3508} INFO - Setting next_dagrun for catchup_backfill_dag_v3 to 2023-08-12T00:00:00+00:00, run_after=2023-08-13T00:00:00+00:00
[2023-08-13T09:57:14.303+0000] {processor.py:179} INFO - Processing /opt/airflow/dags/dag_catchup_backfill.py took 0.070 seconds
[2023-08-13T10:52:37.039+0000] {processor.py:157} INFO - Started process (PID=89177) to work on /opt/airflow/dags/dag_catchup_backfill.py
[2023-08-13T10:52:37.041+0000] {processor.py:826} INFO - Processing file /opt/airflow/dags/dag_catchup_backfill.py for tasks to queue
[2023-08-13T10:52:37.043+0000] {logging_mixin.py:150} INFO - [2023-08-13T10:52:37.042+0000] {dagbag.py:541} INFO - Filling up the DagBag from /opt/airflow/dags/dag_catchup_backfill.py
[2023-08-13T10:52:37.057+0000] {processor.py:836} INFO - DAG(s) dict_keys(['catchup_backfill_dag_v3']) retrieved from /opt/airflow/dags/dag_catchup_backfill.py
[2023-08-13T10:52:37.089+0000] {logging_mixin.py:150} INFO - [2023-08-13T10:52:37.088+0000] {dag.py:2742} INFO - Sync 1 DAGs
[2023-08-13T10:52:37.108+0000] {logging_mixin.py:150} INFO - [2023-08-13T10:52:37.108+0000] {dag.py:3508} INFO - Setting next_dagrun for catchup_backfill_dag_v3 to 2023-08-12T00:00:00+00:00, run_after=2023-08-13T00:00:00+00:00
[2023-08-13T10:52:37.119+0000] {processor.py:179} INFO - Processing /opt/airflow/dags/dag_catchup_backfill.py took 0.084 seconds
[2023-08-13T11:33:17.406+0000] {processor.py:157} INFO - Started process (PID=89202) to work on /opt/airflow/dags/dag_catchup_backfill.py
[2023-08-13T11:33:17.410+0000] {processor.py:826} INFO - Processing file /opt/airflow/dags/dag_catchup_backfill.py for tasks to queue
[2023-08-13T11:33:17.411+0000] {logging_mixin.py:150} INFO - [2023-08-13T11:33:17.411+0000] {dagbag.py:541} INFO - Filling up the DagBag from /opt/airflow/dags/dag_catchup_backfill.py
[2023-08-13T11:33:17.438+0000] {processor.py:836} INFO - DAG(s) dict_keys(['catchup_backfill_dag_v3']) retrieved from /opt/airflow/dags/dag_catchup_backfill.py
[2023-08-13T11:33:17.484+0000] {logging_mixin.py:150} INFO - [2023-08-13T11:33:17.484+0000] {dag.py:2742} INFO - Sync 1 DAGs
[2023-08-13T11:33:17.535+0000] {logging_mixin.py:150} INFO - [2023-08-13T11:33:17.535+0000] {dag.py:3508} INFO - Setting next_dagrun for catchup_backfill_dag_v3 to 2023-08-12T00:00:00+00:00, run_after=2023-08-13T00:00:00+00:00
[2023-08-13T11:33:17.557+0000] {processor.py:179} INFO - Processing /opt/airflow/dags/dag_catchup_backfill.py took 0.159 seconds
[2023-08-13T12:22:52.229+0000] {processor.py:157} INFO - Started process (PID=89233) to work on /opt/airflow/dags/dag_catchup_backfill.py
[2023-08-13T12:22:52.231+0000] {processor.py:826} INFO - Processing file /opt/airflow/dags/dag_catchup_backfill.py for tasks to queue
[2023-08-13T12:22:52.232+0000] {logging_mixin.py:150} INFO - [2023-08-13T12:22:52.231+0000] {dagbag.py:541} INFO - Filling up the DagBag from /opt/airflow/dags/dag_catchup_backfill.py
[2023-08-13T12:22:52.242+0000] {processor.py:836} INFO - DAG(s) dict_keys(['catchup_backfill_dag_v3']) retrieved from /opt/airflow/dags/dag_catchup_backfill.py
[2023-08-13T12:22:52.265+0000] {logging_mixin.py:150} INFO - [2023-08-13T12:22:52.265+0000] {dag.py:2742} INFO - Sync 1 DAGs
[2023-08-13T12:22:52.282+0000] {logging_mixin.py:150} INFO - [2023-08-13T12:22:52.282+0000] {dag.py:3508} INFO - Setting next_dagrun for catchup_backfill_dag_v3 to 2023-08-12T00:00:00+00:00, run_after=2023-08-13T00:00:00+00:00
[2023-08-13T12:22:52.293+0000] {processor.py:179} INFO - Processing /opt/airflow/dags/dag_catchup_backfill.py took 0.067 seconds
[2023-08-13T13:11:37.838+0000] {processor.py:157} INFO - Started process (PID=89258) to work on /opt/airflow/dags/dag_catchup_backfill.py
[2023-08-13T13:11:37.841+0000] {processor.py:826} INFO - Processing file /opt/airflow/dags/dag_catchup_backfill.py for tasks to queue
[2023-08-13T13:11:37.843+0000] {logging_mixin.py:150} INFO - [2023-08-13T13:11:37.843+0000] {dagbag.py:541} INFO - Filling up the DagBag from /opt/airflow/dags/dag_catchup_backfill.py
[2023-08-13T13:11:37.878+0000] {processor.py:836} INFO - DAG(s) dict_keys(['catchup_backfill_dag_v3']) retrieved from /opt/airflow/dags/dag_catchup_backfill.py
[2023-08-13T13:11:37.928+0000] {logging_mixin.py:150} INFO - [2023-08-13T13:11:37.928+0000] {dag.py:2742} INFO - Sync 1 DAGs
[2023-08-13T13:11:37.960+0000] {logging_mixin.py:150} INFO - [2023-08-13T13:11:37.960+0000] {dag.py:3508} INFO - Setting next_dagrun for catchup_backfill_dag_v3 to 2023-08-12T00:00:00+00:00, run_after=2023-08-13T00:00:00+00:00
[2023-08-13T13:11:37.983+0000] {processor.py:179} INFO - Processing /opt/airflow/dags/dag_catchup_backfill.py took 0.150 seconds
[2023-08-13T14:20:26.717+0000] {processor.py:157} INFO - Started process (PID=89286) to work on /opt/airflow/dags/dag_catchup_backfill.py
[2023-08-13T14:20:26.721+0000] {processor.py:826} INFO - Processing file /opt/airflow/dags/dag_catchup_backfill.py for tasks to queue
[2023-08-13T14:20:26.724+0000] {logging_mixin.py:150} INFO - [2023-08-13T14:20:26.724+0000] {dagbag.py:541} INFO - Filling up the DagBag from /opt/airflow/dags/dag_catchup_backfill.py
[2023-08-13T14:20:26.766+0000] {processor.py:836} INFO - DAG(s) dict_keys(['catchup_backfill_dag_v3']) retrieved from /opt/airflow/dags/dag_catchup_backfill.py
[2023-08-13T14:20:26.815+0000] {logging_mixin.py:150} INFO - [2023-08-13T14:20:26.815+0000] {dag.py:2742} INFO - Sync 1 DAGs
[2023-08-13T14:20:26.852+0000] {logging_mixin.py:150} INFO - [2023-08-13T14:20:26.852+0000] {dag.py:3508} INFO - Setting next_dagrun for catchup_backfill_dag_v3 to 2023-08-12T00:00:00+00:00, run_after=2023-08-13T00:00:00+00:00
[2023-08-13T14:20:26.898+0000] {processor.py:179} INFO - Processing /opt/airflow/dags/dag_catchup_backfill.py took 0.193 seconds
[2023-08-13T15:12:51.264+0000] {processor.py:157} INFO - Started process (PID=89314) to work on /opt/airflow/dags/dag_catchup_backfill.py
[2023-08-13T15:12:51.266+0000] {processor.py:826} INFO - Processing file /opt/airflow/dags/dag_catchup_backfill.py for tasks to queue
[2023-08-13T15:12:51.267+0000] {logging_mixin.py:150} INFO - [2023-08-13T15:12:51.266+0000] {dagbag.py:541} INFO - Filling up the DagBag from /opt/airflow/dags/dag_catchup_backfill.py
[2023-08-13T15:12:51.292+0000] {processor.py:836} INFO - DAG(s) dict_keys(['catchup_backfill_dag_v3']) retrieved from /opt/airflow/dags/dag_catchup_backfill.py
[2023-08-13T15:12:51.360+0000] {logging_mixin.py:150} INFO - [2023-08-13T15:12:51.360+0000] {dag.py:2742} INFO - Sync 1 DAGs
[2023-08-13T15:12:51.409+0000] {logging_mixin.py:150} INFO - [2023-08-13T15:12:51.409+0000] {dag.py:3508} INFO - Setting next_dagrun for catchup_backfill_dag_v3 to 2023-08-12T00:00:00+00:00, run_after=2023-08-13T00:00:00+00:00
[2023-08-13T15:12:51.443+0000] {processor.py:179} INFO - Processing /opt/airflow/dags/dag_catchup_backfill.py took 0.186 seconds
[2023-08-13T16:09:07.684+0000] {processor.py:157} INFO - Started process (PID=89341) to work on /opt/airflow/dags/dag_catchup_backfill.py
[2023-08-13T16:09:07.685+0000] {processor.py:826} INFO - Processing file /opt/airflow/dags/dag_catchup_backfill.py for tasks to queue
[2023-08-13T16:09:07.687+0000] {logging_mixin.py:150} INFO - [2023-08-13T16:09:07.686+0000] {dagbag.py:541} INFO - Filling up the DagBag from /opt/airflow/dags/dag_catchup_backfill.py
[2023-08-13T16:09:07.699+0000] {processor.py:836} INFO - DAG(s) dict_keys(['catchup_backfill_dag_v3']) retrieved from /opt/airflow/dags/dag_catchup_backfill.py
[2023-08-13T16:09:07.725+0000] {logging_mixin.py:150} INFO - [2023-08-13T16:09:07.724+0000] {dag.py:2742} INFO - Sync 1 DAGs
[2023-08-13T16:09:07.742+0000] {logging_mixin.py:150} INFO - [2023-08-13T16:09:07.742+0000] {dag.py:3508} INFO - Setting next_dagrun for catchup_backfill_dag_v3 to 2023-08-12T00:00:00+00:00, run_after=2023-08-13T00:00:00+00:00
[2023-08-13T16:09:07.754+0000] {processor.py:179} INFO - Processing /opt/airflow/dags/dag_catchup_backfill.py took 0.073 seconds
[2023-08-13T17:04:27.354+0000] {processor.py:157} INFO - Started process (PID=89370) to work on /opt/airflow/dags/dag_catchup_backfill.py
[2023-08-13T17:04:27.361+0000] {processor.py:826} INFO - Processing file /opt/airflow/dags/dag_catchup_backfill.py for tasks to queue
[2023-08-13T17:04:27.363+0000] {logging_mixin.py:150} INFO - [2023-08-13T17:04:27.362+0000] {dagbag.py:541} INFO - Filling up the DagBag from /opt/airflow/dags/dag_catchup_backfill.py
[2023-08-13T17:04:27.391+0000] {processor.py:836} INFO - DAG(s) dict_keys(['catchup_backfill_dag_v3']) retrieved from /opt/airflow/dags/dag_catchup_backfill.py
[2023-08-13T17:04:27.454+0000] {logging_mixin.py:150} INFO - [2023-08-13T17:04:27.454+0000] {dag.py:2742} INFO - Sync 1 DAGs
[2023-08-13T17:04:27.479+0000] {logging_mixin.py:150} INFO - [2023-08-13T17:04:27.478+0000] {dag.py:3508} INFO - Setting next_dagrun for catchup_backfill_dag_v3 to 2023-08-12T00:00:00+00:00, run_after=2023-08-13T00:00:00+00:00
[2023-08-13T17:04:27.500+0000] {processor.py:179} INFO - Processing /opt/airflow/dags/dag_catchup_backfill.py took 0.151 seconds
[2023-08-13T17:53:53.767+0000] {processor.py:157} INFO - Started process (PID=89397) to work on /opt/airflow/dags/dag_catchup_backfill.py
[2023-08-13T17:53:53.770+0000] {processor.py:826} INFO - Processing file /opt/airflow/dags/dag_catchup_backfill.py for tasks to queue
[2023-08-13T17:53:53.772+0000] {logging_mixin.py:150} INFO - [2023-08-13T17:53:53.772+0000] {dagbag.py:541} INFO - Filling up the DagBag from /opt/airflow/dags/dag_catchup_backfill.py
[2023-08-13T17:53:53.783+0000] {processor.py:836} INFO - DAG(s) dict_keys(['catchup_backfill_dag_v3']) retrieved from /opt/airflow/dags/dag_catchup_backfill.py
[2023-08-13T17:53:53.819+0000] {logging_mixin.py:150} INFO - [2023-08-13T17:53:53.819+0000] {dag.py:2742} INFO - Sync 1 DAGs
[2023-08-13T17:53:53.858+0000] {logging_mixin.py:150} INFO - [2023-08-13T17:53:53.858+0000] {dag.py:3508} INFO - Setting next_dagrun for catchup_backfill_dag_v3 to 2023-08-12T00:00:00+00:00, run_after=2023-08-13T00:00:00+00:00
[2023-08-13T17:53:53.887+0000] {processor.py:179} INFO - Processing /opt/airflow/dags/dag_catchup_backfill.py took 0.124 seconds
[2023-08-13T18:59:20.764+0000] {processor.py:157} INFO - Started process (PID=89424) to work on /opt/airflow/dags/dag_catchup_backfill.py
[2023-08-13T18:59:20.765+0000] {processor.py:826} INFO - Processing file /opt/airflow/dags/dag_catchup_backfill.py for tasks to queue
[2023-08-13T18:59:20.767+0000] {logging_mixin.py:150} INFO - [2023-08-13T18:59:20.766+0000] {dagbag.py:541} INFO - Filling up the DagBag from /opt/airflow/dags/dag_catchup_backfill.py
[2023-08-13T18:59:20.783+0000] {processor.py:836} INFO - DAG(s) dict_keys(['catchup_backfill_dag_v3']) retrieved from /opt/airflow/dags/dag_catchup_backfill.py
[2023-08-13T18:59:20.817+0000] {logging_mixin.py:150} INFO - [2023-08-13T18:59:20.817+0000] {dag.py:2742} INFO - Sync 1 DAGs
[2023-08-13T18:59:20.841+0000] {logging_mixin.py:150} INFO - [2023-08-13T18:59:20.840+0000] {dag.py:3508} INFO - Setting next_dagrun for catchup_backfill_dag_v3 to 2023-08-12T00:00:00+00:00, run_after=2023-08-13T00:00:00+00:00
[2023-08-13T18:59:20.864+0000] {processor.py:179} INFO - Processing /opt/airflow/dags/dag_catchup_backfill.py took 0.105 seconds
[2023-08-13T20:04:05.555+0000] {processor.py:157} INFO - Started process (PID=89451) to work on /opt/airflow/dags/dag_catchup_backfill.py
[2023-08-13T20:04:05.557+0000] {processor.py:826} INFO - Processing file /opt/airflow/dags/dag_catchup_backfill.py for tasks to queue
[2023-08-13T20:04:05.558+0000] {logging_mixin.py:150} INFO - [2023-08-13T20:04:05.558+0000] {dagbag.py:541} INFO - Filling up the DagBag from /opt/airflow/dags/dag_catchup_backfill.py
[2023-08-13T20:04:05.573+0000] {processor.py:836} INFO - DAG(s) dict_keys(['catchup_backfill_dag_v3']) retrieved from /opt/airflow/dags/dag_catchup_backfill.py
[2023-08-13T20:04:05.599+0000] {logging_mixin.py:150} INFO - [2023-08-13T20:04:05.599+0000] {dag.py:2742} INFO - Sync 1 DAGs
[2023-08-13T20:04:05.626+0000] {logging_mixin.py:150} INFO - [2023-08-13T20:04:05.626+0000] {dag.py:3508} INFO - Setting next_dagrun for catchup_backfill_dag_v3 to 2023-08-12T00:00:00+00:00, run_after=2023-08-13T00:00:00+00:00
[2023-08-13T20:04:05.641+0000] {processor.py:179} INFO - Processing /opt/airflow/dags/dag_catchup_backfill.py took 0.090 seconds
[2023-08-13T21:27:49.671+0000] {processor.py:157} INFO - Started process (PID=89478) to work on /opt/airflow/dags/dag_catchup_backfill.py
[2023-08-13T21:27:49.674+0000] {processor.py:826} INFO - Processing file /opt/airflow/dags/dag_catchup_backfill.py for tasks to queue
[2023-08-13T21:27:49.676+0000] {logging_mixin.py:150} INFO - [2023-08-13T21:27:49.675+0000] {dagbag.py:541} INFO - Filling up the DagBag from /opt/airflow/dags/dag_catchup_backfill.py
[2023-08-13T21:27:49.705+0000] {processor.py:836} INFO - DAG(s) dict_keys(['catchup_backfill_dag_v3']) retrieved from /opt/airflow/dags/dag_catchup_backfill.py
[2023-08-13T21:27:49.776+0000] {logging_mixin.py:150} INFO - [2023-08-13T21:27:49.776+0000] {dag.py:2742} INFO - Sync 1 DAGs
[2023-08-13T21:27:49.817+0000] {logging_mixin.py:150} INFO - [2023-08-13T21:27:49.816+0000] {dag.py:3508} INFO - Setting next_dagrun for catchup_backfill_dag_v3 to 2023-08-12T00:00:00+00:00, run_after=2023-08-13T00:00:00+00:00
[2023-08-13T21:27:49.837+0000] {processor.py:179} INFO - Processing /opt/airflow/dags/dag_catchup_backfill.py took 0.174 seconds
[2023-08-13T22:01:12.203+0000] {processor.py:157} INFO - Started process (PID=89506) to work on /opt/airflow/dags/dag_catchup_backfill.py
[2023-08-13T22:01:12.204+0000] {processor.py:826} INFO - Processing file /opt/airflow/dags/dag_catchup_backfill.py for tasks to queue
[2023-08-13T22:01:12.206+0000] {logging_mixin.py:150} INFO - [2023-08-13T22:01:12.205+0000] {dagbag.py:541} INFO - Filling up the DagBag from /opt/airflow/dags/dag_catchup_backfill.py
[2023-08-13T22:01:12.222+0000] {processor.py:836} INFO - DAG(s) dict_keys(['catchup_backfill_dag_v3']) retrieved from /opt/airflow/dags/dag_catchup_backfill.py
[2023-08-13T22:01:12.249+0000] {logging_mixin.py:150} INFO - [2023-08-13T22:01:12.249+0000] {dag.py:2742} INFO - Sync 1 DAGs
[2023-08-13T22:01:12.272+0000] {logging_mixin.py:150} INFO - [2023-08-13T22:01:12.272+0000] {dag.py:3508} INFO - Setting next_dagrun for catchup_backfill_dag_v3 to 2023-08-12T00:00:00+00:00, run_after=2023-08-13T00:00:00+00:00
[2023-08-13T22:01:12.307+0000] {processor.py:179} INFO - Processing /opt/airflow/dags/dag_catchup_backfill.py took 0.108 seconds
[2023-08-13T22:57:27.000+0000] {processor.py:157} INFO - Started process (PID=89534) to work on /opt/airflow/dags/dag_catchup_backfill.py
[2023-08-13T22:57:27.005+0000] {processor.py:826} INFO - Processing file /opt/airflow/dags/dag_catchup_backfill.py for tasks to queue
[2023-08-13T22:57:27.007+0000] {logging_mixin.py:150} INFO - [2023-08-13T22:57:27.006+0000] {dagbag.py:541} INFO - Filling up the DagBag from /opt/airflow/dags/dag_catchup_backfill.py
[2023-08-13T22:57:27.025+0000] {processor.py:836} INFO - DAG(s) dict_keys(['catchup_backfill_dag_v3']) retrieved from /opt/airflow/dags/dag_catchup_backfill.py
[2023-08-13T22:57:27.081+0000] {logging_mixin.py:150} INFO - [2023-08-13T22:57:27.081+0000] {dag.py:2742} INFO - Sync 1 DAGs
[2023-08-13T22:57:27.121+0000] {logging_mixin.py:150} INFO - [2023-08-13T22:57:27.121+0000] {dag.py:3508} INFO - Setting next_dagrun for catchup_backfill_dag_v3 to 2023-08-12T00:00:00+00:00, run_after=2023-08-13T00:00:00+00:00
[2023-08-13T22:57:27.153+0000] {processor.py:179} INFO - Processing /opt/airflow/dags/dag_catchup_backfill.py took 0.156 seconds
