[2023-08-13T00:03:10.512+0000] {processor.py:157} INFO - Started process (PID=88008) to work on /opt/airflow/dags/python_oper_w_xcom.py
[2023-08-13T00:03:10.514+0000] {processor.py:826} INFO - Processing file /opt/airflow/dags/python_oper_w_xcom.py for tasks to queue
[2023-08-13T00:03:10.515+0000] {logging_mixin.py:150} INFO - [2023-08-13T00:03:10.514+0000] {dagbag.py:541} INFO - Filling up the DagBag from /opt/airflow/dags/python_oper_w_xcom.py
[2023-08-13T00:03:10.532+0000] {processor.py:836} INFO - DAG(s) dict_keys(['python_operator_w_xcom']) retrieved from /opt/airflow/dags/python_oper_w_xcom.py
[2023-08-13T00:03:10.595+0000] {logging_mixin.py:150} INFO - [2023-08-13T00:03:10.593+0000] {dag.py:2742} INFO - Sync 1 DAGs
[2023-08-13T00:03:10.625+0000] {logging_mixin.py:150} INFO - [2023-08-13T00:03:10.625+0000] {dag.py:3508} INFO - Setting next_dagrun for python_operator_w_xcom to 2023-08-08T00:00:00+00:00, run_after=2023-08-09T00:00:00+00:00
[2023-08-13T00:03:10.640+0000] {processor.py:179} INFO - Processing /opt/airflow/dags/python_oper_w_xcom.py took 0.137 seconds
[2023-08-13T00:03:41.266+0000] {processor.py:157} INFO - Started process (PID=88042) to work on /opt/airflow/dags/python_oper_w_xcom.py
[2023-08-13T00:03:41.268+0000] {processor.py:826} INFO - Processing file /opt/airflow/dags/python_oper_w_xcom.py for tasks to queue
[2023-08-13T00:03:41.269+0000] {logging_mixin.py:150} INFO - [2023-08-13T00:03:41.268+0000] {dagbag.py:541} INFO - Filling up the DagBag from /opt/airflow/dags/python_oper_w_xcom.py
[2023-08-13T00:03:41.278+0000] {processor.py:836} INFO - DAG(s) dict_keys(['python_operator_w_xcom']) retrieved from /opt/airflow/dags/python_oper_w_xcom.py
[2023-08-13T00:03:41.301+0000] {logging_mixin.py:150} INFO - [2023-08-13T00:03:41.301+0000] {dag.py:2742} INFO - Sync 1 DAGs
[2023-08-13T00:03:41.317+0000] {logging_mixin.py:150} INFO - [2023-08-13T00:03:41.317+0000] {dag.py:3508} INFO - Setting next_dagrun for python_operator_w_xcom to 2023-08-08T00:00:00+00:00, run_after=2023-08-09T00:00:00+00:00
[2023-08-13T00:03:41.328+0000] {processor.py:179} INFO - Processing /opt/airflow/dags/python_oper_w_xcom.py took 0.065 seconds
[2023-08-13T00:04:11.787+0000] {processor.py:157} INFO - Started process (PID=88067) to work on /opt/airflow/dags/python_oper_w_xcom.py
[2023-08-13T00:04:11.788+0000] {processor.py:826} INFO - Processing file /opt/airflow/dags/python_oper_w_xcom.py for tasks to queue
[2023-08-13T00:04:11.789+0000] {logging_mixin.py:150} INFO - [2023-08-13T00:04:11.789+0000] {dagbag.py:541} INFO - Filling up the DagBag from /opt/airflow/dags/python_oper_w_xcom.py
[2023-08-13T00:04:11.798+0000] {processor.py:836} INFO - DAG(s) dict_keys(['python_operator_w_xcom']) retrieved from /opt/airflow/dags/python_oper_w_xcom.py
[2023-08-13T00:04:11.821+0000] {logging_mixin.py:150} INFO - [2023-08-13T00:04:11.821+0000] {dag.py:2742} INFO - Sync 1 DAGs
[2023-08-13T00:04:11.837+0000] {logging_mixin.py:150} INFO - [2023-08-13T00:04:11.837+0000] {dag.py:3508} INFO - Setting next_dagrun for python_operator_w_xcom to 2023-08-08T00:00:00+00:00, run_after=2023-08-09T00:00:00+00:00
[2023-08-13T00:04:11.847+0000] {processor.py:179} INFO - Processing /opt/airflow/dags/python_oper_w_xcom.py took 0.063 seconds
[2023-08-13T00:21:17.324+0000] {processor.py:157} INFO - Started process (PID=88094) to work on /opt/airflow/dags/python_oper_w_xcom.py
[2023-08-13T00:21:17.326+0000] {processor.py:826} INFO - Processing file /opt/airflow/dags/python_oper_w_xcom.py for tasks to queue
[2023-08-13T00:21:17.327+0000] {logging_mixin.py:150} INFO - [2023-08-13T00:21:17.327+0000] {dagbag.py:541} INFO - Filling up the DagBag from /opt/airflow/dags/python_oper_w_xcom.py
[2023-08-13T00:21:17.347+0000] {processor.py:836} INFO - DAG(s) dict_keys(['python_operator_w_xcom']) retrieved from /opt/airflow/dags/python_oper_w_xcom.py
[2023-08-13T00:21:17.373+0000] {logging_mixin.py:150} INFO - [2023-08-13T00:21:17.372+0000] {dag.py:2742} INFO - Sync 1 DAGs
[2023-08-13T00:21:17.391+0000] {logging_mixin.py:150} INFO - [2023-08-13T00:21:17.391+0000] {dag.py:3508} INFO - Setting next_dagrun for python_operator_w_xcom to 2023-08-08T00:00:00+00:00, run_after=2023-08-09T00:00:00+00:00
[2023-08-13T00:21:17.401+0000] {processor.py:179} INFO - Processing /opt/airflow/dags/python_oper_w_xcom.py took 0.082 seconds
[2023-08-13T00:39:22.083+0000] {processor.py:157} INFO - Started process (PID=88121) to work on /opt/airflow/dags/python_oper_w_xcom.py
[2023-08-13T00:39:22.085+0000] {processor.py:826} INFO - Processing file /opt/airflow/dags/python_oper_w_xcom.py for tasks to queue
[2023-08-13T00:39:22.087+0000] {logging_mixin.py:150} INFO - [2023-08-13T00:39:22.086+0000] {dagbag.py:541} INFO - Filling up the DagBag from /opt/airflow/dags/python_oper_w_xcom.py
[2023-08-13T00:39:22.119+0000] {processor.py:836} INFO - DAG(s) dict_keys(['python_operator_w_xcom']) retrieved from /opt/airflow/dags/python_oper_w_xcom.py
[2023-08-13T00:39:22.153+0000] {logging_mixin.py:150} INFO - [2023-08-13T00:39:22.153+0000] {dag.py:2742} INFO - Sync 1 DAGs
[2023-08-13T00:39:22.172+0000] {logging_mixin.py:150} INFO - [2023-08-13T00:39:22.172+0000] {dag.py:3508} INFO - Setting next_dagrun for python_operator_w_xcom to 2023-08-08T00:00:00+00:00, run_after=2023-08-09T00:00:00+00:00
[2023-08-13T00:39:22.187+0000] {processor.py:179} INFO - Processing /opt/airflow/dags/python_oper_w_xcom.py took 0.111 seconds
[2023-08-13T00:39:52.836+0000] {processor.py:157} INFO - Started process (PID=88150) to work on /opt/airflow/dags/python_oper_w_xcom.py
[2023-08-13T00:39:52.837+0000] {processor.py:826} INFO - Processing file /opt/airflow/dags/python_oper_w_xcom.py for tasks to queue
[2023-08-13T00:39:52.838+0000] {logging_mixin.py:150} INFO - [2023-08-13T00:39:52.838+0000] {dagbag.py:541} INFO - Filling up the DagBag from /opt/airflow/dags/python_oper_w_xcom.py
[2023-08-13T00:39:52.848+0000] {processor.py:836} INFO - DAG(s) dict_keys(['python_operator_w_xcom']) retrieved from /opt/airflow/dags/python_oper_w_xcom.py
[2023-08-13T00:39:52.871+0000] {logging_mixin.py:150} INFO - [2023-08-13T00:39:52.871+0000] {dag.py:2742} INFO - Sync 1 DAGs
[2023-08-13T00:39:52.889+0000] {logging_mixin.py:150} INFO - [2023-08-13T00:39:52.888+0000] {dag.py:3508} INFO - Setting next_dagrun for python_operator_w_xcom to 2023-08-08T00:00:00+00:00, run_after=2023-08-09T00:00:00+00:00
[2023-08-13T00:39:52.900+0000] {processor.py:179} INFO - Processing /opt/airflow/dags/python_oper_w_xcom.py took 0.067 seconds
[2023-08-13T00:57:25.550+0000] {processor.py:157} INFO - Started process (PID=88179) to work on /opt/airflow/dags/python_oper_w_xcom.py
[2023-08-13T00:57:25.552+0000] {processor.py:826} INFO - Processing file /opt/airflow/dags/python_oper_w_xcom.py for tasks to queue
[2023-08-13T00:57:25.553+0000] {logging_mixin.py:150} INFO - [2023-08-13T00:57:25.552+0000] {dagbag.py:541} INFO - Filling up the DagBag from /opt/airflow/dags/python_oper_w_xcom.py
[2023-08-13T00:57:25.562+0000] {processor.py:836} INFO - DAG(s) dict_keys(['python_operator_w_xcom']) retrieved from /opt/airflow/dags/python_oper_w_xcom.py
[2023-08-13T00:57:25.586+0000] {logging_mixin.py:150} INFO - [2023-08-13T00:57:25.585+0000] {dag.py:2742} INFO - Sync 1 DAGs
[2023-08-13T00:57:25.602+0000] {logging_mixin.py:150} INFO - [2023-08-13T00:57:25.601+0000] {dag.py:3508} INFO - Setting next_dagrun for python_operator_w_xcom to 2023-08-08T00:00:00+00:00, run_after=2023-08-09T00:00:00+00:00
[2023-08-13T00:57:25.613+0000] {processor.py:179} INFO - Processing /opt/airflow/dags/python_oper_w_xcom.py took 0.066 seconds
[2023-08-13T01:13:52.163+0000] {processor.py:157} INFO - Started process (PID=88204) to work on /opt/airflow/dags/python_oper_w_xcom.py
[2023-08-13T01:13:52.168+0000] {processor.py:826} INFO - Processing file /opt/airflow/dags/python_oper_w_xcom.py for tasks to queue
[2023-08-13T01:13:52.173+0000] {logging_mixin.py:150} INFO - [2023-08-13T01:13:52.171+0000] {dagbag.py:541} INFO - Filling up the DagBag from /opt/airflow/dags/python_oper_w_xcom.py
[2023-08-13T01:13:52.203+0000] {processor.py:836} INFO - DAG(s) dict_keys(['python_operator_w_xcom']) retrieved from /opt/airflow/dags/python_oper_w_xcom.py
[2023-08-13T01:13:52.265+0000] {logging_mixin.py:150} INFO - [2023-08-13T01:13:52.265+0000] {dag.py:2742} INFO - Sync 1 DAGs
[2023-08-13T01:13:52.287+0000] {logging_mixin.py:150} INFO - [2023-08-13T01:13:52.287+0000] {dag.py:3508} INFO - Setting next_dagrun for python_operator_w_xcom to 2023-08-08T00:00:00+00:00, run_after=2023-08-09T00:00:00+00:00
[2023-08-13T01:13:52.305+0000] {processor.py:179} INFO - Processing /opt/airflow/dags/python_oper_w_xcom.py took 0.148 seconds
[2023-08-13T01:14:22.808+0000] {processor.py:157} INFO - Started process (PID=88231) to work on /opt/airflow/dags/python_oper_w_xcom.py
[2023-08-13T01:14:22.809+0000] {processor.py:826} INFO - Processing file /opt/airflow/dags/python_oper_w_xcom.py for tasks to queue
[2023-08-13T01:14:22.810+0000] {logging_mixin.py:150} INFO - [2023-08-13T01:14:22.810+0000] {dagbag.py:541} INFO - Filling up the DagBag from /opt/airflow/dags/python_oper_w_xcom.py
[2023-08-13T01:14:22.820+0000] {processor.py:836} INFO - DAG(s) dict_keys(['python_operator_w_xcom']) retrieved from /opt/airflow/dags/python_oper_w_xcom.py
[2023-08-13T01:14:22.842+0000] {logging_mixin.py:150} INFO - [2023-08-13T01:14:22.842+0000] {dag.py:2742} INFO - Sync 1 DAGs
[2023-08-13T01:14:22.858+0000] {logging_mixin.py:150} INFO - [2023-08-13T01:14:22.858+0000] {dag.py:3508} INFO - Setting next_dagrun for python_operator_w_xcom to 2023-08-08T00:00:00+00:00, run_after=2023-08-09T00:00:00+00:00
[2023-08-13T01:14:22.869+0000] {processor.py:179} INFO - Processing /opt/airflow/dags/python_oper_w_xcom.py took 0.063 seconds
[2023-08-13T01:30:08.226+0000] {processor.py:157} INFO - Started process (PID=88258) to work on /opt/airflow/dags/python_oper_w_xcom.py
[2023-08-13T01:30:08.227+0000] {processor.py:826} INFO - Processing file /opt/airflow/dags/python_oper_w_xcom.py for tasks to queue
[2023-08-13T01:30:08.228+0000] {logging_mixin.py:150} INFO - [2023-08-13T01:30:08.228+0000] {dagbag.py:541} INFO - Filling up the DagBag from /opt/airflow/dags/python_oper_w_xcom.py
[2023-08-13T01:30:08.239+0000] {processor.py:836} INFO - DAG(s) dict_keys(['python_operator_w_xcom']) retrieved from /opt/airflow/dags/python_oper_w_xcom.py
[2023-08-13T01:30:08.264+0000] {logging_mixin.py:150} INFO - [2023-08-13T01:30:08.264+0000] {dag.py:2742} INFO - Sync 1 DAGs
[2023-08-13T01:30:08.282+0000] {logging_mixin.py:150} INFO - [2023-08-13T01:30:08.281+0000] {dag.py:3508} INFO - Setting next_dagrun for python_operator_w_xcom to 2023-08-08T00:00:00+00:00, run_after=2023-08-09T00:00:00+00:00
[2023-08-13T01:30:08.293+0000] {processor.py:179} INFO - Processing /opt/airflow/dags/python_oper_w_xcom.py took 0.071 seconds
[2023-08-13T01:30:38.913+0000] {processor.py:157} INFO - Started process (PID=88287) to work on /opt/airflow/dags/python_oper_w_xcom.py
[2023-08-13T01:30:38.915+0000] {processor.py:826} INFO - Processing file /opt/airflow/dags/python_oper_w_xcom.py for tasks to queue
[2023-08-13T01:30:38.915+0000] {logging_mixin.py:150} INFO - [2023-08-13T01:30:38.915+0000] {dagbag.py:541} INFO - Filling up the DagBag from /opt/airflow/dags/python_oper_w_xcom.py
[2023-08-13T01:30:38.925+0000] {processor.py:836} INFO - DAG(s) dict_keys(['python_operator_w_xcom']) retrieved from /opt/airflow/dags/python_oper_w_xcom.py
[2023-08-13T01:30:38.947+0000] {logging_mixin.py:150} INFO - [2023-08-13T01:30:38.947+0000] {dag.py:2742} INFO - Sync 1 DAGs
[2023-08-13T01:30:38.963+0000] {logging_mixin.py:150} INFO - [2023-08-13T01:30:38.963+0000] {dag.py:3508} INFO - Setting next_dagrun for python_operator_w_xcom to 2023-08-08T00:00:00+00:00, run_after=2023-08-09T00:00:00+00:00
[2023-08-13T01:30:38.974+0000] {processor.py:179} INFO - Processing /opt/airflow/dags/python_oper_w_xcom.py took 0.063 seconds
[2023-08-13T01:49:00.713+0000] {processor.py:157} INFO - Started process (PID=88314) to work on /opt/airflow/dags/python_oper_w_xcom.py
[2023-08-13T01:49:00.715+0000] {processor.py:826} INFO - Processing file /opt/airflow/dags/python_oper_w_xcom.py for tasks to queue
[2023-08-13T01:49:00.716+0000] {logging_mixin.py:150} INFO - [2023-08-13T01:49:00.715+0000] {dagbag.py:541} INFO - Filling up the DagBag from /opt/airflow/dags/python_oper_w_xcom.py
[2023-08-13T01:49:00.726+0000] {processor.py:836} INFO - DAG(s) dict_keys(['python_operator_w_xcom']) retrieved from /opt/airflow/dags/python_oper_w_xcom.py
[2023-08-13T01:49:00.748+0000] {logging_mixin.py:150} INFO - [2023-08-13T01:49:00.748+0000] {dag.py:2742} INFO - Sync 1 DAGs
[2023-08-13T01:49:00.765+0000] {logging_mixin.py:150} INFO - [2023-08-13T01:49:00.765+0000] {dag.py:3508} INFO - Setting next_dagrun for python_operator_w_xcom to 2023-08-08T00:00:00+00:00, run_after=2023-08-09T00:00:00+00:00
[2023-08-13T01:49:00.776+0000] {processor.py:179} INFO - Processing /opt/airflow/dags/python_oper_w_xcom.py took 0.066 seconds
[2023-08-13T01:49:31.599+0000] {processor.py:157} INFO - Started process (PID=88341) to work on /opt/airflow/dags/python_oper_w_xcom.py
[2023-08-13T01:49:31.650+0000] {processor.py:826} INFO - Processing file /opt/airflow/dags/python_oper_w_xcom.py for tasks to queue
[2023-08-13T01:49:31.652+0000] {logging_mixin.py:150} INFO - [2023-08-13T01:49:31.652+0000] {dagbag.py:541} INFO - Filling up the DagBag from /opt/airflow/dags/python_oper_w_xcom.py
[2023-08-13T01:49:31.672+0000] {processor.py:836} INFO - DAG(s) dict_keys(['python_operator_w_xcom']) retrieved from /opt/airflow/dags/python_oper_w_xcom.py
[2023-08-13T01:49:31.730+0000] {logging_mixin.py:150} INFO - [2023-08-13T01:49:31.729+0000] {dag.py:2742} INFO - Sync 1 DAGs
[2023-08-13T01:49:31.750+0000] {logging_mixin.py:150} INFO - [2023-08-13T01:49:31.750+0000] {dag.py:3508} INFO - Setting next_dagrun for python_operator_w_xcom to 2023-08-08T00:00:00+00:00, run_after=2023-08-09T00:00:00+00:00
[2023-08-13T01:49:31.765+0000] {processor.py:179} INFO - Processing /opt/airflow/dags/python_oper_w_xcom.py took 0.174 seconds
[2023-08-13T02:06:19.354+0000] {processor.py:157} INFO - Started process (PID=88368) to work on /opt/airflow/dags/python_oper_w_xcom.py
[2023-08-13T02:06:19.355+0000] {processor.py:826} INFO - Processing file /opt/airflow/dags/python_oper_w_xcom.py for tasks to queue
[2023-08-13T02:06:19.356+0000] {logging_mixin.py:150} INFO - [2023-08-13T02:06:19.356+0000] {dagbag.py:541} INFO - Filling up the DagBag from /opt/airflow/dags/python_oper_w_xcom.py
[2023-08-13T02:06:19.371+0000] {processor.py:836} INFO - DAG(s) dict_keys(['python_operator_w_xcom']) retrieved from /opt/airflow/dags/python_oper_w_xcom.py
[2023-08-13T02:06:19.405+0000] {logging_mixin.py:150} INFO - [2023-08-13T02:06:19.405+0000] {dag.py:2742} INFO - Sync 1 DAGs
[2023-08-13T02:06:19.434+0000] {logging_mixin.py:150} INFO - [2023-08-13T02:06:19.434+0000] {dag.py:3508} INFO - Setting next_dagrun for python_operator_w_xcom to 2023-08-08T00:00:00+00:00, run_after=2023-08-09T00:00:00+00:00
[2023-08-13T02:06:19.468+0000] {processor.py:179} INFO - Processing /opt/airflow/dags/python_oper_w_xcom.py took 0.119 seconds
[2023-08-13T02:22:12.015+0000] {processor.py:157} INFO - Started process (PID=88395) to work on /opt/airflow/dags/python_oper_w_xcom.py
[2023-08-13T02:22:12.017+0000] {processor.py:826} INFO - Processing file /opt/airflow/dags/python_oper_w_xcom.py for tasks to queue
[2023-08-13T02:22:12.019+0000] {logging_mixin.py:150} INFO - [2023-08-13T02:22:12.018+0000] {dagbag.py:541} INFO - Filling up the DagBag from /opt/airflow/dags/python_oper_w_xcom.py
[2023-08-13T02:22:12.042+0000] {processor.py:836} INFO - DAG(s) dict_keys(['python_operator_w_xcom']) retrieved from /opt/airflow/dags/python_oper_w_xcom.py
[2023-08-13T02:22:12.080+0000] {logging_mixin.py:150} INFO - [2023-08-13T02:22:12.080+0000] {dag.py:2742} INFO - Sync 1 DAGs
[2023-08-13T02:22:12.112+0000] {logging_mixin.py:150} INFO - [2023-08-13T02:22:12.112+0000] {dag.py:3508} INFO - Setting next_dagrun for python_operator_w_xcom to 2023-08-08T00:00:00+00:00, run_after=2023-08-09T00:00:00+00:00
[2023-08-13T02:22:12.149+0000] {processor.py:179} INFO - Processing /opt/airflow/dags/python_oper_w_xcom.py took 0.138 seconds
[2023-08-13T02:22:42.729+0000] {processor.py:157} INFO - Started process (PID=88422) to work on /opt/airflow/dags/python_oper_w_xcom.py
[2023-08-13T02:22:42.730+0000] {processor.py:826} INFO - Processing file /opt/airflow/dags/python_oper_w_xcom.py for tasks to queue
[2023-08-13T02:22:42.731+0000] {logging_mixin.py:150} INFO - [2023-08-13T02:22:42.731+0000] {dagbag.py:541} INFO - Filling up the DagBag from /opt/airflow/dags/python_oper_w_xcom.py
[2023-08-13T02:22:42.740+0000] {processor.py:836} INFO - DAG(s) dict_keys(['python_operator_w_xcom']) retrieved from /opt/airflow/dags/python_oper_w_xcom.py
[2023-08-13T02:22:42.763+0000] {logging_mixin.py:150} INFO - [2023-08-13T02:22:42.763+0000] {dag.py:2742} INFO - Sync 1 DAGs
[2023-08-13T02:22:42.779+0000] {logging_mixin.py:150} INFO - [2023-08-13T02:22:42.779+0000] {dag.py:3508} INFO - Setting next_dagrun for python_operator_w_xcom to 2023-08-08T00:00:00+00:00, run_after=2023-08-09T00:00:00+00:00
[2023-08-13T02:22:42.790+0000] {processor.py:179} INFO - Processing /opt/airflow/dags/python_oper_w_xcom.py took 0.064 seconds
[2023-08-13T02:24:23.040+0000] {processor.py:157} INFO - Started process (PID=88451) to work on /opt/airflow/dags/python_oper_w_xcom.py
[2023-08-13T02:24:23.041+0000] {processor.py:826} INFO - Processing file /opt/airflow/dags/python_oper_w_xcom.py for tasks to queue
[2023-08-13T02:24:23.042+0000] {logging_mixin.py:150} INFO - [2023-08-13T02:24:23.042+0000] {dagbag.py:541} INFO - Filling up the DagBag from /opt/airflow/dags/python_oper_w_xcom.py
[2023-08-13T02:24:23.053+0000] {processor.py:836} INFO - DAG(s) dict_keys(['python_operator_w_xcom']) retrieved from /opt/airflow/dags/python_oper_w_xcom.py
[2023-08-13T02:24:23.076+0000] {logging_mixin.py:150} INFO - [2023-08-13T02:24:23.076+0000] {dag.py:2742} INFO - Sync 1 DAGs
[2023-08-13T02:24:23.092+0000] {logging_mixin.py:150} INFO - [2023-08-13T02:24:23.092+0000] {dag.py:3508} INFO - Setting next_dagrun for python_operator_w_xcom to 2023-08-08T00:00:00+00:00, run_after=2023-08-09T00:00:00+00:00
[2023-08-13T02:24:23.104+0000] {processor.py:179} INFO - Processing /opt/airflow/dags/python_oper_w_xcom.py took 0.068 seconds
[2023-08-13T02:41:16.061+0000] {processor.py:157} INFO - Started process (PID=88475) to work on /opt/airflow/dags/python_oper_w_xcom.py
[2023-08-13T02:41:16.064+0000] {processor.py:826} INFO - Processing file /opt/airflow/dags/python_oper_w_xcom.py for tasks to queue
[2023-08-13T02:41:16.065+0000] {logging_mixin.py:150} INFO - [2023-08-13T02:41:16.065+0000] {dagbag.py:541} INFO - Filling up the DagBag from /opt/airflow/dags/python_oper_w_xcom.py
[2023-08-13T02:41:16.096+0000] {processor.py:836} INFO - DAG(s) dict_keys(['python_operator_w_xcom']) retrieved from /opt/airflow/dags/python_oper_w_xcom.py
[2023-08-13T02:41:16.150+0000] {logging_mixin.py:150} INFO - [2023-08-13T02:41:16.150+0000] {dag.py:2742} INFO - Sync 1 DAGs
[2023-08-13T02:41:16.179+0000] {logging_mixin.py:150} INFO - [2023-08-13T02:41:16.178+0000] {dag.py:3508} INFO - Setting next_dagrun for python_operator_w_xcom to 2023-08-08T00:00:00+00:00, run_after=2023-08-09T00:00:00+00:00
[2023-08-13T02:41:16.208+0000] {processor.py:179} INFO - Processing /opt/airflow/dags/python_oper_w_xcom.py took 0.155 seconds
[2023-08-13T02:41:46.943+0000] {processor.py:157} INFO - Started process (PID=88505) to work on /opt/airflow/dags/python_oper_w_xcom.py
[2023-08-13T02:41:46.944+0000] {processor.py:826} INFO - Processing file /opt/airflow/dags/python_oper_w_xcom.py for tasks to queue
[2023-08-13T02:41:46.945+0000] {logging_mixin.py:150} INFO - [2023-08-13T02:41:46.945+0000] {dagbag.py:541} INFO - Filling up the DagBag from /opt/airflow/dags/python_oper_w_xcom.py
[2023-08-13T02:41:46.955+0000] {processor.py:836} INFO - DAG(s) dict_keys(['python_operator_w_xcom']) retrieved from /opt/airflow/dags/python_oper_w_xcom.py
[2023-08-13T02:41:46.977+0000] {logging_mixin.py:150} INFO - [2023-08-13T02:41:46.977+0000] {dag.py:2742} INFO - Sync 1 DAGs
[2023-08-13T02:41:46.993+0000] {logging_mixin.py:150} INFO - [2023-08-13T02:41:46.993+0000] {dag.py:3508} INFO - Setting next_dagrun for python_operator_w_xcom to 2023-08-08T00:00:00+00:00, run_after=2023-08-09T00:00:00+00:00
[2023-08-13T02:41:47.004+0000] {processor.py:179} INFO - Processing /opt/airflow/dags/python_oper_w_xcom.py took 0.063 seconds
[2023-08-13T02:57:56.810+0000] {processor.py:157} INFO - Started process (PID=88534) to work on /opt/airflow/dags/python_oper_w_xcom.py
[2023-08-13T02:57:56.813+0000] {processor.py:826} INFO - Processing file /opt/airflow/dags/python_oper_w_xcom.py for tasks to queue
[2023-08-13T02:57:56.815+0000] {logging_mixin.py:150} INFO - [2023-08-13T02:57:56.814+0000] {dagbag.py:541} INFO - Filling up the DagBag from /opt/airflow/dags/python_oper_w_xcom.py
[2023-08-13T02:57:56.835+0000] {processor.py:836} INFO - DAG(s) dict_keys(['python_operator_w_xcom']) retrieved from /opt/airflow/dags/python_oper_w_xcom.py
[2023-08-13T02:57:56.873+0000] {logging_mixin.py:150} INFO - [2023-08-13T02:57:56.873+0000] {dag.py:2742} INFO - Sync 1 DAGs
[2023-08-13T02:57:56.899+0000] {logging_mixin.py:150} INFO - [2023-08-13T02:57:56.899+0000] {dag.py:3508} INFO - Setting next_dagrun for python_operator_w_xcom to 2023-08-08T00:00:00+00:00, run_after=2023-08-09T00:00:00+00:00
[2023-08-13T02:57:56.913+0000] {processor.py:179} INFO - Processing /opt/airflow/dags/python_oper_w_xcom.py took 0.110 seconds
[2023-08-13T03:14:37.041+0000] {processor.py:157} INFO - Started process (PID=88559) to work on /opt/airflow/dags/python_oper_w_xcom.py
[2023-08-13T03:14:37.043+0000] {processor.py:826} INFO - Processing file /opt/airflow/dags/python_oper_w_xcom.py for tasks to queue
[2023-08-13T03:14:37.044+0000] {logging_mixin.py:150} INFO - [2023-08-13T03:14:37.044+0000] {dagbag.py:541} INFO - Filling up the DagBag from /opt/airflow/dags/python_oper_w_xcom.py
[2023-08-13T03:14:37.059+0000] {processor.py:836} INFO - DAG(s) dict_keys(['python_operator_w_xcom']) retrieved from /opt/airflow/dags/python_oper_w_xcom.py
[2023-08-13T03:14:37.090+0000] {logging_mixin.py:150} INFO - [2023-08-13T03:14:37.090+0000] {dag.py:2742} INFO - Sync 1 DAGs
[2023-08-13T03:14:37.113+0000] {logging_mixin.py:150} INFO - [2023-08-13T03:14:37.113+0000] {dag.py:3508} INFO - Setting next_dagrun for python_operator_w_xcom to 2023-08-08T00:00:00+00:00, run_after=2023-08-09T00:00:00+00:00
[2023-08-13T03:14:37.133+0000] {processor.py:179} INFO - Processing /opt/airflow/dags/python_oper_w_xcom.py took 0.096 seconds
[2023-08-13T03:15:07.786+0000] {processor.py:157} INFO - Started process (PID=88588) to work on /opt/airflow/dags/python_oper_w_xcom.py
[2023-08-13T03:15:07.787+0000] {processor.py:826} INFO - Processing file /opt/airflow/dags/python_oper_w_xcom.py for tasks to queue
[2023-08-13T03:15:07.788+0000] {logging_mixin.py:150} INFO - [2023-08-13T03:15:07.788+0000] {dagbag.py:541} INFO - Filling up the DagBag from /opt/airflow/dags/python_oper_w_xcom.py
[2023-08-13T03:15:07.797+0000] {processor.py:836} INFO - DAG(s) dict_keys(['python_operator_w_xcom']) retrieved from /opt/airflow/dags/python_oper_w_xcom.py
[2023-08-13T03:15:07.819+0000] {logging_mixin.py:150} INFO - [2023-08-13T03:15:07.819+0000] {dag.py:2742} INFO - Sync 1 DAGs
[2023-08-13T03:15:07.835+0000] {logging_mixin.py:150} INFO - [2023-08-13T03:15:07.835+0000] {dag.py:3508} INFO - Setting next_dagrun for python_operator_w_xcom to 2023-08-08T00:00:00+00:00, run_after=2023-08-09T00:00:00+00:00
[2023-08-13T03:15:07.845+0000] {processor.py:179} INFO - Processing /opt/airflow/dags/python_oper_w_xcom.py took 0.062 seconds
[2023-08-13T03:32:06.119+0000] {processor.py:157} INFO - Started process (PID=88613) to work on /opt/airflow/dags/python_oper_w_xcom.py
[2023-08-13T03:32:06.121+0000] {processor.py:826} INFO - Processing file /opt/airflow/dags/python_oper_w_xcom.py for tasks to queue
[2023-08-13T03:32:06.122+0000] {logging_mixin.py:150} INFO - [2023-08-13T03:32:06.122+0000] {dagbag.py:541} INFO - Filling up the DagBag from /opt/airflow/dags/python_oper_w_xcom.py
[2023-08-13T03:32:06.134+0000] {processor.py:836} INFO - DAG(s) dict_keys(['python_operator_w_xcom']) retrieved from /opt/airflow/dags/python_oper_w_xcom.py
[2023-08-13T03:32:06.189+0000] {logging_mixin.py:150} INFO - [2023-08-13T03:32:06.189+0000] {dag.py:2742} INFO - Sync 1 DAGs
[2023-08-13T03:32:06.224+0000] {logging_mixin.py:150} INFO - [2023-08-13T03:32:06.224+0000] {dag.py:3508} INFO - Setting next_dagrun for python_operator_w_xcom to 2023-08-08T00:00:00+00:00, run_after=2023-08-09T00:00:00+00:00
[2023-08-13T03:32:06.251+0000] {processor.py:179} INFO - Processing /opt/airflow/dags/python_oper_w_xcom.py took 0.135 seconds
[2023-08-13T03:32:36.824+0000] {processor.py:157} INFO - Started process (PID=88642) to work on /opt/airflow/dags/python_oper_w_xcom.py
[2023-08-13T03:32:36.825+0000] {processor.py:826} INFO - Processing file /opt/airflow/dags/python_oper_w_xcom.py for tasks to queue
[2023-08-13T03:32:36.826+0000] {logging_mixin.py:150} INFO - [2023-08-13T03:32:36.826+0000] {dagbag.py:541} INFO - Filling up the DagBag from /opt/airflow/dags/python_oper_w_xcom.py
[2023-08-13T03:32:36.836+0000] {processor.py:836} INFO - DAG(s) dict_keys(['python_operator_w_xcom']) retrieved from /opt/airflow/dags/python_oper_w_xcom.py
[2023-08-13T03:32:36.859+0000] {logging_mixin.py:150} INFO - [2023-08-13T03:32:36.859+0000] {dag.py:2742} INFO - Sync 1 DAGs
[2023-08-13T03:32:36.876+0000] {logging_mixin.py:150} INFO - [2023-08-13T03:32:36.876+0000] {dag.py:3508} INFO - Setting next_dagrun for python_operator_w_xcom to 2023-08-08T00:00:00+00:00, run_after=2023-08-09T00:00:00+00:00
[2023-08-13T03:32:36.886+0000] {processor.py:179} INFO - Processing /opt/airflow/dags/python_oper_w_xcom.py took 0.065 seconds
[2023-08-13T03:49:19.553+0000] {processor.py:157} INFO - Started process (PID=88668) to work on /opt/airflow/dags/python_oper_w_xcom.py
[2023-08-13T03:49:19.555+0000] {processor.py:826} INFO - Processing file /opt/airflow/dags/python_oper_w_xcom.py for tasks to queue
[2023-08-13T03:49:19.556+0000] {logging_mixin.py:150} INFO - [2023-08-13T03:49:19.555+0000] {dagbag.py:541} INFO - Filling up the DagBag from /opt/airflow/dags/python_oper_w_xcom.py
[2023-08-13T03:49:19.566+0000] {processor.py:836} INFO - DAG(s) dict_keys(['python_operator_w_xcom']) retrieved from /opt/airflow/dags/python_oper_w_xcom.py
[2023-08-13T03:49:19.589+0000] {logging_mixin.py:150} INFO - [2023-08-13T03:49:19.589+0000] {dag.py:2742} INFO - Sync 1 DAGs
[2023-08-13T03:49:19.605+0000] {logging_mixin.py:150} INFO - [2023-08-13T03:49:19.605+0000] {dag.py:3508} INFO - Setting next_dagrun for python_operator_w_xcom to 2023-08-08T00:00:00+00:00, run_after=2023-08-09T00:00:00+00:00
[2023-08-13T03:49:19.616+0000] {processor.py:179} INFO - Processing /opt/airflow/dags/python_oper_w_xcom.py took 0.065 seconds
[2023-08-13T03:49:50.206+0000] {processor.py:157} INFO - Started process (PID=88695) to work on /opt/airflow/dags/python_oper_w_xcom.py
[2023-08-13T03:49:50.207+0000] {processor.py:826} INFO - Processing file /opt/airflow/dags/python_oper_w_xcom.py for tasks to queue
[2023-08-13T03:49:50.208+0000] {logging_mixin.py:150} INFO - [2023-08-13T03:49:50.208+0000] {dagbag.py:541} INFO - Filling up the DagBag from /opt/airflow/dags/python_oper_w_xcom.py
[2023-08-13T03:49:50.218+0000] {processor.py:836} INFO - DAG(s) dict_keys(['python_operator_w_xcom']) retrieved from /opt/airflow/dags/python_oper_w_xcom.py
[2023-08-13T03:49:50.240+0000] {logging_mixin.py:150} INFO - [2023-08-13T03:49:50.240+0000] {dag.py:2742} INFO - Sync 1 DAGs
[2023-08-13T03:49:50.257+0000] {logging_mixin.py:150} INFO - [2023-08-13T03:49:50.257+0000] {dag.py:3508} INFO - Setting next_dagrun for python_operator_w_xcom to 2023-08-08T00:00:00+00:00, run_after=2023-08-09T00:00:00+00:00
[2023-08-13T03:49:50.268+0000] {processor.py:179} INFO - Processing /opt/airflow/dags/python_oper_w_xcom.py took 0.066 seconds
[2023-08-13T04:07:58.245+0000] {processor.py:157} INFO - Started process (PID=88724) to work on /opt/airflow/dags/python_oper_w_xcom.py
[2023-08-13T04:07:58.247+0000] {processor.py:826} INFO - Processing file /opt/airflow/dags/python_oper_w_xcom.py for tasks to queue
[2023-08-13T04:07:58.248+0000] {logging_mixin.py:150} INFO - [2023-08-13T04:07:58.248+0000] {dagbag.py:541} INFO - Filling up the DagBag from /opt/airflow/dags/python_oper_w_xcom.py
[2023-08-13T04:07:58.258+0000] {processor.py:836} INFO - DAG(s) dict_keys(['python_operator_w_xcom']) retrieved from /opt/airflow/dags/python_oper_w_xcom.py
[2023-08-13T04:07:58.283+0000] {logging_mixin.py:150} INFO - [2023-08-13T04:07:58.283+0000] {dag.py:2742} INFO - Sync 1 DAGs
[2023-08-13T04:07:58.309+0000] {logging_mixin.py:150} INFO - [2023-08-13T04:07:58.309+0000] {dag.py:3508} INFO - Setting next_dagrun for python_operator_w_xcom to 2023-08-08T00:00:00+00:00, run_after=2023-08-09T00:00:00+00:00
[2023-08-13T04:07:58.327+0000] {processor.py:179} INFO - Processing /opt/airflow/dags/python_oper_w_xcom.py took 0.085 seconds
[2023-08-13T04:24:13.063+0000] {processor.py:157} INFO - Started process (PID=88749) to work on /opt/airflow/dags/python_oper_w_xcom.py
[2023-08-13T04:24:13.069+0000] {processor.py:826} INFO - Processing file /opt/airflow/dags/python_oper_w_xcom.py for tasks to queue
[2023-08-13T04:24:13.070+0000] {logging_mixin.py:150} INFO - [2023-08-13T04:24:13.070+0000] {dagbag.py:541} INFO - Filling up the DagBag from /opt/airflow/dags/python_oper_w_xcom.py
[2023-08-13T04:24:13.093+0000] {processor.py:836} INFO - DAG(s) dict_keys(['python_operator_w_xcom']) retrieved from /opt/airflow/dags/python_oper_w_xcom.py
[2023-08-13T04:24:13.136+0000] {logging_mixin.py:150} INFO - [2023-08-13T04:24:13.136+0000] {dag.py:2742} INFO - Sync 1 DAGs
[2023-08-13T04:24:13.155+0000] {logging_mixin.py:150} INFO - [2023-08-13T04:24:13.154+0000] {dag.py:3508} INFO - Setting next_dagrun for python_operator_w_xcom to 2023-08-08T00:00:00+00:00, run_after=2023-08-09T00:00:00+00:00
[2023-08-13T04:24:13.166+0000] {processor.py:179} INFO - Processing /opt/airflow/dags/python_oper_w_xcom.py took 0.108 seconds
[2023-08-13T04:24:43.745+0000] {processor.py:157} INFO - Started process (PID=88778) to work on /opt/airflow/dags/python_oper_w_xcom.py
[2023-08-13T04:24:43.746+0000] {processor.py:826} INFO - Processing file /opt/airflow/dags/python_oper_w_xcom.py for tasks to queue
[2023-08-13T04:24:43.747+0000] {logging_mixin.py:150} INFO - [2023-08-13T04:24:43.747+0000] {dagbag.py:541} INFO - Filling up the DagBag from /opt/airflow/dags/python_oper_w_xcom.py
[2023-08-13T04:24:43.757+0000] {processor.py:836} INFO - DAG(s) dict_keys(['python_operator_w_xcom']) retrieved from /opt/airflow/dags/python_oper_w_xcom.py
[2023-08-13T04:24:43.779+0000] {logging_mixin.py:150} INFO - [2023-08-13T04:24:43.779+0000] {dag.py:2742} INFO - Sync 1 DAGs
[2023-08-13T04:24:43.796+0000] {logging_mixin.py:150} INFO - [2023-08-13T04:24:43.796+0000] {dag.py:3508} INFO - Setting next_dagrun for python_operator_w_xcom to 2023-08-08T00:00:00+00:00, run_after=2023-08-09T00:00:00+00:00
[2023-08-13T04:24:43.807+0000] {processor.py:179} INFO - Processing /opt/airflow/dags/python_oper_w_xcom.py took 0.064 seconds
[2023-08-13T04:41:33.217+0000] {processor.py:157} INFO - Started process (PID=88805) to work on /opt/airflow/dags/python_oper_w_xcom.py
[2023-08-13T04:41:33.219+0000] {processor.py:826} INFO - Processing file /opt/airflow/dags/python_oper_w_xcom.py for tasks to queue
[2023-08-13T04:41:33.220+0000] {logging_mixin.py:150} INFO - [2023-08-13T04:41:33.219+0000] {dagbag.py:541} INFO - Filling up the DagBag from /opt/airflow/dags/python_oper_w_xcom.py
[2023-08-13T04:41:33.235+0000] {processor.py:836} INFO - DAG(s) dict_keys(['python_operator_w_xcom']) retrieved from /opt/airflow/dags/python_oper_w_xcom.py
[2023-08-13T04:41:33.259+0000] {logging_mixin.py:150} INFO - [2023-08-13T04:41:33.259+0000] {dag.py:2742} INFO - Sync 1 DAGs
[2023-08-13T04:41:33.291+0000] {logging_mixin.py:150} INFO - [2023-08-13T04:41:33.291+0000] {dag.py:3508} INFO - Setting next_dagrun for python_operator_w_xcom to 2023-08-08T00:00:00+00:00, run_after=2023-08-09T00:00:00+00:00
[2023-08-13T04:41:33.305+0000] {processor.py:179} INFO - Processing /opt/airflow/dags/python_oper_w_xcom.py took 0.092 seconds
[2023-08-13T04:57:38.899+0000] {processor.py:157} INFO - Started process (PID=88832) to work on /opt/airflow/dags/python_oper_w_xcom.py
[2023-08-13T04:57:38.900+0000] {processor.py:826} INFO - Processing file /opt/airflow/dags/python_oper_w_xcom.py for tasks to queue
[2023-08-13T04:57:38.902+0000] {logging_mixin.py:150} INFO - [2023-08-13T04:57:38.901+0000] {dagbag.py:541} INFO - Filling up the DagBag from /opt/airflow/dags/python_oper_w_xcom.py
[2023-08-13T04:57:38.911+0000] {processor.py:836} INFO - DAG(s) dict_keys(['python_operator_w_xcom']) retrieved from /opt/airflow/dags/python_oper_w_xcom.py
[2023-08-13T04:57:38.934+0000] {logging_mixin.py:150} INFO - [2023-08-13T04:57:38.934+0000] {dag.py:2742} INFO - Sync 1 DAGs
[2023-08-13T04:57:38.951+0000] {logging_mixin.py:150} INFO - [2023-08-13T04:57:38.951+0000] {dag.py:3508} INFO - Setting next_dagrun for python_operator_w_xcom to 2023-08-08T00:00:00+00:00, run_after=2023-08-09T00:00:00+00:00
[2023-08-13T04:57:38.962+0000] {processor.py:179} INFO - Processing /opt/airflow/dags/python_oper_w_xcom.py took 0.067 seconds
[2023-08-13T04:58:09.534+0000] {processor.py:157} INFO - Started process (PID=88859) to work on /opt/airflow/dags/python_oper_w_xcom.py
[2023-08-13T04:58:09.536+0000] {processor.py:826} INFO - Processing file /opt/airflow/dags/python_oper_w_xcom.py for tasks to queue
[2023-08-13T04:58:09.537+0000] {logging_mixin.py:150} INFO - [2023-08-13T04:58:09.536+0000] {dagbag.py:541} INFO - Filling up the DagBag from /opt/airflow/dags/python_oper_w_xcom.py
[2023-08-13T04:58:09.546+0000] {processor.py:836} INFO - DAG(s) dict_keys(['python_operator_w_xcom']) retrieved from /opt/airflow/dags/python_oper_w_xcom.py
[2023-08-13T04:58:09.569+0000] {logging_mixin.py:150} INFO - [2023-08-13T04:58:09.569+0000] {dag.py:2742} INFO - Sync 1 DAGs
[2023-08-13T04:58:09.585+0000] {logging_mixin.py:150} INFO - [2023-08-13T04:58:09.585+0000] {dag.py:3508} INFO - Setting next_dagrun for python_operator_w_xcom to 2023-08-08T00:00:00+00:00, run_after=2023-08-09T00:00:00+00:00
[2023-08-13T04:58:09.596+0000] {processor.py:179} INFO - Processing /opt/airflow/dags/python_oper_w_xcom.py took 0.064 seconds
[2023-08-13T05:14:17.420+0000] {processor.py:157} INFO - Started process (PID=88888) to work on /opt/airflow/dags/python_oper_w_xcom.py
[2023-08-13T05:14:17.422+0000] {processor.py:826} INFO - Processing file /opt/airflow/dags/python_oper_w_xcom.py for tasks to queue
[2023-08-13T05:14:17.423+0000] {logging_mixin.py:150} INFO - [2023-08-13T05:14:17.423+0000] {dagbag.py:541} INFO - Filling up the DagBag from /opt/airflow/dags/python_oper_w_xcom.py
[2023-08-13T05:14:17.440+0000] {processor.py:836} INFO - DAG(s) dict_keys(['python_operator_w_xcom']) retrieved from /opt/airflow/dags/python_oper_w_xcom.py
[2023-08-13T05:14:17.476+0000] {logging_mixin.py:150} INFO - [2023-08-13T05:14:17.476+0000] {dag.py:2742} INFO - Sync 1 DAGs
[2023-08-13T05:14:17.504+0000] {logging_mixin.py:150} INFO - [2023-08-13T05:14:17.503+0000] {dag.py:3508} INFO - Setting next_dagrun for python_operator_w_xcom to 2023-08-08T00:00:00+00:00, run_after=2023-08-09T00:00:00+00:00
[2023-08-13T05:14:17.522+0000] {processor.py:179} INFO - Processing /opt/airflow/dags/python_oper_w_xcom.py took 0.109 seconds
[2023-08-13T05:14:47.956+0000] {processor.py:157} INFO - Started process (PID=88915) to work on /opt/airflow/dags/python_oper_w_xcom.py
[2023-08-13T05:14:47.957+0000] {processor.py:826} INFO - Processing file /opt/airflow/dags/python_oper_w_xcom.py for tasks to queue
[2023-08-13T05:14:47.958+0000] {logging_mixin.py:150} INFO - [2023-08-13T05:14:47.958+0000] {dagbag.py:541} INFO - Filling up the DagBag from /opt/airflow/dags/python_oper_w_xcom.py
[2023-08-13T05:14:47.968+0000] {processor.py:836} INFO - DAG(s) dict_keys(['python_operator_w_xcom']) retrieved from /opt/airflow/dags/python_oper_w_xcom.py
[2023-08-13T05:14:47.990+0000] {logging_mixin.py:150} INFO - [2023-08-13T05:14:47.990+0000] {dag.py:2742} INFO - Sync 1 DAGs
[2023-08-13T05:14:48.006+0000] {logging_mixin.py:150} INFO - [2023-08-13T05:14:48.006+0000] {dag.py:3508} INFO - Setting next_dagrun for python_operator_w_xcom to 2023-08-08T00:00:00+00:00, run_after=2023-08-09T00:00:00+00:00
[2023-08-13T05:14:48.017+0000] {processor.py:179} INFO - Processing /opt/airflow/dags/python_oper_w_xcom.py took 0.064 seconds
[2023-08-13T05:31:23.420+0000] {processor.py:157} INFO - Started process (PID=88941) to work on /opt/airflow/dags/python_oper_w_xcom.py
[2023-08-13T05:31:23.426+0000] {processor.py:826} INFO - Processing file /opt/airflow/dags/python_oper_w_xcom.py for tasks to queue
[2023-08-13T05:31:23.428+0000] {logging_mixin.py:150} INFO - [2023-08-13T05:31:23.428+0000] {dagbag.py:541} INFO - Filling up the DagBag from /opt/airflow/dags/python_oper_w_xcom.py
[2023-08-13T05:31:23.454+0000] {processor.py:836} INFO - DAG(s) dict_keys(['python_operator_w_xcom']) retrieved from /opt/airflow/dags/python_oper_w_xcom.py
[2023-08-13T05:31:23.498+0000] {logging_mixin.py:150} INFO - [2023-08-13T05:31:23.498+0000] {dag.py:2742} INFO - Sync 1 DAGs
[2023-08-13T05:31:23.521+0000] {logging_mixin.py:150} INFO - [2023-08-13T05:31:23.521+0000] {dag.py:3508} INFO - Setting next_dagrun for python_operator_w_xcom to 2023-08-08T00:00:00+00:00, run_after=2023-08-09T00:00:00+00:00
[2023-08-13T05:31:23.538+0000] {processor.py:179} INFO - Processing /opt/airflow/dags/python_oper_w_xcom.py took 0.126 seconds
[2023-08-13T05:31:54.244+0000] {processor.py:157} INFO - Started process (PID=88970) to work on /opt/airflow/dags/python_oper_w_xcom.py
[2023-08-13T05:31:54.245+0000] {processor.py:826} INFO - Processing file /opt/airflow/dags/python_oper_w_xcom.py for tasks to queue
[2023-08-13T05:31:54.246+0000] {logging_mixin.py:150} INFO - [2023-08-13T05:31:54.246+0000] {dagbag.py:541} INFO - Filling up the DagBag from /opt/airflow/dags/python_oper_w_xcom.py
[2023-08-13T05:31:54.256+0000] {processor.py:836} INFO - DAG(s) dict_keys(['python_operator_w_xcom']) retrieved from /opt/airflow/dags/python_oper_w_xcom.py
[2023-08-13T05:31:54.280+0000] {logging_mixin.py:150} INFO - [2023-08-13T05:31:54.280+0000] {dag.py:2742} INFO - Sync 1 DAGs
[2023-08-13T05:31:54.296+0000] {logging_mixin.py:150} INFO - [2023-08-13T05:31:54.296+0000] {dag.py:3508} INFO - Setting next_dagrun for python_operator_w_xcom to 2023-08-08T00:00:00+00:00, run_after=2023-08-09T00:00:00+00:00
[2023-08-13T05:31:54.307+0000] {processor.py:179} INFO - Processing /opt/airflow/dags/python_oper_w_xcom.py took 0.066 seconds
[2023-08-13T05:32:24.752+0000] {processor.py:157} INFO - Started process (PID=88995) to work on /opt/airflow/dags/python_oper_w_xcom.py
[2023-08-13T05:32:24.753+0000] {processor.py:826} INFO - Processing file /opt/airflow/dags/python_oper_w_xcom.py for tasks to queue
[2023-08-13T05:32:24.754+0000] {logging_mixin.py:150} INFO - [2023-08-13T05:32:24.754+0000] {dagbag.py:541} INFO - Filling up the DagBag from /opt/airflow/dags/python_oper_w_xcom.py
[2023-08-13T05:32:24.764+0000] {processor.py:836} INFO - DAG(s) dict_keys(['python_operator_w_xcom']) retrieved from /opt/airflow/dags/python_oper_w_xcom.py
[2023-08-13T05:32:24.786+0000] {logging_mixin.py:150} INFO - [2023-08-13T05:32:24.786+0000] {dag.py:2742} INFO - Sync 1 DAGs
[2023-08-13T05:32:24.802+0000] {logging_mixin.py:150} INFO - [2023-08-13T05:32:24.802+0000] {dag.py:3508} INFO - Setting next_dagrun for python_operator_w_xcom to 2023-08-08T00:00:00+00:00, run_after=2023-08-09T00:00:00+00:00
[2023-08-13T05:32:24.813+0000] {processor.py:179} INFO - Processing /opt/airflow/dags/python_oper_w_xcom.py took 0.064 seconds
[2023-08-13T05:50:38.070+0000] {processor.py:157} INFO - Started process (PID=89024) to work on /opt/airflow/dags/python_oper_w_xcom.py
[2023-08-13T05:50:38.071+0000] {processor.py:826} INFO - Processing file /opt/airflow/dags/python_oper_w_xcom.py for tasks to queue
[2023-08-13T05:50:38.072+0000] {logging_mixin.py:150} INFO - [2023-08-13T05:50:38.072+0000] {dagbag.py:541} INFO - Filling up the DagBag from /opt/airflow/dags/python_oper_w_xcom.py
[2023-08-13T05:50:38.087+0000] {processor.py:836} INFO - DAG(s) dict_keys(['python_operator_w_xcom']) retrieved from /opt/airflow/dags/python_oper_w_xcom.py
[2023-08-13T05:50:38.116+0000] {logging_mixin.py:150} INFO - [2023-08-13T05:50:38.115+0000] {dag.py:2742} INFO - Sync 1 DAGs
[2023-08-13T05:50:38.139+0000] {logging_mixin.py:150} INFO - [2023-08-13T05:50:38.139+0000] {dag.py:3508} INFO - Setting next_dagrun for python_operator_w_xcom to 2023-08-08T00:00:00+00:00, run_after=2023-08-09T00:00:00+00:00
[2023-08-13T05:50:38.153+0000] {processor.py:179} INFO - Processing /opt/airflow/dags/python_oper_w_xcom.py took 0.088 seconds
[2023-08-13T05:51:08.823+0000] {processor.py:157} INFO - Started process (PID=89053) to work on /opt/airflow/dags/python_oper_w_xcom.py
[2023-08-13T05:51:08.824+0000] {processor.py:826} INFO - Processing file /opt/airflow/dags/python_oper_w_xcom.py for tasks to queue
[2023-08-13T05:51:08.825+0000] {logging_mixin.py:150} INFO - [2023-08-13T05:51:08.825+0000] {dagbag.py:541} INFO - Filling up the DagBag from /opt/airflow/dags/python_oper_w_xcom.py
[2023-08-13T05:51:08.835+0000] {processor.py:836} INFO - DAG(s) dict_keys(['python_operator_w_xcom']) retrieved from /opt/airflow/dags/python_oper_w_xcom.py
[2023-08-13T05:51:08.858+0000] {logging_mixin.py:150} INFO - [2023-08-13T05:51:08.858+0000] {dag.py:2742} INFO - Sync 1 DAGs
[2023-08-13T05:51:08.878+0000] {logging_mixin.py:150} INFO - [2023-08-13T05:51:08.878+0000] {dag.py:3508} INFO - Setting next_dagrun for python_operator_w_xcom to 2023-08-08T00:00:00+00:00, run_after=2023-08-09T00:00:00+00:00
[2023-08-13T05:51:08.889+0000] {processor.py:179} INFO - Processing /opt/airflow/dags/python_oper_w_xcom.py took 0.069 seconds
[2023-08-13T06:33:50.251+0000] {processor.py:157} INFO - Started process (PID=89080) to work on /opt/airflow/dags/python_oper_w_xcom.py
[2023-08-13T06:33:50.253+0000] {processor.py:826} INFO - Processing file /opt/airflow/dags/python_oper_w_xcom.py for tasks to queue
[2023-08-13T06:33:50.255+0000] {logging_mixin.py:150} INFO - [2023-08-13T06:33:50.254+0000] {dagbag.py:541} INFO - Filling up the DagBag from /opt/airflow/dags/python_oper_w_xcom.py
[2023-08-13T06:33:50.269+0000] {processor.py:836} INFO - DAG(s) dict_keys(['python_operator_w_xcom']) retrieved from /opt/airflow/dags/python_oper_w_xcom.py
[2023-08-13T06:33:50.306+0000] {logging_mixin.py:150} INFO - [2023-08-13T06:33:50.306+0000] {dag.py:2742} INFO - Sync 1 DAGs
[2023-08-13T06:33:50.329+0000] {logging_mixin.py:150} INFO - [2023-08-13T06:33:50.329+0000] {dag.py:3508} INFO - Setting next_dagrun for python_operator_w_xcom to 2023-08-08T00:00:00+00:00, run_after=2023-08-09T00:00:00+00:00
[2023-08-13T06:33:50.345+0000] {processor.py:179} INFO - Processing /opt/airflow/dags/python_oper_w_xcom.py took 0.100 seconds
[2023-08-13T07:23:55.934+0000] {processor.py:157} INFO - Started process (PID=89104) to work on /opt/airflow/dags/python_oper_w_xcom.py
[2023-08-13T07:23:55.941+0000] {processor.py:826} INFO - Processing file /opt/airflow/dags/python_oper_w_xcom.py for tasks to queue
[2023-08-13T07:23:55.943+0000] {logging_mixin.py:150} INFO - [2023-08-13T07:23:55.942+0000] {dagbag.py:541} INFO - Filling up the DagBag from /opt/airflow/dags/python_oper_w_xcom.py
[2023-08-13T07:23:55.969+0000] {processor.py:836} INFO - DAG(s) dict_keys(['python_operator_w_xcom']) retrieved from /opt/airflow/dags/python_oper_w_xcom.py
[2023-08-13T07:23:55.993+0000] {logging_mixin.py:150} INFO - [2023-08-13T07:23:55.993+0000] {dag.py:2742} INFO - Sync 1 DAGs
[2023-08-13T07:23:56.015+0000] {logging_mixin.py:150} INFO - [2023-08-13T07:23:56.015+0000] {dag.py:3508} INFO - Setting next_dagrun for python_operator_w_xcom to 2023-08-08T00:00:00+00:00, run_after=2023-08-09T00:00:00+00:00
[2023-08-13T07:23:56.045+0000] {processor.py:179} INFO - Processing /opt/airflow/dags/python_oper_w_xcom.py took 0.116 seconds
[2023-08-13T08:33:18.200+0000] {processor.py:157} INFO - Started process (PID=89133) to work on /opt/airflow/dags/python_oper_w_xcom.py
[2023-08-13T08:33:18.202+0000] {processor.py:826} INFO - Processing file /opt/airflow/dags/python_oper_w_xcom.py for tasks to queue
[2023-08-13T08:33:18.204+0000] {logging_mixin.py:150} INFO - [2023-08-13T08:33:18.204+0000] {dagbag.py:541} INFO - Filling up the DagBag from /opt/airflow/dags/python_oper_w_xcom.py
[2023-08-13T08:33:18.228+0000] {processor.py:836} INFO - DAG(s) dict_keys(['python_operator_w_xcom']) retrieved from /opt/airflow/dags/python_oper_w_xcom.py
[2023-08-13T08:33:18.256+0000] {logging_mixin.py:150} INFO - [2023-08-13T08:33:18.256+0000] {dag.py:2742} INFO - Sync 1 DAGs
[2023-08-13T08:33:18.281+0000] {logging_mixin.py:150} INFO - [2023-08-13T08:33:18.281+0000] {dag.py:3508} INFO - Setting next_dagrun for python_operator_w_xcom to 2023-08-08T00:00:00+00:00, run_after=2023-08-09T00:00:00+00:00
[2023-08-13T08:33:18.296+0000] {processor.py:179} INFO - Processing /opt/airflow/dags/python_oper_w_xcom.py took 0.103 seconds
[2023-08-13T09:57:14.428+0000] {processor.py:157} INFO - Started process (PID=89162) to work on /opt/airflow/dags/python_oper_w_xcom.py
[2023-08-13T09:57:14.429+0000] {processor.py:826} INFO - Processing file /opt/airflow/dags/python_oper_w_xcom.py for tasks to queue
[2023-08-13T09:57:14.430+0000] {logging_mixin.py:150} INFO - [2023-08-13T09:57:14.430+0000] {dagbag.py:541} INFO - Filling up the DagBag from /opt/airflow/dags/python_oper_w_xcom.py
[2023-08-13T09:57:14.440+0000] {processor.py:836} INFO - DAG(s) dict_keys(['python_operator_w_xcom']) retrieved from /opt/airflow/dags/python_oper_w_xcom.py
[2023-08-13T09:57:14.462+0000] {logging_mixin.py:150} INFO - [2023-08-13T09:57:14.462+0000] {dag.py:2742} INFO - Sync 1 DAGs
[2023-08-13T09:57:14.479+0000] {logging_mixin.py:150} INFO - [2023-08-13T09:57:14.479+0000] {dag.py:3508} INFO - Setting next_dagrun for python_operator_w_xcom to 2023-08-08T00:00:00+00:00, run_after=2023-08-09T00:00:00+00:00
[2023-08-13T09:57:14.490+0000] {processor.py:179} INFO - Processing /opt/airflow/dags/python_oper_w_xcom.py took 0.065 seconds
[2023-08-13T10:52:37.241+0000] {processor.py:157} INFO - Started process (PID=89189) to work on /opt/airflow/dags/python_oper_w_xcom.py
[2023-08-13T10:52:37.242+0000] {processor.py:826} INFO - Processing file /opt/airflow/dags/python_oper_w_xcom.py for tasks to queue
[2023-08-13T10:52:37.243+0000] {logging_mixin.py:150} INFO - [2023-08-13T10:52:37.243+0000] {dagbag.py:541} INFO - Filling up the DagBag from /opt/airflow/dags/python_oper_w_xcom.py
[2023-08-13T10:52:37.253+0000] {processor.py:836} INFO - DAG(s) dict_keys(['python_operator_w_xcom']) retrieved from /opt/airflow/dags/python_oper_w_xcom.py
[2023-08-13T10:52:37.275+0000] {logging_mixin.py:150} INFO - [2023-08-13T10:52:37.275+0000] {dag.py:2742} INFO - Sync 1 DAGs
[2023-08-13T10:52:37.293+0000] {logging_mixin.py:150} INFO - [2023-08-13T10:52:37.293+0000] {dag.py:3508} INFO - Setting next_dagrun for python_operator_w_xcom to 2023-08-08T00:00:00+00:00, run_after=2023-08-09T00:00:00+00:00
[2023-08-13T10:52:37.305+0000] {processor.py:179} INFO - Processing /opt/airflow/dags/python_oper_w_xcom.py took 0.067 seconds
[2023-08-13T11:33:17.617+0000] {processor.py:157} INFO - Started process (PID=89214) to work on /opt/airflow/dags/python_oper_w_xcom.py
[2023-08-13T11:33:17.620+0000] {processor.py:826} INFO - Processing file /opt/airflow/dags/python_oper_w_xcom.py for tasks to queue
[2023-08-13T11:33:17.621+0000] {logging_mixin.py:150} INFO - [2023-08-13T11:33:17.621+0000] {dagbag.py:541} INFO - Filling up the DagBag from /opt/airflow/dags/python_oper_w_xcom.py
[2023-08-13T11:33:17.651+0000] {processor.py:836} INFO - DAG(s) dict_keys(['python_operator_w_xcom']) retrieved from /opt/airflow/dags/python_oper_w_xcom.py
[2023-08-13T11:33:17.709+0000] {logging_mixin.py:150} INFO - [2023-08-13T11:33:17.709+0000] {dag.py:2742} INFO - Sync 1 DAGs
[2023-08-13T11:33:17.740+0000] {logging_mixin.py:150} INFO - [2023-08-13T11:33:17.739+0000] {dag.py:3508} INFO - Setting next_dagrun for python_operator_w_xcom to 2023-08-08T00:00:00+00:00, run_after=2023-08-09T00:00:00+00:00
[2023-08-13T11:33:17.767+0000] {processor.py:179} INFO - Processing /opt/airflow/dags/python_oper_w_xcom.py took 0.153 seconds
[2023-08-13T12:22:52.326+0000] {processor.py:157} INFO - Started process (PID=89243) to work on /opt/airflow/dags/python_oper_w_xcom.py
[2023-08-13T12:22:52.327+0000] {processor.py:826} INFO - Processing file /opt/airflow/dags/python_oper_w_xcom.py for tasks to queue
[2023-08-13T12:22:52.328+0000] {logging_mixin.py:150} INFO - [2023-08-13T12:22:52.328+0000] {dagbag.py:541} INFO - Filling up the DagBag from /opt/airflow/dags/python_oper_w_xcom.py
[2023-08-13T12:22:52.337+0000] {processor.py:836} INFO - DAG(s) dict_keys(['python_operator_w_xcom']) retrieved from /opt/airflow/dags/python_oper_w_xcom.py
[2023-08-13T12:22:52.360+0000] {logging_mixin.py:150} INFO - [2023-08-13T12:22:52.360+0000] {dag.py:2742} INFO - Sync 1 DAGs
[2023-08-13T12:22:52.377+0000] {logging_mixin.py:150} INFO - [2023-08-13T12:22:52.377+0000] {dag.py:3508} INFO - Setting next_dagrun for python_operator_w_xcom to 2023-08-08T00:00:00+00:00, run_after=2023-08-09T00:00:00+00:00
[2023-08-13T12:22:52.388+0000] {processor.py:179} INFO - Processing /opt/airflow/dags/python_oper_w_xcom.py took 0.065 seconds
[2023-08-13T13:11:38.047+0000] {processor.py:157} INFO - Started process (PID=89270) to work on /opt/airflow/dags/python_oper_w_xcom.py
[2023-08-13T13:11:38.048+0000] {processor.py:826} INFO - Processing file /opt/airflow/dags/python_oper_w_xcom.py for tasks to queue
[2023-08-13T13:11:38.049+0000] {logging_mixin.py:150} INFO - [2023-08-13T13:11:38.049+0000] {dagbag.py:541} INFO - Filling up the DagBag from /opt/airflow/dags/python_oper_w_xcom.py
[2023-08-13T13:11:38.060+0000] {processor.py:836} INFO - DAG(s) dict_keys(['python_operator_w_xcom']) retrieved from /opt/airflow/dags/python_oper_w_xcom.py
[2023-08-13T13:11:38.085+0000] {logging_mixin.py:150} INFO - [2023-08-13T13:11:38.084+0000] {dag.py:2742} INFO - Sync 1 DAGs
[2023-08-13T13:11:38.102+0000] {logging_mixin.py:150} INFO - [2023-08-13T13:11:38.102+0000] {dag.py:3508} INFO - Setting next_dagrun for python_operator_w_xcom to 2023-08-08T00:00:00+00:00, run_after=2023-08-09T00:00:00+00:00
[2023-08-13T13:11:38.117+0000] {processor.py:179} INFO - Processing /opt/airflow/dags/python_oper_w_xcom.py took 0.073 seconds
[2023-08-13T14:20:27.101+0000] {processor.py:157} INFO - Started process (PID=89299) to work on /opt/airflow/dags/python_oper_w_xcom.py
[2023-08-13T14:20:27.102+0000] {processor.py:826} INFO - Processing file /opt/airflow/dags/python_oper_w_xcom.py for tasks to queue
[2023-08-13T14:20:27.104+0000] {logging_mixin.py:150} INFO - [2023-08-13T14:20:27.104+0000] {dagbag.py:541} INFO - Filling up the DagBag from /opt/airflow/dags/python_oper_w_xcom.py
[2023-08-13T14:20:27.116+0000] {processor.py:836} INFO - DAG(s) dict_keys(['python_operator_w_xcom']) retrieved from /opt/airflow/dags/python_oper_w_xcom.py
[2023-08-13T14:20:27.140+0000] {logging_mixin.py:150} INFO - [2023-08-13T14:20:27.140+0000] {dag.py:2742} INFO - Sync 1 DAGs
[2023-08-13T14:20:27.159+0000] {logging_mixin.py:150} INFO - [2023-08-13T14:20:27.159+0000] {dag.py:3508} INFO - Setting next_dagrun for python_operator_w_xcom to 2023-08-08T00:00:00+00:00, run_after=2023-08-09T00:00:00+00:00
[2023-08-13T14:20:27.174+0000] {processor.py:179} INFO - Processing /opt/airflow/dags/python_oper_w_xcom.py took 0.077 seconds
[2023-08-13T15:12:51.552+0000] {processor.py:157} INFO - Started process (PID=89324) to work on /opt/airflow/dags/python_oper_w_xcom.py
[2023-08-13T15:12:51.555+0000] {processor.py:826} INFO - Processing file /opt/airflow/dags/python_oper_w_xcom.py for tasks to queue
[2023-08-13T15:12:51.557+0000] {logging_mixin.py:150} INFO - [2023-08-13T15:12:51.556+0000] {dagbag.py:541} INFO - Filling up the DagBag from /opt/airflow/dags/python_oper_w_xcom.py
[2023-08-13T15:12:51.582+0000] {processor.py:836} INFO - DAG(s) dict_keys(['python_operator_w_xcom']) retrieved from /opt/airflow/dags/python_oper_w_xcom.py
[2023-08-13T15:12:51.624+0000] {logging_mixin.py:150} INFO - [2023-08-13T15:12:51.624+0000] {dag.py:2742} INFO - Sync 1 DAGs
[2023-08-13T15:12:51.648+0000] {logging_mixin.py:150} INFO - [2023-08-13T15:12:51.648+0000] {dag.py:3508} INFO - Setting next_dagrun for python_operator_w_xcom to 2023-08-08T00:00:00+00:00, run_after=2023-08-09T00:00:00+00:00
[2023-08-13T15:12:51.660+0000] {processor.py:179} INFO - Processing /opt/airflow/dags/python_oper_w_xcom.py took 0.121 seconds
[2023-08-13T16:09:07.888+0000] {processor.py:157} INFO - Started process (PID=89353) to work on /opt/airflow/dags/python_oper_w_xcom.py
[2023-08-13T16:09:07.890+0000] {processor.py:826} INFO - Processing file /opt/airflow/dags/python_oper_w_xcom.py for tasks to queue
[2023-08-13T16:09:07.891+0000] {logging_mixin.py:150} INFO - [2023-08-13T16:09:07.890+0000] {dagbag.py:541} INFO - Filling up the DagBag from /opt/airflow/dags/python_oper_w_xcom.py
[2023-08-13T16:09:07.900+0000] {processor.py:836} INFO - DAG(s) dict_keys(['python_operator_w_xcom']) retrieved from /opt/airflow/dags/python_oper_w_xcom.py
[2023-08-13T16:09:07.925+0000] {logging_mixin.py:150} INFO - [2023-08-13T16:09:07.925+0000] {dag.py:2742} INFO - Sync 1 DAGs
[2023-08-13T16:09:07.942+0000] {logging_mixin.py:150} INFO - [2023-08-13T16:09:07.942+0000] {dag.py:3508} INFO - Setting next_dagrun for python_operator_w_xcom to 2023-08-08T00:00:00+00:00, run_after=2023-08-09T00:00:00+00:00
[2023-08-13T16:09:07.953+0000] {processor.py:179} INFO - Processing /opt/airflow/dags/python_oper_w_xcom.py took 0.068 seconds
[2023-08-13T17:04:27.694+0000] {processor.py:157} INFO - Started process (PID=89382) to work on /opt/airflow/dags/python_oper_w_xcom.py
[2023-08-13T17:04:27.696+0000] {processor.py:826} INFO - Processing file /opt/airflow/dags/python_oper_w_xcom.py for tasks to queue
[2023-08-13T17:04:27.698+0000] {logging_mixin.py:150} INFO - [2023-08-13T17:04:27.697+0000] {dagbag.py:541} INFO - Filling up the DagBag from /opt/airflow/dags/python_oper_w_xcom.py
[2023-08-13T17:04:27.713+0000] {processor.py:836} INFO - DAG(s) dict_keys(['python_operator_w_xcom']) retrieved from /opt/airflow/dags/python_oper_w_xcom.py
[2023-08-13T17:04:27.742+0000] {logging_mixin.py:150} INFO - [2023-08-13T17:04:27.742+0000] {dag.py:2742} INFO - Sync 1 DAGs
[2023-08-13T17:04:27.759+0000] {logging_mixin.py:150} INFO - [2023-08-13T17:04:27.759+0000] {dag.py:3508} INFO - Setting next_dagrun for python_operator_w_xcom to 2023-08-08T00:00:00+00:00, run_after=2023-08-09T00:00:00+00:00
[2023-08-13T17:04:27.771+0000] {processor.py:179} INFO - Processing /opt/airflow/dags/python_oper_w_xcom.py took 0.080 seconds
[2023-08-13T17:53:53.965+0000] {processor.py:157} INFO - Started process (PID=89407) to work on /opt/airflow/dags/python_oper_w_xcom.py
[2023-08-13T17:53:53.967+0000] {processor.py:826} INFO - Processing file /opt/airflow/dags/python_oper_w_xcom.py for tasks to queue
[2023-08-13T17:53:53.969+0000] {logging_mixin.py:150} INFO - [2023-08-13T17:53:53.968+0000] {dagbag.py:541} INFO - Filling up the DagBag from /opt/airflow/dags/python_oper_w_xcom.py
[2023-08-13T17:53:53.999+0000] {processor.py:836} INFO - DAG(s) dict_keys(['python_operator_w_xcom']) retrieved from /opt/airflow/dags/python_oper_w_xcom.py
[2023-08-13T17:53:54.065+0000] {logging_mixin.py:150} INFO - [2023-08-13T17:53:54.065+0000] {dag.py:2742} INFO - Sync 1 DAGs
[2023-08-13T17:53:54.112+0000] {logging_mixin.py:150} INFO - [2023-08-13T17:53:54.111+0000] {dag.py:3508} INFO - Setting next_dagrun for python_operator_w_xcom to 2023-08-08T00:00:00+00:00, run_after=2023-08-09T00:00:00+00:00
[2023-08-13T17:53:54.138+0000] {processor.py:179} INFO - Processing /opt/airflow/dags/python_oper_w_xcom.py took 0.178 seconds
[2023-08-13T18:59:21.009+0000] {processor.py:157} INFO - Started process (PID=89434) to work on /opt/airflow/dags/python_oper_w_xcom.py
[2023-08-13T18:59:21.014+0000] {processor.py:826} INFO - Processing file /opt/airflow/dags/python_oper_w_xcom.py for tasks to queue
[2023-08-13T18:59:21.016+0000] {logging_mixin.py:150} INFO - [2023-08-13T18:59:21.016+0000] {dagbag.py:541} INFO - Filling up the DagBag from /opt/airflow/dags/python_oper_w_xcom.py
[2023-08-13T18:59:21.048+0000] {processor.py:836} INFO - DAG(s) dict_keys(['python_operator_w_xcom']) retrieved from /opt/airflow/dags/python_oper_w_xcom.py
[2023-08-13T18:59:21.091+0000] {logging_mixin.py:150} INFO - [2023-08-13T18:59:21.091+0000] {dag.py:2742} INFO - Sync 1 DAGs
[2023-08-13T18:59:21.113+0000] {logging_mixin.py:150} INFO - [2023-08-13T18:59:21.113+0000] {dag.py:3508} INFO - Setting next_dagrun for python_operator_w_xcom to 2023-08-08T00:00:00+00:00, run_after=2023-08-09T00:00:00+00:00
[2023-08-13T18:59:21.127+0000] {processor.py:179} INFO - Processing /opt/airflow/dags/python_oper_w_xcom.py took 0.126 seconds
[2023-08-13T20:04:05.818+0000] {processor.py:157} INFO - Started process (PID=89463) to work on /opt/airflow/dags/python_oper_w_xcom.py
[2023-08-13T20:04:05.820+0000] {processor.py:826} INFO - Processing file /opt/airflow/dags/python_oper_w_xcom.py for tasks to queue
[2023-08-13T20:04:05.821+0000] {logging_mixin.py:150} INFO - [2023-08-13T20:04:05.821+0000] {dagbag.py:541} INFO - Filling up the DagBag from /opt/airflow/dags/python_oper_w_xcom.py
[2023-08-13T20:04:05.838+0000] {processor.py:836} INFO - DAG(s) dict_keys(['python_operator_w_xcom']) retrieved from /opt/airflow/dags/python_oper_w_xcom.py
[2023-08-13T20:04:05.868+0000] {logging_mixin.py:150} INFO - [2023-08-13T20:04:05.868+0000] {dag.py:2742} INFO - Sync 1 DAGs
[2023-08-13T20:04:05.887+0000] {logging_mixin.py:150} INFO - [2023-08-13T20:04:05.887+0000] {dag.py:3508} INFO - Setting next_dagrun for python_operator_w_xcom to 2023-08-08T00:00:00+00:00, run_after=2023-08-09T00:00:00+00:00
[2023-08-13T20:04:05.902+0000] {processor.py:179} INFO - Processing /opt/airflow/dags/python_oper_w_xcom.py took 0.088 seconds
[2023-08-13T21:27:49.918+0000] {processor.py:157} INFO - Started process (PID=89488) to work on /opt/airflow/dags/python_oper_w_xcom.py
[2023-08-13T21:27:49.921+0000] {processor.py:826} INFO - Processing file /opt/airflow/dags/python_oper_w_xcom.py for tasks to queue
[2023-08-13T21:27:49.923+0000] {logging_mixin.py:150} INFO - [2023-08-13T21:27:49.922+0000] {dagbag.py:541} INFO - Filling up the DagBag from /opt/airflow/dags/python_oper_w_xcom.py
[2023-08-13T21:27:49.957+0000] {processor.py:836} INFO - DAG(s) dict_keys(['python_operator_w_xcom']) retrieved from /opt/airflow/dags/python_oper_w_xcom.py
[2023-08-13T21:27:50.011+0000] {logging_mixin.py:150} INFO - [2023-08-13T21:27:50.011+0000] {dag.py:2742} INFO - Sync 1 DAGs
[2023-08-13T21:27:50.059+0000] {logging_mixin.py:150} INFO - [2023-08-13T21:27:50.059+0000] {dag.py:3508} INFO - Setting next_dagrun for python_operator_w_xcom to 2023-08-08T00:00:00+00:00, run_after=2023-08-09T00:00:00+00:00
[2023-08-13T21:27:50.080+0000] {processor.py:179} INFO - Processing /opt/airflow/dags/python_oper_w_xcom.py took 0.173 seconds
[2023-08-13T22:01:12.420+0000] {processor.py:157} INFO - Started process (PID=89517) to work on /opt/airflow/dags/python_oper_w_xcom.py
[2023-08-13T22:01:12.423+0000] {processor.py:826} INFO - Processing file /opt/airflow/dags/python_oper_w_xcom.py for tasks to queue
[2023-08-13T22:01:12.425+0000] {logging_mixin.py:150} INFO - [2023-08-13T22:01:12.424+0000] {dagbag.py:541} INFO - Filling up the DagBag from /opt/airflow/dags/python_oper_w_xcom.py
[2023-08-13T22:01:12.732+0000] {processor.py:836} INFO - DAG(s) dict_keys(['python_operator_w_xcom']) retrieved from /opt/airflow/dags/python_oper_w_xcom.py
[2023-08-13T22:01:12.837+0000] {logging_mixin.py:150} INFO - [2023-08-13T22:01:12.837+0000] {dag.py:2742} INFO - Sync 1 DAGs
[2023-08-13T22:01:12.859+0000] {logging_mixin.py:150} INFO - [2023-08-13T22:01:12.859+0000] {dag.py:3508} INFO - Setting next_dagrun for python_operator_w_xcom to 2023-08-08T00:00:00+00:00, run_after=2023-08-09T00:00:00+00:00
[2023-08-13T22:01:12.877+0000] {processor.py:179} INFO - Processing /opt/airflow/dags/python_oper_w_xcom.py took 0.463 seconds
[2023-08-13T22:57:27.351+0000] {processor.py:157} INFO - Started process (PID=89546) to work on /opt/airflow/dags/python_oper_w_xcom.py
[2023-08-13T22:57:27.353+0000] {processor.py:826} INFO - Processing file /opt/airflow/dags/python_oper_w_xcom.py for tasks to queue
[2023-08-13T22:57:27.354+0000] {logging_mixin.py:150} INFO - [2023-08-13T22:57:27.353+0000] {dagbag.py:541} INFO - Filling up the DagBag from /opt/airflow/dags/python_oper_w_xcom.py
[2023-08-13T22:57:27.369+0000] {processor.py:836} INFO - DAG(s) dict_keys(['python_operator_w_xcom']) retrieved from /opt/airflow/dags/python_oper_w_xcom.py
[2023-08-13T22:57:27.402+0000] {logging_mixin.py:150} INFO - [2023-08-13T22:57:27.402+0000] {dag.py:2742} INFO - Sync 1 DAGs
[2023-08-13T22:57:27.428+0000] {logging_mixin.py:150} INFO - [2023-08-13T22:57:27.428+0000] {dag.py:3508} INFO - Setting next_dagrun for python_operator_w_xcom to 2023-08-08T00:00:00+00:00, run_after=2023-08-09T00:00:00+00:00
[2023-08-13T22:57:27.445+0000] {processor.py:179} INFO - Processing /opt/airflow/dags/python_oper_w_xcom.py took 0.098 seconds
