[2023-08-08T07:24:41.209+0000] {taskinstance.py:1103} INFO - Dependencies all met for dep_context=non-requeueable deps ti=<TaskInstance: dag_w_postgres_v2.create_table_in_postgres manual__2023-08-08T07:24:40.126184+00:00 [queued]>
[2023-08-08T07:24:41.216+0000] {taskinstance.py:1103} INFO - Dependencies all met for dep_context=requeueable deps ti=<TaskInstance: dag_w_postgres_v2.create_table_in_postgres manual__2023-08-08T07:24:40.126184+00:00 [queued]>
[2023-08-08T07:24:41.217+0000] {taskinstance.py:1308} INFO - Starting attempt 1 of 6
[2023-08-08T07:24:41.228+0000] {taskinstance.py:1327} INFO - Executing <Task(PostgresOperator): create_table_in_postgres> on 2023-08-08 07:24:40.126184+00:00
[2023-08-08T07:24:41.232+0000] {standard_task_runner.py:57} INFO - Started process 2462 to run task
[2023-08-08T07:24:41.236+0000] {standard_task_runner.py:84} INFO - Running: ['***', 'tasks', 'run', 'dag_w_postgres_v2', 'create_table_in_postgres', 'manual__2023-08-08T07:24:40.126184+00:00', '--job-id', '1101', '--raw', '--subdir', 'DAGS_FOLDER/dag_postgresql.py', '--cfg-path', '/tmp/tmphjxlj63f']
[2023-08-08T07:24:41.239+0000] {standard_task_runner.py:85} INFO - Job 1101: Subtask create_table_in_postgres
[2023-08-08T07:24:41.291+0000] {task_command.py:410} INFO - Running <TaskInstance: dag_w_postgres_v2.create_table_in_postgres manual__2023-08-08T07:24:40.126184+00:00 [running]> on host e3ce6cb94b48
[2023-08-08T07:24:41.370+0000] {taskinstance.py:1547} INFO - Exporting env vars: AIRFLOW_CTX_DAG_OWNER='Zack' AIRFLOW_CTX_DAG_ID='dag_w_postgres_v2' AIRFLOW_CTX_TASK_ID='create_table_in_postgres' AIRFLOW_CTX_EXECUTION_DATE='2023-08-08T07:24:40.126184+00:00' AIRFLOW_CTX_TRY_NUMBER='1' AIRFLOW_CTX_DAG_RUN_ID='manual__2023-08-08T07:24:40.126184+00:00'
[2023-08-08T07:24:41.371+0000] {sql.py:265} INFO - Executing: 
            CREATE TABLE if not exists dag_runs(
                dt date,
                dag_id character varying,
                primary key  (dt, dag_id)
            )
        
[2023-08-08T07:24:41.381+0000] {base.py:73} INFO - Using connection ID 'postgres_localhost' for task execution.
[2023-08-08T07:24:41.430+0000] {base.py:73} INFO - Using connection ID 'postgres_localhost' for task execution.
[2023-08-08T07:24:41.440+0000] {sql.py:375} INFO - Running statement: 
            CREATE TABLE if not exists dag_runs(
                dt date,
                dag_id character varying,
                primary key  (dt, dag_id)
            )
        , parameters: None
[2023-08-08T07:24:41.453+0000] {taskinstance.py:1350} INFO - Marking task as SUCCESS. dag_id=dag_w_postgres_v2, task_id=create_table_in_postgres, execution_date=20230808T072440, start_date=20230808T072441, end_date=20230808T072441
[2023-08-08T07:24:41.489+0000] {local_task_job_runner.py:225} INFO - Task exited with return code 0
[2023-08-08T07:24:41.506+0000] {taskinstance.py:2653} INFO - 0 downstream tasks scheduled from follow-on schedule check
