[2023-08-07T09:03:43.517+0000] {processor.py:157} INFO - Started process (PID=163) to work on /opt/airflow/dags/simple_print.py
[2023-08-07T09:03:43.518+0000] {processor.py:826} INFO - Processing file /opt/airflow/dags/simple_print.py for tasks to queue
[2023-08-07T09:03:43.519+0000] {logging_mixin.py:150} INFO - [2023-08-07T09:03:43.519+0000] {dagbag.py:541} INFO - Filling up the DagBag from /opt/airflow/dags/simple_print.py
[2023-08-07T09:03:43.525+0000] {logging_mixin.py:150} INFO - [2023-08-07T09:03:43.524+0000] {dagbag.py:350} ERROR - Failed to import: /opt/airflow/dags/simple_print.py
Traceback (most recent call last):
  File "/home/airflow/.local/lib/python3.7/site-packages/airflow/models/dagbag.py", line 346, in parse
    loader.exec_module(new_module)
  File "<frozen importlib._bootstrap_external>", line 724, in exec_module
  File "<frozen importlib._bootstrap_external>", line 860, in get_code
  File "<frozen importlib._bootstrap_external>", line 791, in source_to_code
  File "<frozen importlib._bootstrap>", line 219, in _call_with_frames_removed
  File "/opt/airflow/dags/simple_print.py", line 15
    default_args = default_args,
               ^
SyntaxError: invalid syntax
[2023-08-07T09:03:43.526+0000] {processor.py:838} WARNING - No viable dags retrieved from /opt/airflow/dags/simple_print.py
[2023-08-07T09:03:43.566+0000] {processor.py:179} INFO - Processing /opt/airflow/dags/simple_print.py took 0.052 seconds
[2023-08-07T09:04:13.833+0000] {processor.py:157} INFO - Started process (PID=177) to work on /opt/airflow/dags/simple_print.py
[2023-08-07T09:04:13.836+0000] {processor.py:826} INFO - Processing file /opt/airflow/dags/simple_print.py for tasks to queue
[2023-08-07T09:04:13.839+0000] {logging_mixin.py:150} INFO - [2023-08-07T09:04:13.838+0000] {dagbag.py:541} INFO - Filling up the DagBag from /opt/airflow/dags/simple_print.py
[2023-08-07T09:04:13.852+0000] {logging_mixin.py:150} INFO - [2023-08-07T09:04:13.849+0000] {dagbag.py:350} ERROR - Failed to import: /opt/airflow/dags/simple_print.py
Traceback (most recent call last):
  File "/home/airflow/.local/lib/python3.7/site-packages/airflow/models/dagbag.py", line 346, in parse
    loader.exec_module(new_module)
  File "<frozen importlib._bootstrap_external>", line 724, in exec_module
  File "<frozen importlib._bootstrap_external>", line 860, in get_code
  File "<frozen importlib._bootstrap_external>", line 791, in source_to_code
  File "<frozen importlib._bootstrap>", line 219, in _call_with_frames_removed
  File "/opt/airflow/dags/simple_print.py", line 15
    default_args = default_args,
               ^
SyntaxError: invalid syntax
[2023-08-07T09:04:13.853+0000] {processor.py:838} WARNING - No viable dags retrieved from /opt/airflow/dags/simple_print.py
[2023-08-07T09:04:13.883+0000] {processor.py:179} INFO - Processing /opt/airflow/dags/simple_print.py took 0.059 seconds
[2023-08-07T09:04:26.961+0000] {processor.py:157} INFO - Started process (PID=182) to work on /opt/airflow/dags/simple_print.py
[2023-08-07T09:04:26.962+0000] {processor.py:826} INFO - Processing file /opt/airflow/dags/simple_print.py for tasks to queue
[2023-08-07T09:04:26.963+0000] {logging_mixin.py:150} INFO - [2023-08-07T09:04:26.963+0000] {dagbag.py:541} INFO - Filling up the DagBag from /opt/airflow/dags/simple_print.py
[2023-08-07T09:04:26.976+0000] {logging_mixin.py:150} INFO - [2023-08-07T09:04:26.975+0000] {dagbag.py:350} ERROR - Failed to import: /opt/airflow/dags/simple_print.py
Traceback (most recent call last):
  File "/home/airflow/.local/lib/python3.7/site-packages/airflow/models/dagbag.py", line 346, in parse
    loader.exec_module(new_module)
  File "<frozen importlib._bootstrap_external>", line 728, in exec_module
  File "<frozen importlib._bootstrap>", line 219, in _call_with_frames_removed
  File "/opt/airflow/dags/simple_print.py", line 16, in <module>
    start_date = penedulum.datetime(2023, 8, 7, tz = "Asia/Taipei"),
NameError: name 'penedulum' is not defined
[2023-08-07T09:04:26.977+0000] {processor.py:838} WARNING - No viable dags retrieved from /opt/airflow/dags/simple_print.py
[2023-08-07T09:04:26.997+0000] {processor.py:179} INFO - Processing /opt/airflow/dags/simple_print.py took 0.040 seconds
[2023-08-07T09:04:57.318+0000] {processor.py:157} INFO - Started process (PID=194) to work on /opt/airflow/dags/simple_print.py
[2023-08-07T09:04:57.321+0000] {processor.py:826} INFO - Processing file /opt/airflow/dags/simple_print.py for tasks to queue
[2023-08-07T09:04:57.322+0000] {logging_mixin.py:150} INFO - [2023-08-07T09:04:57.322+0000] {dagbag.py:541} INFO - Filling up the DagBag from /opt/airflow/dags/simple_print.py
[2023-08-07T09:04:57.331+0000] {logging_mixin.py:150} INFO - [2023-08-07T09:04:57.329+0000] {dagbag.py:350} ERROR - Failed to import: /opt/airflow/dags/simple_print.py
Traceback (most recent call last):
  File "/home/airflow/.local/lib/python3.7/site-packages/airflow/models/dagbag.py", line 346, in parse
    loader.exec_module(new_module)
  File "<frozen importlib._bootstrap_external>", line 728, in exec_module
  File "<frozen importlib._bootstrap>", line 219, in _call_with_frames_removed
  File "/opt/airflow/dags/simple_print.py", line 16, in <module>
    start_date = penedulum.datetime(2023, 8, 7, tz = "Asia/Taipei"),
NameError: name 'penedulum' is not defined
[2023-08-07T09:04:57.332+0000] {processor.py:838} WARNING - No viable dags retrieved from /opt/airflow/dags/simple_print.py
[2023-08-07T09:04:57.355+0000] {processor.py:179} INFO - Processing /opt/airflow/dags/simple_print.py took 0.043 seconds
[2023-08-07T09:05:17.546+0000] {processor.py:157} INFO - Started process (PID=206) to work on /opt/airflow/dags/simple_print.py
[2023-08-07T09:05:17.548+0000] {processor.py:826} INFO - Processing file /opt/airflow/dags/simple_print.py for tasks to queue
[2023-08-07T09:05:17.550+0000] {logging_mixin.py:150} INFO - [2023-08-07T09:05:17.549+0000] {dagbag.py:541} INFO - Filling up the DagBag from /opt/airflow/dags/simple_print.py
[2023-08-07T09:05:17.570+0000] {logging_mixin.py:150} INFO - [2023-08-07T09:05:17.567+0000] {dagbag.py:350} ERROR - Failed to import: /opt/airflow/dags/simple_print.py
Traceback (most recent call last):
  File "/home/airflow/.local/lib/python3.7/site-packages/airflow/models/dagbag.py", line 346, in parse
    loader.exec_module(new_module)
  File "<frozen importlib._bootstrap_external>", line 728, in exec_module
  File "<frozen importlib._bootstrap>", line 219, in _call_with_frames_removed
  File "/opt/airflow/dags/simple_print.py", line 21, in <module>
    bash_command = "echo hello world, this is our first task"
  File "/home/airflow/.local/lib/python3.7/site-packages/airflow/models/baseoperator.py", line 429, in apply_defaults
    result = func(self, **kwargs, default_args=default_args)
  File "/home/airflow/.local/lib/python3.7/site-packages/airflow/operators/bash.py", line 150, in __init__
    super().__init__(**kwargs)
  File "/home/airflow/.local/lib/python3.7/site-packages/airflow/models/baseoperator.py", line 429, in apply_defaults
    result = func(self, **kwargs, default_args=default_args)
  File "/home/airflow/.local/lib/python3.7/site-packages/airflow/models/baseoperator.py", line 799, in __init__
    validate_key(task_id)
  File "/home/airflow/.local/lib/python3.7/site-packages/airflow/utils/helpers.py", line 56, in validate_key
    f"The key {k!r} has to be made of alphanumeric characters, dashes, "
airflow.exceptions.AirflowException: The key 'first task' has to be made of alphanumeric characters, dashes, dots and underscores exclusively
[2023-08-07T09:05:17.570+0000] {processor.py:838} WARNING - No viable dags retrieved from /opt/airflow/dags/simple_print.py
[2023-08-07T09:05:17.591+0000] {processor.py:179} INFO - Processing /opt/airflow/dags/simple_print.py took 0.050 seconds
[2023-08-07T09:05:45.879+0000] {processor.py:157} INFO - Started process (PID=218) to work on /opt/airflow/dags/simple_print.py
[2023-08-07T09:05:45.881+0000] {processor.py:826} INFO - Processing file /opt/airflow/dags/simple_print.py for tasks to queue
[2023-08-07T09:05:45.883+0000] {logging_mixin.py:150} INFO - [2023-08-07T09:05:45.882+0000] {dagbag.py:541} INFO - Filling up the DagBag from /opt/airflow/dags/simple_print.py
[2023-08-07T09:05:45.902+0000] {logging_mixin.py:150} INFO - [2023-08-07T09:05:45.902+0000] {baseoperator.py:122} WARNING - Implicitly converting 'retries' from '5' to int
[2023-08-07T09:05:45.915+0000] {processor.py:836} INFO - DAG(s) dict_keys(['print_dag']) retrieved from /opt/airflow/dags/simple_print.py
[2023-08-07T09:05:46.064+0000] {logging_mixin.py:150} INFO - [2023-08-07T09:05:46.064+0000] {manager.py:504} INFO - Created Permission View: can edit on DAG:print_dag
[2023-08-07T09:05:46.072+0000] {logging_mixin.py:150} INFO - [2023-08-07T09:05:46.072+0000] {manager.py:504} INFO - Created Permission View: can delete on DAG:print_dag
[2023-08-07T09:05:46.076+0000] {logging_mixin.py:150} INFO - [2023-08-07T09:05:46.076+0000] {manager.py:504} INFO - Created Permission View: can read on DAG:print_dag
[2023-08-07T09:05:46.087+0000] {logging_mixin.py:150} INFO - [2023-08-07T09:05:46.087+0000] {dag.py:2742} INFO - Sync 1 DAGs
[2023-08-07T09:05:46.097+0000] {logging_mixin.py:150} INFO - [2023-08-07T09:05:46.097+0000] {dag.py:2763} INFO - Creating ORM DAG for print_dag
[2023-08-07T09:05:46.106+0000] {logging_mixin.py:150} INFO - [2023-08-07T09:05:46.106+0000] {dag.py:3508} INFO - Setting next_dagrun for print_dag to 2023-08-06T16:00:00+00:00, run_after=2023-08-07T16:00:00+00:00
[2023-08-07T09:05:46.122+0000] {processor.py:179} INFO - Processing /opt/airflow/dags/simple_print.py took 0.245 seconds
[2023-08-07T09:06:16.195+0000] {processor.py:157} INFO - Started process (PID=230) to work on /opt/airflow/dags/simple_print.py
[2023-08-07T09:06:16.197+0000] {processor.py:826} INFO - Processing file /opt/airflow/dags/simple_print.py for tasks to queue
[2023-08-07T09:06:16.198+0000] {logging_mixin.py:150} INFO - [2023-08-07T09:06:16.198+0000] {dagbag.py:541} INFO - Filling up the DagBag from /opt/airflow/dags/simple_print.py
[2023-08-07T09:06:16.209+0000] {logging_mixin.py:150} INFO - [2023-08-07T09:06:16.209+0000] {baseoperator.py:122} WARNING - Implicitly converting 'retries' from '5' to int
[2023-08-07T09:06:16.214+0000] {processor.py:836} INFO - DAG(s) dict_keys(['print_dag']) retrieved from /opt/airflow/dags/simple_print.py
[2023-08-07T09:06:16.240+0000] {logging_mixin.py:150} INFO - [2023-08-07T09:06:16.240+0000] {dag.py:2742} INFO - Sync 1 DAGs
[2023-08-07T09:06:16.259+0000] {logging_mixin.py:150} INFO - [2023-08-07T09:06:16.259+0000] {dag.py:3508} INFO - Setting next_dagrun for print_dag to 2023-08-06T16:00:00+00:00, run_after=2023-08-07T16:00:00+00:00
[2023-08-07T09:06:16.271+0000] {processor.py:179} INFO - Processing /opt/airflow/dags/simple_print.py took 0.080 seconds
[2023-08-07T09:06:46.551+0000] {processor.py:157} INFO - Started process (PID=242) to work on /opt/airflow/dags/simple_print.py
[2023-08-07T09:06:46.552+0000] {processor.py:826} INFO - Processing file /opt/airflow/dags/simple_print.py for tasks to queue
[2023-08-07T09:06:46.554+0000] {logging_mixin.py:150} INFO - [2023-08-07T09:06:46.553+0000] {dagbag.py:541} INFO - Filling up the DagBag from /opt/airflow/dags/simple_print.py
[2023-08-07T09:06:46.563+0000] {logging_mixin.py:150} INFO - [2023-08-07T09:06:46.563+0000] {baseoperator.py:122} WARNING - Implicitly converting 'retries' from '5' to int
[2023-08-07T09:06:46.569+0000] {processor.py:836} INFO - DAG(s) dict_keys(['print_dag']) retrieved from /opt/airflow/dags/simple_print.py
[2023-08-07T09:06:46.596+0000] {logging_mixin.py:150} INFO - [2023-08-07T09:06:46.596+0000] {dag.py:2742} INFO - Sync 1 DAGs
[2023-08-07T09:06:46.617+0000] {logging_mixin.py:150} INFO - [2023-08-07T09:06:46.617+0000] {dag.py:3508} INFO - Setting next_dagrun for print_dag to 2023-08-06T16:00:00+00:00, run_after=2023-08-07T16:00:00+00:00
[2023-08-07T09:06:46.631+0000] {processor.py:179} INFO - Processing /opt/airflow/dags/simple_print.py took 0.084 seconds
[2023-08-07T09:06:47.667+0000] {processor.py:157} INFO - Started process (PID=247) to work on /opt/airflow/dags/simple_print.py
[2023-08-07T09:06:47.668+0000] {processor.py:826} INFO - Processing file /opt/airflow/dags/simple_print.py for tasks to queue
[2023-08-07T09:06:47.670+0000] {logging_mixin.py:150} INFO - [2023-08-07T09:06:47.669+0000] {dagbag.py:541} INFO - Filling up the DagBag from /opt/airflow/dags/simple_print.py
[2023-08-07T09:06:47.682+0000] {logging_mixin.py:150} INFO - [2023-08-07T09:06:47.682+0000] {baseoperator.py:122} WARNING - Implicitly converting 'retries' from '5' to int
[2023-08-07T09:06:47.683+0000] {logging_mixin.py:150} INFO - [2023-08-07T09:06:47.683+0000] {baseoperator.py:122} WARNING - Implicitly converting 'retries' from '5' to int
[2023-08-07T09:06:47.688+0000] {processor.py:836} INFO - DAG(s) dict_keys(['print_dag']) retrieved from /opt/airflow/dags/simple_print.py
[2023-08-07T09:06:47.775+0000] {logging_mixin.py:150} INFO - [2023-08-07T09:06:47.775+0000] {dag.py:2742} INFO - Sync 1 DAGs
[2023-08-07T09:06:47.792+0000] {logging_mixin.py:150} INFO - [2023-08-07T09:06:47.792+0000] {dag.py:3508} INFO - Setting next_dagrun for print_dag to 2023-08-06T16:00:00+00:00, run_after=2023-08-07T16:00:00+00:00
[2023-08-07T09:06:47.807+0000] {processor.py:179} INFO - Processing /opt/airflow/dags/simple_print.py took 0.145 seconds
[2023-08-07T09:07:17.958+0000] {processor.py:157} INFO - Started process (PID=259) to work on /opt/airflow/dags/simple_print.py
[2023-08-07T09:07:17.960+0000] {processor.py:826} INFO - Processing file /opt/airflow/dags/simple_print.py for tasks to queue
[2023-08-07T09:07:17.961+0000] {logging_mixin.py:150} INFO - [2023-08-07T09:07:17.961+0000] {dagbag.py:541} INFO - Filling up the DagBag from /opt/airflow/dags/simple_print.py
[2023-08-07T09:07:17.971+0000] {logging_mixin.py:150} INFO - [2023-08-07T09:07:17.971+0000] {baseoperator.py:122} WARNING - Implicitly converting 'retries' from '5' to int
[2023-08-07T09:07:17.972+0000] {logging_mixin.py:150} INFO - [2023-08-07T09:07:17.972+0000] {baseoperator.py:122} WARNING - Implicitly converting 'retries' from '5' to int
[2023-08-07T09:07:17.978+0000] {processor.py:836} INFO - DAG(s) dict_keys(['print_dag']) retrieved from /opt/airflow/dags/simple_print.py
[2023-08-07T09:07:18.006+0000] {logging_mixin.py:150} INFO - [2023-08-07T09:07:18.006+0000] {dag.py:2742} INFO - Sync 1 DAGs
[2023-08-07T09:07:18.029+0000] {logging_mixin.py:150} INFO - [2023-08-07T09:07:18.029+0000] {dag.py:3508} INFO - Setting next_dagrun for print_dag to 2023-08-06T16:00:00+00:00, run_after=2023-08-07T16:00:00+00:00
[2023-08-07T09:07:18.044+0000] {processor.py:179} INFO - Processing /opt/airflow/dags/simple_print.py took 0.090 seconds
[2023-08-07T09:07:34.140+0000] {processor.py:157} INFO - Started process (PID=264) to work on /opt/airflow/dags/simple_print.py
[2023-08-07T09:07:34.142+0000] {processor.py:826} INFO - Processing file /opt/airflow/dags/simple_print.py for tasks to queue
[2023-08-07T09:07:34.143+0000] {logging_mixin.py:150} INFO - [2023-08-07T09:07:34.143+0000] {dagbag.py:541} INFO - Filling up the DagBag from /opt/airflow/dags/simple_print.py
[2023-08-07T09:07:34.159+0000] {logging_mixin.py:150} INFO - [2023-08-07T09:07:34.159+0000] {baseoperator.py:122} WARNING - Implicitly converting 'retries' from '5' to int
[2023-08-07T09:07:34.161+0000] {logging_mixin.py:150} INFO - [2023-08-07T09:07:34.160+0000] {baseoperator.py:122} WARNING - Implicitly converting 'retries' from '5' to int
[2023-08-07T09:07:34.162+0000] {logging_mixin.py:150} INFO - [2023-08-07T09:07:34.161+0000] {baseoperator.py:122} WARNING - Implicitly converting 'retries' from '5' to int
[2023-08-07T09:07:34.167+0000] {processor.py:836} INFO - DAG(s) dict_keys(['print_dag']) retrieved from /opt/airflow/dags/simple_print.py
[2023-08-07T09:07:34.259+0000] {logging_mixin.py:150} INFO - [2023-08-07T09:07:34.259+0000] {dag.py:2742} INFO - Sync 1 DAGs
[2023-08-07T09:07:34.277+0000] {logging_mixin.py:150} INFO - [2023-08-07T09:07:34.276+0000] {dag.py:3508} INFO - Setting next_dagrun for print_dag to 2023-08-06T16:00:00+00:00, run_after=2023-08-07T16:00:00+00:00
[2023-08-07T09:07:34.292+0000] {processor.py:179} INFO - Processing /opt/airflow/dags/simple_print.py took 0.156 seconds
[2023-08-07T09:07:44.373+0000] {processor.py:157} INFO - Started process (PID=276) to work on /opt/airflow/dags/simple_print.py
[2023-08-07T09:07:44.375+0000] {processor.py:826} INFO - Processing file /opt/airflow/dags/simple_print.py for tasks to queue
[2023-08-07T09:07:44.376+0000] {logging_mixin.py:150} INFO - [2023-08-07T09:07:44.376+0000] {dagbag.py:541} INFO - Filling up the DagBag from /opt/airflow/dags/simple_print.py
[2023-08-07T09:07:44.392+0000] {logging_mixin.py:150} INFO - [2023-08-07T09:07:44.391+0000] {baseoperator.py:122} WARNING - Implicitly converting 'retries' from '5' to int
[2023-08-07T09:07:44.393+0000] {logging_mixin.py:150} INFO - [2023-08-07T09:07:44.393+0000] {baseoperator.py:122} WARNING - Implicitly converting 'retries' from '5' to int
[2023-08-07T09:07:44.394+0000] {logging_mixin.py:150} INFO - [2023-08-07T09:07:44.393+0000] {baseoperator.py:122} WARNING - Implicitly converting 'retries' from '5' to int
[2023-08-07T09:07:44.398+0000] {processor.py:836} INFO - DAG(s) dict_keys(['print_dag']) retrieved from /opt/airflow/dags/simple_print.py
[2023-08-07T09:07:44.411+0000] {logging_mixin.py:150} INFO - [2023-08-07T09:07:44.411+0000] {dag.py:2742} INFO - Sync 1 DAGs
[2023-08-07T09:07:44.430+0000] {logging_mixin.py:150} INFO - [2023-08-07T09:07:44.430+0000] {dag.py:3508} INFO - Setting next_dagrun for print_dag to 2023-08-06T16:00:00+00:00, run_after=2023-08-07T16:00:00+00:00
[2023-08-07T09:07:44.444+0000] {processor.py:179} INFO - Processing /opt/airflow/dags/simple_print.py took 0.075 seconds
[2023-08-07T09:08:14.829+0000] {processor.py:157} INFO - Started process (PID=289) to work on /opt/airflow/dags/simple_print.py
[2023-08-07T09:08:14.832+0000] {processor.py:826} INFO - Processing file /opt/airflow/dags/simple_print.py for tasks to queue
[2023-08-07T09:08:14.833+0000] {logging_mixin.py:150} INFO - [2023-08-07T09:08:14.833+0000] {dagbag.py:541} INFO - Filling up the DagBag from /opt/airflow/dags/simple_print.py
[2023-08-07T09:08:14.847+0000] {logging_mixin.py:150} INFO - [2023-08-07T09:08:14.847+0000] {baseoperator.py:122} WARNING - Implicitly converting 'retries' from '5' to int
[2023-08-07T09:08:14.848+0000] {logging_mixin.py:150} INFO - [2023-08-07T09:08:14.848+0000] {baseoperator.py:122} WARNING - Implicitly converting 'retries' from '5' to int
[2023-08-07T09:08:14.849+0000] {logging_mixin.py:150} INFO - [2023-08-07T09:08:14.849+0000] {baseoperator.py:122} WARNING - Implicitly converting 'retries' from '5' to int
[2023-08-07T09:08:14.854+0000] {processor.py:836} INFO - DAG(s) dict_keys(['print_dag']) retrieved from /opt/airflow/dags/simple_print.py
[2023-08-07T09:08:14.948+0000] {logging_mixin.py:150} INFO - [2023-08-07T09:08:14.948+0000] {dag.py:2742} INFO - Sync 1 DAGs
[2023-08-07T09:08:14.964+0000] {logging_mixin.py:150} INFO - [2023-08-07T09:08:14.964+0000] {dag.py:3508} INFO - Setting next_dagrun for print_dag to 2023-08-06T16:00:00+00:00, run_after=2023-08-07T16:00:00+00:00
[2023-08-07T09:08:14.978+0000] {processor.py:179} INFO - Processing /opt/airflow/dags/simple_print.py took 0.157 seconds
[2023-08-07T09:08:45.239+0000] {processor.py:157} INFO - Started process (PID=301) to work on /opt/airflow/dags/simple_print.py
[2023-08-07T09:08:45.241+0000] {processor.py:826} INFO - Processing file /opt/airflow/dags/simple_print.py for tasks to queue
[2023-08-07T09:08:45.243+0000] {logging_mixin.py:150} INFO - [2023-08-07T09:08:45.242+0000] {dagbag.py:541} INFO - Filling up the DagBag from /opt/airflow/dags/simple_print.py
[2023-08-07T09:08:45.255+0000] {logging_mixin.py:150} INFO - [2023-08-07T09:08:45.255+0000] {baseoperator.py:122} WARNING - Implicitly converting 'retries' from '5' to int
[2023-08-07T09:08:45.256+0000] {logging_mixin.py:150} INFO - [2023-08-07T09:08:45.256+0000] {baseoperator.py:122} WARNING - Implicitly converting 'retries' from '5' to int
[2023-08-07T09:08:45.257+0000] {logging_mixin.py:150} INFO - [2023-08-07T09:08:45.257+0000] {baseoperator.py:122} WARNING - Implicitly converting 'retries' from '5' to int
[2023-08-07T09:08:45.262+0000] {processor.py:836} INFO - DAG(s) dict_keys(['print_dag']) retrieved from /opt/airflow/dags/simple_print.py
[2023-08-07T09:08:45.288+0000] {logging_mixin.py:150} INFO - [2023-08-07T09:08:45.288+0000] {dag.py:2742} INFO - Sync 1 DAGs
[2023-08-07T09:08:45.307+0000] {logging_mixin.py:150} INFO - [2023-08-07T09:08:45.307+0000] {dag.py:3508} INFO - Setting next_dagrun for print_dag to 2023-08-06T16:00:00+00:00, run_after=2023-08-07T16:00:00+00:00
[2023-08-07T09:08:45.319+0000] {processor.py:179} INFO - Processing /opt/airflow/dags/simple_print.py took 0.086 seconds
[2023-08-07T09:09:15.713+0000] {processor.py:157} INFO - Started process (PID=313) to work on /opt/airflow/dags/simple_print.py
[2023-08-07T09:09:15.717+0000] {processor.py:826} INFO - Processing file /opt/airflow/dags/simple_print.py for tasks to queue
[2023-08-07T09:09:15.718+0000] {logging_mixin.py:150} INFO - [2023-08-07T09:09:15.718+0000] {dagbag.py:541} INFO - Filling up the DagBag from /opt/airflow/dags/simple_print.py
[2023-08-07T09:09:15.730+0000] {logging_mixin.py:150} INFO - [2023-08-07T09:09:15.730+0000] {baseoperator.py:122} WARNING - Implicitly converting 'retries' from '5' to int
[2023-08-07T09:09:15.732+0000] {logging_mixin.py:150} INFO - [2023-08-07T09:09:15.732+0000] {baseoperator.py:122} WARNING - Implicitly converting 'retries' from '5' to int
[2023-08-07T09:09:15.733+0000] {logging_mixin.py:150} INFO - [2023-08-07T09:09:15.733+0000] {baseoperator.py:122} WARNING - Implicitly converting 'retries' from '5' to int
[2023-08-07T09:09:15.738+0000] {processor.py:836} INFO - DAG(s) dict_keys(['print_dag']) retrieved from /opt/airflow/dags/simple_print.py
[2023-08-07T09:09:15.765+0000] {logging_mixin.py:150} INFO - [2023-08-07T09:09:15.765+0000] {dag.py:2742} INFO - Sync 1 DAGs
[2023-08-07T09:09:15.785+0000] {logging_mixin.py:150} INFO - [2023-08-07T09:09:15.785+0000] {dag.py:3508} INFO - Setting next_dagrun for print_dag to 2023-08-06T16:00:00+00:00, run_after=2023-08-07T16:00:00+00:00
[2023-08-07T09:09:15.798+0000] {processor.py:179} INFO - Processing /opt/airflow/dags/simple_print.py took 0.090 seconds
[2023-08-07T09:09:46.145+0000] {processor.py:157} INFO - Started process (PID=324) to work on /opt/airflow/dags/simple_print.py
[2023-08-07T09:09:46.147+0000] {processor.py:826} INFO - Processing file /opt/airflow/dags/simple_print.py for tasks to queue
[2023-08-07T09:09:46.149+0000] {logging_mixin.py:150} INFO - [2023-08-07T09:09:46.149+0000] {dagbag.py:541} INFO - Filling up the DagBag from /opt/airflow/dags/simple_print.py
[2023-08-07T09:09:46.162+0000] {logging_mixin.py:150} INFO - [2023-08-07T09:09:46.162+0000] {baseoperator.py:122} WARNING - Implicitly converting 'retries' from '5' to int
[2023-08-07T09:09:46.164+0000] {logging_mixin.py:150} INFO - [2023-08-07T09:09:46.164+0000] {baseoperator.py:122} WARNING - Implicitly converting 'retries' from '5' to int
[2023-08-07T09:09:46.165+0000] {logging_mixin.py:150} INFO - [2023-08-07T09:09:46.164+0000] {baseoperator.py:122} WARNING - Implicitly converting 'retries' from '5' to int
[2023-08-07T09:09:46.172+0000] {processor.py:836} INFO - DAG(s) dict_keys(['print_dag']) retrieved from /opt/airflow/dags/simple_print.py
[2023-08-07T09:09:46.202+0000] {logging_mixin.py:150} INFO - [2023-08-07T09:09:46.201+0000] {dag.py:2742} INFO - Sync 1 DAGs
[2023-08-07T09:09:46.224+0000] {logging_mixin.py:150} INFO - [2023-08-07T09:09:46.224+0000] {dag.py:3508} INFO - Setting next_dagrun for print_dag to 2023-08-06T16:00:00+00:00, run_after=2023-08-07T16:00:00+00:00
[2023-08-07T09:09:46.237+0000] {processor.py:179} INFO - Processing /opt/airflow/dags/simple_print.py took 0.097 seconds
[2023-08-07T09:10:16.517+0000] {processor.py:157} INFO - Started process (PID=336) to work on /opt/airflow/dags/simple_print.py
[2023-08-07T09:10:16.520+0000] {processor.py:826} INFO - Processing file /opt/airflow/dags/simple_print.py for tasks to queue
[2023-08-07T09:10:16.522+0000] {logging_mixin.py:150} INFO - [2023-08-07T09:10:16.521+0000] {dagbag.py:541} INFO - Filling up the DagBag from /opt/airflow/dags/simple_print.py
[2023-08-07T09:10:16.533+0000] {logging_mixin.py:150} INFO - [2023-08-07T09:10:16.533+0000] {baseoperator.py:122} WARNING - Implicitly converting 'retries' from '5' to int
[2023-08-07T09:10:16.535+0000] {logging_mixin.py:150} INFO - [2023-08-07T09:10:16.535+0000] {baseoperator.py:122} WARNING - Implicitly converting 'retries' from '5' to int
[2023-08-07T09:10:16.536+0000] {logging_mixin.py:150} INFO - [2023-08-07T09:10:16.536+0000] {baseoperator.py:122} WARNING - Implicitly converting 'retries' from '5' to int
[2023-08-07T09:10:16.543+0000] {processor.py:836} INFO - DAG(s) dict_keys(['print_dag']) retrieved from /opt/airflow/dags/simple_print.py
[2023-08-07T09:10:16.575+0000] {logging_mixin.py:150} INFO - [2023-08-07T09:10:16.575+0000] {dag.py:2742} INFO - Sync 1 DAGs
[2023-08-07T09:10:16.599+0000] {logging_mixin.py:150} INFO - [2023-08-07T09:10:16.599+0000] {dag.py:3508} INFO - Setting next_dagrun for print_dag to 2023-08-06T16:00:00+00:00, run_after=2023-08-07T16:00:00+00:00
[2023-08-07T09:10:16.613+0000] {processor.py:179} INFO - Processing /opt/airflow/dags/simple_print.py took 0.104 seconds
[2023-08-07T09:10:46.958+0000] {processor.py:157} INFO - Started process (PID=348) to work on /opt/airflow/dags/simple_print.py
[2023-08-07T09:10:46.959+0000] {processor.py:826} INFO - Processing file /opt/airflow/dags/simple_print.py for tasks to queue
[2023-08-07T09:10:46.961+0000] {logging_mixin.py:150} INFO - [2023-08-07T09:10:46.960+0000] {dagbag.py:541} INFO - Filling up the DagBag from /opt/airflow/dags/simple_print.py
[2023-08-07T09:10:46.971+0000] {logging_mixin.py:150} INFO - [2023-08-07T09:10:46.971+0000] {baseoperator.py:122} WARNING - Implicitly converting 'retries' from '5' to int
[2023-08-07T09:10:46.972+0000] {logging_mixin.py:150} INFO - [2023-08-07T09:10:46.972+0000] {baseoperator.py:122} WARNING - Implicitly converting 'retries' from '5' to int
[2023-08-07T09:10:46.973+0000] {logging_mixin.py:150} INFO - [2023-08-07T09:10:46.973+0000] {baseoperator.py:122} WARNING - Implicitly converting 'retries' from '5' to int
[2023-08-07T09:10:46.977+0000] {processor.py:836} INFO - DAG(s) dict_keys(['print_dag']) retrieved from /opt/airflow/dags/simple_print.py
[2023-08-07T09:10:47.005+0000] {logging_mixin.py:150} INFO - [2023-08-07T09:10:47.005+0000] {dag.py:2742} INFO - Sync 1 DAGs
[2023-08-07T09:10:47.026+0000] {logging_mixin.py:150} INFO - [2023-08-07T09:10:47.026+0000] {dag.py:3508} INFO - Setting next_dagrun for print_dag to 2023-08-06T16:00:00+00:00, run_after=2023-08-07T16:00:00+00:00
[2023-08-07T09:10:47.041+0000] {processor.py:179} INFO - Processing /opt/airflow/dags/simple_print.py took 0.087 seconds
[2023-08-07T09:11:17.314+0000] {processor.py:157} INFO - Started process (PID=360) to work on /opt/airflow/dags/simple_print.py
[2023-08-07T09:11:17.317+0000] {processor.py:826} INFO - Processing file /opt/airflow/dags/simple_print.py for tasks to queue
[2023-08-07T09:11:17.319+0000] {logging_mixin.py:150} INFO - [2023-08-07T09:11:17.319+0000] {dagbag.py:541} INFO - Filling up the DagBag from /opt/airflow/dags/simple_print.py
[2023-08-07T09:11:17.332+0000] {logging_mixin.py:150} INFO - [2023-08-07T09:11:17.332+0000] {baseoperator.py:122} WARNING - Implicitly converting 'retries' from '5' to int
[2023-08-07T09:11:17.334+0000] {logging_mixin.py:150} INFO - [2023-08-07T09:11:17.334+0000] {baseoperator.py:122} WARNING - Implicitly converting 'retries' from '5' to int
[2023-08-07T09:11:17.335+0000] {logging_mixin.py:150} INFO - [2023-08-07T09:11:17.335+0000] {baseoperator.py:122} WARNING - Implicitly converting 'retries' from '5' to int
[2023-08-07T09:11:17.339+0000] {processor.py:836} INFO - DAG(s) dict_keys(['print_dag']) retrieved from /opt/airflow/dags/simple_print.py
[2023-08-07T09:11:17.365+0000] {logging_mixin.py:150} INFO - [2023-08-07T09:11:17.365+0000] {dag.py:2742} INFO - Sync 1 DAGs
[2023-08-07T09:11:17.385+0000] {logging_mixin.py:150} INFO - [2023-08-07T09:11:17.385+0000] {dag.py:3508} INFO - Setting next_dagrun for print_dag to 2023-08-06T16:00:00+00:00, run_after=2023-08-07T16:00:00+00:00
[2023-08-07T09:11:17.398+0000] {processor.py:179} INFO - Processing /opt/airflow/dags/simple_print.py took 0.090 seconds
[2023-08-07T09:11:47.716+0000] {processor.py:157} INFO - Started process (PID=372) to work on /opt/airflow/dags/simple_print.py
[2023-08-07T09:11:47.719+0000] {processor.py:826} INFO - Processing file /opt/airflow/dags/simple_print.py for tasks to queue
[2023-08-07T09:11:47.721+0000] {logging_mixin.py:150} INFO - [2023-08-07T09:11:47.720+0000] {dagbag.py:541} INFO - Filling up the DagBag from /opt/airflow/dags/simple_print.py
[2023-08-07T09:11:47.736+0000] {logging_mixin.py:150} INFO - [2023-08-07T09:11:47.736+0000] {baseoperator.py:122} WARNING - Implicitly converting 'retries' from '5' to int
[2023-08-07T09:11:47.737+0000] {logging_mixin.py:150} INFO - [2023-08-07T09:11:47.737+0000] {baseoperator.py:122} WARNING - Implicitly converting 'retries' from '5' to int
[2023-08-07T09:11:47.738+0000] {logging_mixin.py:150} INFO - [2023-08-07T09:11:47.738+0000] {baseoperator.py:122} WARNING - Implicitly converting 'retries' from '5' to int
[2023-08-07T09:11:47.744+0000] {processor.py:836} INFO - DAG(s) dict_keys(['print_dag']) retrieved from /opt/airflow/dags/simple_print.py
[2023-08-07T09:11:47.773+0000] {logging_mixin.py:150} INFO - [2023-08-07T09:11:47.773+0000] {dag.py:2742} INFO - Sync 1 DAGs
[2023-08-07T09:11:47.793+0000] {logging_mixin.py:150} INFO - [2023-08-07T09:11:47.792+0000] {dag.py:3508} INFO - Setting next_dagrun for print_dag to 2023-08-06T16:00:00+00:00, run_after=2023-08-07T16:00:00+00:00
[2023-08-07T09:11:47.808+0000] {processor.py:179} INFO - Processing /opt/airflow/dags/simple_print.py took 0.100 seconds
[2023-08-07T09:12:18.068+0000] {processor.py:157} INFO - Started process (PID=394) to work on /opt/airflow/dags/simple_print.py
[2023-08-07T09:12:18.073+0000] {processor.py:826} INFO - Processing file /opt/airflow/dags/simple_print.py for tasks to queue
[2023-08-07T09:12:18.074+0000] {logging_mixin.py:150} INFO - [2023-08-07T09:12:18.074+0000] {dagbag.py:541} INFO - Filling up the DagBag from /opt/airflow/dags/simple_print.py
[2023-08-07T09:12:18.088+0000] {logging_mixin.py:150} INFO - [2023-08-07T09:12:18.088+0000] {baseoperator.py:122} WARNING - Implicitly converting 'retries' from '5' to int
[2023-08-07T09:12:18.090+0000] {logging_mixin.py:150} INFO - [2023-08-07T09:12:18.090+0000] {baseoperator.py:122} WARNING - Implicitly converting 'retries' from '5' to int
[2023-08-07T09:12:18.091+0000] {logging_mixin.py:150} INFO - [2023-08-07T09:12:18.091+0000] {baseoperator.py:122} WARNING - Implicitly converting 'retries' from '5' to int
[2023-08-07T09:12:18.096+0000] {processor.py:836} INFO - DAG(s) dict_keys(['print_dag']) retrieved from /opt/airflow/dags/simple_print.py
[2023-08-07T09:12:18.122+0000] {logging_mixin.py:150} INFO - [2023-08-07T09:12:18.122+0000] {dag.py:2742} INFO - Sync 1 DAGs
[2023-08-07T09:12:18.141+0000] {logging_mixin.py:150} INFO - [2023-08-07T09:12:18.141+0000] {dag.py:3508} INFO - Setting next_dagrun for print_dag to 2023-08-06T16:00:00+00:00, run_after=2023-08-07T16:00:00+00:00
[2023-08-07T09:12:18.154+0000] {processor.py:179} INFO - Processing /opt/airflow/dags/simple_print.py took 0.094 seconds
[2023-08-07T09:12:48.518+0000] {processor.py:157} INFO - Started process (PID=406) to work on /opt/airflow/dags/simple_print.py
[2023-08-07T09:12:48.520+0000] {processor.py:826} INFO - Processing file /opt/airflow/dags/simple_print.py for tasks to queue
[2023-08-07T09:12:48.521+0000] {logging_mixin.py:150} INFO - [2023-08-07T09:12:48.521+0000] {dagbag.py:541} INFO - Filling up the DagBag from /opt/airflow/dags/simple_print.py
[2023-08-07T09:12:48.532+0000] {logging_mixin.py:150} INFO - [2023-08-07T09:12:48.532+0000] {baseoperator.py:122} WARNING - Implicitly converting 'retries' from '5' to int
[2023-08-07T09:12:48.533+0000] {logging_mixin.py:150} INFO - [2023-08-07T09:12:48.533+0000] {baseoperator.py:122} WARNING - Implicitly converting 'retries' from '5' to int
[2023-08-07T09:12:48.534+0000] {logging_mixin.py:150} INFO - [2023-08-07T09:12:48.534+0000] {baseoperator.py:122} WARNING - Implicitly converting 'retries' from '5' to int
[2023-08-07T09:12:48.540+0000] {processor.py:836} INFO - DAG(s) dict_keys(['print_dag']) retrieved from /opt/airflow/dags/simple_print.py
[2023-08-07T09:12:48.570+0000] {logging_mixin.py:150} INFO - [2023-08-07T09:12:48.569+0000] {dag.py:2742} INFO - Sync 1 DAGs
[2023-08-07T09:12:48.591+0000] {logging_mixin.py:150} INFO - [2023-08-07T09:12:48.591+0000] {dag.py:3508} INFO - Setting next_dagrun for print_dag to 2023-08-06T16:00:00+00:00, run_after=2023-08-07T16:00:00+00:00
[2023-08-07T09:12:48.604+0000] {processor.py:179} INFO - Processing /opt/airflow/dags/simple_print.py took 0.089 seconds
[2023-08-07T09:13:18.951+0000] {processor.py:157} INFO - Started process (PID=418) to work on /opt/airflow/dags/simple_print.py
[2023-08-07T09:13:18.954+0000] {processor.py:826} INFO - Processing file /opt/airflow/dags/simple_print.py for tasks to queue
[2023-08-07T09:13:18.955+0000] {logging_mixin.py:150} INFO - [2023-08-07T09:13:18.955+0000] {dagbag.py:541} INFO - Filling up the DagBag from /opt/airflow/dags/simple_print.py
[2023-08-07T09:13:18.967+0000] {logging_mixin.py:150} INFO - [2023-08-07T09:13:18.967+0000] {baseoperator.py:122} WARNING - Implicitly converting 'retries' from '5' to int
[2023-08-07T09:13:18.968+0000] {logging_mixin.py:150} INFO - [2023-08-07T09:13:18.968+0000] {baseoperator.py:122} WARNING - Implicitly converting 'retries' from '5' to int
[2023-08-07T09:13:18.969+0000] {logging_mixin.py:150} INFO - [2023-08-07T09:13:18.969+0000] {baseoperator.py:122} WARNING - Implicitly converting 'retries' from '5' to int
[2023-08-07T09:13:18.974+0000] {processor.py:836} INFO - DAG(s) dict_keys(['print_dag']) retrieved from /opt/airflow/dags/simple_print.py
[2023-08-07T09:13:19.001+0000] {logging_mixin.py:150} INFO - [2023-08-07T09:13:19.001+0000] {dag.py:2742} INFO - Sync 1 DAGs
[2023-08-07T09:13:19.021+0000] {logging_mixin.py:150} INFO - [2023-08-07T09:13:19.021+0000] {dag.py:3508} INFO - Setting next_dagrun for print_dag to 2023-08-06T16:00:00+00:00, run_after=2023-08-07T16:00:00+00:00
[2023-08-07T09:13:19.034+0000] {processor.py:179} INFO - Processing /opt/airflow/dags/simple_print.py took 0.088 seconds
[2023-08-07T09:13:49.341+0000] {processor.py:157} INFO - Started process (PID=429) to work on /opt/airflow/dags/simple_print.py
[2023-08-07T09:13:49.344+0000] {processor.py:826} INFO - Processing file /opt/airflow/dags/simple_print.py for tasks to queue
[2023-08-07T09:13:49.345+0000] {logging_mixin.py:150} INFO - [2023-08-07T09:13:49.345+0000] {dagbag.py:541} INFO - Filling up the DagBag from /opt/airflow/dags/simple_print.py
[2023-08-07T09:13:49.356+0000] {logging_mixin.py:150} INFO - [2023-08-07T09:13:49.356+0000] {baseoperator.py:122} WARNING - Implicitly converting 'retries' from '5' to int
[2023-08-07T09:13:49.357+0000] {logging_mixin.py:150} INFO - [2023-08-07T09:13:49.357+0000] {baseoperator.py:122} WARNING - Implicitly converting 'retries' from '5' to int
[2023-08-07T09:13:49.358+0000] {logging_mixin.py:150} INFO - [2023-08-07T09:13:49.358+0000] {baseoperator.py:122} WARNING - Implicitly converting 'retries' from '5' to int
[2023-08-07T09:13:49.363+0000] {processor.py:836} INFO - DAG(s) dict_keys(['print_dag']) retrieved from /opt/airflow/dags/simple_print.py
[2023-08-07T09:13:49.391+0000] {logging_mixin.py:150} INFO - [2023-08-07T09:13:49.390+0000] {dag.py:2742} INFO - Sync 1 DAGs
[2023-08-07T09:13:49.412+0000] {logging_mixin.py:150} INFO - [2023-08-07T09:13:49.412+0000] {dag.py:3508} INFO - Setting next_dagrun for print_dag to 2023-08-06T16:00:00+00:00, run_after=2023-08-07T16:00:00+00:00
[2023-08-07T09:13:49.426+0000] {processor.py:179} INFO - Processing /opt/airflow/dags/simple_print.py took 0.090 seconds
[2023-08-07T09:14:19.720+0000] {processor.py:157} INFO - Started process (PID=441) to work on /opt/airflow/dags/simple_print.py
[2023-08-07T09:14:19.722+0000] {processor.py:826} INFO - Processing file /opt/airflow/dags/simple_print.py for tasks to queue
[2023-08-07T09:14:19.724+0000] {logging_mixin.py:150} INFO - [2023-08-07T09:14:19.724+0000] {dagbag.py:541} INFO - Filling up the DagBag from /opt/airflow/dags/simple_print.py
[2023-08-07T09:14:19.736+0000] {logging_mixin.py:150} INFO - [2023-08-07T09:14:19.736+0000] {baseoperator.py:122} WARNING - Implicitly converting 'retries' from '5' to int
[2023-08-07T09:14:19.738+0000] {logging_mixin.py:150} INFO - [2023-08-07T09:14:19.738+0000] {baseoperator.py:122} WARNING - Implicitly converting 'retries' from '5' to int
[2023-08-07T09:14:19.739+0000] {logging_mixin.py:150} INFO - [2023-08-07T09:14:19.739+0000] {baseoperator.py:122} WARNING - Implicitly converting 'retries' from '5' to int
[2023-08-07T09:14:19.743+0000] {processor.py:836} INFO - DAG(s) dict_keys(['print_dag']) retrieved from /opt/airflow/dags/simple_print.py
[2023-08-07T09:14:19.771+0000] {logging_mixin.py:150} INFO - [2023-08-07T09:14:19.771+0000] {dag.py:2742} INFO - Sync 1 DAGs
[2023-08-07T09:14:19.790+0000] {logging_mixin.py:150} INFO - [2023-08-07T09:14:19.790+0000] {dag.py:3508} INFO - Setting next_dagrun for print_dag to 2023-08-06T16:00:00+00:00, run_after=2023-08-07T16:00:00+00:00
[2023-08-07T09:14:19.803+0000] {processor.py:179} INFO - Processing /opt/airflow/dags/simple_print.py took 0.089 seconds
[2023-08-07T09:14:50.135+0000] {processor.py:157} INFO - Started process (PID=453) to work on /opt/airflow/dags/simple_print.py
[2023-08-07T09:14:50.137+0000] {processor.py:826} INFO - Processing file /opt/airflow/dags/simple_print.py for tasks to queue
[2023-08-07T09:14:50.138+0000] {logging_mixin.py:150} INFO - [2023-08-07T09:14:50.138+0000] {dagbag.py:541} INFO - Filling up the DagBag from /opt/airflow/dags/simple_print.py
[2023-08-07T09:14:50.149+0000] {logging_mixin.py:150} INFO - [2023-08-07T09:14:50.149+0000] {baseoperator.py:122} WARNING - Implicitly converting 'retries' from '5' to int
[2023-08-07T09:14:50.150+0000] {logging_mixin.py:150} INFO - [2023-08-07T09:14:50.150+0000] {baseoperator.py:122} WARNING - Implicitly converting 'retries' from '5' to int
[2023-08-07T09:14:50.151+0000] {logging_mixin.py:150} INFO - [2023-08-07T09:14:50.151+0000] {baseoperator.py:122} WARNING - Implicitly converting 'retries' from '5' to int
[2023-08-07T09:14:50.155+0000] {processor.py:836} INFO - DAG(s) dict_keys(['print_dag']) retrieved from /opt/airflow/dags/simple_print.py
[2023-08-07T09:14:50.181+0000] {logging_mixin.py:150} INFO - [2023-08-07T09:14:50.181+0000] {dag.py:2742} INFO - Sync 1 DAGs
[2023-08-07T09:14:50.199+0000] {logging_mixin.py:150} INFO - [2023-08-07T09:14:50.199+0000] {dag.py:3508} INFO - Setting next_dagrun for print_dag to 2023-08-06T16:00:00+00:00, run_after=2023-08-07T16:00:00+00:00
[2023-08-07T09:14:50.212+0000] {processor.py:179} INFO - Processing /opt/airflow/dags/simple_print.py took 0.081 seconds
