[2023-08-08T07:29:31.876+0000] {taskinstance.py:1103} INFO - Dependencies all met for dep_context=non-requeueable deps ti=<TaskInstance: dag_w_postgres_v2.insert_data_to_postgres manual__2023-08-08T07:29:29.541522+00:00 [queued]>
[2023-08-08T07:29:31.883+0000] {taskinstance.py:1103} INFO - Dependencies all met for dep_context=requeueable deps ti=<TaskInstance: dag_w_postgres_v2.insert_data_to_postgres manual__2023-08-08T07:29:29.541522+00:00 [queued]>
[2023-08-08T07:29:31.884+0000] {taskinstance.py:1308} INFO - Starting attempt 1 of 6
[2023-08-08T07:29:31.896+0000] {taskinstance.py:1327} INFO - Executing <Task(PostgresOperator): insert_data_to_postgres> on 2023-08-08 07:29:29.541522+00:00
[2023-08-08T07:29:31.900+0000] {standard_task_runner.py:57} INFO - Started process 2737 to run task
[2023-08-08T07:29:31.907+0000] {standard_task_runner.py:84} INFO - Running: ['***', 'tasks', 'run', 'dag_w_postgres_v2', 'insert_data_to_postgres', 'manual__2023-08-08T07:29:29.541522+00:00', '--job-id', '1108', '--raw', '--subdir', 'DAGS_FOLDER/dag_postgresql.py', '--cfg-path', '/tmp/tmp632yu5yc']
[2023-08-08T07:29:31.910+0000] {standard_task_runner.py:85} INFO - Job 1108: Subtask insert_data_to_postgres
[2023-08-08T07:29:31.980+0000] {task_command.py:410} INFO - Running <TaskInstance: dag_w_postgres_v2.insert_data_to_postgres manual__2023-08-08T07:29:29.541522+00:00 [running]> on host e3ce6cb94b48
[2023-08-08T07:29:32.073+0000] {taskinstance.py:1547} INFO - Exporting env vars: AIRFLOW_CTX_DAG_OWNER='Zack' AIRFLOW_CTX_DAG_ID='dag_w_postgres_v2' AIRFLOW_CTX_TASK_ID='insert_data_to_postgres' AIRFLOW_CTX_EXECUTION_DATE='2023-08-08T07:29:29.541522+00:00' AIRFLOW_CTX_TRY_NUMBER='1' AIRFLOW_CTX_DAG_RUN_ID='manual__2023-08-08T07:29:29.541522+00:00'
[2023-08-08T07:29:32.074+0000] {sql.py:265} INFO - Executing: 
            INSERT INTO dag_runs (dt, dag_id) values ('2023-08-08', 'dag_w_postgres_v2')
        
[2023-08-08T07:29:32.084+0000] {base.py:73} INFO - Using connection ID 'postgres_localhost' for task execution.
[2023-08-08T07:29:32.135+0000] {base.py:73} INFO - Using connection ID 'postgres_localhost' for task execution.
[2023-08-08T07:29:32.146+0000] {sql.py:375} INFO - Running statement: 
            INSERT INTO dag_runs (dt, dag_id) values ('2023-08-08', 'dag_w_postgres_v2')
        , parameters: None
[2023-08-08T07:29:32.149+0000] {sql.py:384} INFO - Rows affected: 1
[2023-08-08T07:29:32.161+0000] {taskinstance.py:1350} INFO - Marking task as SUCCESS. dag_id=dag_w_postgres_v2, task_id=insert_data_to_postgres, execution_date=20230808T072929, start_date=20230808T072931, end_date=20230808T072932
[2023-08-08T07:29:32.199+0000] {local_task_job_runner.py:225} INFO - Task exited with return code 0
[2023-08-08T07:29:32.216+0000] {taskinstance.py:2653} INFO - 0 downstream tasks scheduled from follow-on schedule check
