[2023-08-08T07:24:38.350+0000] {taskinstance.py:1103} INFO - Dependencies all met for dep_context=non-requeueable deps ti=<TaskInstance: dag_w_postgres_v2.create_table_in_postgres scheduled__2023-08-07T00:00:00+00:00 [queued]>
[2023-08-08T07:24:38.361+0000] {taskinstance.py:1103} INFO - Dependencies all met for dep_context=requeueable deps ti=<TaskInstance: dag_w_postgres_v2.create_table_in_postgres scheduled__2023-08-07T00:00:00+00:00 [queued]>
[2023-08-08T07:24:38.362+0000] {taskinstance.py:1308} INFO - Starting attempt 1 of 6
[2023-08-08T07:24:38.378+0000] {taskinstance.py:1327} INFO - Executing <Task(PostgresOperator): create_table_in_postgres> on 2023-08-07 00:00:00+00:00
[2023-08-08T07:24:38.384+0000] {standard_task_runner.py:57} INFO - Started process 2450 to run task
[2023-08-08T07:24:38.394+0000] {standard_task_runner.py:84} INFO - Running: ['***', 'tasks', 'run', 'dag_w_postgres_v2', 'create_table_in_postgres', 'scheduled__2023-08-07T00:00:00+00:00', '--job-id', '1098', '--raw', '--subdir', 'DAGS_FOLDER/dag_postgresql.py', '--cfg-path', '/tmp/tmp60lrxn4t']
[2023-08-08T07:24:38.399+0000] {standard_task_runner.py:85} INFO - Job 1098: Subtask create_table_in_postgres
[2023-08-08T07:24:38.484+0000] {task_command.py:410} INFO - Running <TaskInstance: dag_w_postgres_v2.create_table_in_postgres scheduled__2023-08-07T00:00:00+00:00 [running]> on host e3ce6cb94b48
[2023-08-08T07:24:38.569+0000] {taskinstance.py:1547} INFO - Exporting env vars: AIRFLOW_CTX_DAG_OWNER='Zack' AIRFLOW_CTX_DAG_ID='dag_w_postgres_v2' AIRFLOW_CTX_TASK_ID='create_table_in_postgres' AIRFLOW_CTX_EXECUTION_DATE='2023-08-07T00:00:00+00:00' AIRFLOW_CTX_TRY_NUMBER='1' AIRFLOW_CTX_DAG_RUN_ID='scheduled__2023-08-07T00:00:00+00:00'
[2023-08-08T07:24:38.570+0000] {sql.py:265} INFO - Executing: 
            CREATE TABLE if not exists dag_runs(
                dt date,
                dag_id character varying,
                primary key  (dt, dag_id)
            )
        
[2023-08-08T07:24:38.581+0000] {base.py:73} INFO - Using connection ID 'postgres_localhost' for task execution.
[2023-08-08T07:24:38.630+0000] {base.py:73} INFO - Using connection ID 'postgres_localhost' for task execution.
[2023-08-08T07:24:38.640+0000] {sql.py:375} INFO - Running statement: 
            CREATE TABLE if not exists dag_runs(
                dt date,
                dag_id character varying,
                primary key  (dt, dag_id)
            )
        , parameters: None
[2023-08-08T07:24:38.653+0000] {taskinstance.py:1350} INFO - Marking task as SUCCESS. dag_id=dag_w_postgres_v2, task_id=create_table_in_postgres, execution_date=20230807T000000, start_date=20230808T072438, end_date=20230808T072438
[2023-08-08T07:24:38.682+0000] {local_task_job_runner.py:225} INFO - Task exited with return code 0
[2023-08-08T07:24:38.700+0000] {taskinstance.py:2653} INFO - 0 downstream tasks scheduled from follow-on schedule check
