[2023-08-15T00:54:21.830+0000] {taskinstance.py:1103} INFO - Dependencies all met for dep_context=non-requeueable deps ti=<TaskInstance: dag_w_postgres_v3.create_table_in_postgres scheduled__2023-08-14T00:00:00+00:00 [queued]>
[2023-08-15T00:54:21.839+0000] {taskinstance.py:1103} INFO - Dependencies all met for dep_context=requeueable deps ti=<TaskInstance: dag_w_postgres_v3.create_table_in_postgres scheduled__2023-08-14T00:00:00+00:00 [queued]>
[2023-08-15T00:54:21.841+0000] {taskinstance.py:1308} INFO - Starting attempt 1 of 6
[2023-08-15T00:54:21.855+0000] {taskinstance.py:1327} INFO - Executing <Task(PostgresOperator): create_table_in_postgres> on 2023-08-14 00:00:00+00:00
[2023-08-15T00:54:21.867+0000] {standard_task_runner.py:57} INFO - Started process 9850 to run task
[2023-08-15T00:54:21.890+0000] {standard_task_runner.py:84} INFO - Running: ['***', 'tasks', 'run', 'dag_w_postgres_v3', 'create_table_in_postgres', 'scheduled__2023-08-14T00:00:00+00:00', '--job-id', '1143', '--raw', '--subdir', 'DAGS_FOLDER/dag_postgresql.py', '--cfg-path', '/tmp/tmpmp5zdoju']
[2023-08-15T00:54:21.912+0000] {standard_task_runner.py:85} INFO - Job 1143: Subtask create_table_in_postgres
[2023-08-15T00:54:22.156+0000] {task_command.py:410} INFO - Running <TaskInstance: dag_w_postgres_v3.create_table_in_postgres scheduled__2023-08-14T00:00:00+00:00 [running]> on host e3ce6cb94b48
[2023-08-15T00:54:22.285+0000] {taskinstance.py:1547} INFO - Exporting env vars: AIRFLOW_CTX_DAG_OWNER='Zack' AIRFLOW_CTX_DAG_ID='dag_w_postgres_v3' AIRFLOW_CTX_TASK_ID='create_table_in_postgres' AIRFLOW_CTX_EXECUTION_DATE='2023-08-14T00:00:00+00:00' AIRFLOW_CTX_TRY_NUMBER='1' AIRFLOW_CTX_DAG_RUN_ID='scheduled__2023-08-14T00:00:00+00:00'
[2023-08-15T00:54:22.286+0000] {sql.py:265} INFO - Executing: 
            CREATE TABLE if not exists dag_runs(
                dt date,
                dag_id character varying,
                primary key  (dt, dag_id)
            )
        
[2023-08-15T00:54:22.306+0000] {base.py:73} INFO - Using connection ID 'postgres_localhost' for task execution.
[2023-08-15T00:54:22.385+0000] {base.py:73} INFO - Using connection ID 'postgres_localhost' for task execution.
[2023-08-15T00:54:22.410+0000] {sql.py:375} INFO - Running statement: 
            CREATE TABLE if not exists dag_runs(
                dt date,
                dag_id character varying,
                primary key  (dt, dag_id)
            )
        , parameters: None
[2023-08-15T00:54:22.423+0000] {taskinstance.py:1350} INFO - Marking task as SUCCESS. dag_id=dag_w_postgres_v3, task_id=create_table_in_postgres, execution_date=20230814T000000, start_date=20230815T005421, end_date=20230815T005422
[2023-08-15T00:54:22.474+0000] {local_task_job_runner.py:225} INFO - Task exited with return code 0
[2023-08-15T00:54:22.499+0000] {taskinstance.py:2653} INFO - 1 downstream tasks scheduled from follow-on schedule check
