[2023-08-16T00:08:28.028+0000] {taskinstance.py:1103} INFO - Dependencies all met for dep_context=non-requeueable deps ti=<TaskInstance: dag_w_postgres_v3.insert_data_to_postgres scheduled__2023-08-15T00:00:00+00:00 [queued]>
[2023-08-16T00:08:28.034+0000] {taskinstance.py:1103} INFO - Dependencies all met for dep_context=requeueable deps ti=<TaskInstance: dag_w_postgres_v3.insert_data_to_postgres scheduled__2023-08-15T00:00:00+00:00 [queued]>
[2023-08-16T00:08:28.035+0000] {taskinstance.py:1308} INFO - Starting attempt 1 of 6
[2023-08-16T00:08:28.045+0000] {taskinstance.py:1327} INFO - Executing <Task(PostgresOperator): insert_data_to_postgres> on 2023-08-15 00:00:00+00:00
[2023-08-16T00:08:28.049+0000] {standard_task_runner.py:57} INFO - Started process 28134 to run task
[2023-08-16T00:08:28.052+0000] {standard_task_runner.py:84} INFO - Running: ['***', 'tasks', 'run', 'dag_w_postgres_v3', 'insert_data_to_postgres', 'scheduled__2023-08-15T00:00:00+00:00', '--job-id', '1148', '--raw', '--subdir', 'DAGS_FOLDER/dag_postgresql.py', '--cfg-path', '/tmp/tmpbj14xh4v']
[2023-08-16T00:08:28.054+0000] {standard_task_runner.py:85} INFO - Job 1148: Subtask insert_data_to_postgres
[2023-08-16T00:08:28.097+0000] {task_command.py:410} INFO - Running <TaskInstance: dag_w_postgres_v3.insert_data_to_postgres scheduled__2023-08-15T00:00:00+00:00 [running]> on host e3ce6cb94b48
[2023-08-16T00:08:28.166+0000] {taskinstance.py:1547} INFO - Exporting env vars: AIRFLOW_CTX_DAG_OWNER='Zack' AIRFLOW_CTX_DAG_ID='dag_w_postgres_v3' AIRFLOW_CTX_TASK_ID='insert_data_to_postgres' AIRFLOW_CTX_EXECUTION_DATE='2023-08-15T00:00:00+00:00' AIRFLOW_CTX_TRY_NUMBER='1' AIRFLOW_CTX_DAG_RUN_ID='scheduled__2023-08-15T00:00:00+00:00'
[2023-08-16T00:08:28.167+0000] {sql.py:265} INFO - Executing: 
            INSERT INTO dag_runs (dt, dag_id) values ('2023-08-15', 'dag_w_postgres_v3')
        
[2023-08-16T00:08:28.176+0000] {base.py:73} INFO - Using connection ID 'postgres_localhost' for task execution.
[2023-08-16T00:08:28.214+0000] {base.py:73} INFO - Using connection ID 'postgres_localhost' for task execution.
[2023-08-16T00:08:28.223+0000] {sql.py:375} INFO - Running statement: 
            INSERT INTO dag_runs (dt, dag_id) values ('2023-08-15', 'dag_w_postgres_v3')
        , parameters: None
[2023-08-16T00:08:28.225+0000] {sql.py:384} INFO - Rows affected: 1
[2023-08-16T00:08:28.235+0000] {taskinstance.py:1350} INFO - Marking task as SUCCESS. dag_id=dag_w_postgres_v3, task_id=insert_data_to_postgres, execution_date=20230815T000000, start_date=20230816T000828, end_date=20230816T000828
[2023-08-16T00:08:28.267+0000] {local_task_job_runner.py:225} INFO - Task exited with return code 0
[2023-08-16T00:08:28.282+0000] {taskinstance.py:2653} INFO - 0 downstream tasks scheduled from follow-on schedule check
