[2023-08-07T08:03:16.387+0000] {processor.py:157} INFO - Started process (PID=336) to work on /home/airflow/.local/lib/python3.7/site-packages/airflow/example_dags/example_skip_dag.py
[2023-08-07T08:03:16.388+0000] {processor.py:826} INFO - Processing file /home/airflow/.local/lib/python3.7/site-packages/airflow/example_dags/example_skip_dag.py for tasks to queue
[2023-08-07T08:03:16.389+0000] {logging_mixin.py:150} INFO - [2023-08-07T08:03:16.389+0000] {dagbag.py:541} INFO - Filling up the DagBag from /home/airflow/.local/lib/python3.7/site-packages/airflow/example_dags/example_skip_dag.py
[2023-08-07T08:03:16.397+0000] {processor.py:836} INFO - DAG(s) dict_keys(['example_skip_dag']) retrieved from /home/airflow/.local/lib/python3.7/site-packages/airflow/example_dags/example_skip_dag.py
[2023-08-07T08:03:16.412+0000] {logging_mixin.py:150} INFO - [2023-08-07T08:03:16.412+0000] {dag.py:2742} INFO - Sync 1 DAGs
[2023-08-07T08:03:16.431+0000] {logging_mixin.py:150} INFO - [2023-08-07T08:03:16.431+0000] {dag.py:3508} INFO - Setting next_dagrun for example_skip_dag to 2023-08-06T08:03:16.431559+00:00, run_after=2023-08-07T08:03:16.431559+00:00
[2023-08-07T08:03:16.446+0000] {processor.py:179} INFO - Processing /home/airflow/.local/lib/python3.7/site-packages/airflow/example_dags/example_skip_dag.py took 0.062 seconds
[2023-08-07T08:03:46.911+0000] {processor.py:157} INFO - Started process (PID=575) to work on /home/airflow/.local/lib/python3.7/site-packages/airflow/example_dags/example_skip_dag.py
[2023-08-07T08:03:46.912+0000] {processor.py:826} INFO - Processing file /home/airflow/.local/lib/python3.7/site-packages/airflow/example_dags/example_skip_dag.py for tasks to queue
[2023-08-07T08:03:46.914+0000] {logging_mixin.py:150} INFO - [2023-08-07T08:03:46.913+0000] {dagbag.py:541} INFO - Filling up the DagBag from /home/airflow/.local/lib/python3.7/site-packages/airflow/example_dags/example_skip_dag.py
[2023-08-07T08:03:46.922+0000] {processor.py:836} INFO - DAG(s) dict_keys(['example_skip_dag']) retrieved from /home/airflow/.local/lib/python3.7/site-packages/airflow/example_dags/example_skip_dag.py
[2023-08-07T08:03:46.947+0000] {logging_mixin.py:150} INFO - [2023-08-07T08:03:46.947+0000] {dag.py:2742} INFO - Sync 1 DAGs
[2023-08-07T08:03:46.965+0000] {logging_mixin.py:150} INFO - [2023-08-07T08:03:46.965+0000] {dag.py:3508} INFO - Setting next_dagrun for example_skip_dag to 2023-08-06T08:03:46.965387+00:00, run_after=2023-08-07T08:03:46.965387+00:00
[2023-08-07T08:03:46.978+0000] {processor.py:179} INFO - Processing /home/airflow/.local/lib/python3.7/site-packages/airflow/example_dags/example_skip_dag.py took 0.070 seconds
[2023-08-07T08:04:17.358+0000] {processor.py:157} INFO - Started process (PID=816) to work on /home/airflow/.local/lib/python3.7/site-packages/airflow/example_dags/example_skip_dag.py
[2023-08-07T08:04:17.359+0000] {processor.py:826} INFO - Processing file /home/airflow/.local/lib/python3.7/site-packages/airflow/example_dags/example_skip_dag.py for tasks to queue
[2023-08-07T08:04:17.360+0000] {logging_mixin.py:150} INFO - [2023-08-07T08:04:17.360+0000] {dagbag.py:541} INFO - Filling up the DagBag from /home/airflow/.local/lib/python3.7/site-packages/airflow/example_dags/example_skip_dag.py
[2023-08-07T08:04:17.367+0000] {processor.py:836} INFO - DAG(s) dict_keys(['example_skip_dag']) retrieved from /home/airflow/.local/lib/python3.7/site-packages/airflow/example_dags/example_skip_dag.py
[2023-08-07T08:04:17.390+0000] {logging_mixin.py:150} INFO - [2023-08-07T08:04:17.390+0000] {dag.py:2742} INFO - Sync 1 DAGs
[2023-08-07T08:04:17.410+0000] {logging_mixin.py:150} INFO - [2023-08-07T08:04:17.410+0000] {dag.py:3508} INFO - Setting next_dagrun for example_skip_dag to 2023-08-06T08:04:17.410117+00:00, run_after=2023-08-07T08:04:17.410117+00:00
[2023-08-07T08:04:17.425+0000] {processor.py:179} INFO - Processing /home/airflow/.local/lib/python3.7/site-packages/airflow/example_dags/example_skip_dag.py took 0.071 seconds
[2023-08-07T08:04:47.756+0000] {processor.py:157} INFO - Started process (PID=1058) to work on /home/airflow/.local/lib/python3.7/site-packages/airflow/example_dags/example_skip_dag.py
[2023-08-07T08:04:47.757+0000] {processor.py:826} INFO - Processing file /home/airflow/.local/lib/python3.7/site-packages/airflow/example_dags/example_skip_dag.py for tasks to queue
[2023-08-07T08:04:47.758+0000] {logging_mixin.py:150} INFO - [2023-08-07T08:04:47.758+0000] {dagbag.py:541} INFO - Filling up the DagBag from /home/airflow/.local/lib/python3.7/site-packages/airflow/example_dags/example_skip_dag.py
[2023-08-07T08:04:47.765+0000] {processor.py:836} INFO - DAG(s) dict_keys(['example_skip_dag']) retrieved from /home/airflow/.local/lib/python3.7/site-packages/airflow/example_dags/example_skip_dag.py
[2023-08-07T08:04:47.788+0000] {logging_mixin.py:150} INFO - [2023-08-07T08:04:47.788+0000] {dag.py:2742} INFO - Sync 1 DAGs
[2023-08-07T08:04:47.806+0000] {logging_mixin.py:150} INFO - [2023-08-07T08:04:47.806+0000] {dag.py:3508} INFO - Setting next_dagrun for example_skip_dag to 2023-08-06T08:04:47.806470+00:00, run_after=2023-08-07T08:04:47.806470+00:00
[2023-08-07T08:04:47.820+0000] {processor.py:179} INFO - Processing /home/airflow/.local/lib/python3.7/site-packages/airflow/example_dags/example_skip_dag.py took 0.068 seconds
[2023-08-07T08:05:18.062+0000] {processor.py:157} INFO - Started process (PID=1302) to work on /home/airflow/.local/lib/python3.7/site-packages/airflow/example_dags/example_skip_dag.py
[2023-08-07T08:05:18.064+0000] {processor.py:826} INFO - Processing file /home/airflow/.local/lib/python3.7/site-packages/airflow/example_dags/example_skip_dag.py for tasks to queue
[2023-08-07T08:05:18.065+0000] {logging_mixin.py:150} INFO - [2023-08-07T08:05:18.064+0000] {dagbag.py:541} INFO - Filling up the DagBag from /home/airflow/.local/lib/python3.7/site-packages/airflow/example_dags/example_skip_dag.py
[2023-08-07T08:05:18.072+0000] {processor.py:836} INFO - DAG(s) dict_keys(['example_skip_dag']) retrieved from /home/airflow/.local/lib/python3.7/site-packages/airflow/example_dags/example_skip_dag.py
[2023-08-07T08:05:18.098+0000] {logging_mixin.py:150} INFO - [2023-08-07T08:05:18.098+0000] {dag.py:2742} INFO - Sync 1 DAGs
[2023-08-07T08:05:18.116+0000] {logging_mixin.py:150} INFO - [2023-08-07T08:05:18.116+0000] {dag.py:3508} INFO - Setting next_dagrun for example_skip_dag to 2023-08-06T08:05:18.116392+00:00, run_after=2023-08-07T08:05:18.116392+00:00
[2023-08-07T08:05:18.129+0000] {processor.py:179} INFO - Processing /home/airflow/.local/lib/python3.7/site-packages/airflow/example_dags/example_skip_dag.py took 0.070 seconds
[2023-08-07T08:05:48.515+0000] {processor.py:157} INFO - Started process (PID=1544) to work on /home/airflow/.local/lib/python3.7/site-packages/airflow/example_dags/example_skip_dag.py
[2023-08-07T08:05:48.516+0000] {processor.py:826} INFO - Processing file /home/airflow/.local/lib/python3.7/site-packages/airflow/example_dags/example_skip_dag.py for tasks to queue
[2023-08-07T08:05:48.517+0000] {logging_mixin.py:150} INFO - [2023-08-07T08:05:48.517+0000] {dagbag.py:541} INFO - Filling up the DagBag from /home/airflow/.local/lib/python3.7/site-packages/airflow/example_dags/example_skip_dag.py
[2023-08-07T08:05:48.524+0000] {processor.py:836} INFO - DAG(s) dict_keys(['example_skip_dag']) retrieved from /home/airflow/.local/lib/python3.7/site-packages/airflow/example_dags/example_skip_dag.py
[2023-08-07T08:05:48.547+0000] {logging_mixin.py:150} INFO - [2023-08-07T08:05:48.547+0000] {dag.py:2742} INFO - Sync 1 DAGs
[2023-08-07T08:05:48.566+0000] {logging_mixin.py:150} INFO - [2023-08-07T08:05:48.566+0000] {dag.py:3508} INFO - Setting next_dagrun for example_skip_dag to 2023-08-06T08:05:48.566419+00:00, run_after=2023-08-07T08:05:48.566419+00:00
[2023-08-07T08:05:48.579+0000] {processor.py:179} INFO - Processing /home/airflow/.local/lib/python3.7/site-packages/airflow/example_dags/example_skip_dag.py took 0.067 seconds
[2023-08-07T08:06:18.733+0000] {processor.py:157} INFO - Started process (PID=1800) to work on /home/airflow/.local/lib/python3.7/site-packages/airflow/example_dags/example_skip_dag.py
[2023-08-07T08:06:18.735+0000] {processor.py:826} INFO - Processing file /home/airflow/.local/lib/python3.7/site-packages/airflow/example_dags/example_skip_dag.py for tasks to queue
[2023-08-07T08:06:18.736+0000] {logging_mixin.py:150} INFO - [2023-08-07T08:06:18.736+0000] {dagbag.py:541} INFO - Filling up the DagBag from /home/airflow/.local/lib/python3.7/site-packages/airflow/example_dags/example_skip_dag.py
[2023-08-07T08:06:18.743+0000] {processor.py:836} INFO - DAG(s) dict_keys(['example_skip_dag']) retrieved from /home/airflow/.local/lib/python3.7/site-packages/airflow/example_dags/example_skip_dag.py
[2023-08-07T08:06:18.765+0000] {logging_mixin.py:150} INFO - [2023-08-07T08:06:18.765+0000] {dag.py:2742} INFO - Sync 1 DAGs
[2023-08-07T08:06:18.784+0000] {logging_mixin.py:150} INFO - [2023-08-07T08:06:18.784+0000] {dag.py:3508} INFO - Setting next_dagrun for example_skip_dag to 2023-08-06T08:06:18.784018+00:00, run_after=2023-08-07T08:06:18.784018+00:00
[2023-08-07T08:06:18.798+0000] {processor.py:179} INFO - Processing /home/airflow/.local/lib/python3.7/site-packages/airflow/example_dags/example_skip_dag.py took 0.068 seconds
[2023-08-07T08:06:49.770+0000] {processor.py:157} INFO - Started process (PID=2042) to work on /home/airflow/.local/lib/python3.7/site-packages/airflow/example_dags/example_skip_dag.py
[2023-08-07T08:06:49.771+0000] {processor.py:826} INFO - Processing file /home/airflow/.local/lib/python3.7/site-packages/airflow/example_dags/example_skip_dag.py for tasks to queue
[2023-08-07T08:06:49.772+0000] {logging_mixin.py:150} INFO - [2023-08-07T08:06:49.772+0000] {dagbag.py:541} INFO - Filling up the DagBag from /home/airflow/.local/lib/python3.7/site-packages/airflow/example_dags/example_skip_dag.py
[2023-08-07T08:06:49.779+0000] {processor.py:836} INFO - DAG(s) dict_keys(['example_skip_dag']) retrieved from /home/airflow/.local/lib/python3.7/site-packages/airflow/example_dags/example_skip_dag.py
[2023-08-07T08:06:49.802+0000] {logging_mixin.py:150} INFO - [2023-08-07T08:06:49.802+0000] {dag.py:2742} INFO - Sync 1 DAGs
[2023-08-07T08:06:49.821+0000] {logging_mixin.py:150} INFO - [2023-08-07T08:06:49.821+0000] {dag.py:3508} INFO - Setting next_dagrun for example_skip_dag to 2023-08-06T08:06:49.821320+00:00, run_after=2023-08-07T08:06:49.821320+00:00
[2023-08-07T08:06:49.834+0000] {processor.py:179} INFO - Processing /home/airflow/.local/lib/python3.7/site-packages/airflow/example_dags/example_skip_dag.py took 0.068 seconds
[2023-08-07T08:07:20.082+0000] {processor.py:157} INFO - Started process (PID=2284) to work on /home/airflow/.local/lib/python3.7/site-packages/airflow/example_dags/example_skip_dag.py
[2023-08-07T08:07:20.084+0000] {processor.py:826} INFO - Processing file /home/airflow/.local/lib/python3.7/site-packages/airflow/example_dags/example_skip_dag.py for tasks to queue
[2023-08-07T08:07:20.085+0000] {logging_mixin.py:150} INFO - [2023-08-07T08:07:20.085+0000] {dagbag.py:541} INFO - Filling up the DagBag from /home/airflow/.local/lib/python3.7/site-packages/airflow/example_dags/example_skip_dag.py
[2023-08-07T08:07:20.092+0000] {processor.py:836} INFO - DAG(s) dict_keys(['example_skip_dag']) retrieved from /home/airflow/.local/lib/python3.7/site-packages/airflow/example_dags/example_skip_dag.py
[2023-08-07T08:07:20.116+0000] {logging_mixin.py:150} INFO - [2023-08-07T08:07:20.116+0000] {dag.py:2742} INFO - Sync 1 DAGs
[2023-08-07T08:07:20.135+0000] {logging_mixin.py:150} INFO - [2023-08-07T08:07:20.135+0000] {dag.py:3508} INFO - Setting next_dagrun for example_skip_dag to 2023-08-06T08:07:20.134959+00:00, run_after=2023-08-07T08:07:20.134959+00:00
[2023-08-07T08:07:20.150+0000] {processor.py:179} INFO - Processing /home/airflow/.local/lib/python3.7/site-packages/airflow/example_dags/example_skip_dag.py took 0.071 seconds
[2023-08-07T08:07:50.261+0000] {processor.py:157} INFO - Started process (PID=2525) to work on /home/airflow/.local/lib/python3.7/site-packages/airflow/example_dags/example_skip_dag.py
[2023-08-07T08:07:50.262+0000] {processor.py:826} INFO - Processing file /home/airflow/.local/lib/python3.7/site-packages/airflow/example_dags/example_skip_dag.py for tasks to queue
[2023-08-07T08:07:50.264+0000] {logging_mixin.py:150} INFO - [2023-08-07T08:07:50.263+0000] {dagbag.py:541} INFO - Filling up the DagBag from /home/airflow/.local/lib/python3.7/site-packages/airflow/example_dags/example_skip_dag.py
[2023-08-07T08:07:50.270+0000] {processor.py:836} INFO - DAG(s) dict_keys(['example_skip_dag']) retrieved from /home/airflow/.local/lib/python3.7/site-packages/airflow/example_dags/example_skip_dag.py
[2023-08-07T08:07:50.293+0000] {logging_mixin.py:150} INFO - [2023-08-07T08:07:50.293+0000] {dag.py:2742} INFO - Sync 1 DAGs
[2023-08-07T08:07:50.314+0000] {logging_mixin.py:150} INFO - [2023-08-07T08:07:50.314+0000] {dag.py:3508} INFO - Setting next_dagrun for example_skip_dag to 2023-08-06T08:07:50.314359+00:00, run_after=2023-08-07T08:07:50.314359+00:00
[2023-08-07T08:07:50.328+0000] {processor.py:179} INFO - Processing /home/airflow/.local/lib/python3.7/site-packages/airflow/example_dags/example_skip_dag.py took 0.070 seconds
[2023-08-07T08:08:20.462+0000] {processor.py:157} INFO - Started process (PID=2769) to work on /home/airflow/.local/lib/python3.7/site-packages/airflow/example_dags/example_skip_dag.py
[2023-08-07T08:08:20.463+0000] {processor.py:826} INFO - Processing file /home/airflow/.local/lib/python3.7/site-packages/airflow/example_dags/example_skip_dag.py for tasks to queue
[2023-08-07T08:08:20.464+0000] {logging_mixin.py:150} INFO - [2023-08-07T08:08:20.464+0000] {dagbag.py:541} INFO - Filling up the DagBag from /home/airflow/.local/lib/python3.7/site-packages/airflow/example_dags/example_skip_dag.py
[2023-08-07T08:08:20.471+0000] {processor.py:836} INFO - DAG(s) dict_keys(['example_skip_dag']) retrieved from /home/airflow/.local/lib/python3.7/site-packages/airflow/example_dags/example_skip_dag.py
[2023-08-07T08:08:20.494+0000] {logging_mixin.py:150} INFO - [2023-08-07T08:08:20.494+0000] {dag.py:2742} INFO - Sync 1 DAGs
[2023-08-07T08:08:20.514+0000] {logging_mixin.py:150} INFO - [2023-08-07T08:08:20.514+0000] {dag.py:3508} INFO - Setting next_dagrun for example_skip_dag to 2023-08-06T08:08:20.514235+00:00, run_after=2023-08-07T08:08:20.514235+00:00
[2023-08-07T08:08:20.527+0000] {processor.py:179} INFO - Processing /home/airflow/.local/lib/python3.7/site-packages/airflow/example_dags/example_skip_dag.py took 0.069 seconds
[2023-08-07T08:08:50.838+0000] {processor.py:157} INFO - Started process (PID=3009) to work on /home/airflow/.local/lib/python3.7/site-packages/airflow/example_dags/example_skip_dag.py
[2023-08-07T08:08:50.839+0000] {processor.py:826} INFO - Processing file /home/airflow/.local/lib/python3.7/site-packages/airflow/example_dags/example_skip_dag.py for tasks to queue
[2023-08-07T08:08:50.840+0000] {logging_mixin.py:150} INFO - [2023-08-07T08:08:50.840+0000] {dagbag.py:541} INFO - Filling up the DagBag from /home/airflow/.local/lib/python3.7/site-packages/airflow/example_dags/example_skip_dag.py
[2023-08-07T08:08:50.849+0000] {processor.py:836} INFO - DAG(s) dict_keys(['example_skip_dag']) retrieved from /home/airflow/.local/lib/python3.7/site-packages/airflow/example_dags/example_skip_dag.py
[2023-08-07T08:08:50.873+0000] {logging_mixin.py:150} INFO - [2023-08-07T08:08:50.873+0000] {dag.py:2742} INFO - Sync 1 DAGs
[2023-08-07T08:08:50.892+0000] {logging_mixin.py:150} INFO - [2023-08-07T08:08:50.892+0000] {dag.py:3508} INFO - Setting next_dagrun for example_skip_dag to 2023-08-06T08:08:50.892454+00:00, run_after=2023-08-07T08:08:50.892454+00:00
[2023-08-07T08:08:50.911+0000] {processor.py:179} INFO - Processing /home/airflow/.local/lib/python3.7/site-packages/airflow/example_dags/example_skip_dag.py took 0.077 seconds
