[2023-08-07T08:03:15.768+0000] {processor.py:157} INFO - Started process (PID=288) to work on /home/airflow/.local/lib/python3.7/site-packages/airflow/example_dags/example_dynamic_task_mapping_with_no_taskflow_operators.py
[2023-08-07T08:03:15.769+0000] {processor.py:826} INFO - Processing file /home/airflow/.local/lib/python3.7/site-packages/airflow/example_dags/example_dynamic_task_mapping_with_no_taskflow_operators.py for tasks to queue
[2023-08-07T08:03:15.771+0000] {logging_mixin.py:150} INFO - [2023-08-07T08:03:15.770+0000] {dagbag.py:541} INFO - Filling up the DagBag from /home/airflow/.local/lib/python3.7/site-packages/airflow/example_dags/example_dynamic_task_mapping_with_no_taskflow_operators.py
[2023-08-07T08:03:15.781+0000] {processor.py:836} INFO - DAG(s) dict_keys(['example_dynamic_task_mapping_with_no_taskflow_operators']) retrieved from /home/airflow/.local/lib/python3.7/site-packages/airflow/example_dags/example_dynamic_task_mapping_with_no_taskflow_operators.py
[2023-08-07T08:03:15.796+0000] {logging_mixin.py:150} INFO - [2023-08-07T08:03:15.796+0000] {dag.py:2742} INFO - Sync 1 DAGs
[2023-08-07T08:03:15.817+0000] {logging_mixin.py:150} INFO - [2023-08-07T08:03:15.817+0000] {dag.py:3508} INFO - Setting next_dagrun for example_dynamic_task_mapping_with_no_taskflow_operators to 2023-08-06T08:03:15.816767+00:00, run_after=2023-08-07T08:03:15.816767+00:00
[2023-08-07T08:03:15.831+0000] {processor.py:179} INFO - Processing /home/airflow/.local/lib/python3.7/site-packages/airflow/example_dags/example_dynamic_task_mapping_with_no_taskflow_operators.py took 0.066 seconds
[2023-08-07T08:03:46.386+0000] {processor.py:157} INFO - Started process (PID=528) to work on /home/airflow/.local/lib/python3.7/site-packages/airflow/example_dags/example_dynamic_task_mapping_with_no_taskflow_operators.py
[2023-08-07T08:03:46.387+0000] {processor.py:826} INFO - Processing file /home/airflow/.local/lib/python3.7/site-packages/airflow/example_dags/example_dynamic_task_mapping_with_no_taskflow_operators.py for tasks to queue
[2023-08-07T08:03:46.388+0000] {logging_mixin.py:150} INFO - [2023-08-07T08:03:46.388+0000] {dagbag.py:541} INFO - Filling up the DagBag from /home/airflow/.local/lib/python3.7/site-packages/airflow/example_dags/example_dynamic_task_mapping_with_no_taskflow_operators.py
[2023-08-07T08:03:46.395+0000] {processor.py:836} INFO - DAG(s) dict_keys(['example_dynamic_task_mapping_with_no_taskflow_operators']) retrieved from /home/airflow/.local/lib/python3.7/site-packages/airflow/example_dags/example_dynamic_task_mapping_with_no_taskflow_operators.py
[2023-08-07T08:03:46.417+0000] {logging_mixin.py:150} INFO - [2023-08-07T08:03:46.417+0000] {dag.py:2742} INFO - Sync 1 DAGs
[2023-08-07T08:03:46.438+0000] {logging_mixin.py:150} INFO - [2023-08-07T08:03:46.438+0000] {dag.py:3508} INFO - Setting next_dagrun for example_dynamic_task_mapping_with_no_taskflow_operators to 2023-08-06T08:03:46.438223+00:00, run_after=2023-08-07T08:03:46.438223+00:00
[2023-08-07T08:03:46.453+0000] {processor.py:179} INFO - Processing /home/airflow/.local/lib/python3.7/site-packages/airflow/example_dags/example_dynamic_task_mapping_with_no_taskflow_operators.py took 0.071 seconds
[2023-08-07T08:04:16.910+0000] {processor.py:157} INFO - Started process (PID=773) to work on /home/airflow/.local/lib/python3.7/site-packages/airflow/example_dags/example_dynamic_task_mapping_with_no_taskflow_operators.py
[2023-08-07T08:04:16.911+0000] {processor.py:826} INFO - Processing file /home/airflow/.local/lib/python3.7/site-packages/airflow/example_dags/example_dynamic_task_mapping_with_no_taskflow_operators.py for tasks to queue
[2023-08-07T08:04:16.912+0000] {logging_mixin.py:150} INFO - [2023-08-07T08:04:16.912+0000] {dagbag.py:541} INFO - Filling up the DagBag from /home/airflow/.local/lib/python3.7/site-packages/airflow/example_dags/example_dynamic_task_mapping_with_no_taskflow_operators.py
[2023-08-07T08:04:16.919+0000] {processor.py:836} INFO - DAG(s) dict_keys(['example_dynamic_task_mapping_with_no_taskflow_operators']) retrieved from /home/airflow/.local/lib/python3.7/site-packages/airflow/example_dags/example_dynamic_task_mapping_with_no_taskflow_operators.py
[2023-08-07T08:04:16.940+0000] {logging_mixin.py:150} INFO - [2023-08-07T08:04:16.940+0000] {dag.py:2742} INFO - Sync 1 DAGs
[2023-08-07T08:04:16.959+0000] {logging_mixin.py:150} INFO - [2023-08-07T08:04:16.959+0000] {dag.py:3508} INFO - Setting next_dagrun for example_dynamic_task_mapping_with_no_taskflow_operators to 2023-08-06T08:04:16.959431+00:00, run_after=2023-08-07T08:04:16.959431+00:00
[2023-08-07T08:04:16.973+0000] {processor.py:179} INFO - Processing /home/airflow/.local/lib/python3.7/site-packages/airflow/example_dags/example_dynamic_task_mapping_with_no_taskflow_operators.py took 0.066 seconds
[2023-08-07T08:04:47.254+0000] {processor.py:157} INFO - Started process (PID=1015) to work on /home/airflow/.local/lib/python3.7/site-packages/airflow/example_dags/example_dynamic_task_mapping_with_no_taskflow_operators.py
[2023-08-07T08:04:47.255+0000] {processor.py:826} INFO - Processing file /home/airflow/.local/lib/python3.7/site-packages/airflow/example_dags/example_dynamic_task_mapping_with_no_taskflow_operators.py for tasks to queue
[2023-08-07T08:04:47.256+0000] {logging_mixin.py:150} INFO - [2023-08-07T08:04:47.256+0000] {dagbag.py:541} INFO - Filling up the DagBag from /home/airflow/.local/lib/python3.7/site-packages/airflow/example_dags/example_dynamic_task_mapping_with_no_taskflow_operators.py
[2023-08-07T08:04:47.262+0000] {processor.py:836} INFO - DAG(s) dict_keys(['example_dynamic_task_mapping_with_no_taskflow_operators']) retrieved from /home/airflow/.local/lib/python3.7/site-packages/airflow/example_dags/example_dynamic_task_mapping_with_no_taskflow_operators.py
[2023-08-07T08:04:47.285+0000] {logging_mixin.py:150} INFO - [2023-08-07T08:04:47.284+0000] {dag.py:2742} INFO - Sync 1 DAGs
[2023-08-07T08:04:47.304+0000] {logging_mixin.py:150} INFO - [2023-08-07T08:04:47.304+0000] {dag.py:3508} INFO - Setting next_dagrun for example_dynamic_task_mapping_with_no_taskflow_operators to 2023-08-06T08:04:47.303772+00:00, run_after=2023-08-07T08:04:47.303772+00:00
[2023-08-07T08:04:47.320+0000] {processor.py:179} INFO - Processing /home/airflow/.local/lib/python3.7/site-packages/airflow/example_dags/example_dynamic_task_mapping_with_no_taskflow_operators.py took 0.069 seconds
[2023-08-07T08:05:17.603+0000] {processor.py:157} INFO - Started process (PID=1257) to work on /home/airflow/.local/lib/python3.7/site-packages/airflow/example_dags/example_dynamic_task_mapping_with_no_taskflow_operators.py
[2023-08-07T08:05:17.605+0000] {processor.py:826} INFO - Processing file /home/airflow/.local/lib/python3.7/site-packages/airflow/example_dags/example_dynamic_task_mapping_with_no_taskflow_operators.py for tasks to queue
[2023-08-07T08:05:17.606+0000] {logging_mixin.py:150} INFO - [2023-08-07T08:05:17.606+0000] {dagbag.py:541} INFO - Filling up the DagBag from /home/airflow/.local/lib/python3.7/site-packages/airflow/example_dags/example_dynamic_task_mapping_with_no_taskflow_operators.py
[2023-08-07T08:05:17.613+0000] {processor.py:836} INFO - DAG(s) dict_keys(['example_dynamic_task_mapping_with_no_taskflow_operators']) retrieved from /home/airflow/.local/lib/python3.7/site-packages/airflow/example_dags/example_dynamic_task_mapping_with_no_taskflow_operators.py
[2023-08-07T08:05:17.635+0000] {logging_mixin.py:150} INFO - [2023-08-07T08:05:17.635+0000] {dag.py:2742} INFO - Sync 1 DAGs
[2023-08-07T08:05:17.654+0000] {logging_mixin.py:150} INFO - [2023-08-07T08:05:17.654+0000] {dag.py:3508} INFO - Setting next_dagrun for example_dynamic_task_mapping_with_no_taskflow_operators to 2023-08-06T08:05:17.654319+00:00, run_after=2023-08-07T08:05:17.654319+00:00
[2023-08-07T08:05:17.667+0000] {processor.py:179} INFO - Processing /home/airflow/.local/lib/python3.7/site-packages/airflow/example_dags/example_dynamic_task_mapping_with_no_taskflow_operators.py took 0.068 seconds
[2023-08-07T08:05:48.042+0000] {processor.py:157} INFO - Started process (PID=1499) to work on /home/airflow/.local/lib/python3.7/site-packages/airflow/example_dags/example_dynamic_task_mapping_with_no_taskflow_operators.py
[2023-08-07T08:05:48.044+0000] {processor.py:826} INFO - Processing file /home/airflow/.local/lib/python3.7/site-packages/airflow/example_dags/example_dynamic_task_mapping_with_no_taskflow_operators.py for tasks to queue
[2023-08-07T08:05:48.045+0000] {logging_mixin.py:150} INFO - [2023-08-07T08:05:48.045+0000] {dagbag.py:541} INFO - Filling up the DagBag from /home/airflow/.local/lib/python3.7/site-packages/airflow/example_dags/example_dynamic_task_mapping_with_no_taskflow_operators.py
[2023-08-07T08:05:48.051+0000] {processor.py:836} INFO - DAG(s) dict_keys(['example_dynamic_task_mapping_with_no_taskflow_operators']) retrieved from /home/airflow/.local/lib/python3.7/site-packages/airflow/example_dags/example_dynamic_task_mapping_with_no_taskflow_operators.py
[2023-08-07T08:05:48.074+0000] {logging_mixin.py:150} INFO - [2023-08-07T08:05:48.074+0000] {dag.py:2742} INFO - Sync 1 DAGs
[2023-08-07T08:05:48.094+0000] {logging_mixin.py:150} INFO - [2023-08-07T08:05:48.094+0000] {dag.py:3508} INFO - Setting next_dagrun for example_dynamic_task_mapping_with_no_taskflow_operators to 2023-08-06T08:05:48.094544+00:00, run_after=2023-08-07T08:05:48.094544+00:00
[2023-08-07T08:05:48.109+0000] {processor.py:179} INFO - Processing /home/airflow/.local/lib/python3.7/site-packages/airflow/example_dags/example_dynamic_task_mapping_with_no_taskflow_operators.py took 0.071 seconds
[2023-08-07T08:06:18.232+0000] {processor.py:157} INFO - Started process (PID=1755) to work on /home/airflow/.local/lib/python3.7/site-packages/airflow/example_dags/example_dynamic_task_mapping_with_no_taskflow_operators.py
[2023-08-07T08:06:18.234+0000] {processor.py:826} INFO - Processing file /home/airflow/.local/lib/python3.7/site-packages/airflow/example_dags/example_dynamic_task_mapping_with_no_taskflow_operators.py for tasks to queue
[2023-08-07T08:06:18.235+0000] {logging_mixin.py:150} INFO - [2023-08-07T08:06:18.235+0000] {dagbag.py:541} INFO - Filling up the DagBag from /home/airflow/.local/lib/python3.7/site-packages/airflow/example_dags/example_dynamic_task_mapping_with_no_taskflow_operators.py
[2023-08-07T08:06:18.242+0000] {processor.py:836} INFO - DAG(s) dict_keys(['example_dynamic_task_mapping_with_no_taskflow_operators']) retrieved from /home/airflow/.local/lib/python3.7/site-packages/airflow/example_dags/example_dynamic_task_mapping_with_no_taskflow_operators.py
[2023-08-07T08:06:18.265+0000] {logging_mixin.py:150} INFO - [2023-08-07T08:06:18.265+0000] {dag.py:2742} INFO - Sync 1 DAGs
[2023-08-07T08:06:18.284+0000] {logging_mixin.py:150} INFO - [2023-08-07T08:06:18.284+0000] {dag.py:3508} INFO - Setting next_dagrun for example_dynamic_task_mapping_with_no_taskflow_operators to 2023-08-06T08:06:18.283999+00:00, run_after=2023-08-07T08:06:18.283999+00:00
[2023-08-07T08:06:18.299+0000] {processor.py:179} INFO - Processing /home/airflow/.local/lib/python3.7/site-packages/airflow/example_dags/example_dynamic_task_mapping_with_no_taskflow_operators.py took 0.071 seconds
[2023-08-07T08:06:49.237+0000] {processor.py:157} INFO - Started process (PID=1995) to work on /home/airflow/.local/lib/python3.7/site-packages/airflow/example_dags/example_dynamic_task_mapping_with_no_taskflow_operators.py
[2023-08-07T08:06:49.239+0000] {processor.py:826} INFO - Processing file /home/airflow/.local/lib/python3.7/site-packages/airflow/example_dags/example_dynamic_task_mapping_with_no_taskflow_operators.py for tasks to queue
[2023-08-07T08:06:49.240+0000] {logging_mixin.py:150} INFO - [2023-08-07T08:06:49.240+0000] {dagbag.py:541} INFO - Filling up the DagBag from /home/airflow/.local/lib/python3.7/site-packages/airflow/example_dags/example_dynamic_task_mapping_with_no_taskflow_operators.py
[2023-08-07T08:06:49.247+0000] {processor.py:836} INFO - DAG(s) dict_keys(['example_dynamic_task_mapping_with_no_taskflow_operators']) retrieved from /home/airflow/.local/lib/python3.7/site-packages/airflow/example_dags/example_dynamic_task_mapping_with_no_taskflow_operators.py
[2023-08-07T08:06:49.271+0000] {logging_mixin.py:150} INFO - [2023-08-07T08:06:49.271+0000] {dag.py:2742} INFO - Sync 1 DAGs
[2023-08-07T08:06:49.291+0000] {logging_mixin.py:150} INFO - [2023-08-07T08:06:49.291+0000] {dag.py:3508} INFO - Setting next_dagrun for example_dynamic_task_mapping_with_no_taskflow_operators to 2023-08-06T08:06:49.291437+00:00, run_after=2023-08-07T08:06:49.291437+00:00
[2023-08-07T08:06:49.307+0000] {processor.py:179} INFO - Processing /home/airflow/.local/lib/python3.7/site-packages/airflow/example_dags/example_dynamic_task_mapping_with_no_taskflow_operators.py took 0.073 seconds
[2023-08-07T08:07:19.459+0000] {processor.py:157} INFO - Started process (PID=2237) to work on /home/airflow/.local/lib/python3.7/site-packages/airflow/example_dags/example_dynamic_task_mapping_with_no_taskflow_operators.py
[2023-08-07T08:07:19.460+0000] {processor.py:826} INFO - Processing file /home/airflow/.local/lib/python3.7/site-packages/airflow/example_dags/example_dynamic_task_mapping_with_no_taskflow_operators.py for tasks to queue
[2023-08-07T08:07:19.461+0000] {logging_mixin.py:150} INFO - [2023-08-07T08:07:19.461+0000] {dagbag.py:541} INFO - Filling up the DagBag from /home/airflow/.local/lib/python3.7/site-packages/airflow/example_dags/example_dynamic_task_mapping_with_no_taskflow_operators.py
[2023-08-07T08:07:19.469+0000] {processor.py:836} INFO - DAG(s) dict_keys(['example_dynamic_task_mapping_with_no_taskflow_operators']) retrieved from /home/airflow/.local/lib/python3.7/site-packages/airflow/example_dags/example_dynamic_task_mapping_with_no_taskflow_operators.py
[2023-08-07T08:07:19.491+0000] {logging_mixin.py:150} INFO - [2023-08-07T08:07:19.491+0000] {dag.py:2742} INFO - Sync 1 DAGs
[2023-08-07T08:07:19.509+0000] {logging_mixin.py:150} INFO - [2023-08-07T08:07:19.509+0000] {dag.py:3508} INFO - Setting next_dagrun for example_dynamic_task_mapping_with_no_taskflow_operators to 2023-08-06T08:07:19.509404+00:00, run_after=2023-08-07T08:07:19.509404+00:00
[2023-08-07T08:07:19.523+0000] {processor.py:179} INFO - Processing /home/airflow/.local/lib/python3.7/site-packages/airflow/example_dags/example_dynamic_task_mapping_with_no_taskflow_operators.py took 0.067 seconds
[2023-08-07T08:07:49.743+0000] {processor.py:157} INFO - Started process (PID=2482) to work on /home/airflow/.local/lib/python3.7/site-packages/airflow/example_dags/example_dynamic_task_mapping_with_no_taskflow_operators.py
[2023-08-07T08:07:49.744+0000] {processor.py:826} INFO - Processing file /home/airflow/.local/lib/python3.7/site-packages/airflow/example_dags/example_dynamic_task_mapping_with_no_taskflow_operators.py for tasks to queue
[2023-08-07T08:07:49.745+0000] {logging_mixin.py:150} INFO - [2023-08-07T08:07:49.745+0000] {dagbag.py:541} INFO - Filling up the DagBag from /home/airflow/.local/lib/python3.7/site-packages/airflow/example_dags/example_dynamic_task_mapping_with_no_taskflow_operators.py
[2023-08-07T08:07:49.752+0000] {processor.py:836} INFO - DAG(s) dict_keys(['example_dynamic_task_mapping_with_no_taskflow_operators']) retrieved from /home/airflow/.local/lib/python3.7/site-packages/airflow/example_dags/example_dynamic_task_mapping_with_no_taskflow_operators.py
[2023-08-07T08:07:49.773+0000] {logging_mixin.py:150} INFO - [2023-08-07T08:07:49.773+0000] {dag.py:2742} INFO - Sync 1 DAGs
[2023-08-07T08:07:49.792+0000] {logging_mixin.py:150} INFO - [2023-08-07T08:07:49.791+0000] {dag.py:3508} INFO - Setting next_dagrun for example_dynamic_task_mapping_with_no_taskflow_operators to 2023-08-06T08:07:49.791649+00:00, run_after=2023-08-07T08:07:49.791649+00:00
[2023-08-07T08:07:49.805+0000] {processor.py:179} INFO - Processing /home/airflow/.local/lib/python3.7/site-packages/airflow/example_dags/example_dynamic_task_mapping_with_no_taskflow_operators.py took 0.065 seconds
[2023-08-07T08:08:19.956+0000] {processor.py:157} INFO - Started process (PID=2722) to work on /home/airflow/.local/lib/python3.7/site-packages/airflow/example_dags/example_dynamic_task_mapping_with_no_taskflow_operators.py
[2023-08-07T08:08:19.957+0000] {processor.py:826} INFO - Processing file /home/airflow/.local/lib/python3.7/site-packages/airflow/example_dags/example_dynamic_task_mapping_with_no_taskflow_operators.py for tasks to queue
[2023-08-07T08:08:19.959+0000] {logging_mixin.py:150} INFO - [2023-08-07T08:08:19.958+0000] {dagbag.py:541} INFO - Filling up the DagBag from /home/airflow/.local/lib/python3.7/site-packages/airflow/example_dags/example_dynamic_task_mapping_with_no_taskflow_operators.py
[2023-08-07T08:08:19.965+0000] {processor.py:836} INFO - DAG(s) dict_keys(['example_dynamic_task_mapping_with_no_taskflow_operators']) retrieved from /home/airflow/.local/lib/python3.7/site-packages/airflow/example_dags/example_dynamic_task_mapping_with_no_taskflow_operators.py
[2023-08-07T08:08:19.987+0000] {logging_mixin.py:150} INFO - [2023-08-07T08:08:19.987+0000] {dag.py:2742} INFO - Sync 1 DAGs
[2023-08-07T08:08:20.005+0000] {logging_mixin.py:150} INFO - [2023-08-07T08:08:20.005+0000] {dag.py:3508} INFO - Setting next_dagrun for example_dynamic_task_mapping_with_no_taskflow_operators to 2023-08-06T08:08:20.005502+00:00, run_after=2023-08-07T08:08:20.005502+00:00
[2023-08-07T08:08:20.019+0000] {processor.py:179} INFO - Processing /home/airflow/.local/lib/python3.7/site-packages/airflow/example_dags/example_dynamic_task_mapping_with_no_taskflow_operators.py took 0.067 seconds
[2023-08-07T08:08:50.214+0000] {processor.py:157} INFO - Started process (PID=2964) to work on /home/airflow/.local/lib/python3.7/site-packages/airflow/example_dags/example_dynamic_task_mapping_with_no_taskflow_operators.py
[2023-08-07T08:08:50.215+0000] {processor.py:826} INFO - Processing file /home/airflow/.local/lib/python3.7/site-packages/airflow/example_dags/example_dynamic_task_mapping_with_no_taskflow_operators.py for tasks to queue
[2023-08-07T08:08:50.216+0000] {logging_mixin.py:150} INFO - [2023-08-07T08:08:50.216+0000] {dagbag.py:541} INFO - Filling up the DagBag from /home/airflow/.local/lib/python3.7/site-packages/airflow/example_dags/example_dynamic_task_mapping_with_no_taskflow_operators.py
[2023-08-07T08:08:50.223+0000] {processor.py:836} INFO - DAG(s) dict_keys(['example_dynamic_task_mapping_with_no_taskflow_operators']) retrieved from /home/airflow/.local/lib/python3.7/site-packages/airflow/example_dags/example_dynamic_task_mapping_with_no_taskflow_operators.py
[2023-08-07T08:08:50.244+0000] {logging_mixin.py:150} INFO - [2023-08-07T08:08:50.244+0000] {dag.py:2742} INFO - Sync 1 DAGs
[2023-08-07T08:08:50.265+0000] {logging_mixin.py:150} INFO - [2023-08-07T08:08:50.265+0000] {dag.py:3508} INFO - Setting next_dagrun for example_dynamic_task_mapping_with_no_taskflow_operators to 2023-08-06T08:08:50.265130+00:00, run_after=2023-08-07T08:08:50.265130+00:00
[2023-08-07T08:08:50.281+0000] {processor.py:179} INFO - Processing /home/airflow/.local/lib/python3.7/site-packages/airflow/example_dags/example_dynamic_task_mapping_with_no_taskflow_operators.py took 0.070 seconds
