[2023-08-07T08:03:14.895+0000] {processor.py:157} INFO - Started process (PID=218) to work on /home/airflow/.local/lib/python3.7/site-packages/airflow/example_dags/example_nested_branch_dag.py
[2023-08-07T08:03:14.896+0000] {processor.py:826} INFO - Processing file /home/airflow/.local/lib/python3.7/site-packages/airflow/example_dags/example_nested_branch_dag.py for tasks to queue
[2023-08-07T08:03:14.897+0000] {logging_mixin.py:150} INFO - [2023-08-07T08:03:14.897+0000] {dagbag.py:541} INFO - Filling up the DagBag from /home/airflow/.local/lib/python3.7/site-packages/airflow/example_dags/example_nested_branch_dag.py
[2023-08-07T08:03:14.908+0000] {processor.py:836} INFO - DAG(s) dict_keys(['example_nested_branch_dag']) retrieved from /home/airflow/.local/lib/python3.7/site-packages/airflow/example_dags/example_nested_branch_dag.py
[2023-08-07T08:03:14.922+0000] {logging_mixin.py:150} INFO - [2023-08-07T08:03:14.922+0000] {dag.py:2742} INFO - Sync 1 DAGs
[2023-08-07T08:03:14.946+0000] {logging_mixin.py:150} INFO - [2023-08-07T08:03:14.946+0000] {dag.py:3508} INFO - Setting next_dagrun for example_nested_branch_dag to 2023-08-06T00:00:00+00:00, run_after=2023-08-07T00:00:00+00:00
[2023-08-07T08:03:14.961+0000] {processor.py:179} INFO - Processing /home/airflow/.local/lib/python3.7/site-packages/airflow/example_dags/example_nested_branch_dag.py took 0.070 seconds
[2023-08-07T08:03:45.488+0000] {processor.py:157} INFO - Started process (PID=460) to work on /home/airflow/.local/lib/python3.7/site-packages/airflow/example_dags/example_nested_branch_dag.py
[2023-08-07T08:03:45.489+0000] {processor.py:826} INFO - Processing file /home/airflow/.local/lib/python3.7/site-packages/airflow/example_dags/example_nested_branch_dag.py for tasks to queue
[2023-08-07T08:03:45.490+0000] {logging_mixin.py:150} INFO - [2023-08-07T08:03:45.490+0000] {dagbag.py:541} INFO - Filling up the DagBag from /home/airflow/.local/lib/python3.7/site-packages/airflow/example_dags/example_nested_branch_dag.py
[2023-08-07T08:03:45.500+0000] {processor.py:836} INFO - DAG(s) dict_keys(['example_nested_branch_dag']) retrieved from /home/airflow/.local/lib/python3.7/site-packages/airflow/example_dags/example_nested_branch_dag.py
[2023-08-07T08:03:45.524+0000] {logging_mixin.py:150} INFO - [2023-08-07T08:03:45.524+0000] {dag.py:2742} INFO - Sync 1 DAGs
[2023-08-07T08:03:45.546+0000] {logging_mixin.py:150} INFO - [2023-08-07T08:03:45.546+0000] {dag.py:3508} INFO - Setting next_dagrun for example_nested_branch_dag to 2023-08-06T00:00:00+00:00, run_after=2023-08-07T00:00:00+00:00
[2023-08-07T08:03:45.564+0000] {processor.py:179} INFO - Processing /home/airflow/.local/lib/python3.7/site-packages/airflow/example_dags/example_nested_branch_dag.py took 0.079 seconds
[2023-08-07T08:04:16.076+0000] {processor.py:157} INFO - Started process (PID=703) to work on /home/airflow/.local/lib/python3.7/site-packages/airflow/example_dags/example_nested_branch_dag.py
[2023-08-07T08:04:16.078+0000] {processor.py:826} INFO - Processing file /home/airflow/.local/lib/python3.7/site-packages/airflow/example_dags/example_nested_branch_dag.py for tasks to queue
[2023-08-07T08:04:16.079+0000] {logging_mixin.py:150} INFO - [2023-08-07T08:04:16.079+0000] {dagbag.py:541} INFO - Filling up the DagBag from /home/airflow/.local/lib/python3.7/site-packages/airflow/example_dags/example_nested_branch_dag.py
[2023-08-07T08:04:16.088+0000] {processor.py:836} INFO - DAG(s) dict_keys(['example_nested_branch_dag']) retrieved from /home/airflow/.local/lib/python3.7/site-packages/airflow/example_dags/example_nested_branch_dag.py
[2023-08-07T08:04:16.112+0000] {logging_mixin.py:150} INFO - [2023-08-07T08:04:16.112+0000] {dag.py:2742} INFO - Sync 1 DAGs
[2023-08-07T08:04:16.131+0000] {logging_mixin.py:150} INFO - [2023-08-07T08:04:16.131+0000] {dag.py:3508} INFO - Setting next_dagrun for example_nested_branch_dag to 2023-08-06T00:00:00+00:00, run_after=2023-08-07T00:00:00+00:00
[2023-08-07T08:04:16.145+0000] {processor.py:179} INFO - Processing /home/airflow/.local/lib/python3.7/site-packages/airflow/example_dags/example_nested_branch_dag.py took 0.072 seconds
[2023-08-07T08:04:46.343+0000] {processor.py:157} INFO - Started process (PID=943) to work on /home/airflow/.local/lib/python3.7/site-packages/airflow/example_dags/example_nested_branch_dag.py
[2023-08-07T08:04:46.344+0000] {processor.py:826} INFO - Processing file /home/airflow/.local/lib/python3.7/site-packages/airflow/example_dags/example_nested_branch_dag.py for tasks to queue
[2023-08-07T08:04:46.345+0000] {logging_mixin.py:150} INFO - [2023-08-07T08:04:46.345+0000] {dagbag.py:541} INFO - Filling up the DagBag from /home/airflow/.local/lib/python3.7/site-packages/airflow/example_dags/example_nested_branch_dag.py
[2023-08-07T08:04:46.353+0000] {processor.py:836} INFO - DAG(s) dict_keys(['example_nested_branch_dag']) retrieved from /home/airflow/.local/lib/python3.7/site-packages/airflow/example_dags/example_nested_branch_dag.py
[2023-08-07T08:04:46.377+0000] {logging_mixin.py:150} INFO - [2023-08-07T08:04:46.377+0000] {dag.py:2742} INFO - Sync 1 DAGs
[2023-08-07T08:04:46.397+0000] {logging_mixin.py:150} INFO - [2023-08-07T08:04:46.397+0000] {dag.py:3508} INFO - Setting next_dagrun for example_nested_branch_dag to 2023-08-06T00:00:00+00:00, run_after=2023-08-07T00:00:00+00:00
[2023-08-07T08:04:46.412+0000] {processor.py:179} INFO - Processing /home/airflow/.local/lib/python3.7/site-packages/airflow/example_dags/example_nested_branch_dag.py took 0.072 seconds
[2023-08-07T08:05:16.713+0000] {processor.py:157} INFO - Started process (PID=1185) to work on /home/airflow/.local/lib/python3.7/site-packages/airflow/example_dags/example_nested_branch_dag.py
[2023-08-07T08:05:16.714+0000] {processor.py:826} INFO - Processing file /home/airflow/.local/lib/python3.7/site-packages/airflow/example_dags/example_nested_branch_dag.py for tasks to queue
[2023-08-07T08:05:16.715+0000] {logging_mixin.py:150} INFO - [2023-08-07T08:05:16.715+0000] {dagbag.py:541} INFO - Filling up the DagBag from /home/airflow/.local/lib/python3.7/site-packages/airflow/example_dags/example_nested_branch_dag.py
[2023-08-07T08:05:16.724+0000] {processor.py:836} INFO - DAG(s) dict_keys(['example_nested_branch_dag']) retrieved from /home/airflow/.local/lib/python3.7/site-packages/airflow/example_dags/example_nested_branch_dag.py
[2023-08-07T08:05:16.748+0000] {logging_mixin.py:150} INFO - [2023-08-07T08:05:16.748+0000] {dag.py:2742} INFO - Sync 1 DAGs
[2023-08-07T08:05:16.769+0000] {logging_mixin.py:150} INFO - [2023-08-07T08:05:16.769+0000] {dag.py:3508} INFO - Setting next_dagrun for example_nested_branch_dag to 2023-08-06T00:00:00+00:00, run_after=2023-08-07T00:00:00+00:00
[2023-08-07T08:05:16.783+0000] {processor.py:179} INFO - Processing /home/airflow/.local/lib/python3.7/site-packages/airflow/example_dags/example_nested_branch_dag.py took 0.074 seconds
[2023-08-07T08:05:47.100+0000] {processor.py:157} INFO - Started process (PID=1427) to work on /home/airflow/.local/lib/python3.7/site-packages/airflow/example_dags/example_nested_branch_dag.py
[2023-08-07T08:05:47.101+0000] {processor.py:826} INFO - Processing file /home/airflow/.local/lib/python3.7/site-packages/airflow/example_dags/example_nested_branch_dag.py for tasks to queue
[2023-08-07T08:05:47.102+0000] {logging_mixin.py:150} INFO - [2023-08-07T08:05:47.102+0000] {dagbag.py:541} INFO - Filling up the DagBag from /home/airflow/.local/lib/python3.7/site-packages/airflow/example_dags/example_nested_branch_dag.py
[2023-08-07T08:05:47.111+0000] {processor.py:836} INFO - DAG(s) dict_keys(['example_nested_branch_dag']) retrieved from /home/airflow/.local/lib/python3.7/site-packages/airflow/example_dags/example_nested_branch_dag.py
[2023-08-07T08:05:47.136+0000] {logging_mixin.py:150} INFO - [2023-08-07T08:05:47.136+0000] {dag.py:2742} INFO - Sync 1 DAGs
[2023-08-07T08:05:47.156+0000] {logging_mixin.py:150} INFO - [2023-08-07T08:05:47.156+0000] {dag.py:3508} INFO - Setting next_dagrun for example_nested_branch_dag to 2023-08-06T00:00:00+00:00, run_after=2023-08-07T00:00:00+00:00
[2023-08-07T08:05:47.172+0000] {processor.py:179} INFO - Processing /home/airflow/.local/lib/python3.7/site-packages/airflow/example_dags/example_nested_branch_dag.py took 0.075 seconds
[2023-08-07T08:06:17.294+0000] {processor.py:157} INFO - Started process (PID=1683) to work on /home/airflow/.local/lib/python3.7/site-packages/airflow/example_dags/example_nested_branch_dag.py
[2023-08-07T08:06:17.295+0000] {processor.py:826} INFO - Processing file /home/airflow/.local/lib/python3.7/site-packages/airflow/example_dags/example_nested_branch_dag.py for tasks to queue
[2023-08-07T08:06:17.296+0000] {logging_mixin.py:150} INFO - [2023-08-07T08:06:17.296+0000] {dagbag.py:541} INFO - Filling up the DagBag from /home/airflow/.local/lib/python3.7/site-packages/airflow/example_dags/example_nested_branch_dag.py
[2023-08-07T08:06:17.305+0000] {processor.py:836} INFO - DAG(s) dict_keys(['example_nested_branch_dag']) retrieved from /home/airflow/.local/lib/python3.7/site-packages/airflow/example_dags/example_nested_branch_dag.py
[2023-08-07T08:06:17.330+0000] {logging_mixin.py:150} INFO - [2023-08-07T08:06:17.330+0000] {dag.py:2742} INFO - Sync 1 DAGs
[2023-08-07T08:06:17.350+0000] {logging_mixin.py:150} INFO - [2023-08-07T08:06:17.350+0000] {dag.py:3508} INFO - Setting next_dagrun for example_nested_branch_dag to 2023-08-06T00:00:00+00:00, run_after=2023-08-07T00:00:00+00:00
[2023-08-07T08:06:17.368+0000] {processor.py:179} INFO - Processing /home/airflow/.local/lib/python3.7/site-packages/airflow/example_dags/example_nested_branch_dag.py took 0.077 seconds
[2023-08-07T08:06:47.474+0000] {processor.py:157} INFO - Started process (PID=1925) to work on /home/airflow/.local/lib/python3.7/site-packages/airflow/example_dags/example_nested_branch_dag.py
[2023-08-07T08:06:47.475+0000] {processor.py:826} INFO - Processing file /home/airflow/.local/lib/python3.7/site-packages/airflow/example_dags/example_nested_branch_dag.py for tasks to queue
[2023-08-07T08:06:47.476+0000] {logging_mixin.py:150} INFO - [2023-08-07T08:06:47.476+0000] {dagbag.py:541} INFO - Filling up the DagBag from /home/airflow/.local/lib/python3.7/site-packages/airflow/example_dags/example_nested_branch_dag.py
[2023-08-07T08:06:47.485+0000] {processor.py:836} INFO - DAG(s) dict_keys(['example_nested_branch_dag']) retrieved from /home/airflow/.local/lib/python3.7/site-packages/airflow/example_dags/example_nested_branch_dag.py
[2023-08-07T08:06:47.510+0000] {logging_mixin.py:150} INFO - [2023-08-07T08:06:47.509+0000] {dag.py:2742} INFO - Sync 1 DAGs
[2023-08-07T08:06:47.530+0000] {logging_mixin.py:150} INFO - [2023-08-07T08:06:47.529+0000] {dag.py:3508} INFO - Setting next_dagrun for example_nested_branch_dag to 2023-08-06T00:00:00+00:00, run_after=2023-08-07T00:00:00+00:00
[2023-08-07T08:06:47.543+0000] {processor.py:179} INFO - Processing /home/airflow/.local/lib/python3.7/site-packages/airflow/example_dags/example_nested_branch_dag.py took 0.073 seconds
[2023-08-07T08:07:17.647+0000] {processor.py:157} INFO - Started process (PID=2167) to work on /home/airflow/.local/lib/python3.7/site-packages/airflow/example_dags/example_nested_branch_dag.py
[2023-08-07T08:07:17.648+0000] {processor.py:826} INFO - Processing file /home/airflow/.local/lib/python3.7/site-packages/airflow/example_dags/example_nested_branch_dag.py for tasks to queue
[2023-08-07T08:07:17.649+0000] {logging_mixin.py:150} INFO - [2023-08-07T08:07:17.649+0000] {dagbag.py:541} INFO - Filling up the DagBag from /home/airflow/.local/lib/python3.7/site-packages/airflow/example_dags/example_nested_branch_dag.py
[2023-08-07T08:07:17.659+0000] {processor.py:836} INFO - DAG(s) dict_keys(['example_nested_branch_dag']) retrieved from /home/airflow/.local/lib/python3.7/site-packages/airflow/example_dags/example_nested_branch_dag.py
[2023-08-07T08:07:17.683+0000] {logging_mixin.py:150} INFO - [2023-08-07T08:07:17.683+0000] {dag.py:2742} INFO - Sync 1 DAGs
[2023-08-07T08:07:17.705+0000] {logging_mixin.py:150} INFO - [2023-08-07T08:07:17.705+0000] {dag.py:3508} INFO - Setting next_dagrun for example_nested_branch_dag to 2023-08-06T00:00:00+00:00, run_after=2023-08-07T00:00:00+00:00
[2023-08-07T08:07:17.718+0000] {processor.py:179} INFO - Processing /home/airflow/.local/lib/python3.7/site-packages/airflow/example_dags/example_nested_branch_dag.py took 0.074 seconds
[2023-08-07T08:07:47.890+0000] {processor.py:157} INFO - Started process (PID=2410) to work on /home/airflow/.local/lib/python3.7/site-packages/airflow/example_dags/example_nested_branch_dag.py
[2023-08-07T08:07:47.891+0000] {processor.py:826} INFO - Processing file /home/airflow/.local/lib/python3.7/site-packages/airflow/example_dags/example_nested_branch_dag.py for tasks to queue
[2023-08-07T08:07:47.892+0000] {logging_mixin.py:150} INFO - [2023-08-07T08:07:47.892+0000] {dagbag.py:541} INFO - Filling up the DagBag from /home/airflow/.local/lib/python3.7/site-packages/airflow/example_dags/example_nested_branch_dag.py
[2023-08-07T08:07:47.900+0000] {processor.py:836} INFO - DAG(s) dict_keys(['example_nested_branch_dag']) retrieved from /home/airflow/.local/lib/python3.7/site-packages/airflow/example_dags/example_nested_branch_dag.py
[2023-08-07T08:07:47.924+0000] {logging_mixin.py:150} INFO - [2023-08-07T08:07:47.924+0000] {dag.py:2742} INFO - Sync 1 DAGs
[2023-08-07T08:07:47.944+0000] {logging_mixin.py:150} INFO - [2023-08-07T08:07:47.944+0000] {dag.py:3508} INFO - Setting next_dagrun for example_nested_branch_dag to 2023-08-06T00:00:00+00:00, run_after=2023-08-07T00:00:00+00:00
[2023-08-07T08:07:47.958+0000] {processor.py:179} INFO - Processing /home/airflow/.local/lib/python3.7/site-packages/airflow/example_dags/example_nested_branch_dag.py took 0.072 seconds
[2023-08-07T08:08:18.200+0000] {processor.py:157} INFO - Started process (PID=2652) to work on /home/airflow/.local/lib/python3.7/site-packages/airflow/example_dags/example_nested_branch_dag.py
[2023-08-07T08:08:18.202+0000] {processor.py:826} INFO - Processing file /home/airflow/.local/lib/python3.7/site-packages/airflow/example_dags/example_nested_branch_dag.py for tasks to queue
[2023-08-07T08:08:18.203+0000] {logging_mixin.py:150} INFO - [2023-08-07T08:08:18.202+0000] {dagbag.py:541} INFO - Filling up the DagBag from /home/airflow/.local/lib/python3.7/site-packages/airflow/example_dags/example_nested_branch_dag.py
[2023-08-07T08:08:18.211+0000] {processor.py:836} INFO - DAG(s) dict_keys(['example_nested_branch_dag']) retrieved from /home/airflow/.local/lib/python3.7/site-packages/airflow/example_dags/example_nested_branch_dag.py
[2023-08-07T08:08:18.242+0000] {logging_mixin.py:150} INFO - [2023-08-07T08:08:18.242+0000] {dag.py:2742} INFO - Sync 1 DAGs
[2023-08-07T08:08:18.265+0000] {logging_mixin.py:150} INFO - [2023-08-07T08:08:18.265+0000] {dag.py:3508} INFO - Setting next_dagrun for example_nested_branch_dag to 2023-08-06T00:00:00+00:00, run_after=2023-08-07T00:00:00+00:00
[2023-08-07T08:08:18.279+0000] {processor.py:179} INFO - Processing /home/airflow/.local/lib/python3.7/site-packages/airflow/example_dags/example_nested_branch_dag.py took 0.082 seconds
[2023-08-07T08:08:48.519+0000] {processor.py:157} INFO - Started process (PID=2894) to work on /home/airflow/.local/lib/python3.7/site-packages/airflow/example_dags/example_nested_branch_dag.py
[2023-08-07T08:08:48.521+0000] {processor.py:826} INFO - Processing file /home/airflow/.local/lib/python3.7/site-packages/airflow/example_dags/example_nested_branch_dag.py for tasks to queue
[2023-08-07T08:08:48.522+0000] {logging_mixin.py:150} INFO - [2023-08-07T08:08:48.521+0000] {dagbag.py:541} INFO - Filling up the DagBag from /home/airflow/.local/lib/python3.7/site-packages/airflow/example_dags/example_nested_branch_dag.py
[2023-08-07T08:08:48.530+0000] {processor.py:836} INFO - DAG(s) dict_keys(['example_nested_branch_dag']) retrieved from /home/airflow/.local/lib/python3.7/site-packages/airflow/example_dags/example_nested_branch_dag.py
[2023-08-07T08:08:48.554+0000] {logging_mixin.py:150} INFO - [2023-08-07T08:08:48.553+0000] {dag.py:2742} INFO - Sync 1 DAGs
[2023-08-07T08:08:48.574+0000] {logging_mixin.py:150} INFO - [2023-08-07T08:08:48.574+0000] {dag.py:3508} INFO - Setting next_dagrun for example_nested_branch_dag to 2023-08-06T00:00:00+00:00, run_after=2023-08-07T00:00:00+00:00
[2023-08-07T08:08:48.589+0000] {processor.py:179} INFO - Processing /home/airflow/.local/lib/python3.7/site-packages/airflow/example_dags/example_nested_branch_dag.py took 0.073 seconds
