[2023-08-07T08:03:15.861+0000] {processor.py:157} INFO - Started process (PID=293) to work on /home/airflow/.local/lib/python3.7/site-packages/airflow/example_dags/example_short_circuit_operator.py
[2023-08-07T08:03:15.862+0000] {processor.py:826} INFO - Processing file /home/airflow/.local/lib/python3.7/site-packages/airflow/example_dags/example_short_circuit_operator.py for tasks to queue
[2023-08-07T08:03:15.863+0000] {logging_mixin.py:150} INFO - [2023-08-07T08:03:15.863+0000] {dagbag.py:541} INFO - Filling up the DagBag from /home/airflow/.local/lib/python3.7/site-packages/airflow/example_dags/example_short_circuit_operator.py
[2023-08-07T08:03:15.876+0000] {processor.py:836} INFO - DAG(s) dict_keys(['example_short_circuit_operator']) retrieved from /home/airflow/.local/lib/python3.7/site-packages/airflow/example_dags/example_short_circuit_operator.py
[2023-08-07T08:03:15.891+0000] {logging_mixin.py:150} INFO - [2023-08-07T08:03:15.891+0000] {dag.py:2742} INFO - Sync 1 DAGs
[2023-08-07T08:03:15.910+0000] {logging_mixin.py:150} INFO - [2023-08-07T08:03:15.910+0000] {dag.py:3508} INFO - Setting next_dagrun for example_short_circuit_operator to 2023-08-06T08:03:15.910328+00:00, run_after=2023-08-07T08:03:15.910328+00:00
[2023-08-07T08:03:15.925+0000] {processor.py:179} INFO - Processing /home/airflow/.local/lib/python3.7/site-packages/airflow/example_dags/example_short_circuit_operator.py took 0.068 seconds
[2023-08-07T08:03:46.462+0000] {processor.py:157} INFO - Started process (PID=533) to work on /home/airflow/.local/lib/python3.7/site-packages/airflow/example_dags/example_short_circuit_operator.py
[2023-08-07T08:03:46.464+0000] {processor.py:826} INFO - Processing file /home/airflow/.local/lib/python3.7/site-packages/airflow/example_dags/example_short_circuit_operator.py for tasks to queue
[2023-08-07T08:03:46.465+0000] {logging_mixin.py:150} INFO - [2023-08-07T08:03:46.465+0000] {dagbag.py:541} INFO - Filling up the DagBag from /home/airflow/.local/lib/python3.7/site-packages/airflow/example_dags/example_short_circuit_operator.py
[2023-08-07T08:03:46.473+0000] {processor.py:836} INFO - DAG(s) dict_keys(['example_short_circuit_operator']) retrieved from /home/airflow/.local/lib/python3.7/site-packages/airflow/example_dags/example_short_circuit_operator.py
[2023-08-07T08:03:46.499+0000] {logging_mixin.py:150} INFO - [2023-08-07T08:03:46.499+0000] {dag.py:2742} INFO - Sync 1 DAGs
[2023-08-07T08:03:46.521+0000] {logging_mixin.py:150} INFO - [2023-08-07T08:03:46.521+0000] {dag.py:3508} INFO - Setting next_dagrun for example_short_circuit_operator to 2023-08-06T08:03:46.521162+00:00, run_after=2023-08-07T08:03:46.521162+00:00
[2023-08-07T08:03:46.542+0000] {processor.py:179} INFO - Processing /home/airflow/.local/lib/python3.7/site-packages/airflow/example_dags/example_short_circuit_operator.py took 0.083 seconds
[2023-08-07T08:04:16.921+0000] {processor.py:157} INFO - Started process (PID=776) to work on /home/airflow/.local/lib/python3.7/site-packages/airflow/example_dags/example_short_circuit_operator.py
[2023-08-07T08:04:16.922+0000] {processor.py:826} INFO - Processing file /home/airflow/.local/lib/python3.7/site-packages/airflow/example_dags/example_short_circuit_operator.py for tasks to queue
[2023-08-07T08:04:16.923+0000] {logging_mixin.py:150} INFO - [2023-08-07T08:04:16.923+0000] {dagbag.py:541} INFO - Filling up the DagBag from /home/airflow/.local/lib/python3.7/site-packages/airflow/example_dags/example_short_circuit_operator.py
[2023-08-07T08:04:16.931+0000] {processor.py:836} INFO - DAG(s) dict_keys(['example_short_circuit_operator']) retrieved from /home/airflow/.local/lib/python3.7/site-packages/airflow/example_dags/example_short_circuit_operator.py
[2023-08-07T08:04:16.955+0000] {logging_mixin.py:150} INFO - [2023-08-07T08:04:16.955+0000] {dag.py:2742} INFO - Sync 1 DAGs
[2023-08-07T08:04:16.975+0000] {logging_mixin.py:150} INFO - [2023-08-07T08:04:16.975+0000] {dag.py:3508} INFO - Setting next_dagrun for example_short_circuit_operator to 2023-08-06T08:04:16.974796+00:00, run_after=2023-08-07T08:04:16.974796+00:00
[2023-08-07T08:04:16.989+0000] {processor.py:179} INFO - Processing /home/airflow/.local/lib/python3.7/site-packages/airflow/example_dags/example_short_circuit_operator.py took 0.071 seconds
[2023-08-07T08:04:47.258+0000] {processor.py:157} INFO - Started process (PID=1018) to work on /home/airflow/.local/lib/python3.7/site-packages/airflow/example_dags/example_short_circuit_operator.py
[2023-08-07T08:04:47.259+0000] {processor.py:826} INFO - Processing file /home/airflow/.local/lib/python3.7/site-packages/airflow/example_dags/example_short_circuit_operator.py for tasks to queue
[2023-08-07T08:04:47.260+0000] {logging_mixin.py:150} INFO - [2023-08-07T08:04:47.260+0000] {dagbag.py:541} INFO - Filling up the DagBag from /home/airflow/.local/lib/python3.7/site-packages/airflow/example_dags/example_short_circuit_operator.py
[2023-08-07T08:04:47.267+0000] {processor.py:836} INFO - DAG(s) dict_keys(['example_short_circuit_operator']) retrieved from /home/airflow/.local/lib/python3.7/site-packages/airflow/example_dags/example_short_circuit_operator.py
[2023-08-07T08:04:47.291+0000] {logging_mixin.py:150} INFO - [2023-08-07T08:04:47.291+0000] {dag.py:2742} INFO - Sync 1 DAGs
[2023-08-07T08:04:47.309+0000] {logging_mixin.py:150} INFO - [2023-08-07T08:04:47.309+0000] {dag.py:3508} INFO - Setting next_dagrun for example_short_circuit_operator to 2023-08-06T08:04:47.309027+00:00, run_after=2023-08-07T08:04:47.309027+00:00
[2023-08-07T08:04:47.323+0000] {processor.py:179} INFO - Processing /home/airflow/.local/lib/python3.7/site-packages/airflow/example_dags/example_short_circuit_operator.py took 0.069 seconds
[2023-08-07T08:05:17.612+0000] {processor.py:157} INFO - Started process (PID=1260) to work on /home/airflow/.local/lib/python3.7/site-packages/airflow/example_dags/example_short_circuit_operator.py
[2023-08-07T08:05:17.614+0000] {processor.py:826} INFO - Processing file /home/airflow/.local/lib/python3.7/site-packages/airflow/example_dags/example_short_circuit_operator.py for tasks to queue
[2023-08-07T08:05:17.615+0000] {logging_mixin.py:150} INFO - [2023-08-07T08:05:17.614+0000] {dagbag.py:541} INFO - Filling up the DagBag from /home/airflow/.local/lib/python3.7/site-packages/airflow/example_dags/example_short_circuit_operator.py
[2023-08-07T08:05:17.622+0000] {processor.py:836} INFO - DAG(s) dict_keys(['example_short_circuit_operator']) retrieved from /home/airflow/.local/lib/python3.7/site-packages/airflow/example_dags/example_short_circuit_operator.py
[2023-08-07T08:05:17.647+0000] {logging_mixin.py:150} INFO - [2023-08-07T08:05:17.646+0000] {dag.py:2742} INFO - Sync 1 DAGs
[2023-08-07T08:05:17.665+0000] {logging_mixin.py:150} INFO - [2023-08-07T08:05:17.665+0000] {dag.py:3508} INFO - Setting next_dagrun for example_short_circuit_operator to 2023-08-06T08:05:17.665409+00:00, run_after=2023-08-07T08:05:17.665409+00:00
[2023-08-07T08:05:17.680+0000] {processor.py:179} INFO - Processing /home/airflow/.local/lib/python3.7/site-packages/airflow/example_dags/example_short_circuit_operator.py took 0.071 seconds
[2023-08-07T08:05:48.048+0000] {processor.py:157} INFO - Started process (PID=1502) to work on /home/airflow/.local/lib/python3.7/site-packages/airflow/example_dags/example_short_circuit_operator.py
[2023-08-07T08:05:48.049+0000] {processor.py:826} INFO - Processing file /home/airflow/.local/lib/python3.7/site-packages/airflow/example_dags/example_short_circuit_operator.py for tasks to queue
[2023-08-07T08:05:48.050+0000] {logging_mixin.py:150} INFO - [2023-08-07T08:05:48.050+0000] {dagbag.py:541} INFO - Filling up the DagBag from /home/airflow/.local/lib/python3.7/site-packages/airflow/example_dags/example_short_circuit_operator.py
[2023-08-07T08:05:48.058+0000] {processor.py:836} INFO - DAG(s) dict_keys(['example_short_circuit_operator']) retrieved from /home/airflow/.local/lib/python3.7/site-packages/airflow/example_dags/example_short_circuit_operator.py
[2023-08-07T08:05:48.082+0000] {logging_mixin.py:150} INFO - [2023-08-07T08:05:48.082+0000] {dag.py:2742} INFO - Sync 1 DAGs
[2023-08-07T08:05:48.102+0000] {logging_mixin.py:150} INFO - [2023-08-07T08:05:48.102+0000] {dag.py:3508} INFO - Setting next_dagrun for example_short_circuit_operator to 2023-08-06T08:05:48.102181+00:00, run_after=2023-08-07T08:05:48.102181+00:00
[2023-08-07T08:05:48.117+0000] {processor.py:179} INFO - Processing /home/airflow/.local/lib/python3.7/site-packages/airflow/example_dags/example_short_circuit_operator.py took 0.073 seconds
[2023-08-07T08:06:18.236+0000] {processor.py:157} INFO - Started process (PID=1758) to work on /home/airflow/.local/lib/python3.7/site-packages/airflow/example_dags/example_short_circuit_operator.py
[2023-08-07T08:06:18.238+0000] {processor.py:826} INFO - Processing file /home/airflow/.local/lib/python3.7/site-packages/airflow/example_dags/example_short_circuit_operator.py for tasks to queue
[2023-08-07T08:06:18.239+0000] {logging_mixin.py:150} INFO - [2023-08-07T08:06:18.238+0000] {dagbag.py:541} INFO - Filling up the DagBag from /home/airflow/.local/lib/python3.7/site-packages/airflow/example_dags/example_short_circuit_operator.py
[2023-08-07T08:06:18.246+0000] {processor.py:836} INFO - DAG(s) dict_keys(['example_short_circuit_operator']) retrieved from /home/airflow/.local/lib/python3.7/site-packages/airflow/example_dags/example_short_circuit_operator.py
[2023-08-07T08:06:18.270+0000] {logging_mixin.py:150} INFO - [2023-08-07T08:06:18.270+0000] {dag.py:2742} INFO - Sync 1 DAGs
[2023-08-07T08:06:18.289+0000] {logging_mixin.py:150} INFO - [2023-08-07T08:06:18.289+0000] {dag.py:3508} INFO - Setting next_dagrun for example_short_circuit_operator to 2023-08-06T08:06:18.289276+00:00, run_after=2023-08-07T08:06:18.289276+00:00
[2023-08-07T08:06:18.304+0000] {processor.py:179} INFO - Processing /home/airflow/.local/lib/python3.7/site-packages/airflow/example_dags/example_short_circuit_operator.py took 0.071 seconds
[2023-08-07T08:06:49.322+0000] {processor.py:157} INFO - Started process (PID=2002) to work on /home/airflow/.local/lib/python3.7/site-packages/airflow/example_dags/example_short_circuit_operator.py
[2023-08-07T08:06:49.323+0000] {processor.py:826} INFO - Processing file /home/airflow/.local/lib/python3.7/site-packages/airflow/example_dags/example_short_circuit_operator.py for tasks to queue
[2023-08-07T08:06:49.324+0000] {logging_mixin.py:150} INFO - [2023-08-07T08:06:49.324+0000] {dagbag.py:541} INFO - Filling up the DagBag from /home/airflow/.local/lib/python3.7/site-packages/airflow/example_dags/example_short_circuit_operator.py
[2023-08-07T08:06:49.332+0000] {processor.py:836} INFO - DAG(s) dict_keys(['example_short_circuit_operator']) retrieved from /home/airflow/.local/lib/python3.7/site-packages/airflow/example_dags/example_short_circuit_operator.py
[2023-08-07T08:06:49.357+0000] {logging_mixin.py:150} INFO - [2023-08-07T08:06:49.357+0000] {dag.py:2742} INFO - Sync 1 DAGs
[2023-08-07T08:06:49.377+0000] {logging_mixin.py:150} INFO - [2023-08-07T08:06:49.377+0000] {dag.py:3508} INFO - Setting next_dagrun for example_short_circuit_operator to 2023-08-06T08:06:49.377302+00:00, run_after=2023-08-07T08:06:49.377302+00:00
[2023-08-07T08:06:49.392+0000] {processor.py:179} INFO - Processing /home/airflow/.local/lib/python3.7/site-packages/airflow/example_dags/example_short_circuit_operator.py took 0.073 seconds
[2023-08-07T08:07:19.543+0000] {processor.py:157} INFO - Started process (PID=2244) to work on /home/airflow/.local/lib/python3.7/site-packages/airflow/example_dags/example_short_circuit_operator.py
[2023-08-07T08:07:19.544+0000] {processor.py:826} INFO - Processing file /home/airflow/.local/lib/python3.7/site-packages/airflow/example_dags/example_short_circuit_operator.py for tasks to queue
[2023-08-07T08:07:19.546+0000] {logging_mixin.py:150} INFO - [2023-08-07T08:07:19.545+0000] {dagbag.py:541} INFO - Filling up the DagBag from /home/airflow/.local/lib/python3.7/site-packages/airflow/example_dags/example_short_circuit_operator.py
[2023-08-07T08:07:19.553+0000] {processor.py:836} INFO - DAG(s) dict_keys(['example_short_circuit_operator']) retrieved from /home/airflow/.local/lib/python3.7/site-packages/airflow/example_dags/example_short_circuit_operator.py
[2023-08-07T08:07:19.578+0000] {logging_mixin.py:150} INFO - [2023-08-07T08:07:19.578+0000] {dag.py:2742} INFO - Sync 1 DAGs
[2023-08-07T08:07:19.596+0000] {logging_mixin.py:150} INFO - [2023-08-07T08:07:19.596+0000] {dag.py:3508} INFO - Setting next_dagrun for example_short_circuit_operator to 2023-08-06T08:07:19.595964+00:00, run_after=2023-08-07T08:07:19.595964+00:00
[2023-08-07T08:07:19.609+0000] {processor.py:179} INFO - Processing /home/airflow/.local/lib/python3.7/site-packages/airflow/example_dags/example_short_circuit_operator.py took 0.069 seconds
[2023-08-07T08:07:49.833+0000] {processor.py:157} INFO - Started process (PID=2487) to work on /home/airflow/.local/lib/python3.7/site-packages/airflow/example_dags/example_short_circuit_operator.py
[2023-08-07T08:07:49.834+0000] {processor.py:826} INFO - Processing file /home/airflow/.local/lib/python3.7/site-packages/airflow/example_dags/example_short_circuit_operator.py for tasks to queue
[2023-08-07T08:07:49.835+0000] {logging_mixin.py:150} INFO - [2023-08-07T08:07:49.835+0000] {dagbag.py:541} INFO - Filling up the DagBag from /home/airflow/.local/lib/python3.7/site-packages/airflow/example_dags/example_short_circuit_operator.py
[2023-08-07T08:07:49.843+0000] {processor.py:836} INFO - DAG(s) dict_keys(['example_short_circuit_operator']) retrieved from /home/airflow/.local/lib/python3.7/site-packages/airflow/example_dags/example_short_circuit_operator.py
[2023-08-07T08:07:49.867+0000] {logging_mixin.py:150} INFO - [2023-08-07T08:07:49.867+0000] {dag.py:2742} INFO - Sync 1 DAGs
[2023-08-07T08:07:49.886+0000] {logging_mixin.py:150} INFO - [2023-08-07T08:07:49.886+0000] {dag.py:3508} INFO - Setting next_dagrun for example_short_circuit_operator to 2023-08-06T08:07:49.885893+00:00, run_after=2023-08-07T08:07:49.885893+00:00
[2023-08-07T08:07:49.899+0000] {processor.py:179} INFO - Processing /home/airflow/.local/lib/python3.7/site-packages/airflow/example_dags/example_short_circuit_operator.py took 0.069 seconds
[2023-08-07T08:08:20.040+0000] {processor.py:157} INFO - Started process (PID=2729) to work on /home/airflow/.local/lib/python3.7/site-packages/airflow/example_dags/example_short_circuit_operator.py
[2023-08-07T08:08:20.041+0000] {processor.py:826} INFO - Processing file /home/airflow/.local/lib/python3.7/site-packages/airflow/example_dags/example_short_circuit_operator.py for tasks to queue
[2023-08-07T08:08:20.042+0000] {logging_mixin.py:150} INFO - [2023-08-07T08:08:20.042+0000] {dagbag.py:541} INFO - Filling up the DagBag from /home/airflow/.local/lib/python3.7/site-packages/airflow/example_dags/example_short_circuit_operator.py
[2023-08-07T08:08:20.050+0000] {processor.py:836} INFO - DAG(s) dict_keys(['example_short_circuit_operator']) retrieved from /home/airflow/.local/lib/python3.7/site-packages/airflow/example_dags/example_short_circuit_operator.py
[2023-08-07T08:08:20.073+0000] {logging_mixin.py:150} INFO - [2023-08-07T08:08:20.072+0000] {dag.py:2742} INFO - Sync 1 DAGs
[2023-08-07T08:08:20.092+0000] {logging_mixin.py:150} INFO - [2023-08-07T08:08:20.092+0000] {dag.py:3508} INFO - Setting next_dagrun for example_short_circuit_operator to 2023-08-06T08:08:20.091828+00:00, run_after=2023-08-07T08:08:20.091828+00:00
[2023-08-07T08:08:20.105+0000] {processor.py:179} INFO - Processing /home/airflow/.local/lib/python3.7/site-packages/airflow/example_dags/example_short_circuit_operator.py took 0.069 seconds
[2023-08-07T08:08:50.308+0000] {processor.py:157} INFO - Started process (PID=2971) to work on /home/airflow/.local/lib/python3.7/site-packages/airflow/example_dags/example_short_circuit_operator.py
[2023-08-07T08:08:50.310+0000] {processor.py:826} INFO - Processing file /home/airflow/.local/lib/python3.7/site-packages/airflow/example_dags/example_short_circuit_operator.py for tasks to queue
[2023-08-07T08:08:50.311+0000] {logging_mixin.py:150} INFO - [2023-08-07T08:08:50.311+0000] {dagbag.py:541} INFO - Filling up the DagBag from /home/airflow/.local/lib/python3.7/site-packages/airflow/example_dags/example_short_circuit_operator.py
[2023-08-07T08:08:50.319+0000] {processor.py:836} INFO - DAG(s) dict_keys(['example_short_circuit_operator']) retrieved from /home/airflow/.local/lib/python3.7/site-packages/airflow/example_dags/example_short_circuit_operator.py
[2023-08-07T08:08:50.348+0000] {logging_mixin.py:150} INFO - [2023-08-07T08:08:50.348+0000] {dag.py:2742} INFO - Sync 1 DAGs
[2023-08-07T08:08:50.368+0000] {logging_mixin.py:150} INFO - [2023-08-07T08:08:50.368+0000] {dag.py:3508} INFO - Setting next_dagrun for example_short_circuit_operator to 2023-08-06T08:08:50.368326+00:00, run_after=2023-08-07T08:08:50.368326+00:00
[2023-08-07T08:08:50.382+0000] {processor.py:179} INFO - Processing /home/airflow/.local/lib/python3.7/site-packages/airflow/example_dags/example_short_circuit_operator.py took 0.078 seconds
