[2023-08-07T08:03:14.791+0000] {processor.py:157} INFO - Started process (PID=208) to work on /home/airflow/.local/lib/python3.7/site-packages/airflow/example_dags/example_task_group_decorator.py
[2023-08-07T08:03:14.792+0000] {processor.py:826} INFO - Processing file /home/airflow/.local/lib/python3.7/site-packages/airflow/example_dags/example_task_group_decorator.py for tasks to queue
[2023-08-07T08:03:14.793+0000] {logging_mixin.py:150} INFO - [2023-08-07T08:03:14.793+0000] {dagbag.py:541} INFO - Filling up the DagBag from /home/airflow/.local/lib/python3.7/site-packages/airflow/example_dags/example_task_group_decorator.py
[2023-08-07T08:03:14.809+0000] {processor.py:836} INFO - DAG(s) dict_keys(['example_task_group_decorator']) retrieved from /home/airflow/.local/lib/python3.7/site-packages/airflow/example_dags/example_task_group_decorator.py
[2023-08-07T08:03:14.824+0000] {logging_mixin.py:150} INFO - [2023-08-07T08:03:14.824+0000] {dag.py:2742} INFO - Sync 1 DAGs
[2023-08-07T08:03:14.847+0000] {logging_mixin.py:150} INFO - [2023-08-07T08:03:14.847+0000] {dag.py:3508} INFO - Setting next_dagrun for example_task_group_decorator to 2023-08-06T08:03:14.847167+00:00, run_after=2023-08-07T08:03:14.847167+00:00
[2023-08-07T08:03:14.863+0000] {processor.py:179} INFO - Processing /home/airflow/.local/lib/python3.7/site-packages/airflow/example_dags/example_task_group_decorator.py took 0.075 seconds
[2023-08-07T08:03:45.389+0000] {processor.py:157} INFO - Started process (PID=450) to work on /home/airflow/.local/lib/python3.7/site-packages/airflow/example_dags/example_task_group_decorator.py
[2023-08-07T08:03:45.391+0000] {processor.py:826} INFO - Processing file /home/airflow/.local/lib/python3.7/site-packages/airflow/example_dags/example_task_group_decorator.py for tasks to queue
[2023-08-07T08:03:45.392+0000] {logging_mixin.py:150} INFO - [2023-08-07T08:03:45.392+0000] {dagbag.py:541} INFO - Filling up the DagBag from /home/airflow/.local/lib/python3.7/site-packages/airflow/example_dags/example_task_group_decorator.py
[2023-08-07T08:03:45.404+0000] {processor.py:836} INFO - DAG(s) dict_keys(['example_task_group_decorator']) retrieved from /home/airflow/.local/lib/python3.7/site-packages/airflow/example_dags/example_task_group_decorator.py
[2023-08-07T08:03:45.428+0000] {logging_mixin.py:150} INFO - [2023-08-07T08:03:45.427+0000] {dag.py:2742} INFO - Sync 1 DAGs
[2023-08-07T08:03:45.447+0000] {logging_mixin.py:150} INFO - [2023-08-07T08:03:45.447+0000] {dag.py:3508} INFO - Setting next_dagrun for example_task_group_decorator to 2023-08-06T08:03:45.446827+00:00, run_after=2023-08-07T08:03:45.446827+00:00
[2023-08-07T08:03:45.461+0000] {processor.py:179} INFO - Processing /home/airflow/.local/lib/python3.7/site-packages/airflow/example_dags/example_task_group_decorator.py took 0.074 seconds
[2023-08-07T08:04:15.870+0000] {processor.py:157} INFO - Started process (PID=691) to work on /home/airflow/.local/lib/python3.7/site-packages/airflow/example_dags/example_task_group_decorator.py
[2023-08-07T08:04:15.871+0000] {processor.py:826} INFO - Processing file /home/airflow/.local/lib/python3.7/site-packages/airflow/example_dags/example_task_group_decorator.py for tasks to queue
[2023-08-07T08:04:15.872+0000] {logging_mixin.py:150} INFO - [2023-08-07T08:04:15.872+0000] {dagbag.py:541} INFO - Filling up the DagBag from /home/airflow/.local/lib/python3.7/site-packages/airflow/example_dags/example_task_group_decorator.py
[2023-08-07T08:04:15.884+0000] {processor.py:836} INFO - DAG(s) dict_keys(['example_task_group_decorator']) retrieved from /home/airflow/.local/lib/python3.7/site-packages/airflow/example_dags/example_task_group_decorator.py
[2023-08-07T08:04:15.912+0000] {logging_mixin.py:150} INFO - [2023-08-07T08:04:15.911+0000] {dag.py:2742} INFO - Sync 1 DAGs
[2023-08-07T08:04:15.934+0000] {logging_mixin.py:150} INFO - [2023-08-07T08:04:15.934+0000] {dag.py:3508} INFO - Setting next_dagrun for example_task_group_decorator to 2023-08-06T08:04:15.933980+00:00, run_after=2023-08-07T08:04:15.933980+00:00
[2023-08-07T08:04:15.950+0000] {processor.py:179} INFO - Processing /home/airflow/.local/lib/python3.7/site-packages/airflow/example_dags/example_task_group_decorator.py took 0.084 seconds
[2023-08-07T08:04:46.234+0000] {processor.py:157} INFO - Started process (PID=933) to work on /home/airflow/.local/lib/python3.7/site-packages/airflow/example_dags/example_task_group_decorator.py
[2023-08-07T08:04:46.236+0000] {processor.py:826} INFO - Processing file /home/airflow/.local/lib/python3.7/site-packages/airflow/example_dags/example_task_group_decorator.py for tasks to queue
[2023-08-07T08:04:46.237+0000] {logging_mixin.py:150} INFO - [2023-08-07T08:04:46.237+0000] {dagbag.py:541} INFO - Filling up the DagBag from /home/airflow/.local/lib/python3.7/site-packages/airflow/example_dags/example_task_group_decorator.py
[2023-08-07T08:04:46.250+0000] {processor.py:836} INFO - DAG(s) dict_keys(['example_task_group_decorator']) retrieved from /home/airflow/.local/lib/python3.7/site-packages/airflow/example_dags/example_task_group_decorator.py
[2023-08-07T08:04:46.276+0000] {logging_mixin.py:150} INFO - [2023-08-07T08:04:46.276+0000] {dag.py:2742} INFO - Sync 1 DAGs
[2023-08-07T08:04:46.296+0000] {logging_mixin.py:150} INFO - [2023-08-07T08:04:46.296+0000] {dag.py:3508} INFO - Setting next_dagrun for example_task_group_decorator to 2023-08-06T08:04:46.296135+00:00, run_after=2023-08-07T08:04:46.296135+00:00
[2023-08-07T08:04:46.311+0000] {processor.py:179} INFO - Processing /home/airflow/.local/lib/python3.7/site-packages/airflow/example_dags/example_task_group_decorator.py took 0.081 seconds
[2023-08-07T08:05:16.608+0000] {processor.py:157} INFO - Started process (PID=1175) to work on /home/airflow/.local/lib/python3.7/site-packages/airflow/example_dags/example_task_group_decorator.py
[2023-08-07T08:05:16.610+0000] {processor.py:826} INFO - Processing file /home/airflow/.local/lib/python3.7/site-packages/airflow/example_dags/example_task_group_decorator.py for tasks to queue
[2023-08-07T08:05:16.611+0000] {logging_mixin.py:150} INFO - [2023-08-07T08:05:16.611+0000] {dagbag.py:541} INFO - Filling up the DagBag from /home/airflow/.local/lib/python3.7/site-packages/airflow/example_dags/example_task_group_decorator.py
[2023-08-07T08:05:16.623+0000] {processor.py:836} INFO - DAG(s) dict_keys(['example_task_group_decorator']) retrieved from /home/airflow/.local/lib/python3.7/site-packages/airflow/example_dags/example_task_group_decorator.py
[2023-08-07T08:05:16.648+0000] {logging_mixin.py:150} INFO - [2023-08-07T08:05:16.648+0000] {dag.py:2742} INFO - Sync 1 DAGs
[2023-08-07T08:05:16.668+0000] {logging_mixin.py:150} INFO - [2023-08-07T08:05:16.667+0000] {dag.py:3508} INFO - Setting next_dagrun for example_task_group_decorator to 2023-08-06T08:05:16.667686+00:00, run_after=2023-08-07T08:05:16.667686+00:00
[2023-08-07T08:05:16.683+0000] {processor.py:179} INFO - Processing /home/airflow/.local/lib/python3.7/site-packages/airflow/example_dags/example_task_group_decorator.py took 0.078 seconds
[2023-08-07T08:05:46.991+0000] {processor.py:157} INFO - Started process (PID=1417) to work on /home/airflow/.local/lib/python3.7/site-packages/airflow/example_dags/example_task_group_decorator.py
[2023-08-07T08:05:46.992+0000] {processor.py:826} INFO - Processing file /home/airflow/.local/lib/python3.7/site-packages/airflow/example_dags/example_task_group_decorator.py for tasks to queue
[2023-08-07T08:05:46.993+0000] {logging_mixin.py:150} INFO - [2023-08-07T08:05:46.993+0000] {dagbag.py:541} INFO - Filling up the DagBag from /home/airflow/.local/lib/python3.7/site-packages/airflow/example_dags/example_task_group_decorator.py
[2023-08-07T08:05:47.005+0000] {processor.py:836} INFO - DAG(s) dict_keys(['example_task_group_decorator']) retrieved from /home/airflow/.local/lib/python3.7/site-packages/airflow/example_dags/example_task_group_decorator.py
[2023-08-07T08:05:47.033+0000] {logging_mixin.py:150} INFO - [2023-08-07T08:05:47.032+0000] {dag.py:2742} INFO - Sync 1 DAGs
[2023-08-07T08:05:47.053+0000] {logging_mixin.py:150} INFO - [2023-08-07T08:05:47.052+0000] {dag.py:3508} INFO - Setting next_dagrun for example_task_group_decorator to 2023-08-06T08:05:47.052668+00:00, run_after=2023-08-07T08:05:47.052668+00:00
[2023-08-07T08:05:47.069+0000] {processor.py:179} INFO - Processing /home/airflow/.local/lib/python3.7/site-packages/airflow/example_dags/example_task_group_decorator.py took 0.082 seconds
[2023-08-07T08:06:17.185+0000] {processor.py:157} INFO - Started process (PID=1673) to work on /home/airflow/.local/lib/python3.7/site-packages/airflow/example_dags/example_task_group_decorator.py
[2023-08-07T08:06:17.187+0000] {processor.py:826} INFO - Processing file /home/airflow/.local/lib/python3.7/site-packages/airflow/example_dags/example_task_group_decorator.py for tasks to queue
[2023-08-07T08:06:17.188+0000] {logging_mixin.py:150} INFO - [2023-08-07T08:06:17.187+0000] {dagbag.py:541} INFO - Filling up the DagBag from /home/airflow/.local/lib/python3.7/site-packages/airflow/example_dags/example_task_group_decorator.py
[2023-08-07T08:06:17.201+0000] {processor.py:836} INFO - DAG(s) dict_keys(['example_task_group_decorator']) retrieved from /home/airflow/.local/lib/python3.7/site-packages/airflow/example_dags/example_task_group_decorator.py
[2023-08-07T08:06:17.225+0000] {logging_mixin.py:150} INFO - [2023-08-07T08:06:17.225+0000] {dag.py:2742} INFO - Sync 1 DAGs
[2023-08-07T08:06:17.245+0000] {logging_mixin.py:150} INFO - [2023-08-07T08:06:17.244+0000] {dag.py:3508} INFO - Setting next_dagrun for example_task_group_decorator to 2023-08-06T08:06:17.244696+00:00, run_after=2023-08-07T08:06:17.244696+00:00
[2023-08-07T08:06:17.261+0000] {processor.py:179} INFO - Processing /home/airflow/.local/lib/python3.7/site-packages/airflow/example_dags/example_task_group_decorator.py took 0.079 seconds
[2023-08-07T08:06:47.301+0000] {processor.py:157} INFO - Started process (PID=1915) to work on /home/airflow/.local/lib/python3.7/site-packages/airflow/example_dags/example_task_group_decorator.py
[2023-08-07T08:06:47.302+0000] {processor.py:826} INFO - Processing file /home/airflow/.local/lib/python3.7/site-packages/airflow/example_dags/example_task_group_decorator.py for tasks to queue
[2023-08-07T08:06:47.303+0000] {logging_mixin.py:150} INFO - [2023-08-07T08:06:47.303+0000] {dagbag.py:541} INFO - Filling up the DagBag from /home/airflow/.local/lib/python3.7/site-packages/airflow/example_dags/example_task_group_decorator.py
[2023-08-07T08:06:47.318+0000] {processor.py:836} INFO - DAG(s) dict_keys(['example_task_group_decorator']) retrieved from /home/airflow/.local/lib/python3.7/site-packages/airflow/example_dags/example_task_group_decorator.py
[2023-08-07T08:06:47.343+0000] {logging_mixin.py:150} INFO - [2023-08-07T08:06:47.343+0000] {dag.py:2742} INFO - Sync 1 DAGs
[2023-08-07T08:06:47.365+0000] {logging_mixin.py:150} INFO - [2023-08-07T08:06:47.365+0000] {dag.py:3508} INFO - Setting next_dagrun for example_task_group_decorator to 2023-08-06T08:06:47.364847+00:00, run_after=2023-08-07T08:06:47.364847+00:00
[2023-08-07T08:06:47.381+0000] {processor.py:179} INFO - Processing /home/airflow/.local/lib/python3.7/site-packages/airflow/example_dags/example_task_group_decorator.py took 0.083 seconds
[2023-08-07T08:07:17.444+0000] {processor.py:157} INFO - Started process (PID=2152) to work on /home/airflow/.local/lib/python3.7/site-packages/airflow/example_dags/example_task_group_decorator.py
[2023-08-07T08:07:17.445+0000] {processor.py:826} INFO - Processing file /home/airflow/.local/lib/python3.7/site-packages/airflow/example_dags/example_task_group_decorator.py for tasks to queue
[2023-08-07T08:07:17.447+0000] {logging_mixin.py:150} INFO - [2023-08-07T08:07:17.446+0000] {dagbag.py:541} INFO - Filling up the DagBag from /home/airflow/.local/lib/python3.7/site-packages/airflow/example_dags/example_task_group_decorator.py
[2023-08-07T08:07:17.460+0000] {processor.py:836} INFO - DAG(s) dict_keys(['example_task_group_decorator']) retrieved from /home/airflow/.local/lib/python3.7/site-packages/airflow/example_dags/example_task_group_decorator.py
[2023-08-07T08:07:17.486+0000] {logging_mixin.py:150} INFO - [2023-08-07T08:07:17.486+0000] {dag.py:2742} INFO - Sync 1 DAGs
[2023-08-07T08:07:17.507+0000] {logging_mixin.py:150} INFO - [2023-08-07T08:07:17.506+0000] {dag.py:3508} INFO - Setting next_dagrun for example_task_group_decorator to 2023-08-06T08:07:17.506688+00:00, run_after=2023-08-07T08:07:17.506688+00:00
[2023-08-07T08:07:17.522+0000] {processor.py:179} INFO - Processing /home/airflow/.local/lib/python3.7/site-packages/airflow/example_dags/example_task_group_decorator.py took 0.082 seconds
[2023-08-07T08:07:47.695+0000] {processor.py:157} INFO - Started process (PID=2397) to work on /home/airflow/.local/lib/python3.7/site-packages/airflow/example_dags/example_task_group_decorator.py
[2023-08-07T08:07:47.696+0000] {processor.py:826} INFO - Processing file /home/airflow/.local/lib/python3.7/site-packages/airflow/example_dags/example_task_group_decorator.py for tasks to queue
[2023-08-07T08:07:47.697+0000] {logging_mixin.py:150} INFO - [2023-08-07T08:07:47.697+0000] {dagbag.py:541} INFO - Filling up the DagBag from /home/airflow/.local/lib/python3.7/site-packages/airflow/example_dags/example_task_group_decorator.py
[2023-08-07T08:07:47.709+0000] {processor.py:836} INFO - DAG(s) dict_keys(['example_task_group_decorator']) retrieved from /home/airflow/.local/lib/python3.7/site-packages/airflow/example_dags/example_task_group_decorator.py
[2023-08-07T08:07:47.735+0000] {logging_mixin.py:150} INFO - [2023-08-07T08:07:47.735+0000] {dag.py:2742} INFO - Sync 1 DAGs
[2023-08-07T08:07:47.753+0000] {logging_mixin.py:150} INFO - [2023-08-07T08:07:47.753+0000] {dag.py:3508} INFO - Setting next_dagrun for example_task_group_decorator to 2023-08-06T08:07:47.753372+00:00, run_after=2023-08-07T08:07:47.753372+00:00
[2023-08-07T08:07:47.766+0000] {processor.py:179} INFO - Processing /home/airflow/.local/lib/python3.7/site-packages/airflow/example_dags/example_task_group_decorator.py took 0.074 seconds
[2023-08-07T08:08:17.999+0000] {processor.py:157} INFO - Started process (PID=2639) to work on /home/airflow/.local/lib/python3.7/site-packages/airflow/example_dags/example_task_group_decorator.py
[2023-08-07T08:08:18.000+0000] {processor.py:826} INFO - Processing file /home/airflow/.local/lib/python3.7/site-packages/airflow/example_dags/example_task_group_decorator.py for tasks to queue
[2023-08-07T08:08:18.001+0000] {logging_mixin.py:150} INFO - [2023-08-07T08:08:18.001+0000] {dagbag.py:541} INFO - Filling up the DagBag from /home/airflow/.local/lib/python3.7/site-packages/airflow/example_dags/example_task_group_decorator.py
[2023-08-07T08:08:18.014+0000] {processor.py:836} INFO - DAG(s) dict_keys(['example_task_group_decorator']) retrieved from /home/airflow/.local/lib/python3.7/site-packages/airflow/example_dags/example_task_group_decorator.py
[2023-08-07T08:08:18.039+0000] {logging_mixin.py:150} INFO - [2023-08-07T08:08:18.039+0000] {dag.py:2742} INFO - Sync 1 DAGs
[2023-08-07T08:08:18.058+0000] {logging_mixin.py:150} INFO - [2023-08-07T08:08:18.058+0000] {dag.py:3508} INFO - Setting next_dagrun for example_task_group_decorator to 2023-08-06T08:08:18.057841+00:00, run_after=2023-08-07T08:08:18.057841+00:00
[2023-08-07T08:08:18.070+0000] {processor.py:179} INFO - Processing /home/airflow/.local/lib/python3.7/site-packages/airflow/example_dags/example_task_group_decorator.py took 0.075 seconds
[2023-08-07T08:08:48.323+0000] {processor.py:157} INFO - Started process (PID=2881) to work on /home/airflow/.local/lib/python3.7/site-packages/airflow/example_dags/example_task_group_decorator.py
[2023-08-07T08:08:48.324+0000] {processor.py:826} INFO - Processing file /home/airflow/.local/lib/python3.7/site-packages/airflow/example_dags/example_task_group_decorator.py for tasks to queue
[2023-08-07T08:08:48.325+0000] {logging_mixin.py:150} INFO - [2023-08-07T08:08:48.325+0000] {dagbag.py:541} INFO - Filling up the DagBag from /home/airflow/.local/lib/python3.7/site-packages/airflow/example_dags/example_task_group_decorator.py
[2023-08-07T08:08:48.337+0000] {processor.py:836} INFO - DAG(s) dict_keys(['example_task_group_decorator']) retrieved from /home/airflow/.local/lib/python3.7/site-packages/airflow/example_dags/example_task_group_decorator.py
[2023-08-07T08:08:48.362+0000] {logging_mixin.py:150} INFO - [2023-08-07T08:08:48.362+0000] {dag.py:2742} INFO - Sync 1 DAGs
[2023-08-07T08:08:48.380+0000] {logging_mixin.py:150} INFO - [2023-08-07T08:08:48.380+0000] {dag.py:3508} INFO - Setting next_dagrun for example_task_group_decorator to 2023-08-06T08:08:48.380418+00:00, run_after=2023-08-07T08:08:48.380418+00:00
[2023-08-07T08:08:48.393+0000] {processor.py:179} INFO - Processing /home/airflow/.local/lib/python3.7/site-packages/airflow/example_dags/example_task_group_decorator.py took 0.076 seconds
