[2023-08-07T08:03:15.585+0000] {processor.py:157} INFO - Started process (PID=273) to work on /home/airflow/.local/lib/python3.7/site-packages/airflow/example_dags/example_complex.py
[2023-08-07T08:03:15.586+0000] {processor.py:826} INFO - Processing file /home/airflow/.local/lib/python3.7/site-packages/airflow/example_dags/example_complex.py for tasks to queue
[2023-08-07T08:03:15.588+0000] {logging_mixin.py:150} INFO - [2023-08-07T08:03:15.587+0000] {dagbag.py:541} INFO - Filling up the DagBag from /home/airflow/.local/lib/python3.7/site-packages/airflow/example_dags/example_complex.py
[2023-08-07T08:03:15.600+0000] {processor.py:836} INFO - DAG(s) dict_keys(['example_complex']) retrieved from /home/airflow/.local/lib/python3.7/site-packages/airflow/example_dags/example_complex.py
[2023-08-07T08:03:15.616+0000] {logging_mixin.py:150} INFO - [2023-08-07T08:03:15.616+0000] {dag.py:2742} INFO - Sync 1 DAGs
[2023-08-07T08:03:15.638+0000] {logging_mixin.py:150} INFO - [2023-08-07T08:03:15.637+0000] {dag.py:3508} INFO - Setting next_dagrun for example_complex to None, run_after=None
[2023-08-07T08:03:15.650+0000] {processor.py:179} INFO - Processing /home/airflow/.local/lib/python3.7/site-packages/airflow/example_dags/example_complex.py took 0.069 seconds
[2023-08-07T08:03:46.158+0000] {processor.py:157} INFO - Started process (PID=515) to work on /home/airflow/.local/lib/python3.7/site-packages/airflow/example_dags/example_complex.py
[2023-08-07T08:03:46.159+0000] {processor.py:826} INFO - Processing file /home/airflow/.local/lib/python3.7/site-packages/airflow/example_dags/example_complex.py for tasks to queue
[2023-08-07T08:03:46.160+0000] {logging_mixin.py:150} INFO - [2023-08-07T08:03:46.160+0000] {dagbag.py:541} INFO - Filling up the DagBag from /home/airflow/.local/lib/python3.7/site-packages/airflow/example_dags/example_complex.py
[2023-08-07T08:03:46.170+0000] {processor.py:836} INFO - DAG(s) dict_keys(['example_complex']) retrieved from /home/airflow/.local/lib/python3.7/site-packages/airflow/example_dags/example_complex.py
[2023-08-07T08:03:46.224+0000] {logging_mixin.py:150} INFO - [2023-08-07T08:03:46.224+0000] {dag.py:2742} INFO - Sync 1 DAGs
[2023-08-07T08:03:46.247+0000] {logging_mixin.py:150} INFO - [2023-08-07T08:03:46.247+0000] {dag.py:3508} INFO - Setting next_dagrun for example_complex to None, run_after=None
[2023-08-07T08:03:46.263+0000] {processor.py:179} INFO - Processing /home/airflow/.local/lib/python3.7/site-packages/airflow/example_dags/example_complex.py took 0.108 seconds
[2023-08-07T08:04:16.717+0000] {processor.py:157} INFO - Started process (PID=758) to work on /home/airflow/.local/lib/python3.7/site-packages/airflow/example_dags/example_complex.py
[2023-08-07T08:04:16.718+0000] {processor.py:826} INFO - Processing file /home/airflow/.local/lib/python3.7/site-packages/airflow/example_dags/example_complex.py for tasks to queue
[2023-08-07T08:04:16.719+0000] {logging_mixin.py:150} INFO - [2023-08-07T08:04:16.719+0000] {dagbag.py:541} INFO - Filling up the DagBag from /home/airflow/.local/lib/python3.7/site-packages/airflow/example_dags/example_complex.py
[2023-08-07T08:04:16.728+0000] {processor.py:836} INFO - DAG(s) dict_keys(['example_complex']) retrieved from /home/airflow/.local/lib/python3.7/site-packages/airflow/example_dags/example_complex.py
[2023-08-07T08:04:16.759+0000] {logging_mixin.py:150} INFO - [2023-08-07T08:04:16.759+0000] {dag.py:2742} INFO - Sync 1 DAGs
[2023-08-07T08:04:16.779+0000] {logging_mixin.py:150} INFO - [2023-08-07T08:04:16.779+0000] {dag.py:3508} INFO - Setting next_dagrun for example_complex to None, run_after=None
[2023-08-07T08:04:16.793+0000] {processor.py:179} INFO - Processing /home/airflow/.local/lib/python3.7/site-packages/airflow/example_dags/example_complex.py took 0.080 seconds
[2023-08-07T08:04:47.061+0000] {processor.py:157} INFO - Started process (PID=1000) to work on /home/airflow/.local/lib/python3.7/site-packages/airflow/example_dags/example_complex.py
[2023-08-07T08:04:47.062+0000] {processor.py:826} INFO - Processing file /home/airflow/.local/lib/python3.7/site-packages/airflow/example_dags/example_complex.py for tasks to queue
[2023-08-07T08:04:47.063+0000] {logging_mixin.py:150} INFO - [2023-08-07T08:04:47.063+0000] {dagbag.py:541} INFO - Filling up the DagBag from /home/airflow/.local/lib/python3.7/site-packages/airflow/example_dags/example_complex.py
[2023-08-07T08:04:47.072+0000] {processor.py:836} INFO - DAG(s) dict_keys(['example_complex']) retrieved from /home/airflow/.local/lib/python3.7/site-packages/airflow/example_dags/example_complex.py
[2023-08-07T08:04:47.102+0000] {logging_mixin.py:150} INFO - [2023-08-07T08:04:47.102+0000] {dag.py:2742} INFO - Sync 1 DAGs
[2023-08-07T08:04:47.120+0000] {logging_mixin.py:150} INFO - [2023-08-07T08:04:47.120+0000] {dag.py:3508} INFO - Setting next_dagrun for example_complex to None, run_after=None
[2023-08-07T08:04:47.134+0000] {processor.py:179} INFO - Processing /home/airflow/.local/lib/python3.7/site-packages/airflow/example_dags/example_complex.py took 0.076 seconds
[2023-08-07T08:05:17.410+0000] {processor.py:157} INFO - Started process (PID=1242) to work on /home/airflow/.local/lib/python3.7/site-packages/airflow/example_dags/example_complex.py
[2023-08-07T08:05:17.411+0000] {processor.py:826} INFO - Processing file /home/airflow/.local/lib/python3.7/site-packages/airflow/example_dags/example_complex.py for tasks to queue
[2023-08-07T08:05:17.413+0000] {logging_mixin.py:150} INFO - [2023-08-07T08:05:17.412+0000] {dagbag.py:541} INFO - Filling up the DagBag from /home/airflow/.local/lib/python3.7/site-packages/airflow/example_dags/example_complex.py
[2023-08-07T08:05:17.422+0000] {processor.py:836} INFO - DAG(s) dict_keys(['example_complex']) retrieved from /home/airflow/.local/lib/python3.7/site-packages/airflow/example_dags/example_complex.py
[2023-08-07T08:05:17.451+0000] {logging_mixin.py:150} INFO - [2023-08-07T08:05:17.451+0000] {dag.py:2742} INFO - Sync 1 DAGs
[2023-08-07T08:05:17.470+0000] {logging_mixin.py:150} INFO - [2023-08-07T08:05:17.470+0000] {dag.py:3508} INFO - Setting next_dagrun for example_complex to None, run_after=None
[2023-08-07T08:05:17.484+0000] {processor.py:179} INFO - Processing /home/airflow/.local/lib/python3.7/site-packages/airflow/example_dags/example_complex.py took 0.077 seconds
[2023-08-07T08:05:47.843+0000] {processor.py:157} INFO - Started process (PID=1484) to work on /home/airflow/.local/lib/python3.7/site-packages/airflow/example_dags/example_complex.py
[2023-08-07T08:05:47.844+0000] {processor.py:826} INFO - Processing file /home/airflow/.local/lib/python3.7/site-packages/airflow/example_dags/example_complex.py for tasks to queue
[2023-08-07T08:05:47.845+0000] {logging_mixin.py:150} INFO - [2023-08-07T08:05:47.845+0000] {dagbag.py:541} INFO - Filling up the DagBag from /home/airflow/.local/lib/python3.7/site-packages/airflow/example_dags/example_complex.py
[2023-08-07T08:05:47.854+0000] {processor.py:836} INFO - DAG(s) dict_keys(['example_complex']) retrieved from /home/airflow/.local/lib/python3.7/site-packages/airflow/example_dags/example_complex.py
[2023-08-07T08:05:47.885+0000] {logging_mixin.py:150} INFO - [2023-08-07T08:05:47.885+0000] {dag.py:2742} INFO - Sync 1 DAGs
[2023-08-07T08:05:47.904+0000] {logging_mixin.py:150} INFO - [2023-08-07T08:05:47.904+0000] {dag.py:3508} INFO - Setting next_dagrun for example_complex to None, run_after=None
[2023-08-07T08:05:47.919+0000] {processor.py:179} INFO - Processing /home/airflow/.local/lib/python3.7/site-packages/airflow/example_dags/example_complex.py took 0.081 seconds
[2023-08-07T08:06:18.028+0000] {processor.py:157} INFO - Started process (PID=1740) to work on /home/airflow/.local/lib/python3.7/site-packages/airflow/example_dags/example_complex.py
[2023-08-07T08:06:18.030+0000] {processor.py:826} INFO - Processing file /home/airflow/.local/lib/python3.7/site-packages/airflow/example_dags/example_complex.py for tasks to queue
[2023-08-07T08:06:18.031+0000] {logging_mixin.py:150} INFO - [2023-08-07T08:06:18.030+0000] {dagbag.py:541} INFO - Filling up the DagBag from /home/airflow/.local/lib/python3.7/site-packages/airflow/example_dags/example_complex.py
[2023-08-07T08:06:18.041+0000] {processor.py:836} INFO - DAG(s) dict_keys(['example_complex']) retrieved from /home/airflow/.local/lib/python3.7/site-packages/airflow/example_dags/example_complex.py
[2023-08-07T08:06:18.071+0000] {logging_mixin.py:150} INFO - [2023-08-07T08:06:18.071+0000] {dag.py:2742} INFO - Sync 1 DAGs
[2023-08-07T08:06:18.092+0000] {logging_mixin.py:150} INFO - [2023-08-07T08:06:18.091+0000] {dag.py:3508} INFO - Setting next_dagrun for example_complex to None, run_after=None
[2023-08-07T08:06:18.107+0000] {processor.py:179} INFO - Processing /home/airflow/.local/lib/python3.7/site-packages/airflow/example_dags/example_complex.py took 0.084 seconds
[2023-08-07T08:06:49.110+0000] {processor.py:157} INFO - Started process (PID=1982) to work on /home/airflow/.local/lib/python3.7/site-packages/airflow/example_dags/example_complex.py
[2023-08-07T08:06:49.111+0000] {processor.py:826} INFO - Processing file /home/airflow/.local/lib/python3.7/site-packages/airflow/example_dags/example_complex.py for tasks to queue
[2023-08-07T08:06:49.112+0000] {logging_mixin.py:150} INFO - [2023-08-07T08:06:49.112+0000] {dagbag.py:541} INFO - Filling up the DagBag from /home/airflow/.local/lib/python3.7/site-packages/airflow/example_dags/example_complex.py
[2023-08-07T08:06:49.122+0000] {processor.py:836} INFO - DAG(s) dict_keys(['example_complex']) retrieved from /home/airflow/.local/lib/python3.7/site-packages/airflow/example_dags/example_complex.py
[2023-08-07T08:06:49.152+0000] {logging_mixin.py:150} INFO - [2023-08-07T08:06:49.152+0000] {dag.py:2742} INFO - Sync 1 DAGs
[2023-08-07T08:06:49.175+0000] {logging_mixin.py:150} INFO - [2023-08-07T08:06:49.175+0000] {dag.py:3508} INFO - Setting next_dagrun for example_complex to None, run_after=None
[2023-08-07T08:06:49.193+0000] {processor.py:179} INFO - Processing /home/airflow/.local/lib/python3.7/site-packages/airflow/example_dags/example_complex.py took 0.086 seconds
[2023-08-07T08:07:19.356+0000] {processor.py:157} INFO - Started process (PID=2224) to work on /home/airflow/.local/lib/python3.7/site-packages/airflow/example_dags/example_complex.py
[2023-08-07T08:07:19.358+0000] {processor.py:826} INFO - Processing file /home/airflow/.local/lib/python3.7/site-packages/airflow/example_dags/example_complex.py for tasks to queue
[2023-08-07T08:07:19.359+0000] {logging_mixin.py:150} INFO - [2023-08-07T08:07:19.359+0000] {dagbag.py:541} INFO - Filling up the DagBag from /home/airflow/.local/lib/python3.7/site-packages/airflow/example_dags/example_complex.py
[2023-08-07T08:07:19.369+0000] {processor.py:836} INFO - DAG(s) dict_keys(['example_complex']) retrieved from /home/airflow/.local/lib/python3.7/site-packages/airflow/example_dags/example_complex.py
[2023-08-07T08:07:19.396+0000] {logging_mixin.py:150} INFO - [2023-08-07T08:07:19.396+0000] {dag.py:2742} INFO - Sync 1 DAGs
[2023-08-07T08:07:19.415+0000] {logging_mixin.py:150} INFO - [2023-08-07T08:07:19.415+0000] {dag.py:3508} INFO - Setting next_dagrun for example_complex to None, run_after=None
[2023-08-07T08:07:19.429+0000] {processor.py:179} INFO - Processing /home/airflow/.local/lib/python3.7/site-packages/airflow/example_dags/example_complex.py took 0.077 seconds
[2023-08-07T08:07:49.554+0000] {processor.py:157} INFO - Started process (PID=2467) to work on /home/airflow/.local/lib/python3.7/site-packages/airflow/example_dags/example_complex.py
[2023-08-07T08:07:49.556+0000] {processor.py:826} INFO - Processing file /home/airflow/.local/lib/python3.7/site-packages/airflow/example_dags/example_complex.py for tasks to queue
[2023-08-07T08:07:49.558+0000] {logging_mixin.py:150} INFO - [2023-08-07T08:07:49.557+0000] {dagbag.py:541} INFO - Filling up the DagBag from /home/airflow/.local/lib/python3.7/site-packages/airflow/example_dags/example_complex.py
[2023-08-07T08:07:49.568+0000] {processor.py:836} INFO - DAG(s) dict_keys(['example_complex']) retrieved from /home/airflow/.local/lib/python3.7/site-packages/airflow/example_dags/example_complex.py
[2023-08-07T08:07:49.595+0000] {logging_mixin.py:150} INFO - [2023-08-07T08:07:49.595+0000] {dag.py:2742} INFO - Sync 1 DAGs
[2023-08-07T08:07:49.614+0000] {logging_mixin.py:150} INFO - [2023-08-07T08:07:49.614+0000] {dag.py:3508} INFO - Setting next_dagrun for example_complex to None, run_after=None
[2023-08-07T08:07:49.627+0000] {processor.py:179} INFO - Processing /home/airflow/.local/lib/python3.7/site-packages/airflow/example_dags/example_complex.py took 0.077 seconds
[2023-08-07T08:08:19.841+0000] {processor.py:157} INFO - Started process (PID=2709) to work on /home/airflow/.local/lib/python3.7/site-packages/airflow/example_dags/example_complex.py
[2023-08-07T08:08:19.843+0000] {processor.py:826} INFO - Processing file /home/airflow/.local/lib/python3.7/site-packages/airflow/example_dags/example_complex.py for tasks to queue
[2023-08-07T08:08:19.844+0000] {logging_mixin.py:150} INFO - [2023-08-07T08:08:19.844+0000] {dagbag.py:541} INFO - Filling up the DagBag from /home/airflow/.local/lib/python3.7/site-packages/airflow/example_dags/example_complex.py
[2023-08-07T08:08:19.856+0000] {processor.py:836} INFO - DAG(s) dict_keys(['example_complex']) retrieved from /home/airflow/.local/lib/python3.7/site-packages/airflow/example_dags/example_complex.py
[2023-08-07T08:08:19.889+0000] {logging_mixin.py:150} INFO - [2023-08-07T08:08:19.889+0000] {dag.py:2742} INFO - Sync 1 DAGs
[2023-08-07T08:08:19.907+0000] {logging_mixin.py:150} INFO - [2023-08-07T08:08:19.907+0000] {dag.py:3508} INFO - Setting next_dagrun for example_complex to None, run_after=None
[2023-08-07T08:08:19.925+0000] {processor.py:179} INFO - Processing /home/airflow/.local/lib/python3.7/site-packages/airflow/example_dags/example_complex.py took 0.090 seconds
[2023-08-07T08:08:50.105+0000] {processor.py:157} INFO - Started process (PID=2951) to work on /home/airflow/.local/lib/python3.7/site-packages/airflow/example_dags/example_complex.py
[2023-08-07T08:08:50.107+0000] {processor.py:826} INFO - Processing file /home/airflow/.local/lib/python3.7/site-packages/airflow/example_dags/example_complex.py for tasks to queue
[2023-08-07T08:08:50.109+0000] {logging_mixin.py:150} INFO - [2023-08-07T08:08:50.108+0000] {dagbag.py:541} INFO - Filling up the DagBag from /home/airflow/.local/lib/python3.7/site-packages/airflow/example_dags/example_complex.py
[2023-08-07T08:08:50.120+0000] {processor.py:836} INFO - DAG(s) dict_keys(['example_complex']) retrieved from /home/airflow/.local/lib/python3.7/site-packages/airflow/example_dags/example_complex.py
[2023-08-07T08:08:50.149+0000] {logging_mixin.py:150} INFO - [2023-08-07T08:08:50.149+0000] {dag.py:2742} INFO - Sync 1 DAGs
[2023-08-07T08:08:50.167+0000] {logging_mixin.py:150} INFO - [2023-08-07T08:08:50.167+0000] {dag.py:3508} INFO - Setting next_dagrun for example_complex to None, run_after=None
[2023-08-07T08:08:50.184+0000] {processor.py:179} INFO - Processing /home/airflow/.local/lib/python3.7/site-packages/airflow/example_dags/example_complex.py took 0.084 seconds
