[2023-08-07T08:03:14.379+0000] {processor.py:157} INFO - Started process (PID=178) to work on /home/airflow/.local/lib/python3.7/site-packages/airflow/example_dags/example_short_circuit_decorator.py
[2023-08-07T08:03:14.380+0000] {processor.py:826} INFO - Processing file /home/airflow/.local/lib/python3.7/site-packages/airflow/example_dags/example_short_circuit_decorator.py for tasks to queue
[2023-08-07T08:03:14.382+0000] {logging_mixin.py:150} INFO - [2023-08-07T08:03:14.381+0000] {dagbag.py:541} INFO - Filling up the DagBag from /home/airflow/.local/lib/python3.7/site-packages/airflow/example_dags/example_short_circuit_decorator.py
[2023-08-07T08:03:14.393+0000] {processor.py:836} INFO - DAG(s) dict_keys(['example_short_circuit_decorator']) retrieved from /home/airflow/.local/lib/python3.7/site-packages/airflow/example_dags/example_short_circuit_decorator.py
[2023-08-07T08:03:14.421+0000] {logging_mixin.py:150} INFO - [2023-08-07T08:03:14.421+0000] {dag.py:2742} INFO - Sync 1 DAGs
[2023-08-07T08:03:14.445+0000] {logging_mixin.py:150} INFO - [2023-08-07T08:03:14.445+0000] {dag.py:3508} INFO - Setting next_dagrun for example_short_circuit_decorator to 2023-08-06T08:03:14.445434+00:00, run_after=2023-08-07T08:03:14.445434+00:00
[2023-08-07T08:03:14.461+0000] {processor.py:179} INFO - Processing /home/airflow/.local/lib/python3.7/site-packages/airflow/example_dags/example_short_circuit_decorator.py took 0.086 seconds
[2023-08-07T08:03:44.864+0000] {processor.py:157} INFO - Started process (PID=420) to work on /home/airflow/.local/lib/python3.7/site-packages/airflow/example_dags/example_short_circuit_decorator.py
[2023-08-07T08:03:44.865+0000] {processor.py:826} INFO - Processing file /home/airflow/.local/lib/python3.7/site-packages/airflow/example_dags/example_short_circuit_decorator.py for tasks to queue
[2023-08-07T08:03:44.866+0000] {logging_mixin.py:150} INFO - [2023-08-07T08:03:44.866+0000] {dagbag.py:541} INFO - Filling up the DagBag from /home/airflow/.local/lib/python3.7/site-packages/airflow/example_dags/example_short_circuit_decorator.py
[2023-08-07T08:03:44.875+0000] {processor.py:836} INFO - DAG(s) dict_keys(['example_short_circuit_decorator']) retrieved from /home/airflow/.local/lib/python3.7/site-packages/airflow/example_dags/example_short_circuit_decorator.py
[2023-08-07T08:03:44.899+0000] {logging_mixin.py:150} INFO - [2023-08-07T08:03:44.899+0000] {dag.py:2742} INFO - Sync 1 DAGs
[2023-08-07T08:03:44.918+0000] {logging_mixin.py:150} INFO - [2023-08-07T08:03:44.918+0000] {dag.py:3508} INFO - Setting next_dagrun for example_short_circuit_decorator to 2023-08-06T08:03:44.918356+00:00, run_after=2023-08-07T08:03:44.918356+00:00
[2023-08-07T08:03:44.932+0000] {processor.py:179} INFO - Processing /home/airflow/.local/lib/python3.7/site-packages/airflow/example_dags/example_short_circuit_decorator.py took 0.072 seconds
[2023-08-07T08:04:15.551+0000] {processor.py:157} INFO - Started process (PID=663) to work on /home/airflow/.local/lib/python3.7/site-packages/airflow/example_dags/example_short_circuit_decorator.py
[2023-08-07T08:04:15.552+0000] {processor.py:826} INFO - Processing file /home/airflow/.local/lib/python3.7/site-packages/airflow/example_dags/example_short_circuit_decorator.py for tasks to queue
[2023-08-07T08:04:15.554+0000] {logging_mixin.py:150} INFO - [2023-08-07T08:04:15.553+0000] {dagbag.py:541} INFO - Filling up the DagBag from /home/airflow/.local/lib/python3.7/site-packages/airflow/example_dags/example_short_circuit_decorator.py
[2023-08-07T08:04:15.565+0000] {processor.py:836} INFO - DAG(s) dict_keys(['example_short_circuit_decorator']) retrieved from /home/airflow/.local/lib/python3.7/site-packages/airflow/example_dags/example_short_circuit_decorator.py
[2023-08-07T08:04:15.590+0000] {logging_mixin.py:150} INFO - [2023-08-07T08:04:15.590+0000] {dag.py:2742} INFO - Sync 1 DAGs
[2023-08-07T08:04:15.610+0000] {logging_mixin.py:150} INFO - [2023-08-07T08:04:15.610+0000] {dag.py:3508} INFO - Setting next_dagrun for example_short_circuit_decorator to 2023-08-06T08:04:15.609959+00:00, run_after=2023-08-07T08:04:15.609959+00:00
[2023-08-07T08:04:15.629+0000] {processor.py:179} INFO - Processing /home/airflow/.local/lib/python3.7/site-packages/airflow/example_dags/example_short_circuit_decorator.py took 0.081 seconds
[2023-08-07T08:04:45.841+0000] {processor.py:157} INFO - Started process (PID=905) to work on /home/airflow/.local/lib/python3.7/site-packages/airflow/example_dags/example_short_circuit_decorator.py
[2023-08-07T08:04:45.843+0000] {processor.py:826} INFO - Processing file /home/airflow/.local/lib/python3.7/site-packages/airflow/example_dags/example_short_circuit_decorator.py for tasks to queue
[2023-08-07T08:04:45.844+0000] {logging_mixin.py:150} INFO - [2023-08-07T08:04:45.844+0000] {dagbag.py:541} INFO - Filling up the DagBag from /home/airflow/.local/lib/python3.7/site-packages/airflow/example_dags/example_short_circuit_decorator.py
[2023-08-07T08:04:45.853+0000] {processor.py:836} INFO - DAG(s) dict_keys(['example_short_circuit_decorator']) retrieved from /home/airflow/.local/lib/python3.7/site-packages/airflow/example_dags/example_short_circuit_decorator.py
[2023-08-07T08:04:45.878+0000] {logging_mixin.py:150} INFO - [2023-08-07T08:04:45.878+0000] {dag.py:2742} INFO - Sync 1 DAGs
[2023-08-07T08:04:45.896+0000] {logging_mixin.py:150} INFO - [2023-08-07T08:04:45.896+0000] {dag.py:3508} INFO - Setting next_dagrun for example_short_circuit_decorator to 2023-08-06T08:04:45.896297+00:00, run_after=2023-08-07T08:04:45.896297+00:00
[2023-08-07T08:04:45.909+0000] {processor.py:179} INFO - Processing /home/airflow/.local/lib/python3.7/site-packages/airflow/example_dags/example_short_circuit_decorator.py took 0.071 seconds
[2023-08-07T08:05:16.312+0000] {processor.py:157} INFO - Started process (PID=1147) to work on /home/airflow/.local/lib/python3.7/site-packages/airflow/example_dags/example_short_circuit_decorator.py
[2023-08-07T08:05:16.313+0000] {processor.py:826} INFO - Processing file /home/airflow/.local/lib/python3.7/site-packages/airflow/example_dags/example_short_circuit_decorator.py for tasks to queue
[2023-08-07T08:05:16.314+0000] {logging_mixin.py:150} INFO - [2023-08-07T08:05:16.314+0000] {dagbag.py:541} INFO - Filling up the DagBag from /home/airflow/.local/lib/python3.7/site-packages/airflow/example_dags/example_short_circuit_decorator.py
[2023-08-07T08:05:16.324+0000] {processor.py:836} INFO - DAG(s) dict_keys(['example_short_circuit_decorator']) retrieved from /home/airflow/.local/lib/python3.7/site-packages/airflow/example_dags/example_short_circuit_decorator.py
[2023-08-07T08:05:16.348+0000] {logging_mixin.py:150} INFO - [2023-08-07T08:05:16.348+0000] {dag.py:2742} INFO - Sync 1 DAGs
[2023-08-07T08:05:16.367+0000] {logging_mixin.py:150} INFO - [2023-08-07T08:05:16.367+0000] {dag.py:3508} INFO - Setting next_dagrun for example_short_circuit_decorator to 2023-08-06T08:05:16.367067+00:00, run_after=2023-08-07T08:05:16.367067+00:00
[2023-08-07T08:05:16.381+0000] {processor.py:179} INFO - Processing /home/airflow/.local/lib/python3.7/site-packages/airflow/example_dags/example_short_circuit_decorator.py took 0.074 seconds
[2023-08-07T08:05:46.552+0000] {processor.py:157} INFO - Started process (PID=1389) to work on /home/airflow/.local/lib/python3.7/site-packages/airflow/example_dags/example_short_circuit_decorator.py
[2023-08-07T08:05:46.553+0000] {processor.py:826} INFO - Processing file /home/airflow/.local/lib/python3.7/site-packages/airflow/example_dags/example_short_circuit_decorator.py for tasks to queue
[2023-08-07T08:05:46.555+0000] {logging_mixin.py:150} INFO - [2023-08-07T08:05:46.555+0000] {dagbag.py:541} INFO - Filling up the DagBag from /home/airflow/.local/lib/python3.7/site-packages/airflow/example_dags/example_short_circuit_decorator.py
[2023-08-07T08:05:46.564+0000] {processor.py:836} INFO - DAG(s) dict_keys(['example_short_circuit_decorator']) retrieved from /home/airflow/.local/lib/python3.7/site-packages/airflow/example_dags/example_short_circuit_decorator.py
[2023-08-07T08:05:46.626+0000] {logging_mixin.py:150} INFO - [2023-08-07T08:05:46.626+0000] {dag.py:2742} INFO - Sync 1 DAGs
[2023-08-07T08:05:46.649+0000] {logging_mixin.py:150} INFO - [2023-08-07T08:05:46.649+0000] {dag.py:3508} INFO - Setting next_dagrun for example_short_circuit_decorator to 2023-08-06T08:05:46.649187+00:00, run_after=2023-08-07T08:05:46.649187+00:00
[2023-08-07T08:05:46.665+0000] {processor.py:179} INFO - Processing /home/airflow/.local/lib/python3.7/site-packages/airflow/example_dags/example_short_circuit_decorator.py took 0.117 seconds
[2023-08-07T08:06:16.888+0000] {processor.py:157} INFO - Started process (PID=1645) to work on /home/airflow/.local/lib/python3.7/site-packages/airflow/example_dags/example_short_circuit_decorator.py
[2023-08-07T08:06:16.890+0000] {processor.py:826} INFO - Processing file /home/airflow/.local/lib/python3.7/site-packages/airflow/example_dags/example_short_circuit_decorator.py for tasks to queue
[2023-08-07T08:06:16.891+0000] {logging_mixin.py:150} INFO - [2023-08-07T08:06:16.890+0000] {dagbag.py:541} INFO - Filling up the DagBag from /home/airflow/.local/lib/python3.7/site-packages/airflow/example_dags/example_short_circuit_decorator.py
[2023-08-07T08:06:16.899+0000] {processor.py:836} INFO - DAG(s) dict_keys(['example_short_circuit_decorator']) retrieved from /home/airflow/.local/lib/python3.7/site-packages/airflow/example_dags/example_short_circuit_decorator.py
[2023-08-07T08:06:16.933+0000] {logging_mixin.py:150} INFO - [2023-08-07T08:06:16.933+0000] {dag.py:2742} INFO - Sync 1 DAGs
[2023-08-07T08:06:16.954+0000] {logging_mixin.py:150} INFO - [2023-08-07T08:06:16.954+0000] {dag.py:3508} INFO - Setting next_dagrun for example_short_circuit_decorator to 2023-08-06T08:06:16.953846+00:00, run_after=2023-08-07T08:06:16.953846+00:00
[2023-08-07T08:06:16.969+0000] {processor.py:179} INFO - Processing /home/airflow/.local/lib/python3.7/site-packages/airflow/example_dags/example_short_circuit_decorator.py took 0.084 seconds
[2023-08-07T08:06:47.011+0000] {processor.py:157} INFO - Started process (PID=1887) to work on /home/airflow/.local/lib/python3.7/site-packages/airflow/example_dags/example_short_circuit_decorator.py
[2023-08-07T08:06:47.012+0000] {processor.py:826} INFO - Processing file /home/airflow/.local/lib/python3.7/site-packages/airflow/example_dags/example_short_circuit_decorator.py for tasks to queue
[2023-08-07T08:06:47.013+0000] {logging_mixin.py:150} INFO - [2023-08-07T08:06:47.013+0000] {dagbag.py:541} INFO - Filling up the DagBag from /home/airflow/.local/lib/python3.7/site-packages/airflow/example_dags/example_short_circuit_decorator.py
[2023-08-07T08:06:47.022+0000] {processor.py:836} INFO - DAG(s) dict_keys(['example_short_circuit_decorator']) retrieved from /home/airflow/.local/lib/python3.7/site-packages/airflow/example_dags/example_short_circuit_decorator.py
[2023-08-07T08:06:47.046+0000] {logging_mixin.py:150} INFO - [2023-08-07T08:06:47.046+0000] {dag.py:2742} INFO - Sync 1 DAGs
[2023-08-07T08:06:47.066+0000] {logging_mixin.py:150} INFO - [2023-08-07T08:06:47.066+0000] {dag.py:3508} INFO - Setting next_dagrun for example_short_circuit_decorator to 2023-08-06T08:06:47.065688+00:00, run_after=2023-08-07T08:06:47.065688+00:00
[2023-08-07T08:06:47.079+0000] {processor.py:179} INFO - Processing /home/airflow/.local/lib/python3.7/site-packages/airflow/example_dags/example_short_circuit_decorator.py took 0.072 seconds
[2023-08-07T08:07:17.235+0000] {processor.py:157} INFO - Started process (PID=2129) to work on /home/airflow/.local/lib/python3.7/site-packages/airflow/example_dags/example_short_circuit_decorator.py
[2023-08-07T08:07:17.236+0000] {processor.py:826} INFO - Processing file /home/airflow/.local/lib/python3.7/site-packages/airflow/example_dags/example_short_circuit_decorator.py for tasks to queue
[2023-08-07T08:07:17.237+0000] {logging_mixin.py:150} INFO - [2023-08-07T08:07:17.237+0000] {dagbag.py:541} INFO - Filling up the DagBag from /home/airflow/.local/lib/python3.7/site-packages/airflow/example_dags/example_short_circuit_decorator.py
[2023-08-07T08:07:17.246+0000] {processor.py:836} INFO - DAG(s) dict_keys(['example_short_circuit_decorator']) retrieved from /home/airflow/.local/lib/python3.7/site-packages/airflow/example_dags/example_short_circuit_decorator.py
[2023-08-07T08:07:17.270+0000] {logging_mixin.py:150} INFO - [2023-08-07T08:07:17.270+0000] {dag.py:2742} INFO - Sync 1 DAGs
[2023-08-07T08:07:17.289+0000] {logging_mixin.py:150} INFO - [2023-08-07T08:07:17.289+0000] {dag.py:3508} INFO - Setting next_dagrun for example_short_circuit_decorator to 2023-08-06T08:07:17.288820+00:00, run_after=2023-08-07T08:07:17.288820+00:00
[2023-08-07T08:07:17.302+0000] {processor.py:179} INFO - Processing /home/airflow/.local/lib/python3.7/site-packages/airflow/example_dags/example_short_circuit_decorator.py took 0.071 seconds
[2023-08-07T08:07:47.420+0000] {processor.py:157} INFO - Started process (PID=2372) to work on /home/airflow/.local/lib/python3.7/site-packages/airflow/example_dags/example_short_circuit_decorator.py
[2023-08-07T08:07:47.422+0000] {processor.py:826} INFO - Processing file /home/airflow/.local/lib/python3.7/site-packages/airflow/example_dags/example_short_circuit_decorator.py for tasks to queue
[2023-08-07T08:07:47.423+0000] {logging_mixin.py:150} INFO - [2023-08-07T08:07:47.422+0000] {dagbag.py:541} INFO - Filling up the DagBag from /home/airflow/.local/lib/python3.7/site-packages/airflow/example_dags/example_short_circuit_decorator.py
[2023-08-07T08:07:47.431+0000] {processor.py:836} INFO - DAG(s) dict_keys(['example_short_circuit_decorator']) retrieved from /home/airflow/.local/lib/python3.7/site-packages/airflow/example_dags/example_short_circuit_decorator.py
[2023-08-07T08:07:47.455+0000] {logging_mixin.py:150} INFO - [2023-08-07T08:07:47.455+0000] {dag.py:2742} INFO - Sync 1 DAGs
[2023-08-07T08:07:47.473+0000] {logging_mixin.py:150} INFO - [2023-08-07T08:07:47.473+0000] {dag.py:3508} INFO - Setting next_dagrun for example_short_circuit_decorator to 2023-08-06T08:07:47.472719+00:00, run_after=2023-08-07T08:07:47.472719+00:00
[2023-08-07T08:07:47.486+0000] {processor.py:179} INFO - Processing /home/airflow/.local/lib/python3.7/site-packages/airflow/example_dags/example_short_circuit_decorator.py took 0.069 seconds
[2023-08-07T08:08:17.717+0000] {processor.py:157} INFO - Started process (PID=2614) to work on /home/airflow/.local/lib/python3.7/site-packages/airflow/example_dags/example_short_circuit_decorator.py
[2023-08-07T08:08:17.718+0000] {processor.py:826} INFO - Processing file /home/airflow/.local/lib/python3.7/site-packages/airflow/example_dags/example_short_circuit_decorator.py for tasks to queue
[2023-08-07T08:08:17.719+0000] {logging_mixin.py:150} INFO - [2023-08-07T08:08:17.719+0000] {dagbag.py:541} INFO - Filling up the DagBag from /home/airflow/.local/lib/python3.7/site-packages/airflow/example_dags/example_short_circuit_decorator.py
[2023-08-07T08:08:17.728+0000] {processor.py:836} INFO - DAG(s) dict_keys(['example_short_circuit_decorator']) retrieved from /home/airflow/.local/lib/python3.7/site-packages/airflow/example_dags/example_short_circuit_decorator.py
[2023-08-07T08:08:17.751+0000] {logging_mixin.py:150} INFO - [2023-08-07T08:08:17.751+0000] {dag.py:2742} INFO - Sync 1 DAGs
[2023-08-07T08:08:17.769+0000] {logging_mixin.py:150} INFO - [2023-08-07T08:08:17.769+0000] {dag.py:3508} INFO - Setting next_dagrun for example_short_circuit_decorator to 2023-08-06T08:08:17.769491+00:00, run_after=2023-08-07T08:08:17.769491+00:00
[2023-08-07T08:08:17.783+0000] {processor.py:179} INFO - Processing /home/airflow/.local/lib/python3.7/site-packages/airflow/example_dags/example_short_circuit_decorator.py took 0.070 seconds
[2023-08-07T08:08:48.039+0000] {processor.py:157} INFO - Started process (PID=2856) to work on /home/airflow/.local/lib/python3.7/site-packages/airflow/example_dags/example_short_circuit_decorator.py
[2023-08-07T08:08:48.040+0000] {processor.py:826} INFO - Processing file /home/airflow/.local/lib/python3.7/site-packages/airflow/example_dags/example_short_circuit_decorator.py for tasks to queue
[2023-08-07T08:08:48.041+0000] {logging_mixin.py:150} INFO - [2023-08-07T08:08:48.041+0000] {dagbag.py:541} INFO - Filling up the DagBag from /home/airflow/.local/lib/python3.7/site-packages/airflow/example_dags/example_short_circuit_decorator.py
[2023-08-07T08:08:48.050+0000] {processor.py:836} INFO - DAG(s) dict_keys(['example_short_circuit_decorator']) retrieved from /home/airflow/.local/lib/python3.7/site-packages/airflow/example_dags/example_short_circuit_decorator.py
[2023-08-07T08:08:48.073+0000] {logging_mixin.py:150} INFO - [2023-08-07T08:08:48.073+0000] {dag.py:2742} INFO - Sync 1 DAGs
[2023-08-07T08:08:48.091+0000] {logging_mixin.py:150} INFO - [2023-08-07T08:08:48.091+0000] {dag.py:3508} INFO - Setting next_dagrun for example_short_circuit_decorator to 2023-08-06T08:08:48.091520+00:00, run_after=2023-08-07T08:08:48.091520+00:00
[2023-08-07T08:08:48.105+0000] {processor.py:179} INFO - Processing /home/airflow/.local/lib/python3.7/site-packages/airflow/example_dags/example_short_circuit_decorator.py took 0.070 seconds
