[2023-08-07T08:03:14.687+0000] {processor.py:157} INFO - Started process (PID=203) to work on /home/airflow/.local/lib/python3.7/site-packages/airflow/example_dags/example_dag_decorator.py
[2023-08-07T08:03:14.689+0000] {processor.py:826} INFO - Processing file /home/airflow/.local/lib/python3.7/site-packages/airflow/example_dags/example_dag_decorator.py for tasks to queue
[2023-08-07T08:03:14.690+0000] {logging_mixin.py:150} INFO - [2023-08-07T08:03:14.690+0000] {dagbag.py:541} INFO - Filling up the DagBag from /home/airflow/.local/lib/python3.7/site-packages/airflow/example_dags/example_dag_decorator.py
[2023-08-07T08:03:14.708+0000] {processor.py:836} INFO - DAG(s) dict_keys(['example_dag_decorator']) retrieved from /home/airflow/.local/lib/python3.7/site-packages/airflow/example_dags/example_dag_decorator.py
[2023-08-07T08:03:14.723+0000] {logging_mixin.py:150} INFO - [2023-08-07T08:03:14.723+0000] {dag.py:2742} INFO - Sync 1 DAGs
[2023-08-07T08:03:14.745+0000] {logging_mixin.py:150} INFO - [2023-08-07T08:03:14.745+0000] {dag.py:3508} INFO - Setting next_dagrun for example_dag_decorator to None, run_after=None
[2023-08-07T08:03:14.760+0000] {processor.py:179} INFO - Processing /home/airflow/.local/lib/python3.7/site-packages/airflow/example_dags/example_dag_decorator.py took 0.076 seconds
[2023-08-07T08:03:45.160+0000] {processor.py:157} INFO - Started process (PID=445) to work on /home/airflow/.local/lib/python3.7/site-packages/airflow/example_dags/example_dag_decorator.py
[2023-08-07T08:03:45.161+0000] {processor.py:826} INFO - Processing file /home/airflow/.local/lib/python3.7/site-packages/airflow/example_dags/example_dag_decorator.py for tasks to queue
[2023-08-07T08:03:45.162+0000] {logging_mixin.py:150} INFO - [2023-08-07T08:03:45.162+0000] {dagbag.py:541} INFO - Filling up the DagBag from /home/airflow/.local/lib/python3.7/site-packages/airflow/example_dags/example_dag_decorator.py
[2023-08-07T08:03:45.177+0000] {processor.py:836} INFO - DAG(s) dict_keys(['example_dag_decorator']) retrieved from /home/airflow/.local/lib/python3.7/site-packages/airflow/example_dags/example_dag_decorator.py
[2023-08-07T08:03:45.329+0000] {logging_mixin.py:150} INFO - [2023-08-07T08:03:45.328+0000] {dag.py:2742} INFO - Sync 1 DAGs
[2023-08-07T08:03:45.345+0000] {logging_mixin.py:150} INFO - [2023-08-07T08:03:45.345+0000] {dag.py:3508} INFO - Setting next_dagrun for example_dag_decorator to None, run_after=None
[2023-08-07T08:03:45.360+0000] {processor.py:179} INFO - Processing /home/airflow/.local/lib/python3.7/site-packages/airflow/example_dags/example_dag_decorator.py took 0.204 seconds
[2023-08-07T08:04:15.792+0000] {processor.py:157} INFO - Started process (PID=686) to work on /home/airflow/.local/lib/python3.7/site-packages/airflow/example_dags/example_dag_decorator.py
[2023-08-07T08:04:15.793+0000] {processor.py:826} INFO - Processing file /home/airflow/.local/lib/python3.7/site-packages/airflow/example_dags/example_dag_decorator.py for tasks to queue
[2023-08-07T08:04:15.795+0000] {logging_mixin.py:150} INFO - [2023-08-07T08:04:15.794+0000] {dagbag.py:541} INFO - Filling up the DagBag from /home/airflow/.local/lib/python3.7/site-packages/airflow/example_dags/example_dag_decorator.py
[2023-08-07T08:04:15.809+0000] {processor.py:836} INFO - DAG(s) dict_keys(['example_dag_decorator']) retrieved from /home/airflow/.local/lib/python3.7/site-packages/airflow/example_dags/example_dag_decorator.py
[2023-08-07T08:04:15.911+0000] {logging_mixin.py:150} INFO - [2023-08-07T08:04:15.911+0000] {dag.py:2742} INFO - Sync 1 DAGs
[2023-08-07T08:04:15.932+0000] {logging_mixin.py:150} INFO - [2023-08-07T08:04:15.931+0000] {dag.py:3508} INFO - Setting next_dagrun for example_dag_decorator to None, run_after=None
[2023-08-07T08:04:15.949+0000] {processor.py:179} INFO - Processing /home/airflow/.local/lib/python3.7/site-packages/airflow/example_dags/example_dag_decorator.py took 0.161 seconds
[2023-08-07T08:04:46.132+0000] {processor.py:157} INFO - Started process (PID=928) to work on /home/airflow/.local/lib/python3.7/site-packages/airflow/example_dags/example_dag_decorator.py
[2023-08-07T08:04:46.133+0000] {processor.py:826} INFO - Processing file /home/airflow/.local/lib/python3.7/site-packages/airflow/example_dags/example_dag_decorator.py for tasks to queue
[2023-08-07T08:04:46.134+0000] {logging_mixin.py:150} INFO - [2023-08-07T08:04:46.134+0000] {dagbag.py:541} INFO - Filling up the DagBag from /home/airflow/.local/lib/python3.7/site-packages/airflow/example_dags/example_dag_decorator.py
[2023-08-07T08:04:46.149+0000] {processor.py:836} INFO - DAG(s) dict_keys(['example_dag_decorator']) retrieved from /home/airflow/.local/lib/python3.7/site-packages/airflow/example_dags/example_dag_decorator.py
[2023-08-07T08:04:46.262+0000] {logging_mixin.py:150} INFO - [2023-08-07T08:04:46.262+0000] {dag.py:2742} INFO - Sync 1 DAGs
[2023-08-07T08:04:46.279+0000] {logging_mixin.py:150} INFO - [2023-08-07T08:04:46.279+0000] {dag.py:3508} INFO - Setting next_dagrun for example_dag_decorator to None, run_after=None
[2023-08-07T08:04:46.293+0000] {processor.py:179} INFO - Processing /home/airflow/.local/lib/python3.7/site-packages/airflow/example_dags/example_dag_decorator.py took 0.164 seconds
[2023-08-07T08:05:16.516+0000] {processor.py:157} INFO - Started process (PID=1170) to work on /home/airflow/.local/lib/python3.7/site-packages/airflow/example_dags/example_dag_decorator.py
[2023-08-07T08:05:16.517+0000] {processor.py:826} INFO - Processing file /home/airflow/.local/lib/python3.7/site-packages/airflow/example_dags/example_dag_decorator.py for tasks to queue
[2023-08-07T08:05:16.519+0000] {logging_mixin.py:150} INFO - [2023-08-07T08:05:16.518+0000] {dagbag.py:541} INFO - Filling up the DagBag from /home/airflow/.local/lib/python3.7/site-packages/airflow/example_dags/example_dag_decorator.py
[2023-08-07T08:05:16.532+0000] {processor.py:836} INFO - DAG(s) dict_keys(['example_dag_decorator']) retrieved from /home/airflow/.local/lib/python3.7/site-packages/airflow/example_dags/example_dag_decorator.py
[2023-08-07T08:05:16.632+0000] {logging_mixin.py:150} INFO - [2023-08-07T08:05:16.632+0000] {dag.py:2742} INFO - Sync 1 DAGs
[2023-08-07T08:05:16.649+0000] {logging_mixin.py:150} INFO - [2023-08-07T08:05:16.648+0000] {dag.py:3508} INFO - Setting next_dagrun for example_dag_decorator to None, run_after=None
[2023-08-07T08:05:16.662+0000] {processor.py:179} INFO - Processing /home/airflow/.local/lib/python3.7/site-packages/airflow/example_dags/example_dag_decorator.py took 0.149 seconds
[2023-08-07T08:05:46.897+0000] {processor.py:157} INFO - Started process (PID=1412) to work on /home/airflow/.local/lib/python3.7/site-packages/airflow/example_dags/example_dag_decorator.py
[2023-08-07T08:05:46.899+0000] {processor.py:826} INFO - Processing file /home/airflow/.local/lib/python3.7/site-packages/airflow/example_dags/example_dag_decorator.py for tasks to queue
[2023-08-07T08:05:46.900+0000] {logging_mixin.py:150} INFO - [2023-08-07T08:05:46.899+0000] {dagbag.py:541} INFO - Filling up the DagBag from /home/airflow/.local/lib/python3.7/site-packages/airflow/example_dags/example_dag_decorator.py
[2023-08-07T08:05:46.915+0000] {processor.py:836} INFO - DAG(s) dict_keys(['example_dag_decorator']) retrieved from /home/airflow/.local/lib/python3.7/site-packages/airflow/example_dags/example_dag_decorator.py
[2023-08-07T08:05:47.013+0000] {logging_mixin.py:150} INFO - [2023-08-07T08:05:47.013+0000] {dag.py:2742} INFO - Sync 1 DAGs
[2023-08-07T08:05:47.031+0000] {logging_mixin.py:150} INFO - [2023-08-07T08:05:47.031+0000] {dag.py:3508} INFO - Setting next_dagrun for example_dag_decorator to None, run_after=None
[2023-08-07T08:05:47.046+0000] {processor.py:179} INFO - Processing /home/airflow/.local/lib/python3.7/site-packages/airflow/example_dags/example_dag_decorator.py took 0.153 seconds
[2023-08-07T08:06:17.105+0000] {processor.py:157} INFO - Started process (PID=1668) to work on /home/airflow/.local/lib/python3.7/site-packages/airflow/example_dags/example_dag_decorator.py
[2023-08-07T08:06:17.106+0000] {processor.py:826} INFO - Processing file /home/airflow/.local/lib/python3.7/site-packages/airflow/example_dags/example_dag_decorator.py for tasks to queue
[2023-08-07T08:06:17.108+0000] {logging_mixin.py:150} INFO - [2023-08-07T08:06:17.107+0000] {dagbag.py:541} INFO - Filling up the DagBag from /home/airflow/.local/lib/python3.7/site-packages/airflow/example_dags/example_dag_decorator.py
[2023-08-07T08:06:17.120+0000] {processor.py:836} INFO - DAG(s) dict_keys(['example_dag_decorator']) retrieved from /home/airflow/.local/lib/python3.7/site-packages/airflow/example_dags/example_dag_decorator.py
[2023-08-07T08:06:17.215+0000] {logging_mixin.py:150} INFO - [2023-08-07T08:06:17.215+0000] {dag.py:2742} INFO - Sync 1 DAGs
[2023-08-07T08:06:17.232+0000] {logging_mixin.py:150} INFO - [2023-08-07T08:06:17.232+0000] {dag.py:3508} INFO - Setting next_dagrun for example_dag_decorator to None, run_after=None
[2023-08-07T08:06:17.247+0000] {processor.py:179} INFO - Processing /home/airflow/.local/lib/python3.7/site-packages/airflow/example_dags/example_dag_decorator.py took 0.146 seconds
[2023-08-07T08:06:47.297+0000] {processor.py:157} INFO - Started process (PID=1912) to work on /home/airflow/.local/lib/python3.7/site-packages/airflow/example_dags/example_dag_decorator.py
[2023-08-07T08:06:47.298+0000] {processor.py:826} INFO - Processing file /home/airflow/.local/lib/python3.7/site-packages/airflow/example_dags/example_dag_decorator.py for tasks to queue
[2023-08-07T08:06:47.300+0000] {logging_mixin.py:150} INFO - [2023-08-07T08:06:47.299+0000] {dagbag.py:541} INFO - Filling up the DagBag from /home/airflow/.local/lib/python3.7/site-packages/airflow/example_dags/example_dag_decorator.py
[2023-08-07T08:06:47.315+0000] {processor.py:836} INFO - DAG(s) dict_keys(['example_dag_decorator']) retrieved from /home/airflow/.local/lib/python3.7/site-packages/airflow/example_dags/example_dag_decorator.py
[2023-08-07T08:06:47.414+0000] {logging_mixin.py:150} INFO - [2023-08-07T08:06:47.413+0000] {dag.py:2742} INFO - Sync 1 DAGs
[2023-08-07T08:06:47.430+0000] {logging_mixin.py:150} INFO - [2023-08-07T08:06:47.430+0000] {dag.py:3508} INFO - Setting next_dagrun for example_dag_decorator to None, run_after=None
[2023-08-07T08:06:47.444+0000] {processor.py:179} INFO - Processing /home/airflow/.local/lib/python3.7/site-packages/airflow/example_dags/example_dag_decorator.py took 0.150 seconds
[2023-08-07T08:07:17.529+0000] {processor.py:157} INFO - Started process (PID=2157) to work on /home/airflow/.local/lib/python3.7/site-packages/airflow/example_dags/example_dag_decorator.py
[2023-08-07T08:07:17.531+0000] {processor.py:826} INFO - Processing file /home/airflow/.local/lib/python3.7/site-packages/airflow/example_dags/example_dag_decorator.py for tasks to queue
[2023-08-07T08:07:17.532+0000] {logging_mixin.py:150} INFO - [2023-08-07T08:07:17.532+0000] {dagbag.py:541} INFO - Filling up the DagBag from /home/airflow/.local/lib/python3.7/site-packages/airflow/example_dags/example_dag_decorator.py
[2023-08-07T08:07:17.546+0000] {processor.py:836} INFO - DAG(s) dict_keys(['example_dag_decorator']) retrieved from /home/airflow/.local/lib/python3.7/site-packages/airflow/example_dags/example_dag_decorator.py
[2023-08-07T08:07:17.637+0000] {logging_mixin.py:150} INFO - [2023-08-07T08:07:17.637+0000] {dag.py:2742} INFO - Sync 1 DAGs
[2023-08-07T08:07:17.656+0000] {logging_mixin.py:150} INFO - [2023-08-07T08:07:17.656+0000] {dag.py:3508} INFO - Setting next_dagrun for example_dag_decorator to None, run_after=None
[2023-08-07T08:07:17.670+0000] {processor.py:179} INFO - Processing /home/airflow/.local/lib/python3.7/site-packages/airflow/example_dags/example_dag_decorator.py took 0.144 seconds
[2023-08-07T08:07:47.793+0000] {processor.py:157} INFO - Started process (PID=2402) to work on /home/airflow/.local/lib/python3.7/site-packages/airflow/example_dags/example_dag_decorator.py
[2023-08-07T08:07:47.794+0000] {processor.py:826} INFO - Processing file /home/airflow/.local/lib/python3.7/site-packages/airflow/example_dags/example_dag_decorator.py for tasks to queue
[2023-08-07T08:07:47.795+0000] {logging_mixin.py:150} INFO - [2023-08-07T08:07:47.795+0000] {dagbag.py:541} INFO - Filling up the DagBag from /home/airflow/.local/lib/python3.7/site-packages/airflow/example_dags/example_dag_decorator.py
[2023-08-07T08:07:47.808+0000] {processor.py:836} INFO - DAG(s) dict_keys(['example_dag_decorator']) retrieved from /home/airflow/.local/lib/python3.7/site-packages/airflow/example_dags/example_dag_decorator.py
[2023-08-07T08:07:47.897+0000] {logging_mixin.py:150} INFO - [2023-08-07T08:07:47.896+0000] {dag.py:2742} INFO - Sync 1 DAGs
[2023-08-07T08:07:47.914+0000] {logging_mixin.py:150} INFO - [2023-08-07T08:07:47.914+0000] {dag.py:3508} INFO - Setting next_dagrun for example_dag_decorator to None, run_after=None
[2023-08-07T08:07:47.928+0000] {processor.py:179} INFO - Processing /home/airflow/.local/lib/python3.7/site-packages/airflow/example_dags/example_dag_decorator.py took 0.139 seconds
[2023-08-07T08:08:18.098+0000] {processor.py:157} INFO - Started process (PID=2644) to work on /home/airflow/.local/lib/python3.7/site-packages/airflow/example_dags/example_dag_decorator.py
[2023-08-07T08:08:18.099+0000] {processor.py:826} INFO - Processing file /home/airflow/.local/lib/python3.7/site-packages/airflow/example_dags/example_dag_decorator.py for tasks to queue
[2023-08-07T08:08:18.100+0000] {logging_mixin.py:150} INFO - [2023-08-07T08:08:18.100+0000] {dagbag.py:541} INFO - Filling up the DagBag from /home/airflow/.local/lib/python3.7/site-packages/airflow/example_dags/example_dag_decorator.py
[2023-08-07T08:08:18.114+0000] {processor.py:836} INFO - DAG(s) dict_keys(['example_dag_decorator']) retrieved from /home/airflow/.local/lib/python3.7/site-packages/airflow/example_dags/example_dag_decorator.py
[2023-08-07T08:08:18.222+0000] {logging_mixin.py:150} INFO - [2023-08-07T08:08:18.222+0000] {dag.py:2742} INFO - Sync 1 DAGs
[2023-08-07T08:08:18.239+0000] {logging_mixin.py:150} INFO - [2023-08-07T08:08:18.239+0000] {dag.py:3508} INFO - Setting next_dagrun for example_dag_decorator to None, run_after=None
[2023-08-07T08:08:18.255+0000] {processor.py:179} INFO - Processing /home/airflow/.local/lib/python3.7/site-packages/airflow/example_dags/example_dag_decorator.py took 0.160 seconds
[2023-08-07T08:08:48.420+0000] {processor.py:157} INFO - Started process (PID=2886) to work on /home/airflow/.local/lib/python3.7/site-packages/airflow/example_dags/example_dag_decorator.py
[2023-08-07T08:08:48.421+0000] {processor.py:826} INFO - Processing file /home/airflow/.local/lib/python3.7/site-packages/airflow/example_dags/example_dag_decorator.py for tasks to queue
[2023-08-07T08:08:48.422+0000] {logging_mixin.py:150} INFO - [2023-08-07T08:08:48.422+0000] {dagbag.py:541} INFO - Filling up the DagBag from /home/airflow/.local/lib/python3.7/site-packages/airflow/example_dags/example_dag_decorator.py
[2023-08-07T08:08:48.435+0000] {processor.py:836} INFO - DAG(s) dict_keys(['example_dag_decorator']) retrieved from /home/airflow/.local/lib/python3.7/site-packages/airflow/example_dags/example_dag_decorator.py
[2023-08-07T08:08:48.523+0000] {logging_mixin.py:150} INFO - [2023-08-07T08:08:48.522+0000] {dag.py:2742} INFO - Sync 1 DAGs
[2023-08-07T08:08:48.539+0000] {logging_mixin.py:150} INFO - [2023-08-07T08:08:48.539+0000] {dag.py:3508} INFO - Setting next_dagrun for example_dag_decorator to None, run_after=None
[2023-08-07T08:08:48.552+0000] {processor.py:179} INFO - Processing /home/airflow/.local/lib/python3.7/site-packages/airflow/example_dags/example_dag_decorator.py took 0.135 seconds
