[2023-08-07T08:03:15.684+0000] {processor.py:157} INFO - Started process (PID=281) to work on /home/airflow/.local/lib/python3.7/site-packages/airflow/example_dags/example_python_operator.py
[2023-08-07T08:03:15.685+0000] {processor.py:826} INFO - Processing file /home/airflow/.local/lib/python3.7/site-packages/airflow/example_dags/example_python_operator.py for tasks to queue
[2023-08-07T08:03:15.686+0000] {logging_mixin.py:150} INFO - [2023-08-07T08:03:15.685+0000] {dagbag.py:541} INFO - Filling up the DagBag from /home/airflow/.local/lib/python3.7/site-packages/airflow/example_dags/example_python_operator.py
[2023-08-07T08:03:15.698+0000] {processor.py:836} INFO - DAG(s) dict_keys(['example_python_operator']) retrieved from /home/airflow/.local/lib/python3.7/site-packages/airflow/example_dags/example_python_operator.py
[2023-08-07T08:03:15.713+0000] {logging_mixin.py:150} INFO - [2023-08-07T08:03:15.713+0000] {dag.py:2742} INFO - Sync 1 DAGs
[2023-08-07T08:03:15.732+0000] {logging_mixin.py:150} INFO - [2023-08-07T08:03:15.732+0000] {dag.py:3508} INFO - Setting next_dagrun for example_python_operator to None, run_after=None
[2023-08-07T08:03:15.746+0000] {processor.py:179} INFO - Processing /home/airflow/.local/lib/python3.7/site-packages/airflow/example_dags/example_python_operator.py took 0.065 seconds
[2023-08-07T08:03:46.298+0000] {processor.py:157} INFO - Started process (PID=523) to work on /home/airflow/.local/lib/python3.7/site-packages/airflow/example_dags/example_python_operator.py
[2023-08-07T08:03:46.299+0000] {processor.py:826} INFO - Processing file /home/airflow/.local/lib/python3.7/site-packages/airflow/example_dags/example_python_operator.py for tasks to queue
[2023-08-07T08:03:46.300+0000] {logging_mixin.py:150} INFO - [2023-08-07T08:03:46.300+0000] {dagbag.py:541} INFO - Filling up the DagBag from /home/airflow/.local/lib/python3.7/site-packages/airflow/example_dags/example_python_operator.py
[2023-08-07T08:03:46.308+0000] {processor.py:836} INFO - DAG(s) dict_keys(['example_python_operator']) retrieved from /home/airflow/.local/lib/python3.7/site-packages/airflow/example_dags/example_python_operator.py
[2023-08-07T08:03:46.401+0000] {logging_mixin.py:150} INFO - [2023-08-07T08:03:46.401+0000] {dag.py:2742} INFO - Sync 1 DAGs
[2023-08-07T08:03:46.418+0000] {logging_mixin.py:150} INFO - [2023-08-07T08:03:46.418+0000] {dag.py:3508} INFO - Setting next_dagrun for example_python_operator to None, run_after=None
[2023-08-07T08:03:46.432+0000] {processor.py:179} INFO - Processing /home/airflow/.local/lib/python3.7/site-packages/airflow/example_dags/example_python_operator.py took 0.138 seconds
[2023-08-07T08:04:16.826+0000] {processor.py:157} INFO - Started process (PID=766) to work on /home/airflow/.local/lib/python3.7/site-packages/airflow/example_dags/example_python_operator.py
[2023-08-07T08:04:16.827+0000] {processor.py:826} INFO - Processing file /home/airflow/.local/lib/python3.7/site-packages/airflow/example_dags/example_python_operator.py for tasks to queue
[2023-08-07T08:04:16.828+0000] {logging_mixin.py:150} INFO - [2023-08-07T08:04:16.827+0000] {dagbag.py:541} INFO - Filling up the DagBag from /home/airflow/.local/lib/python3.7/site-packages/airflow/example_dags/example_python_operator.py
[2023-08-07T08:04:16.836+0000] {processor.py:836} INFO - DAG(s) dict_keys(['example_python_operator']) retrieved from /home/airflow/.local/lib/python3.7/site-packages/airflow/example_dags/example_python_operator.py
[2023-08-07T08:04:16.860+0000] {logging_mixin.py:150} INFO - [2023-08-07T08:04:16.860+0000] {dag.py:2742} INFO - Sync 1 DAGs
[2023-08-07T08:04:16.878+0000] {logging_mixin.py:150} INFO - [2023-08-07T08:04:16.878+0000] {dag.py:3508} INFO - Setting next_dagrun for example_python_operator to None, run_after=None
[2023-08-07T08:04:16.892+0000] {processor.py:179} INFO - Processing /home/airflow/.local/lib/python3.7/site-packages/airflow/example_dags/example_python_operator.py took 0.069 seconds
[2023-08-07T08:04:47.157+0000] {processor.py:157} INFO - Started process (PID=1010) to work on /home/airflow/.local/lib/python3.7/site-packages/airflow/example_dags/example_python_operator.py
[2023-08-07T08:04:47.158+0000] {processor.py:826} INFO - Processing file /home/airflow/.local/lib/python3.7/site-packages/airflow/example_dags/example_python_operator.py for tasks to queue
[2023-08-07T08:04:47.159+0000] {logging_mixin.py:150} INFO - [2023-08-07T08:04:47.159+0000] {dagbag.py:541} INFO - Filling up the DagBag from /home/airflow/.local/lib/python3.7/site-packages/airflow/example_dags/example_python_operator.py
[2023-08-07T08:04:47.168+0000] {processor.py:836} INFO - DAG(s) dict_keys(['example_python_operator']) retrieved from /home/airflow/.local/lib/python3.7/site-packages/airflow/example_dags/example_python_operator.py
[2023-08-07T08:04:47.194+0000] {logging_mixin.py:150} INFO - [2023-08-07T08:04:47.194+0000] {dag.py:2742} INFO - Sync 1 DAGs
[2023-08-07T08:04:47.213+0000] {logging_mixin.py:150} INFO - [2023-08-07T08:04:47.213+0000] {dag.py:3508} INFO - Setting next_dagrun for example_python_operator to None, run_after=None
[2023-08-07T08:04:47.227+0000] {processor.py:179} INFO - Processing /home/airflow/.local/lib/python3.7/site-packages/airflow/example_dags/example_python_operator.py took 0.074 seconds
[2023-08-07T08:05:17.505+0000] {processor.py:157} INFO - Started process (PID=1252) to work on /home/airflow/.local/lib/python3.7/site-packages/airflow/example_dags/example_python_operator.py
[2023-08-07T08:05:17.507+0000] {processor.py:826} INFO - Processing file /home/airflow/.local/lib/python3.7/site-packages/airflow/example_dags/example_python_operator.py for tasks to queue
[2023-08-07T08:05:17.508+0000] {logging_mixin.py:150} INFO - [2023-08-07T08:05:17.507+0000] {dagbag.py:541} INFO - Filling up the DagBag from /home/airflow/.local/lib/python3.7/site-packages/airflow/example_dags/example_python_operator.py
[2023-08-07T08:05:17.516+0000] {processor.py:836} INFO - DAG(s) dict_keys(['example_python_operator']) retrieved from /home/airflow/.local/lib/python3.7/site-packages/airflow/example_dags/example_python_operator.py
[2023-08-07T08:05:17.542+0000] {logging_mixin.py:150} INFO - [2023-08-07T08:05:17.542+0000] {dag.py:2742} INFO - Sync 1 DAGs
[2023-08-07T08:05:17.561+0000] {logging_mixin.py:150} INFO - [2023-08-07T08:05:17.561+0000] {dag.py:3508} INFO - Setting next_dagrun for example_python_operator to None, run_after=None
[2023-08-07T08:05:17.574+0000] {processor.py:179} INFO - Processing /home/airflow/.local/lib/python3.7/site-packages/airflow/example_dags/example_python_operator.py took 0.072 seconds
[2023-08-07T08:05:47.941+0000] {processor.py:157} INFO - Started process (PID=1494) to work on /home/airflow/.local/lib/python3.7/site-packages/airflow/example_dags/example_python_operator.py
[2023-08-07T08:05:47.942+0000] {processor.py:826} INFO - Processing file /home/airflow/.local/lib/python3.7/site-packages/airflow/example_dags/example_python_operator.py for tasks to queue
[2023-08-07T08:05:47.944+0000] {logging_mixin.py:150} INFO - [2023-08-07T08:05:47.943+0000] {dagbag.py:541} INFO - Filling up the DagBag from /home/airflow/.local/lib/python3.7/site-packages/airflow/example_dags/example_python_operator.py
[2023-08-07T08:05:47.953+0000] {processor.py:836} INFO - DAG(s) dict_keys(['example_python_operator']) retrieved from /home/airflow/.local/lib/python3.7/site-packages/airflow/example_dags/example_python_operator.py
[2023-08-07T08:05:47.979+0000] {logging_mixin.py:150} INFO - [2023-08-07T08:05:47.979+0000] {dag.py:2742} INFO - Sync 1 DAGs
[2023-08-07T08:05:47.998+0000] {logging_mixin.py:150} INFO - [2023-08-07T08:05:47.998+0000] {dag.py:3508} INFO - Setting next_dagrun for example_python_operator to None, run_after=None
[2023-08-07T08:05:48.013+0000] {processor.py:179} INFO - Processing /home/airflow/.local/lib/python3.7/site-packages/airflow/example_dags/example_python_operator.py took 0.075 seconds
[2023-08-07T08:06:18.130+0000] {processor.py:157} INFO - Started process (PID=1750) to work on /home/airflow/.local/lib/python3.7/site-packages/airflow/example_dags/example_python_operator.py
[2023-08-07T08:06:18.132+0000] {processor.py:826} INFO - Processing file /home/airflow/.local/lib/python3.7/site-packages/airflow/example_dags/example_python_operator.py for tasks to queue
[2023-08-07T08:06:18.134+0000] {logging_mixin.py:150} INFO - [2023-08-07T08:06:18.134+0000] {dagbag.py:541} INFO - Filling up the DagBag from /home/airflow/.local/lib/python3.7/site-packages/airflow/example_dags/example_python_operator.py
[2023-08-07T08:06:18.143+0000] {processor.py:836} INFO - DAG(s) dict_keys(['example_python_operator']) retrieved from /home/airflow/.local/lib/python3.7/site-packages/airflow/example_dags/example_python_operator.py
[2023-08-07T08:06:18.168+0000] {logging_mixin.py:150} INFO - [2023-08-07T08:06:18.168+0000] {dag.py:2742} INFO - Sync 1 DAGs
[2023-08-07T08:06:18.187+0000] {logging_mixin.py:150} INFO - [2023-08-07T08:06:18.187+0000] {dag.py:3508} INFO - Setting next_dagrun for example_python_operator to None, run_after=None
[2023-08-07T08:06:18.203+0000] {processor.py:179} INFO - Processing /home/airflow/.local/lib/python3.7/site-packages/airflow/example_dags/example_python_operator.py took 0.076 seconds
[2023-08-07T08:06:49.220+0000] {processor.py:157} INFO - Started process (PID=1992) to work on /home/airflow/.local/lib/python3.7/site-packages/airflow/example_dags/example_python_operator.py
[2023-08-07T08:06:49.222+0000] {processor.py:826} INFO - Processing file /home/airflow/.local/lib/python3.7/site-packages/airflow/example_dags/example_python_operator.py for tasks to queue
[2023-08-07T08:06:49.223+0000] {logging_mixin.py:150} INFO - [2023-08-07T08:06:49.223+0000] {dagbag.py:541} INFO - Filling up the DagBag from /home/airflow/.local/lib/python3.7/site-packages/airflow/example_dags/example_python_operator.py
[2023-08-07T08:06:49.233+0000] {processor.py:836} INFO - DAG(s) dict_keys(['example_python_operator']) retrieved from /home/airflow/.local/lib/python3.7/site-packages/airflow/example_dags/example_python_operator.py
[2023-08-07T08:06:49.260+0000] {logging_mixin.py:150} INFO - [2023-08-07T08:06:49.259+0000] {dag.py:2742} INFO - Sync 1 DAGs
[2023-08-07T08:06:49.280+0000] {logging_mixin.py:150} INFO - [2023-08-07T08:06:49.280+0000] {dag.py:3508} INFO - Setting next_dagrun for example_python_operator to None, run_after=None
[2023-08-07T08:06:49.294+0000] {processor.py:179} INFO - Processing /home/airflow/.local/lib/python3.7/site-packages/airflow/example_dags/example_python_operator.py took 0.077 seconds
[2023-08-07T08:07:19.448+0000] {processor.py:157} INFO - Started process (PID=2234) to work on /home/airflow/.local/lib/python3.7/site-packages/airflow/example_dags/example_python_operator.py
[2023-08-07T08:07:19.449+0000] {processor.py:826} INFO - Processing file /home/airflow/.local/lib/python3.7/site-packages/airflow/example_dags/example_python_operator.py for tasks to queue
[2023-08-07T08:07:19.451+0000] {logging_mixin.py:150} INFO - [2023-08-07T08:07:19.450+0000] {dagbag.py:541} INFO - Filling up the DagBag from /home/airflow/.local/lib/python3.7/site-packages/airflow/example_dags/example_python_operator.py
[2023-08-07T08:07:19.459+0000] {processor.py:836} INFO - DAG(s) dict_keys(['example_python_operator']) retrieved from /home/airflow/.local/lib/python3.7/site-packages/airflow/example_dags/example_python_operator.py
[2023-08-07T08:07:19.483+0000] {logging_mixin.py:150} INFO - [2023-08-07T08:07:19.483+0000] {dag.py:2742} INFO - Sync 1 DAGs
[2023-08-07T08:07:19.503+0000] {logging_mixin.py:150} INFO - [2023-08-07T08:07:19.502+0000] {dag.py:3508} INFO - Setting next_dagrun for example_python_operator to None, run_after=None
[2023-08-07T08:07:19.516+0000] {processor.py:179} INFO - Processing /home/airflow/.local/lib/python3.7/site-packages/airflow/example_dags/example_python_operator.py took 0.071 seconds
[2023-08-07T08:07:49.648+0000] {processor.py:157} INFO - Started process (PID=2477) to work on /home/airflow/.local/lib/python3.7/site-packages/airflow/example_dags/example_python_operator.py
[2023-08-07T08:07:49.650+0000] {processor.py:826} INFO - Processing file /home/airflow/.local/lib/python3.7/site-packages/airflow/example_dags/example_python_operator.py for tasks to queue
[2023-08-07T08:07:49.651+0000] {logging_mixin.py:150} INFO - [2023-08-07T08:07:49.651+0000] {dagbag.py:541} INFO - Filling up the DagBag from /home/airflow/.local/lib/python3.7/site-packages/airflow/example_dags/example_python_operator.py
[2023-08-07T08:07:49.660+0000] {processor.py:836} INFO - DAG(s) dict_keys(['example_python_operator']) retrieved from /home/airflow/.local/lib/python3.7/site-packages/airflow/example_dags/example_python_operator.py
[2023-08-07T08:07:49.685+0000] {logging_mixin.py:150} INFO - [2023-08-07T08:07:49.685+0000] {dag.py:2742} INFO - Sync 1 DAGs
[2023-08-07T08:07:49.704+0000] {logging_mixin.py:150} INFO - [2023-08-07T08:07:49.704+0000] {dag.py:3508} INFO - Setting next_dagrun for example_python_operator to None, run_after=None
[2023-08-07T08:07:49.717+0000] {processor.py:179} INFO - Processing /home/airflow/.local/lib/python3.7/site-packages/airflow/example_dags/example_python_operator.py took 0.072 seconds
[2023-08-07T08:08:19.944+0000] {processor.py:157} INFO - Started process (PID=2719) to work on /home/airflow/.local/lib/python3.7/site-packages/airflow/example_dags/example_python_operator.py
[2023-08-07T08:08:19.945+0000] {processor.py:826} INFO - Processing file /home/airflow/.local/lib/python3.7/site-packages/airflow/example_dags/example_python_operator.py for tasks to queue
[2023-08-07T08:08:19.946+0000] {logging_mixin.py:150} INFO - [2023-08-07T08:08:19.946+0000] {dagbag.py:541} INFO - Filling up the DagBag from /home/airflow/.local/lib/python3.7/site-packages/airflow/example_dags/example_python_operator.py
[2023-08-07T08:08:19.955+0000] {processor.py:836} INFO - DAG(s) dict_keys(['example_python_operator']) retrieved from /home/airflow/.local/lib/python3.7/site-packages/airflow/example_dags/example_python_operator.py
[2023-08-07T08:08:19.978+0000] {logging_mixin.py:150} INFO - [2023-08-07T08:08:19.978+0000] {dag.py:2742} INFO - Sync 1 DAGs
[2023-08-07T08:08:19.998+0000] {logging_mixin.py:150} INFO - [2023-08-07T08:08:19.998+0000] {dag.py:3508} INFO - Setting next_dagrun for example_python_operator to None, run_after=None
[2023-08-07T08:08:20.012+0000] {processor.py:179} INFO - Processing /home/airflow/.local/lib/python3.7/site-packages/airflow/example_dags/example_python_operator.py took 0.071 seconds
[2023-08-07T08:08:50.203+0000] {processor.py:157} INFO - Started process (PID=2961) to work on /home/airflow/.local/lib/python3.7/site-packages/airflow/example_dags/example_python_operator.py
[2023-08-07T08:08:50.205+0000] {processor.py:826} INFO - Processing file /home/airflow/.local/lib/python3.7/site-packages/airflow/example_dags/example_python_operator.py for tasks to queue
[2023-08-07T08:08:50.206+0000] {logging_mixin.py:150} INFO - [2023-08-07T08:08:50.205+0000] {dagbag.py:541} INFO - Filling up the DagBag from /home/airflow/.local/lib/python3.7/site-packages/airflow/example_dags/example_python_operator.py
[2023-08-07T08:08:50.215+0000] {processor.py:836} INFO - DAG(s) dict_keys(['example_python_operator']) retrieved from /home/airflow/.local/lib/python3.7/site-packages/airflow/example_dags/example_python_operator.py
[2023-08-07T08:08:50.239+0000] {logging_mixin.py:150} INFO - [2023-08-07T08:08:50.239+0000] {dag.py:2742} INFO - Sync 1 DAGs
[2023-08-07T08:08:50.259+0000] {logging_mixin.py:150} INFO - [2023-08-07T08:08:50.259+0000] {dag.py:3508} INFO - Setting next_dagrun for example_python_operator to None, run_after=None
[2023-08-07T08:08:50.276+0000] {processor.py:179} INFO - Processing /home/airflow/.local/lib/python3.7/site-packages/airflow/example_dags/example_python_operator.py took 0.075 seconds
