[2023-08-07T08:03:14.797+0000] {processor.py:157} INFO - Started process (PID=211) to work on /home/airflow/.local/lib/python3.7/site-packages/airflow/example_dags/example_sla_dag.py
[2023-08-07T08:03:14.798+0000] {processor.py:826} INFO - Processing file /home/airflow/.local/lib/python3.7/site-packages/airflow/example_dags/example_sla_dag.py for tasks to queue
[2023-08-07T08:03:14.800+0000] {logging_mixin.py:150} INFO - [2023-08-07T08:03:14.799+0000] {dagbag.py:541} INFO - Filling up the DagBag from /home/airflow/.local/lib/python3.7/site-packages/airflow/example_dags/example_sla_dag.py
[2023-08-07T08:03:14.811+0000] {processor.py:836} INFO - DAG(s) dict_keys(['example_sla_dag']) retrieved from /home/airflow/.local/lib/python3.7/site-packages/airflow/example_dags/example_sla_dag.py
[2023-08-07T08:03:14.824+0000] {logging_mixin.py:150} INFO - [2023-08-07T08:03:14.824+0000] {dag.py:2742} INFO - Sync 1 DAGs
[2023-08-07T08:03:14.850+0000] {logging_mixin.py:150} INFO - [2023-08-07T08:03:14.849+0000] {dag.py:3508} INFO - Setting next_dagrun for example_sla_dag to 2023-08-07T08:00:00+00:00, run_after=2023-08-07T08:02:00+00:00
[2023-08-07T08:03:14.864+0000] {processor.py:179} INFO - Processing /home/airflow/.local/lib/python3.7/site-packages/airflow/example_dags/example_sla_dag.py took 0.071 seconds
[2023-08-07T08:03:45.393+0000] {processor.py:157} INFO - Started process (PID=453) to work on /home/airflow/.local/lib/python3.7/site-packages/airflow/example_dags/example_sla_dag.py
[2023-08-07T08:03:45.394+0000] {processor.py:826} INFO - Processing file /home/airflow/.local/lib/python3.7/site-packages/airflow/example_dags/example_sla_dag.py for tasks to queue
[2023-08-07T08:03:45.395+0000] {logging_mixin.py:150} INFO - [2023-08-07T08:03:45.395+0000] {dagbag.py:541} INFO - Filling up the DagBag from /home/airflow/.local/lib/python3.7/site-packages/airflow/example_dags/example_sla_dag.py
[2023-08-07T08:03:45.402+0000] {processor.py:836} INFO - DAG(s) dict_keys(['example_sla_dag']) retrieved from /home/airflow/.local/lib/python3.7/site-packages/airflow/example_dags/example_sla_dag.py
[2023-08-07T08:03:45.425+0000] {logging_mixin.py:150} INFO - [2023-08-07T08:03:45.425+0000] {dag.py:2742} INFO - Sync 1 DAGs
[2023-08-07T08:03:45.447+0000] {logging_mixin.py:150} INFO - [2023-08-07T08:03:45.447+0000] {dag.py:3508} INFO - Setting next_dagrun for example_sla_dag to 2023-08-07T08:00:00+00:00, run_after=2023-08-07T08:02:00+00:00
[2023-08-07T08:03:45.461+0000] {processor.py:179} INFO - Processing /home/airflow/.local/lib/python3.7/site-packages/airflow/example_dags/example_sla_dag.py took 0.071 seconds
[2023-08-07T08:04:15.981+0000] {processor.py:157} INFO - Started process (PID=698) to work on /home/airflow/.local/lib/python3.7/site-packages/airflow/example_dags/example_sla_dag.py
[2023-08-07T08:04:15.982+0000] {processor.py:826} INFO - Processing file /home/airflow/.local/lib/python3.7/site-packages/airflow/example_dags/example_sla_dag.py for tasks to queue
[2023-08-07T08:04:15.983+0000] {logging_mixin.py:150} INFO - [2023-08-07T08:04:15.983+0000] {dagbag.py:541} INFO - Filling up the DagBag from /home/airflow/.local/lib/python3.7/site-packages/airflow/example_dags/example_sla_dag.py
[2023-08-07T08:04:15.991+0000] {processor.py:836} INFO - DAG(s) dict_keys(['example_sla_dag']) retrieved from /home/airflow/.local/lib/python3.7/site-packages/airflow/example_dags/example_sla_dag.py
[2023-08-07T08:04:16.014+0000] {logging_mixin.py:150} INFO - [2023-08-07T08:04:16.014+0000] {dag.py:2742} INFO - Sync 1 DAGs
[2023-08-07T08:04:16.035+0000] {logging_mixin.py:150} INFO - [2023-08-07T08:04:16.035+0000] {dag.py:3508} INFO - Setting next_dagrun for example_sla_dag to 2023-08-07T08:02:00+00:00, run_after=2023-08-07T08:04:00+00:00
[2023-08-07T08:04:16.048+0000] {processor.py:179} INFO - Processing /home/airflow/.local/lib/python3.7/site-packages/airflow/example_dags/example_sla_dag.py took 0.071 seconds
[2023-08-07T08:04:46.322+0000] {processor.py:157} INFO - Started process (PID=938) to work on /home/airflow/.local/lib/python3.7/site-packages/airflow/example_dags/example_sla_dag.py
[2023-08-07T08:04:46.324+0000] {processor.py:826} INFO - Processing file /home/airflow/.local/lib/python3.7/site-packages/airflow/example_dags/example_sla_dag.py for tasks to queue
[2023-08-07T08:04:46.325+0000] {logging_mixin.py:150} INFO - [2023-08-07T08:04:46.325+0000] {dagbag.py:541} INFO - Filling up the DagBag from /home/airflow/.local/lib/python3.7/site-packages/airflow/example_dags/example_sla_dag.py
[2023-08-07T08:04:46.333+0000] {processor.py:836} INFO - DAG(s) dict_keys(['example_sla_dag']) retrieved from /home/airflow/.local/lib/python3.7/site-packages/airflow/example_dags/example_sla_dag.py
[2023-08-07T08:04:46.356+0000] {logging_mixin.py:150} INFO - [2023-08-07T08:04:46.356+0000] {dag.py:2742} INFO - Sync 1 DAGs
[2023-08-07T08:04:46.377+0000] {logging_mixin.py:150} INFO - [2023-08-07T08:04:46.377+0000] {dag.py:3508} INFO - Setting next_dagrun for example_sla_dag to 2023-08-07T08:02:00+00:00, run_after=2023-08-07T08:04:00+00:00
[2023-08-07T08:04:46.390+0000] {processor.py:179} INFO - Processing /home/airflow/.local/lib/python3.7/site-packages/airflow/example_dags/example_sla_dag.py took 0.072 seconds
[2023-08-07T08:05:16.693+0000] {processor.py:157} INFO - Started process (PID=1180) to work on /home/airflow/.local/lib/python3.7/site-packages/airflow/example_dags/example_sla_dag.py
[2023-08-07T08:05:16.694+0000] {processor.py:826} INFO - Processing file /home/airflow/.local/lib/python3.7/site-packages/airflow/example_dags/example_sla_dag.py for tasks to queue
[2023-08-07T08:05:16.695+0000] {logging_mixin.py:150} INFO - [2023-08-07T08:05:16.695+0000] {dagbag.py:541} INFO - Filling up the DagBag from /home/airflow/.local/lib/python3.7/site-packages/airflow/example_dags/example_sla_dag.py
[2023-08-07T08:05:16.703+0000] {processor.py:836} INFO - DAG(s) dict_keys(['example_sla_dag']) retrieved from /home/airflow/.local/lib/python3.7/site-packages/airflow/example_dags/example_sla_dag.py
[2023-08-07T08:05:16.726+0000] {logging_mixin.py:150} INFO - [2023-08-07T08:05:16.726+0000] {dag.py:2742} INFO - Sync 1 DAGs
[2023-08-07T08:05:16.748+0000] {logging_mixin.py:150} INFO - [2023-08-07T08:05:16.748+0000] {dag.py:3508} INFO - Setting next_dagrun for example_sla_dag to 2023-08-07T08:02:00+00:00, run_after=2023-08-07T08:04:00+00:00
[2023-08-07T08:05:16.762+0000] {processor.py:179} INFO - Processing /home/airflow/.local/lib/python3.7/site-packages/airflow/example_dags/example_sla_dag.py took 0.072 seconds
[2023-08-07T08:05:47.079+0000] {processor.py:157} INFO - Started process (PID=1422) to work on /home/airflow/.local/lib/python3.7/site-packages/airflow/example_dags/example_sla_dag.py
[2023-08-07T08:05:47.081+0000] {processor.py:826} INFO - Processing file /home/airflow/.local/lib/python3.7/site-packages/airflow/example_dags/example_sla_dag.py for tasks to queue
[2023-08-07T08:05:47.082+0000] {logging_mixin.py:150} INFO - [2023-08-07T08:05:47.081+0000] {dagbag.py:541} INFO - Filling up the DagBag from /home/airflow/.local/lib/python3.7/site-packages/airflow/example_dags/example_sla_dag.py
[2023-08-07T08:05:47.090+0000] {processor.py:836} INFO - DAG(s) dict_keys(['example_sla_dag']) retrieved from /home/airflow/.local/lib/python3.7/site-packages/airflow/example_dags/example_sla_dag.py
[2023-08-07T08:05:47.113+0000] {logging_mixin.py:150} INFO - [2023-08-07T08:05:47.113+0000] {dag.py:2742} INFO - Sync 1 DAGs
[2023-08-07T08:05:47.134+0000] {logging_mixin.py:150} INFO - [2023-08-07T08:05:47.134+0000] {dag.py:3508} INFO - Setting next_dagrun for example_sla_dag to 2023-08-07T08:02:00+00:00, run_after=2023-08-07T08:04:00+00:00
[2023-08-07T08:05:47.149+0000] {processor.py:179} INFO - Processing /home/airflow/.local/lib/python3.7/site-packages/airflow/example_dags/example_sla_dag.py took 0.073 seconds
[2023-08-07T08:06:17.277+0000] {processor.py:157} INFO - Started process (PID=1680) to work on /home/airflow/.local/lib/python3.7/site-packages/airflow/example_dags/example_sla_dag.py
[2023-08-07T08:06:17.279+0000] {processor.py:826} INFO - Processing file /home/airflow/.local/lib/python3.7/site-packages/airflow/example_dags/example_sla_dag.py for tasks to queue
[2023-08-07T08:06:17.280+0000] {logging_mixin.py:150} INFO - [2023-08-07T08:06:17.280+0000] {dagbag.py:541} INFO - Filling up the DagBag from /home/airflow/.local/lib/python3.7/site-packages/airflow/example_dags/example_sla_dag.py
[2023-08-07T08:06:17.288+0000] {processor.py:836} INFO - DAG(s) dict_keys(['example_sla_dag']) retrieved from /home/airflow/.local/lib/python3.7/site-packages/airflow/example_dags/example_sla_dag.py
[2023-08-07T08:06:17.311+0000] {logging_mixin.py:150} INFO - [2023-08-07T08:06:17.311+0000] {dag.py:2742} INFO - Sync 1 DAGs
[2023-08-07T08:06:17.333+0000] {logging_mixin.py:150} INFO - [2023-08-07T08:06:17.332+0000] {dag.py:3508} INFO - Setting next_dagrun for example_sla_dag to 2023-08-07T08:04:00+00:00, run_after=2023-08-07T08:06:00+00:00
[2023-08-07T08:06:17.346+0000] {processor.py:179} INFO - Processing /home/airflow/.local/lib/python3.7/site-packages/airflow/example_dags/example_sla_dag.py took 0.071 seconds
[2023-08-07T08:06:47.411+0000] {processor.py:157} INFO - Started process (PID=1920) to work on /home/airflow/.local/lib/python3.7/site-packages/airflow/example_dags/example_sla_dag.py
[2023-08-07T08:06:47.412+0000] {processor.py:826} INFO - Processing file /home/airflow/.local/lib/python3.7/site-packages/airflow/example_dags/example_sla_dag.py for tasks to queue
[2023-08-07T08:06:47.414+0000] {logging_mixin.py:150} INFO - [2023-08-07T08:06:47.413+0000] {dagbag.py:541} INFO - Filling up the DagBag from /home/airflow/.local/lib/python3.7/site-packages/airflow/example_dags/example_sla_dag.py
[2023-08-07T08:06:47.422+0000] {processor.py:836} INFO - DAG(s) dict_keys(['example_sla_dag']) retrieved from /home/airflow/.local/lib/python3.7/site-packages/airflow/example_dags/example_sla_dag.py
[2023-08-07T08:06:47.444+0000] {logging_mixin.py:150} INFO - [2023-08-07T08:06:47.444+0000] {dag.py:2742} INFO - Sync 1 DAGs
[2023-08-07T08:06:47.466+0000] {logging_mixin.py:150} INFO - [2023-08-07T08:06:47.466+0000] {dag.py:3508} INFO - Setting next_dagrun for example_sla_dag to 2023-08-07T08:04:00+00:00, run_after=2023-08-07T08:06:00+00:00
[2023-08-07T08:06:47.480+0000] {processor.py:179} INFO - Processing /home/airflow/.local/lib/python3.7/site-packages/airflow/example_dags/example_sla_dag.py took 0.073 seconds
[2023-08-07T08:07:17.550+0000] {processor.py:157} INFO - Started process (PID=2162) to work on /home/airflow/.local/lib/python3.7/site-packages/airflow/example_dags/example_sla_dag.py
[2023-08-07T08:07:17.551+0000] {processor.py:826} INFO - Processing file /home/airflow/.local/lib/python3.7/site-packages/airflow/example_dags/example_sla_dag.py for tasks to queue
[2023-08-07T08:07:17.552+0000] {logging_mixin.py:150} INFO - [2023-08-07T08:07:17.552+0000] {dagbag.py:541} INFO - Filling up the DagBag from /home/airflow/.local/lib/python3.7/site-packages/airflow/example_dags/example_sla_dag.py
[2023-08-07T08:07:17.559+0000] {processor.py:836} INFO - DAG(s) dict_keys(['example_sla_dag']) retrieved from /home/airflow/.local/lib/python3.7/site-packages/airflow/example_dags/example_sla_dag.py
[2023-08-07T08:07:17.582+0000] {logging_mixin.py:150} INFO - [2023-08-07T08:07:17.582+0000] {dag.py:2742} INFO - Sync 1 DAGs
[2023-08-07T08:07:17.604+0000] {logging_mixin.py:150} INFO - [2023-08-07T08:07:17.604+0000] {dag.py:3508} INFO - Setting next_dagrun for example_sla_dag to 2023-08-07T08:04:00+00:00, run_after=2023-08-07T08:06:00+00:00
[2023-08-07T08:07:17.619+0000] {processor.py:179} INFO - Processing /home/airflow/.local/lib/python3.7/site-packages/airflow/example_dags/example_sla_dag.py took 0.072 seconds
[2023-08-07T08:07:47.796+0000] {processor.py:157} INFO - Started process (PID=2405) to work on /home/airflow/.local/lib/python3.7/site-packages/airflow/example_dags/example_sla_dag.py
[2023-08-07T08:07:47.797+0000] {processor.py:826} INFO - Processing file /home/airflow/.local/lib/python3.7/site-packages/airflow/example_dags/example_sla_dag.py for tasks to queue
[2023-08-07T08:07:47.798+0000] {logging_mixin.py:150} INFO - [2023-08-07T08:07:47.798+0000] {dagbag.py:541} INFO - Filling up the DagBag from /home/airflow/.local/lib/python3.7/site-packages/airflow/example_dags/example_sla_dag.py
[2023-08-07T08:07:47.806+0000] {processor.py:836} INFO - DAG(s) dict_keys(['example_sla_dag']) retrieved from /home/airflow/.local/lib/python3.7/site-packages/airflow/example_dags/example_sla_dag.py
[2023-08-07T08:07:47.828+0000] {logging_mixin.py:150} INFO - [2023-08-07T08:07:47.828+0000] {dag.py:2742} INFO - Sync 1 DAGs
[2023-08-07T08:07:47.849+0000] {logging_mixin.py:150} INFO - [2023-08-07T08:07:47.849+0000] {dag.py:3508} INFO - Setting next_dagrun for example_sla_dag to 2023-08-07T08:04:00+00:00, run_after=2023-08-07T08:06:00+00:00
[2023-08-07T08:07:47.863+0000] {processor.py:179} INFO - Processing /home/airflow/.local/lib/python3.7/site-packages/airflow/example_dags/example_sla_dag.py took 0.069 seconds
[2023-08-07T08:08:18.101+0000] {processor.py:157} INFO - Started process (PID=2647) to work on /home/airflow/.local/lib/python3.7/site-packages/airflow/example_dags/example_sla_dag.py
[2023-08-07T08:08:18.102+0000] {processor.py:826} INFO - Processing file /home/airflow/.local/lib/python3.7/site-packages/airflow/example_dags/example_sla_dag.py for tasks to queue
[2023-08-07T08:08:18.103+0000] {logging_mixin.py:150} INFO - [2023-08-07T08:08:18.103+0000] {dagbag.py:541} INFO - Filling up the DagBag from /home/airflow/.local/lib/python3.7/site-packages/airflow/example_dags/example_sla_dag.py
[2023-08-07T08:08:18.110+0000] {processor.py:836} INFO - DAG(s) dict_keys(['example_sla_dag']) retrieved from /home/airflow/.local/lib/python3.7/site-packages/airflow/example_dags/example_sla_dag.py
[2023-08-07T08:08:18.133+0000] {logging_mixin.py:150} INFO - [2023-08-07T08:08:18.133+0000] {dag.py:2742} INFO - Sync 1 DAGs
[2023-08-07T08:08:18.155+0000] {logging_mixin.py:150} INFO - [2023-08-07T08:08:18.154+0000] {dag.py:3508} INFO - Setting next_dagrun for example_sla_dag to 2023-08-07T08:06:00+00:00, run_after=2023-08-07T08:08:00+00:00
[2023-08-07T08:08:18.170+0000] {processor.py:179} INFO - Processing /home/airflow/.local/lib/python3.7/site-packages/airflow/example_dags/example_sla_dag.py took 0.072 seconds
[2023-08-07T08:08:48.424+0000] {processor.py:157} INFO - Started process (PID=2889) to work on /home/airflow/.local/lib/python3.7/site-packages/airflow/example_dags/example_sla_dag.py
[2023-08-07T08:08:48.425+0000] {processor.py:826} INFO - Processing file /home/airflow/.local/lib/python3.7/site-packages/airflow/example_dags/example_sla_dag.py for tasks to queue
[2023-08-07T08:08:48.426+0000] {logging_mixin.py:150} INFO - [2023-08-07T08:08:48.425+0000] {dagbag.py:541} INFO - Filling up the DagBag from /home/airflow/.local/lib/python3.7/site-packages/airflow/example_dags/example_sla_dag.py
[2023-08-07T08:08:48.433+0000] {processor.py:836} INFO - DAG(s) dict_keys(['example_sla_dag']) retrieved from /home/airflow/.local/lib/python3.7/site-packages/airflow/example_dags/example_sla_dag.py
[2023-08-07T08:08:48.456+0000] {logging_mixin.py:150} INFO - [2023-08-07T08:08:48.456+0000] {dag.py:2742} INFO - Sync 1 DAGs
[2023-08-07T08:08:48.477+0000] {logging_mixin.py:150} INFO - [2023-08-07T08:08:48.477+0000] {dag.py:3508} INFO - Setting next_dagrun for example_sla_dag to 2023-08-07T08:06:00+00:00, run_after=2023-08-07T08:08:00+00:00
[2023-08-07T08:08:48.492+0000] {processor.py:179} INFO - Processing /home/airflow/.local/lib/python3.7/site-packages/airflow/example_dags/example_sla_dag.py took 0.072 seconds
