[2023-08-07T08:03:17.220+0000] {processor.py:157} INFO - Started process (PID=363) to work on /home/airflow/.local/lib/python3.7/site-packages/airflow/example_dags/example_task_group.py
[2023-08-07T08:03:17.221+0000] {processor.py:826} INFO - Processing file /home/airflow/.local/lib/python3.7/site-packages/airflow/example_dags/example_task_group.py for tasks to queue
[2023-08-07T08:03:17.223+0000] {logging_mixin.py:150} INFO - [2023-08-07T08:03:17.222+0000] {dagbag.py:541} INFO - Filling up the DagBag from /home/airflow/.local/lib/python3.7/site-packages/airflow/example_dags/example_task_group.py
[2023-08-07T08:03:17.230+0000] {processor.py:836} INFO - DAG(s) dict_keys(['example_task_group']) retrieved from /home/airflow/.local/lib/python3.7/site-packages/airflow/example_dags/example_task_group.py
[2023-08-07T08:03:17.245+0000] {logging_mixin.py:150} INFO - [2023-08-07T08:03:17.245+0000] {dag.py:2742} INFO - Sync 1 DAGs
[2023-08-07T08:03:17.265+0000] {logging_mixin.py:150} INFO - [2023-08-07T08:03:17.265+0000] {dag.py:3508} INFO - Setting next_dagrun for example_task_group to 2023-08-06T08:03:17.265167+00:00, run_after=2023-08-07T08:03:17.265167+00:00
[2023-08-07T08:03:17.279+0000] {processor.py:179} INFO - Processing /home/airflow/.local/lib/python3.7/site-packages/airflow/example_dags/example_task_group.py took 0.062 seconds
[2023-08-07T08:03:48.558+0000] {processor.py:157} INFO - Started process (PID=605) to work on /home/airflow/.local/lib/python3.7/site-packages/airflow/example_dags/example_task_group.py
[2023-08-07T08:03:48.559+0000] {processor.py:826} INFO - Processing file /home/airflow/.local/lib/python3.7/site-packages/airflow/example_dags/example_task_group.py for tasks to queue
[2023-08-07T08:03:48.560+0000] {logging_mixin.py:150} INFO - [2023-08-07T08:03:48.560+0000] {dagbag.py:541} INFO - Filling up the DagBag from /home/airflow/.local/lib/python3.7/site-packages/airflow/example_dags/example_task_group.py
[2023-08-07T08:03:48.568+0000] {processor.py:836} INFO - DAG(s) dict_keys(['example_task_group']) retrieved from /home/airflow/.local/lib/python3.7/site-packages/airflow/example_dags/example_task_group.py
[2023-08-07T08:03:48.599+0000] {logging_mixin.py:150} INFO - [2023-08-07T08:03:48.599+0000] {dag.py:2742} INFO - Sync 1 DAGs
[2023-08-07T08:03:48.620+0000] {logging_mixin.py:150} INFO - [2023-08-07T08:03:48.620+0000] {dag.py:3508} INFO - Setting next_dagrun for example_task_group to 2023-08-06T08:03:48.619872+00:00, run_after=2023-08-07T08:03:48.619872+00:00
[2023-08-07T08:03:48.636+0000] {processor.py:179} INFO - Processing /home/airflow/.local/lib/python3.7/site-packages/airflow/example_dags/example_task_group.py took 0.082 seconds
[2023-08-07T08:04:18.905+0000] {processor.py:157} INFO - Started process (PID=848) to work on /home/airflow/.local/lib/python3.7/site-packages/airflow/example_dags/example_task_group.py
[2023-08-07T08:04:18.907+0000] {processor.py:826} INFO - Processing file /home/airflow/.local/lib/python3.7/site-packages/airflow/example_dags/example_task_group.py for tasks to queue
[2023-08-07T08:04:18.908+0000] {logging_mixin.py:150} INFO - [2023-08-07T08:04:18.908+0000] {dagbag.py:541} INFO - Filling up the DagBag from /home/airflow/.local/lib/python3.7/site-packages/airflow/example_dags/example_task_group.py
[2023-08-07T08:04:18.915+0000] {processor.py:836} INFO - DAG(s) dict_keys(['example_task_group']) retrieved from /home/airflow/.local/lib/python3.7/site-packages/airflow/example_dags/example_task_group.py
[2023-08-07T08:04:18.939+0000] {logging_mixin.py:150} INFO - [2023-08-07T08:04:18.939+0000] {dag.py:2742} INFO - Sync 1 DAGs
[2023-08-07T08:04:18.959+0000] {logging_mixin.py:150} INFO - [2023-08-07T08:04:18.958+0000] {dag.py:3508} INFO - Setting next_dagrun for example_task_group to 2023-08-06T08:04:18.958680+00:00, run_after=2023-08-07T08:04:18.958680+00:00
[2023-08-07T08:04:18.973+0000] {processor.py:179} INFO - Processing /home/airflow/.local/lib/python3.7/site-packages/airflow/example_dags/example_task_group.py took 0.071 seconds
[2023-08-07T08:04:49.277+0000] {processor.py:157} INFO - Started process (PID=1090) to work on /home/airflow/.local/lib/python3.7/site-packages/airflow/example_dags/example_task_group.py
[2023-08-07T08:04:49.278+0000] {processor.py:826} INFO - Processing file /home/airflow/.local/lib/python3.7/site-packages/airflow/example_dags/example_task_group.py for tasks to queue
[2023-08-07T08:04:49.280+0000] {logging_mixin.py:150} INFO - [2023-08-07T08:04:49.279+0000] {dagbag.py:541} INFO - Filling up the DagBag from /home/airflow/.local/lib/python3.7/site-packages/airflow/example_dags/example_task_group.py
[2023-08-07T08:04:49.287+0000] {processor.py:836} INFO - DAG(s) dict_keys(['example_task_group']) retrieved from /home/airflow/.local/lib/python3.7/site-packages/airflow/example_dags/example_task_group.py
[2023-08-07T08:04:49.312+0000] {logging_mixin.py:150} INFO - [2023-08-07T08:04:49.312+0000] {dag.py:2742} INFO - Sync 1 DAGs
[2023-08-07T08:04:49.331+0000] {logging_mixin.py:150} INFO - [2023-08-07T08:04:49.331+0000] {dag.py:3508} INFO - Setting next_dagrun for example_task_group to 2023-08-06T08:04:49.331065+00:00, run_after=2023-08-07T08:04:49.331065+00:00
[2023-08-07T08:04:49.347+0000] {processor.py:179} INFO - Processing /home/airflow/.local/lib/python3.7/site-packages/airflow/example_dags/example_task_group.py took 0.074 seconds
[2023-08-07T08:05:19.549+0000] {processor.py:157} INFO - Started process (PID=1332) to work on /home/airflow/.local/lib/python3.7/site-packages/airflow/example_dags/example_task_group.py
[2023-08-07T08:05:19.550+0000] {processor.py:826} INFO - Processing file /home/airflow/.local/lib/python3.7/site-packages/airflow/example_dags/example_task_group.py for tasks to queue
[2023-08-07T08:05:19.551+0000] {logging_mixin.py:150} INFO - [2023-08-07T08:05:19.551+0000] {dagbag.py:541} INFO - Filling up the DagBag from /home/airflow/.local/lib/python3.7/site-packages/airflow/example_dags/example_task_group.py
[2023-08-07T08:05:19.559+0000] {processor.py:836} INFO - DAG(s) dict_keys(['example_task_group']) retrieved from /home/airflow/.local/lib/python3.7/site-packages/airflow/example_dags/example_task_group.py
[2023-08-07T08:05:19.582+0000] {logging_mixin.py:150} INFO - [2023-08-07T08:05:19.582+0000] {dag.py:2742} INFO - Sync 1 DAGs
[2023-08-07T08:05:19.601+0000] {logging_mixin.py:150} INFO - [2023-08-07T08:05:19.601+0000] {dag.py:3508} INFO - Setting next_dagrun for example_task_group to 2023-08-06T08:05:19.601600+00:00, run_after=2023-08-07T08:05:19.601600+00:00
[2023-08-07T08:05:19.616+0000] {processor.py:179} INFO - Processing /home/airflow/.local/lib/python3.7/site-packages/airflow/example_dags/example_task_group.py took 0.070 seconds
[2023-08-07T08:05:50.058+0000] {processor.py:157} INFO - Started process (PID=1574) to work on /home/airflow/.local/lib/python3.7/site-packages/airflow/example_dags/example_task_group.py
[2023-08-07T08:05:50.060+0000] {processor.py:826} INFO - Processing file /home/airflow/.local/lib/python3.7/site-packages/airflow/example_dags/example_task_group.py for tasks to queue
[2023-08-07T08:05:50.061+0000] {logging_mixin.py:150} INFO - [2023-08-07T08:05:50.061+0000] {dagbag.py:541} INFO - Filling up the DagBag from /home/airflow/.local/lib/python3.7/site-packages/airflow/example_dags/example_task_group.py
[2023-08-07T08:05:50.068+0000] {processor.py:836} INFO - DAG(s) dict_keys(['example_task_group']) retrieved from /home/airflow/.local/lib/python3.7/site-packages/airflow/example_dags/example_task_group.py
[2023-08-07T08:05:50.092+0000] {logging_mixin.py:150} INFO - [2023-08-07T08:05:50.092+0000] {dag.py:2742} INFO - Sync 1 DAGs
[2023-08-07T08:05:50.111+0000] {logging_mixin.py:150} INFO - [2023-08-07T08:05:50.111+0000] {dag.py:3508} INFO - Setting next_dagrun for example_task_group to 2023-08-06T08:05:50.111047+00:00, run_after=2023-08-07T08:05:50.111047+00:00
[2023-08-07T08:05:50.125+0000] {processor.py:179} INFO - Processing /home/airflow/.local/lib/python3.7/site-packages/airflow/example_dags/example_task_group.py took 0.071 seconds
[2023-08-07T08:06:21.224+0000] {processor.py:157} INFO - Started process (PID=1830) to work on /home/airflow/.local/lib/python3.7/site-packages/airflow/example_dags/example_task_group.py
[2023-08-07T08:06:21.225+0000] {processor.py:826} INFO - Processing file /home/airflow/.local/lib/python3.7/site-packages/airflow/example_dags/example_task_group.py for tasks to queue
[2023-08-07T08:06:21.227+0000] {logging_mixin.py:150} INFO - [2023-08-07T08:06:21.226+0000] {dagbag.py:541} INFO - Filling up the DagBag from /home/airflow/.local/lib/python3.7/site-packages/airflow/example_dags/example_task_group.py
[2023-08-07T08:06:21.234+0000] {processor.py:836} INFO - DAG(s) dict_keys(['example_task_group']) retrieved from /home/airflow/.local/lib/python3.7/site-packages/airflow/example_dags/example_task_group.py
[2023-08-07T08:06:21.258+0000] {logging_mixin.py:150} INFO - [2023-08-07T08:06:21.258+0000] {dag.py:2742} INFO - Sync 1 DAGs
[2023-08-07T08:06:21.277+0000] {logging_mixin.py:150} INFO - [2023-08-07T08:06:21.277+0000] {dag.py:3508} INFO - Setting next_dagrun for example_task_group to 2023-08-06T08:06:21.277433+00:00, run_after=2023-08-07T08:06:21.277433+00:00
[2023-08-07T08:06:21.291+0000] {processor.py:179} INFO - Processing /home/airflow/.local/lib/python3.7/site-packages/airflow/example_dags/example_task_group.py took 0.071 seconds
[2023-08-07T08:06:52.287+0000] {processor.py:157} INFO - Started process (PID=2072) to work on /home/airflow/.local/lib/python3.7/site-packages/airflow/example_dags/example_task_group.py
[2023-08-07T08:06:52.289+0000] {processor.py:826} INFO - Processing file /home/airflow/.local/lib/python3.7/site-packages/airflow/example_dags/example_task_group.py for tasks to queue
[2023-08-07T08:06:52.290+0000] {logging_mixin.py:150} INFO - [2023-08-07T08:06:52.289+0000] {dagbag.py:541} INFO - Filling up the DagBag from /home/airflow/.local/lib/python3.7/site-packages/airflow/example_dags/example_task_group.py
[2023-08-07T08:06:52.297+0000] {processor.py:836} INFO - DAG(s) dict_keys(['example_task_group']) retrieved from /home/airflow/.local/lib/python3.7/site-packages/airflow/example_dags/example_task_group.py
[2023-08-07T08:06:52.321+0000] {logging_mixin.py:150} INFO - [2023-08-07T08:06:52.321+0000] {dag.py:2742} INFO - Sync 1 DAGs
[2023-08-07T08:06:52.340+0000] {logging_mixin.py:150} INFO - [2023-08-07T08:06:52.340+0000] {dag.py:3508} INFO - Setting next_dagrun for example_task_group to 2023-08-06T08:06:52.340383+00:00, run_after=2023-08-07T08:06:52.340383+00:00
[2023-08-07T08:06:52.354+0000] {processor.py:179} INFO - Processing /home/airflow/.local/lib/python3.7/site-packages/airflow/example_dags/example_task_group.py took 0.070 seconds
[2023-08-07T08:07:22.537+0000] {processor.py:157} INFO - Started process (PID=2312) to work on /home/airflow/.local/lib/python3.7/site-packages/airflow/example_dags/example_task_group.py
[2023-08-07T08:07:22.538+0000] {processor.py:826} INFO - Processing file /home/airflow/.local/lib/python3.7/site-packages/airflow/example_dags/example_task_group.py for tasks to queue
[2023-08-07T08:07:22.539+0000] {logging_mixin.py:150} INFO - [2023-08-07T08:07:22.539+0000] {dagbag.py:541} INFO - Filling up the DagBag from /home/airflow/.local/lib/python3.7/site-packages/airflow/example_dags/example_task_group.py
[2023-08-07T08:07:22.546+0000] {processor.py:836} INFO - DAG(s) dict_keys(['example_task_group']) retrieved from /home/airflow/.local/lib/python3.7/site-packages/airflow/example_dags/example_task_group.py
[2023-08-07T08:07:22.570+0000] {logging_mixin.py:150} INFO - [2023-08-07T08:07:22.570+0000] {dag.py:2742} INFO - Sync 1 DAGs
[2023-08-07T08:07:22.589+0000] {logging_mixin.py:150} INFO - [2023-08-07T08:07:22.589+0000] {dag.py:3508} INFO - Setting next_dagrun for example_task_group to 2023-08-06T08:07:22.589348+00:00, run_after=2023-08-07T08:07:22.589348+00:00
[2023-08-07T08:07:22.603+0000] {processor.py:179} INFO - Processing /home/airflow/.local/lib/python3.7/site-packages/airflow/example_dags/example_task_group.py took 0.070 seconds
[2023-08-07T08:07:53.745+0000] {processor.py:157} INFO - Started process (PID=2557) to work on /home/airflow/.local/lib/python3.7/site-packages/airflow/example_dags/example_task_group.py
[2023-08-07T08:07:53.746+0000] {processor.py:826} INFO - Processing file /home/airflow/.local/lib/python3.7/site-packages/airflow/example_dags/example_task_group.py for tasks to queue
[2023-08-07T08:07:53.747+0000] {logging_mixin.py:150} INFO - [2023-08-07T08:07:53.747+0000] {dagbag.py:541} INFO - Filling up the DagBag from /home/airflow/.local/lib/python3.7/site-packages/airflow/example_dags/example_task_group.py
[2023-08-07T08:07:53.755+0000] {processor.py:836} INFO - DAG(s) dict_keys(['example_task_group']) retrieved from /home/airflow/.local/lib/python3.7/site-packages/airflow/example_dags/example_task_group.py
[2023-08-07T08:07:53.778+0000] {logging_mixin.py:150} INFO - [2023-08-07T08:07:53.778+0000] {dag.py:2742} INFO - Sync 1 DAGs
[2023-08-07T08:07:53.797+0000] {logging_mixin.py:150} INFO - [2023-08-07T08:07:53.797+0000] {dag.py:3508} INFO - Setting next_dagrun for example_task_group to 2023-08-06T08:07:53.796921+00:00, run_after=2023-08-07T08:07:53.796921+00:00
[2023-08-07T08:07:53.811+0000] {processor.py:179} INFO - Processing /home/airflow/.local/lib/python3.7/site-packages/airflow/example_dags/example_task_group.py took 0.070 seconds
[2023-08-07T08:08:24.129+0000] {processor.py:157} INFO - Started process (PID=2799) to work on /home/airflow/.local/lib/python3.7/site-packages/airflow/example_dags/example_task_group.py
[2023-08-07T08:08:24.131+0000] {processor.py:826} INFO - Processing file /home/airflow/.local/lib/python3.7/site-packages/airflow/example_dags/example_task_group.py for tasks to queue
[2023-08-07T08:08:24.132+0000] {logging_mixin.py:150} INFO - [2023-08-07T08:08:24.131+0000] {dagbag.py:541} INFO - Filling up the DagBag from /home/airflow/.local/lib/python3.7/site-packages/airflow/example_dags/example_task_group.py
[2023-08-07T08:08:24.139+0000] {processor.py:836} INFO - DAG(s) dict_keys(['example_task_group']) retrieved from /home/airflow/.local/lib/python3.7/site-packages/airflow/example_dags/example_task_group.py
[2023-08-07T08:08:24.163+0000] {logging_mixin.py:150} INFO - [2023-08-07T08:08:24.163+0000] {dag.py:2742} INFO - Sync 1 DAGs
[2023-08-07T08:08:24.182+0000] {logging_mixin.py:150} INFO - [2023-08-07T08:08:24.182+0000] {dag.py:3508} INFO - Setting next_dagrun for example_task_group to 2023-08-06T08:08:24.181949+00:00, run_after=2023-08-07T08:08:24.181949+00:00
[2023-08-07T08:08:24.197+0000] {processor.py:179} INFO - Processing /home/airflow/.local/lib/python3.7/site-packages/airflow/example_dags/example_task_group.py took 0.071 seconds
[2023-08-07T08:08:54.436+0000] {processor.py:157} INFO - Started process (PID=3041) to work on /home/airflow/.local/lib/python3.7/site-packages/airflow/example_dags/example_task_group.py
[2023-08-07T08:08:54.437+0000] {processor.py:826} INFO - Processing file /home/airflow/.local/lib/python3.7/site-packages/airflow/example_dags/example_task_group.py for tasks to queue
[2023-08-07T08:08:54.438+0000] {logging_mixin.py:150} INFO - [2023-08-07T08:08:54.438+0000] {dagbag.py:541} INFO - Filling up the DagBag from /home/airflow/.local/lib/python3.7/site-packages/airflow/example_dags/example_task_group.py
[2023-08-07T08:08:54.445+0000] {processor.py:836} INFO - DAG(s) dict_keys(['example_task_group']) retrieved from /home/airflow/.local/lib/python3.7/site-packages/airflow/example_dags/example_task_group.py
[2023-08-07T08:08:54.469+0000] {logging_mixin.py:150} INFO - [2023-08-07T08:08:54.469+0000] {dag.py:2742} INFO - Sync 1 DAGs
[2023-08-07T08:08:54.488+0000] {logging_mixin.py:150} INFO - [2023-08-07T08:08:54.488+0000] {dag.py:3508} INFO - Setting next_dagrun for example_task_group to 2023-08-06T08:08:54.487816+00:00, run_after=2023-08-07T08:08:54.487816+00:00
[2023-08-07T08:08:54.502+0000] {processor.py:179} INFO - Processing /home/airflow/.local/lib/python3.7/site-packages/airflow/example_dags/example_task_group.py took 0.070 seconds
