[2023-08-07T08:03:15.184+0000] {processor.py:157} INFO - Started process (PID=238) to work on /home/airflow/.local/lib/python3.7/site-packages/airflow/example_dags/example_branch_operator_decorator.py
[2023-08-07T08:03:15.185+0000] {processor.py:826} INFO - Processing file /home/airflow/.local/lib/python3.7/site-packages/airflow/example_dags/example_branch_operator_decorator.py for tasks to queue
[2023-08-07T08:03:15.186+0000] {logging_mixin.py:150} INFO - [2023-08-07T08:03:15.186+0000] {dagbag.py:541} INFO - Filling up the DagBag from /home/airflow/.local/lib/python3.7/site-packages/airflow/example_dags/example_branch_operator_decorator.py
[2023-08-07T08:03:15.197+0000] {processor.py:836} INFO - DAG(s) dict_keys(['example_branch_python_operator_decorator']) retrieved from /home/airflow/.local/lib/python3.7/site-packages/airflow/example_dags/example_branch_operator_decorator.py
[2023-08-07T08:03:15.214+0000] {logging_mixin.py:150} INFO - [2023-08-07T08:03:15.214+0000] {dag.py:2742} INFO - Sync 1 DAGs
[2023-08-07T08:03:15.240+0000] {logging_mixin.py:150} INFO - [2023-08-07T08:03:15.240+0000] {dag.py:3508} INFO - Setting next_dagrun for example_branch_python_operator_decorator to 2023-08-06T00:00:00+00:00, run_after=2023-08-07T00:00:00+00:00
[2023-08-07T08:03:15.256+0000] {processor.py:179} INFO - Processing /home/airflow/.local/lib/python3.7/site-packages/airflow/example_dags/example_branch_operator_decorator.py took 0.076 seconds
[2023-08-07T08:03:45.734+0000] {processor.py:157} INFO - Started process (PID=478) to work on /home/airflow/.local/lib/python3.7/site-packages/airflow/example_dags/example_branch_operator_decorator.py
[2023-08-07T08:03:45.736+0000] {processor.py:826} INFO - Processing file /home/airflow/.local/lib/python3.7/site-packages/airflow/example_dags/example_branch_operator_decorator.py for tasks to queue
[2023-08-07T08:03:45.737+0000] {logging_mixin.py:150} INFO - [2023-08-07T08:03:45.736+0000] {dagbag.py:541} INFO - Filling up the DagBag from /home/airflow/.local/lib/python3.7/site-packages/airflow/example_dags/example_branch_operator_decorator.py
[2023-08-07T08:03:45.746+0000] {processor.py:836} INFO - DAG(s) dict_keys(['example_branch_python_operator_decorator']) retrieved from /home/airflow/.local/lib/python3.7/site-packages/airflow/example_dags/example_branch_operator_decorator.py
[2023-08-07T08:03:45.770+0000] {logging_mixin.py:150} INFO - [2023-08-07T08:03:45.770+0000] {dag.py:2742} INFO - Sync 1 DAGs
[2023-08-07T08:03:45.791+0000] {logging_mixin.py:150} INFO - [2023-08-07T08:03:45.791+0000] {dag.py:3508} INFO - Setting next_dagrun for example_branch_python_operator_decorator to 2023-08-06T00:00:00+00:00, run_after=2023-08-07T00:00:00+00:00
[2023-08-07T08:03:45.805+0000] {processor.py:179} INFO - Processing /home/airflow/.local/lib/python3.7/site-packages/airflow/example_dags/example_branch_operator_decorator.py took 0.075 seconds
[2023-08-07T08:04:16.265+0000] {processor.py:157} INFO - Started process (PID=721) to work on /home/airflow/.local/lib/python3.7/site-packages/airflow/example_dags/example_branch_operator_decorator.py
[2023-08-07T08:04:16.266+0000] {processor.py:826} INFO - Processing file /home/airflow/.local/lib/python3.7/site-packages/airflow/example_dags/example_branch_operator_decorator.py for tasks to queue
[2023-08-07T08:04:16.267+0000] {logging_mixin.py:150} INFO - [2023-08-07T08:04:16.267+0000] {dagbag.py:541} INFO - Filling up the DagBag from /home/airflow/.local/lib/python3.7/site-packages/airflow/example_dags/example_branch_operator_decorator.py
[2023-08-07T08:04:16.275+0000] {processor.py:836} INFO - DAG(s) dict_keys(['example_branch_python_operator_decorator']) retrieved from /home/airflow/.local/lib/python3.7/site-packages/airflow/example_dags/example_branch_operator_decorator.py
[2023-08-07T08:04:16.299+0000] {logging_mixin.py:150} INFO - [2023-08-07T08:04:16.299+0000] {dag.py:2742} INFO - Sync 1 DAGs
[2023-08-07T08:04:16.318+0000] {logging_mixin.py:150} INFO - [2023-08-07T08:04:16.318+0000] {dag.py:3508} INFO - Setting next_dagrun for example_branch_python_operator_decorator to 2023-08-06T00:00:00+00:00, run_after=2023-08-07T00:00:00+00:00
[2023-08-07T08:04:16.333+0000] {processor.py:179} INFO - Processing /home/airflow/.local/lib/python3.7/site-packages/airflow/example_dags/example_branch_operator_decorator.py took 0.072 seconds
[2023-08-07T08:04:46.538+0000] {processor.py:157} INFO - Started process (PID=963) to work on /home/airflow/.local/lib/python3.7/site-packages/airflow/example_dags/example_branch_operator_decorator.py
[2023-08-07T08:04:46.540+0000] {processor.py:826} INFO - Processing file /home/airflow/.local/lib/python3.7/site-packages/airflow/example_dags/example_branch_operator_decorator.py for tasks to queue
[2023-08-07T08:04:46.541+0000] {logging_mixin.py:150} INFO - [2023-08-07T08:04:46.541+0000] {dagbag.py:541} INFO - Filling up the DagBag from /home/airflow/.local/lib/python3.7/site-packages/airflow/example_dags/example_branch_operator_decorator.py
[2023-08-07T08:04:46.555+0000] {processor.py:836} INFO - DAG(s) dict_keys(['example_branch_python_operator_decorator']) retrieved from /home/airflow/.local/lib/python3.7/site-packages/airflow/example_dags/example_branch_operator_decorator.py
[2023-08-07T08:04:46.587+0000] {logging_mixin.py:150} INFO - [2023-08-07T08:04:46.587+0000] {dag.py:2742} INFO - Sync 1 DAGs
[2023-08-07T08:04:46.610+0000] {logging_mixin.py:150} INFO - [2023-08-07T08:04:46.610+0000] {dag.py:3508} INFO - Setting next_dagrun for example_branch_python_operator_decorator to 2023-08-06T00:00:00+00:00, run_after=2023-08-07T00:00:00+00:00
[2023-08-07T08:04:46.626+0000] {processor.py:179} INFO - Processing /home/airflow/.local/lib/python3.7/site-packages/airflow/example_dags/example_branch_operator_decorator.py took 0.093 seconds
[2023-08-07T08:05:16.906+0000] {processor.py:157} INFO - Started process (PID=1205) to work on /home/airflow/.local/lib/python3.7/site-packages/airflow/example_dags/example_branch_operator_decorator.py
[2023-08-07T08:05:16.908+0000] {processor.py:826} INFO - Processing file /home/airflow/.local/lib/python3.7/site-packages/airflow/example_dags/example_branch_operator_decorator.py for tasks to queue
[2023-08-07T08:05:16.909+0000] {logging_mixin.py:150} INFO - [2023-08-07T08:05:16.908+0000] {dagbag.py:541} INFO - Filling up the DagBag from /home/airflow/.local/lib/python3.7/site-packages/airflow/example_dags/example_branch_operator_decorator.py
[2023-08-07T08:05:16.917+0000] {processor.py:836} INFO - DAG(s) dict_keys(['example_branch_python_operator_decorator']) retrieved from /home/airflow/.local/lib/python3.7/site-packages/airflow/example_dags/example_branch_operator_decorator.py
[2023-08-07T08:05:16.942+0000] {logging_mixin.py:150} INFO - [2023-08-07T08:05:16.942+0000] {dag.py:2742} INFO - Sync 1 DAGs
[2023-08-07T08:05:16.963+0000] {logging_mixin.py:150} INFO - [2023-08-07T08:05:16.962+0000] {dag.py:3508} INFO - Setting next_dagrun for example_branch_python_operator_decorator to 2023-08-06T00:00:00+00:00, run_after=2023-08-07T00:00:00+00:00
[2023-08-07T08:05:16.977+0000] {processor.py:179} INFO - Processing /home/airflow/.local/lib/python3.7/site-packages/airflow/example_dags/example_branch_operator_decorator.py took 0.074 seconds
[2023-08-07T08:05:47.301+0000] {processor.py:157} INFO - Started process (PID=1447) to work on /home/airflow/.local/lib/python3.7/site-packages/airflow/example_dags/example_branch_operator_decorator.py
[2023-08-07T08:05:47.303+0000] {processor.py:826} INFO - Processing file /home/airflow/.local/lib/python3.7/site-packages/airflow/example_dags/example_branch_operator_decorator.py for tasks to queue
[2023-08-07T08:05:47.304+0000] {logging_mixin.py:150} INFO - [2023-08-07T08:05:47.304+0000] {dagbag.py:541} INFO - Filling up the DagBag from /home/airflow/.local/lib/python3.7/site-packages/airflow/example_dags/example_branch_operator_decorator.py
[2023-08-07T08:05:47.313+0000] {processor.py:836} INFO - DAG(s) dict_keys(['example_branch_python_operator_decorator']) retrieved from /home/airflow/.local/lib/python3.7/site-packages/airflow/example_dags/example_branch_operator_decorator.py
[2023-08-07T08:05:47.337+0000] {logging_mixin.py:150} INFO - [2023-08-07T08:05:47.337+0000] {dag.py:2742} INFO - Sync 1 DAGs
[2023-08-07T08:05:47.359+0000] {logging_mixin.py:150} INFO - [2023-08-07T08:05:47.359+0000] {dag.py:3508} INFO - Setting next_dagrun for example_branch_python_operator_decorator to 2023-08-06T00:00:00+00:00, run_after=2023-08-07T00:00:00+00:00
[2023-08-07T08:05:47.377+0000] {processor.py:179} INFO - Processing /home/airflow/.local/lib/python3.7/site-packages/airflow/example_dags/example_branch_operator_decorator.py took 0.079 seconds
[2023-08-07T08:06:17.501+0000] {processor.py:157} INFO - Started process (PID=1703) to work on /home/airflow/.local/lib/python3.7/site-packages/airflow/example_dags/example_branch_operator_decorator.py
[2023-08-07T08:06:17.503+0000] {processor.py:826} INFO - Processing file /home/airflow/.local/lib/python3.7/site-packages/airflow/example_dags/example_branch_operator_decorator.py for tasks to queue
[2023-08-07T08:06:17.504+0000] {logging_mixin.py:150} INFO - [2023-08-07T08:06:17.504+0000] {dagbag.py:541} INFO - Filling up the DagBag from /home/airflow/.local/lib/python3.7/site-packages/airflow/example_dags/example_branch_operator_decorator.py
[2023-08-07T08:06:17.513+0000] {processor.py:836} INFO - DAG(s) dict_keys(['example_branch_python_operator_decorator']) retrieved from /home/airflow/.local/lib/python3.7/site-packages/airflow/example_dags/example_branch_operator_decorator.py
[2023-08-07T08:06:17.538+0000] {logging_mixin.py:150} INFO - [2023-08-07T08:06:17.538+0000] {dag.py:2742} INFO - Sync 1 DAGs
[2023-08-07T08:06:17.559+0000] {logging_mixin.py:150} INFO - [2023-08-07T08:06:17.559+0000] {dag.py:3508} INFO - Setting next_dagrun for example_branch_python_operator_decorator to 2023-08-07T00:00:00+00:00, run_after=2023-08-08T00:00:00+00:00
[2023-08-07T08:06:17.574+0000] {processor.py:179} INFO - Processing /home/airflow/.local/lib/python3.7/site-packages/airflow/example_dags/example_branch_operator_decorator.py took 0.076 seconds
[2023-08-07T08:06:47.671+0000] {processor.py:157} INFO - Started process (PID=1945) to work on /home/airflow/.local/lib/python3.7/site-packages/airflow/example_dags/example_branch_operator_decorator.py
[2023-08-07T08:06:47.672+0000] {processor.py:826} INFO - Processing file /home/airflow/.local/lib/python3.7/site-packages/airflow/example_dags/example_branch_operator_decorator.py for tasks to queue
[2023-08-07T08:06:47.674+0000] {logging_mixin.py:150} INFO - [2023-08-07T08:06:47.673+0000] {dagbag.py:541} INFO - Filling up the DagBag from /home/airflow/.local/lib/python3.7/site-packages/airflow/example_dags/example_branch_operator_decorator.py
[2023-08-07T08:06:47.683+0000] {processor.py:836} INFO - DAG(s) dict_keys(['example_branch_python_operator_decorator']) retrieved from /home/airflow/.local/lib/python3.7/site-packages/airflow/example_dags/example_branch_operator_decorator.py
[2023-08-07T08:06:47.709+0000] {logging_mixin.py:150} INFO - [2023-08-07T08:06:47.709+0000] {dag.py:2742} INFO - Sync 1 DAGs
[2023-08-07T08:06:47.729+0000] {logging_mixin.py:150} INFO - [2023-08-07T08:06:47.729+0000] {dag.py:3508} INFO - Setting next_dagrun for example_branch_python_operator_decorator to 2023-08-07T00:00:00+00:00, run_after=2023-08-08T00:00:00+00:00
[2023-08-07T08:06:47.743+0000] {processor.py:179} INFO - Processing /home/airflow/.local/lib/python3.7/site-packages/airflow/example_dags/example_branch_operator_decorator.py took 0.075 seconds
[2023-08-07T08:07:17.840+0000] {processor.py:157} INFO - Started process (PID=2187) to work on /home/airflow/.local/lib/python3.7/site-packages/airflow/example_dags/example_branch_operator_decorator.py
[2023-08-07T08:07:17.842+0000] {processor.py:826} INFO - Processing file /home/airflow/.local/lib/python3.7/site-packages/airflow/example_dags/example_branch_operator_decorator.py for tasks to queue
[2023-08-07T08:07:17.843+0000] {logging_mixin.py:150} INFO - [2023-08-07T08:07:17.842+0000] {dagbag.py:541} INFO - Filling up the DagBag from /home/airflow/.local/lib/python3.7/site-packages/airflow/example_dags/example_branch_operator_decorator.py
[2023-08-07T08:07:17.851+0000] {processor.py:836} INFO - DAG(s) dict_keys(['example_branch_python_operator_decorator']) retrieved from /home/airflow/.local/lib/python3.7/site-packages/airflow/example_dags/example_branch_operator_decorator.py
[2023-08-07T08:07:17.877+0000] {logging_mixin.py:150} INFO - [2023-08-07T08:07:17.876+0000] {dag.py:2742} INFO - Sync 1 DAGs
[2023-08-07T08:07:17.899+0000] {logging_mixin.py:150} INFO - [2023-08-07T08:07:17.899+0000] {dag.py:3508} INFO - Setting next_dagrun for example_branch_python_operator_decorator to 2023-08-07T00:00:00+00:00, run_after=2023-08-08T00:00:00+00:00
[2023-08-07T08:07:17.913+0000] {processor.py:179} INFO - Processing /home/airflow/.local/lib/python3.7/site-packages/airflow/example_dags/example_branch_operator_decorator.py took 0.075 seconds
[2023-08-07T08:07:48.078+0000] {processor.py:157} INFO - Started process (PID=2430) to work on /home/airflow/.local/lib/python3.7/site-packages/airflow/example_dags/example_branch_operator_decorator.py
[2023-08-07T08:07:48.079+0000] {processor.py:826} INFO - Processing file /home/airflow/.local/lib/python3.7/site-packages/airflow/example_dags/example_branch_operator_decorator.py for tasks to queue
[2023-08-07T08:07:48.081+0000] {logging_mixin.py:150} INFO - [2023-08-07T08:07:48.080+0000] {dagbag.py:541} INFO - Filling up the DagBag from /home/airflow/.local/lib/python3.7/site-packages/airflow/example_dags/example_branch_operator_decorator.py
[2023-08-07T08:07:48.089+0000] {processor.py:836} INFO - DAG(s) dict_keys(['example_branch_python_operator_decorator']) retrieved from /home/airflow/.local/lib/python3.7/site-packages/airflow/example_dags/example_branch_operator_decorator.py
[2023-08-07T08:07:48.113+0000] {logging_mixin.py:150} INFO - [2023-08-07T08:07:48.113+0000] {dag.py:2742} INFO - Sync 1 DAGs
[2023-08-07T08:07:48.133+0000] {logging_mixin.py:150} INFO - [2023-08-07T08:07:48.133+0000] {dag.py:3508} INFO - Setting next_dagrun for example_branch_python_operator_decorator to 2023-08-07T00:00:00+00:00, run_after=2023-08-08T00:00:00+00:00
[2023-08-07T08:07:48.148+0000] {processor.py:179} INFO - Processing /home/airflow/.local/lib/python3.7/site-packages/airflow/example_dags/example_branch_operator_decorator.py took 0.073 seconds
[2023-08-07T08:08:18.402+0000] {processor.py:157} INFO - Started process (PID=2672) to work on /home/airflow/.local/lib/python3.7/site-packages/airflow/example_dags/example_branch_operator_decorator.py
[2023-08-07T08:08:18.404+0000] {processor.py:826} INFO - Processing file /home/airflow/.local/lib/python3.7/site-packages/airflow/example_dags/example_branch_operator_decorator.py for tasks to queue
[2023-08-07T08:08:18.405+0000] {logging_mixin.py:150} INFO - [2023-08-07T08:08:18.404+0000] {dagbag.py:541} INFO - Filling up the DagBag from /home/airflow/.local/lib/python3.7/site-packages/airflow/example_dags/example_branch_operator_decorator.py
[2023-08-07T08:08:18.413+0000] {processor.py:836} INFO - DAG(s) dict_keys(['example_branch_python_operator_decorator']) retrieved from /home/airflow/.local/lib/python3.7/site-packages/airflow/example_dags/example_branch_operator_decorator.py
[2023-08-07T08:08:18.437+0000] {logging_mixin.py:150} INFO - [2023-08-07T08:08:18.437+0000] {dag.py:2742} INFO - Sync 1 DAGs
[2023-08-07T08:08:18.458+0000] {logging_mixin.py:150} INFO - [2023-08-07T08:08:18.458+0000] {dag.py:3508} INFO - Setting next_dagrun for example_branch_python_operator_decorator to 2023-08-07T00:00:00+00:00, run_after=2023-08-08T00:00:00+00:00
[2023-08-07T08:08:18.472+0000] {processor.py:179} INFO - Processing /home/airflow/.local/lib/python3.7/site-packages/airflow/example_dags/example_branch_operator_decorator.py took 0.073 seconds
[2023-08-07T08:08:48.712+0000] {processor.py:157} INFO - Started process (PID=2914) to work on /home/airflow/.local/lib/python3.7/site-packages/airflow/example_dags/example_branch_operator_decorator.py
[2023-08-07T08:08:48.713+0000] {processor.py:826} INFO - Processing file /home/airflow/.local/lib/python3.7/site-packages/airflow/example_dags/example_branch_operator_decorator.py for tasks to queue
[2023-08-07T08:08:48.715+0000] {logging_mixin.py:150} INFO - [2023-08-07T08:08:48.715+0000] {dagbag.py:541} INFO - Filling up the DagBag from /home/airflow/.local/lib/python3.7/site-packages/airflow/example_dags/example_branch_operator_decorator.py
[2023-08-07T08:08:48.727+0000] {processor.py:836} INFO - DAG(s) dict_keys(['example_branch_python_operator_decorator']) retrieved from /home/airflow/.local/lib/python3.7/site-packages/airflow/example_dags/example_branch_operator_decorator.py
[2023-08-07T08:08:48.758+0000] {logging_mixin.py:150} INFO - [2023-08-07T08:08:48.757+0000] {dag.py:2742} INFO - Sync 1 DAGs
[2023-08-07T08:08:48.783+0000] {logging_mixin.py:150} INFO - [2023-08-07T08:08:48.783+0000] {dag.py:3508} INFO - Setting next_dagrun for example_branch_python_operator_decorator to 2023-08-07T00:00:00+00:00, run_after=2023-08-08T00:00:00+00:00
[2023-08-07T08:08:48.800+0000] {processor.py:179} INFO - Processing /home/airflow/.local/lib/python3.7/site-packages/airflow/example_dags/example_branch_operator_decorator.py took 0.092 seconds
