[2023-08-07T08:03:14.593+0000] {processor.py:157} INFO - Started process (PID=193) to work on /home/airflow/.local/lib/python3.7/site-packages/airflow/example_dags/example_branch_python_dop_operator_3.py
[2023-08-07T08:03:14.594+0000] {processor.py:826} INFO - Processing file /home/airflow/.local/lib/python3.7/site-packages/airflow/example_dags/example_branch_python_dop_operator_3.py for tasks to queue
[2023-08-07T08:03:14.595+0000] {logging_mixin.py:150} INFO - [2023-08-07T08:03:14.594+0000] {dagbag.py:541} INFO - Filling up the DagBag from /home/airflow/.local/lib/python3.7/site-packages/airflow/example_dags/example_branch_python_dop_operator_3.py
[2023-08-07T08:03:14.605+0000] {processor.py:836} INFO - DAG(s) dict_keys(['example_branch_dop_operator_v3']) retrieved from /home/airflow/.local/lib/python3.7/site-packages/airflow/example_dags/example_branch_python_dop_operator_3.py
[2023-08-07T08:03:14.621+0000] {logging_mixin.py:150} INFO - [2023-08-07T08:03:14.621+0000] {dag.py:2742} INFO - Sync 1 DAGs
[2023-08-07T08:03:14.645+0000] {logging_mixin.py:150} INFO - [2023-08-07T08:03:14.645+0000] {dag.py:3508} INFO - Setting next_dagrun for example_branch_dop_operator_v3 to 2023-08-07T08:02:00+00:00, run_after=2023-08-07T08:03:00+00:00
[2023-08-07T08:03:14.661+0000] {processor.py:179} INFO - Processing /home/airflow/.local/lib/python3.7/site-packages/airflow/example_dags/example_branch_python_dop_operator_3.py took 0.072 seconds
[2023-08-07T08:03:45.063+0000] {processor.py:157} INFO - Started process (PID=435) to work on /home/airflow/.local/lib/python3.7/site-packages/airflow/example_dags/example_branch_python_dop_operator_3.py
[2023-08-07T08:03:45.065+0000] {processor.py:826} INFO - Processing file /home/airflow/.local/lib/python3.7/site-packages/airflow/example_dags/example_branch_python_dop_operator_3.py for tasks to queue
[2023-08-07T08:03:45.066+0000] {logging_mixin.py:150} INFO - [2023-08-07T08:03:45.066+0000] {dagbag.py:541} INFO - Filling up the DagBag from /home/airflow/.local/lib/python3.7/site-packages/airflow/example_dags/example_branch_python_dop_operator_3.py
[2023-08-07T08:03:45.074+0000] {processor.py:836} INFO - DAG(s) dict_keys(['example_branch_dop_operator_v3']) retrieved from /home/airflow/.local/lib/python3.7/site-packages/airflow/example_dags/example_branch_python_dop_operator_3.py
[2023-08-07T08:03:45.098+0000] {logging_mixin.py:150} INFO - [2023-08-07T08:03:45.097+0000] {dag.py:2742} INFO - Sync 1 DAGs
[2023-08-07T08:03:45.120+0000] {logging_mixin.py:150} INFO - [2023-08-07T08:03:45.120+0000] {dag.py:3508} INFO - Setting next_dagrun for example_branch_dop_operator_v3 to 2023-08-07T08:02:00+00:00, run_after=2023-08-07T08:03:00+00:00
[2023-08-07T08:03:45.134+0000] {processor.py:179} INFO - Processing /home/airflow/.local/lib/python3.7/site-packages/airflow/example_dags/example_branch_python_dop_operator_3.py took 0.074 seconds
[2023-08-07T08:04:15.669+0000] {processor.py:157} INFO - Started process (PID=676) to work on /home/airflow/.local/lib/python3.7/site-packages/airflow/example_dags/example_branch_python_dop_operator_3.py
[2023-08-07T08:04:15.678+0000] {processor.py:826} INFO - Processing file /home/airflow/.local/lib/python3.7/site-packages/airflow/example_dags/example_branch_python_dop_operator_3.py for tasks to queue
[2023-08-07T08:04:15.683+0000] {logging_mixin.py:150} INFO - [2023-08-07T08:04:15.683+0000] {dagbag.py:541} INFO - Filling up the DagBag from /home/airflow/.local/lib/python3.7/site-packages/airflow/example_dags/example_branch_python_dop_operator_3.py
[2023-08-07T08:04:15.694+0000] {processor.py:836} INFO - DAG(s) dict_keys(['example_branch_dop_operator_v3']) retrieved from /home/airflow/.local/lib/python3.7/site-packages/airflow/example_dags/example_branch_python_dop_operator_3.py
[2023-08-07T08:04:15.721+0000] {logging_mixin.py:150} INFO - [2023-08-07T08:04:15.721+0000] {dag.py:2742} INFO - Sync 1 DAGs
[2023-08-07T08:04:15.745+0000] {logging_mixin.py:150} INFO - [2023-08-07T08:04:15.745+0000] {dag.py:3508} INFO - Setting next_dagrun for example_branch_dop_operator_v3 to 2023-08-07T08:03:00+00:00, run_after=2023-08-07T08:04:00+00:00
[2023-08-07T08:04:15.762+0000] {processor.py:179} INFO - Processing /home/airflow/.local/lib/python3.7/site-packages/airflow/example_dags/example_branch_python_dop_operator_3.py took 0.097 seconds
[2023-08-07T08:04:46.031+0000] {processor.py:157} INFO - Started process (PID=920) to work on /home/airflow/.local/lib/python3.7/site-packages/airflow/example_dags/example_branch_python_dop_operator_3.py
[2023-08-07T08:04:46.032+0000] {processor.py:826} INFO - Processing file /home/airflow/.local/lib/python3.7/site-packages/airflow/example_dags/example_branch_python_dop_operator_3.py for tasks to queue
[2023-08-07T08:04:46.033+0000] {logging_mixin.py:150} INFO - [2023-08-07T08:04:46.033+0000] {dagbag.py:541} INFO - Filling up the DagBag from /home/airflow/.local/lib/python3.7/site-packages/airflow/example_dags/example_branch_python_dop_operator_3.py
[2023-08-07T08:04:46.040+0000] {processor.py:836} INFO - DAG(s) dict_keys(['example_branch_dop_operator_v3']) retrieved from /home/airflow/.local/lib/python3.7/site-packages/airflow/example_dags/example_branch_python_dop_operator_3.py
[2023-08-07T08:04:46.064+0000] {logging_mixin.py:150} INFO - [2023-08-07T08:04:46.064+0000] {dag.py:2742} INFO - Sync 1 DAGs
[2023-08-07T08:04:46.086+0000] {logging_mixin.py:150} INFO - [2023-08-07T08:04:46.086+0000] {dag.py:3508} INFO - Setting next_dagrun for example_branch_dop_operator_v3 to 2023-08-07T08:03:00+00:00, run_after=2023-08-07T08:04:00+00:00
[2023-08-07T08:04:46.099+0000] {processor.py:179} INFO - Processing /home/airflow/.local/lib/python3.7/site-packages/airflow/example_dags/example_branch_python_dop_operator_3.py took 0.072 seconds
[2023-08-07T08:05:16.413+0000] {processor.py:157} INFO - Started process (PID=1160) to work on /home/airflow/.local/lib/python3.7/site-packages/airflow/example_dags/example_branch_python_dop_operator_3.py
[2023-08-07T08:05:16.414+0000] {processor.py:826} INFO - Processing file /home/airflow/.local/lib/python3.7/site-packages/airflow/example_dags/example_branch_python_dop_operator_3.py for tasks to queue
[2023-08-07T08:05:16.415+0000] {logging_mixin.py:150} INFO - [2023-08-07T08:05:16.415+0000] {dagbag.py:541} INFO - Filling up the DagBag from /home/airflow/.local/lib/python3.7/site-packages/airflow/example_dags/example_branch_python_dop_operator_3.py
[2023-08-07T08:05:16.423+0000] {processor.py:836} INFO - DAG(s) dict_keys(['example_branch_dop_operator_v3']) retrieved from /home/airflow/.local/lib/python3.7/site-packages/airflow/example_dags/example_branch_python_dop_operator_3.py
[2023-08-07T08:05:16.448+0000] {logging_mixin.py:150} INFO - [2023-08-07T08:05:16.448+0000] {dag.py:2742} INFO - Sync 1 DAGs
[2023-08-07T08:05:16.470+0000] {logging_mixin.py:150} INFO - [2023-08-07T08:05:16.470+0000] {dag.py:3508} INFO - Setting next_dagrun for example_branch_dop_operator_v3 to 2023-08-07T08:04:00+00:00, run_after=2023-08-07T08:05:00+00:00
[2023-08-07T08:05:16.485+0000] {processor.py:179} INFO - Processing /home/airflow/.local/lib/python3.7/site-packages/airflow/example_dags/example_branch_python_dop_operator_3.py took 0.075 seconds
[2023-08-07T08:05:46.789+0000] {processor.py:157} INFO - Started process (PID=1404) to work on /home/airflow/.local/lib/python3.7/site-packages/airflow/example_dags/example_branch_python_dop_operator_3.py
[2023-08-07T08:05:46.791+0000] {processor.py:826} INFO - Processing file /home/airflow/.local/lib/python3.7/site-packages/airflow/example_dags/example_branch_python_dop_operator_3.py for tasks to queue
[2023-08-07T08:05:46.792+0000] {logging_mixin.py:150} INFO - [2023-08-07T08:05:46.791+0000] {dagbag.py:541} INFO - Filling up the DagBag from /home/airflow/.local/lib/python3.7/site-packages/airflow/example_dags/example_branch_python_dop_operator_3.py
[2023-08-07T08:05:46.800+0000] {processor.py:836} INFO - DAG(s) dict_keys(['example_branch_dop_operator_v3']) retrieved from /home/airflow/.local/lib/python3.7/site-packages/airflow/example_dags/example_branch_python_dop_operator_3.py
[2023-08-07T08:05:46.826+0000] {logging_mixin.py:150} INFO - [2023-08-07T08:05:46.825+0000] {dag.py:2742} INFO - Sync 1 DAGs
[2023-08-07T08:05:46.848+0000] {logging_mixin.py:150} INFO - [2023-08-07T08:05:46.848+0000] {dag.py:3508} INFO - Setting next_dagrun for example_branch_dop_operator_v3 to 2023-08-07T08:04:00+00:00, run_after=2023-08-07T08:05:00+00:00
[2023-08-07T08:05:46.861+0000] {processor.py:179} INFO - Processing /home/airflow/.local/lib/python3.7/site-packages/airflow/example_dags/example_branch_python_dop_operator_3.py took 0.075 seconds
[2023-08-07T08:06:16.999+0000] {processor.py:157} INFO - Started process (PID=1658) to work on /home/airflow/.local/lib/python3.7/site-packages/airflow/example_dags/example_branch_python_dop_operator_3.py
[2023-08-07T08:06:17.001+0000] {processor.py:826} INFO - Processing file /home/airflow/.local/lib/python3.7/site-packages/airflow/example_dags/example_branch_python_dop_operator_3.py for tasks to queue
[2023-08-07T08:06:17.003+0000] {logging_mixin.py:150} INFO - [2023-08-07T08:06:17.002+0000] {dagbag.py:541} INFO - Filling up the DagBag from /home/airflow/.local/lib/python3.7/site-packages/airflow/example_dags/example_branch_python_dop_operator_3.py
[2023-08-07T08:06:17.010+0000] {processor.py:836} INFO - DAG(s) dict_keys(['example_branch_dop_operator_v3']) retrieved from /home/airflow/.local/lib/python3.7/site-packages/airflow/example_dags/example_branch_python_dop_operator_3.py
[2023-08-07T08:06:17.035+0000] {logging_mixin.py:150} INFO - [2023-08-07T08:06:17.035+0000] {dag.py:2742} INFO - Sync 1 DAGs
[2023-08-07T08:06:17.059+0000] {logging_mixin.py:150} INFO - [2023-08-07T08:06:17.058+0000] {dag.py:3508} INFO - Setting next_dagrun for example_branch_dop_operator_v3 to 2023-08-07T08:05:00+00:00, run_after=2023-08-07T08:06:00+00:00
[2023-08-07T08:06:17.074+0000] {processor.py:179} INFO - Processing /home/airflow/.local/lib/python3.7/site-packages/airflow/example_dags/example_branch_python_dop_operator_3.py took 0.079 seconds
[2023-08-07T08:06:47.113+0000] {processor.py:157} INFO - Started process (PID=1900) to work on /home/airflow/.local/lib/python3.7/site-packages/airflow/example_dags/example_branch_python_dop_operator_3.py
[2023-08-07T08:06:47.115+0000] {processor.py:826} INFO - Processing file /home/airflow/.local/lib/python3.7/site-packages/airflow/example_dags/example_branch_python_dop_operator_3.py for tasks to queue
[2023-08-07T08:06:47.116+0000] {logging_mixin.py:150} INFO - [2023-08-07T08:06:47.115+0000] {dagbag.py:541} INFO - Filling up the DagBag from /home/airflow/.local/lib/python3.7/site-packages/airflow/example_dags/example_branch_python_dop_operator_3.py
[2023-08-07T08:06:47.123+0000] {processor.py:836} INFO - DAG(s) dict_keys(['example_branch_dop_operator_v3']) retrieved from /home/airflow/.local/lib/python3.7/site-packages/airflow/example_dags/example_branch_python_dop_operator_3.py
[2023-08-07T08:06:47.146+0000] {logging_mixin.py:150} INFO - [2023-08-07T08:06:47.146+0000] {dag.py:2742} INFO - Sync 1 DAGs
[2023-08-07T08:06:47.168+0000] {logging_mixin.py:150} INFO - [2023-08-07T08:06:47.168+0000] {dag.py:3508} INFO - Setting next_dagrun for example_branch_dop_operator_v3 to 2023-08-07T08:05:00+00:00, run_after=2023-08-07T08:06:00+00:00
[2023-08-07T08:06:47.182+0000] {processor.py:179} INFO - Processing /home/airflow/.local/lib/python3.7/site-packages/airflow/example_dags/example_branch_python_dop_operator_3.py took 0.072 seconds
[2023-08-07T08:07:17.336+0000] {processor.py:157} INFO - Started process (PID=2142) to work on /home/airflow/.local/lib/python3.7/site-packages/airflow/example_dags/example_branch_python_dop_operator_3.py
[2023-08-07T08:07:17.337+0000] {processor.py:826} INFO - Processing file /home/airflow/.local/lib/python3.7/site-packages/airflow/example_dags/example_branch_python_dop_operator_3.py for tasks to queue
[2023-08-07T08:07:17.338+0000] {logging_mixin.py:150} INFO - [2023-08-07T08:07:17.338+0000] {dagbag.py:541} INFO - Filling up the DagBag from /home/airflow/.local/lib/python3.7/site-packages/airflow/example_dags/example_branch_python_dop_operator_3.py
[2023-08-07T08:07:17.345+0000] {processor.py:836} INFO - DAG(s) dict_keys(['example_branch_dop_operator_v3']) retrieved from /home/airflow/.local/lib/python3.7/site-packages/airflow/example_dags/example_branch_python_dop_operator_3.py
[2023-08-07T08:07:17.370+0000] {logging_mixin.py:150} INFO - [2023-08-07T08:07:17.370+0000] {dag.py:2742} INFO - Sync 1 DAGs
[2023-08-07T08:07:17.394+0000] {logging_mixin.py:150} INFO - [2023-08-07T08:07:17.393+0000] {dag.py:3508} INFO - Setting next_dagrun for example_branch_dop_operator_v3 to 2023-08-07T08:06:00+00:00, run_after=2023-08-07T08:07:00+00:00
[2023-08-07T08:07:17.409+0000] {processor.py:179} INFO - Processing /home/airflow/.local/lib/python3.7/site-packages/airflow/example_dags/example_branch_python_dop_operator_3.py took 0.077 seconds
[2023-08-07T08:07:47.518+0000] {processor.py:157} INFO - Started process (PID=2384) to work on /home/airflow/.local/lib/python3.7/site-packages/airflow/example_dags/example_branch_python_dop_operator_3.py
[2023-08-07T08:07:47.519+0000] {processor.py:826} INFO - Processing file /home/airflow/.local/lib/python3.7/site-packages/airflow/example_dags/example_branch_python_dop_operator_3.py for tasks to queue
[2023-08-07T08:07:47.520+0000] {logging_mixin.py:150} INFO - [2023-08-07T08:07:47.520+0000] {dagbag.py:541} INFO - Filling up the DagBag from /home/airflow/.local/lib/python3.7/site-packages/airflow/example_dags/example_branch_python_dop_operator_3.py
[2023-08-07T08:07:47.527+0000] {processor.py:836} INFO - DAG(s) dict_keys(['example_branch_dop_operator_v3']) retrieved from /home/airflow/.local/lib/python3.7/site-packages/airflow/example_dags/example_branch_python_dop_operator_3.py
[2023-08-07T08:07:47.549+0000] {logging_mixin.py:150} INFO - [2023-08-07T08:07:47.549+0000] {dag.py:2742} INFO - Sync 1 DAGs
[2023-08-07T08:07:47.570+0000] {logging_mixin.py:150} INFO - [2023-08-07T08:07:47.570+0000] {dag.py:3508} INFO - Setting next_dagrun for example_branch_dop_operator_v3 to 2023-08-07T08:06:00+00:00, run_after=2023-08-07T08:07:00+00:00
[2023-08-07T08:07:47.583+0000] {processor.py:179} INFO - Processing /home/airflow/.local/lib/python3.7/site-packages/airflow/example_dags/example_branch_python_dop_operator_3.py took 0.069 seconds
[2023-08-07T08:08:17.903+0000] {processor.py:157} INFO - Started process (PID=2629) to work on /home/airflow/.local/lib/python3.7/site-packages/airflow/example_dags/example_branch_python_dop_operator_3.py
[2023-08-07T08:08:17.904+0000] {processor.py:826} INFO - Processing file /home/airflow/.local/lib/python3.7/site-packages/airflow/example_dags/example_branch_python_dop_operator_3.py for tasks to queue
[2023-08-07T08:08:17.905+0000] {logging_mixin.py:150} INFO - [2023-08-07T08:08:17.905+0000] {dagbag.py:541} INFO - Filling up the DagBag from /home/airflow/.local/lib/python3.7/site-packages/airflow/example_dags/example_branch_python_dop_operator_3.py
[2023-08-07T08:08:17.914+0000] {processor.py:836} INFO - DAG(s) dict_keys(['example_branch_dop_operator_v3']) retrieved from /home/airflow/.local/lib/python3.7/site-packages/airflow/example_dags/example_branch_python_dop_operator_3.py
[2023-08-07T08:08:17.937+0000] {logging_mixin.py:150} INFO - [2023-08-07T08:08:17.937+0000] {dag.py:2742} INFO - Sync 1 DAGs
[2023-08-07T08:08:17.959+0000] {logging_mixin.py:150} INFO - [2023-08-07T08:08:17.959+0000] {dag.py:3508} INFO - Setting next_dagrun for example_branch_dop_operator_v3 to 2023-08-07T08:07:00+00:00, run_after=2023-08-07T08:08:00+00:00
[2023-08-07T08:08:17.972+0000] {processor.py:179} INFO - Processing /home/airflow/.local/lib/python3.7/site-packages/airflow/example_dags/example_branch_python_dop_operator_3.py took 0.073 seconds
[2023-08-07T08:08:48.227+0000] {processor.py:157} INFO - Started process (PID=2871) to work on /home/airflow/.local/lib/python3.7/site-packages/airflow/example_dags/example_branch_python_dop_operator_3.py
[2023-08-07T08:08:48.229+0000] {processor.py:826} INFO - Processing file /home/airflow/.local/lib/python3.7/site-packages/airflow/example_dags/example_branch_python_dop_operator_3.py for tasks to queue
[2023-08-07T08:08:48.230+0000] {logging_mixin.py:150} INFO - [2023-08-07T08:08:48.229+0000] {dagbag.py:541} INFO - Filling up the DagBag from /home/airflow/.local/lib/python3.7/site-packages/airflow/example_dags/example_branch_python_dop_operator_3.py
[2023-08-07T08:08:48.237+0000] {processor.py:836} INFO - DAG(s) dict_keys(['example_branch_dop_operator_v3']) retrieved from /home/airflow/.local/lib/python3.7/site-packages/airflow/example_dags/example_branch_python_dop_operator_3.py
[2023-08-07T08:08:48.260+0000] {logging_mixin.py:150} INFO - [2023-08-07T08:08:48.260+0000] {dag.py:2742} INFO - Sync 1 DAGs
[2023-08-07T08:08:48.283+0000] {logging_mixin.py:150} INFO - [2023-08-07T08:08:48.283+0000] {dag.py:3508} INFO - Setting next_dagrun for example_branch_dop_operator_v3 to 2023-08-07T08:07:00+00:00, run_after=2023-08-07T08:08:00+00:00
[2023-08-07T08:08:48.296+0000] {processor.py:179} INFO - Processing /home/airflow/.local/lib/python3.7/site-packages/airflow/example_dags/example_branch_python_dop_operator_3.py took 0.072 seconds
