[2023-08-07T08:03:14.994+0000] {processor.py:157} INFO - Started process (PID=223) to work on /home/airflow/.local/lib/python3.7/site-packages/airflow/example_dags/example_sensors.py
[2023-08-07T08:03:14.995+0000] {processor.py:826} INFO - Processing file /home/airflow/.local/lib/python3.7/site-packages/airflow/example_dags/example_sensors.py for tasks to queue
[2023-08-07T08:03:14.996+0000] {logging_mixin.py:150} INFO - [2023-08-07T08:03:14.996+0000] {dagbag.py:541} INFO - Filling up the DagBag from /home/airflow/.local/lib/python3.7/site-packages/airflow/example_dags/example_sensors.py
[2023-08-07T08:03:15.007+0000] {processor.py:836} INFO - DAG(s) dict_keys(['example_sensors']) retrieved from /home/airflow/.local/lib/python3.7/site-packages/airflow/example_dags/example_sensors.py
[2023-08-07T08:03:15.023+0000] {logging_mixin.py:150} INFO - [2023-08-07T08:03:15.023+0000] {dag.py:2742} INFO - Sync 1 DAGs
[2023-08-07T08:03:15.045+0000] {logging_mixin.py:150} INFO - [2023-08-07T08:03:15.045+0000] {dag.py:3508} INFO - Setting next_dagrun for example_sensors to None, run_after=None
[2023-08-07T08:03:15.060+0000] {processor.py:179} INFO - Processing /home/airflow/.local/lib/python3.7/site-packages/airflow/example_dags/example_sensors.py took 0.069 seconds
[2023-08-07T08:03:45.597+0000] {processor.py:157} INFO - Started process (PID=465) to work on /home/airflow/.local/lib/python3.7/site-packages/airflow/example_dags/example_sensors.py
[2023-08-07T08:03:45.598+0000] {processor.py:826} INFO - Processing file /home/airflow/.local/lib/python3.7/site-packages/airflow/example_dags/example_sensors.py for tasks to queue
[2023-08-07T08:03:45.599+0000] {logging_mixin.py:150} INFO - [2023-08-07T08:03:45.599+0000] {dagbag.py:541} INFO - Filling up the DagBag from /home/airflow/.local/lib/python3.7/site-packages/airflow/example_dags/example_sensors.py
[2023-08-07T08:03:45.608+0000] {processor.py:836} INFO - DAG(s) dict_keys(['example_sensors']) retrieved from /home/airflow/.local/lib/python3.7/site-packages/airflow/example_dags/example_sensors.py
[2023-08-07T08:03:45.655+0000] {logging_mixin.py:150} INFO - [2023-08-07T08:03:45.654+0000] {dag.py:2742} INFO - Sync 1 DAGs
[2023-08-07T08:03:45.690+0000] {logging_mixin.py:150} INFO - [2023-08-07T08:03:45.689+0000] {dag.py:3508} INFO - Setting next_dagrun for example_sensors to None, run_after=None
[2023-08-07T08:03:45.705+0000] {processor.py:179} INFO - Processing /home/airflow/.local/lib/python3.7/site-packages/airflow/example_dags/example_sensors.py took 0.112 seconds
[2023-08-07T08:04:16.082+0000] {processor.py:157} INFO - Started process (PID=706) to work on /home/airflow/.local/lib/python3.7/site-packages/airflow/example_dags/example_sensors.py
[2023-08-07T08:04:16.083+0000] {processor.py:826} INFO - Processing file /home/airflow/.local/lib/python3.7/site-packages/airflow/example_dags/example_sensors.py for tasks to queue
[2023-08-07T08:04:16.084+0000] {logging_mixin.py:150} INFO - [2023-08-07T08:04:16.084+0000] {dagbag.py:541} INFO - Filling up the DagBag from /home/airflow/.local/lib/python3.7/site-packages/airflow/example_dags/example_sensors.py
[2023-08-07T08:04:16.093+0000] {processor.py:836} INFO - DAG(s) dict_keys(['example_sensors']) retrieved from /home/airflow/.local/lib/python3.7/site-packages/airflow/example_dags/example_sensors.py
[2023-08-07T08:04:16.118+0000] {logging_mixin.py:150} INFO - [2023-08-07T08:04:16.118+0000] {dag.py:2742} INFO - Sync 1 DAGs
[2023-08-07T08:04:16.136+0000] {logging_mixin.py:150} INFO - [2023-08-07T08:04:16.136+0000] {dag.py:3508} INFO - Setting next_dagrun for example_sensors to None, run_after=None
[2023-08-07T08:04:16.150+0000] {processor.py:179} INFO - Processing /home/airflow/.local/lib/python3.7/site-packages/airflow/example_dags/example_sensors.py took 0.071 seconds
[2023-08-07T08:04:46.419+0000] {processor.py:157} INFO - Started process (PID=948) to work on /home/airflow/.local/lib/python3.7/site-packages/airflow/example_dags/example_sensors.py
[2023-08-07T08:04:46.420+0000] {processor.py:826} INFO - Processing file /home/airflow/.local/lib/python3.7/site-packages/airflow/example_dags/example_sensors.py for tasks to queue
[2023-08-07T08:04:46.422+0000] {logging_mixin.py:150} INFO - [2023-08-07T08:04:46.422+0000] {dagbag.py:541} INFO - Filling up the DagBag from /home/airflow/.local/lib/python3.7/site-packages/airflow/example_dags/example_sensors.py
[2023-08-07T08:04:46.431+0000] {processor.py:836} INFO - DAG(s) dict_keys(['example_sensors']) retrieved from /home/airflow/.local/lib/python3.7/site-packages/airflow/example_dags/example_sensors.py
[2023-08-07T08:04:46.457+0000] {logging_mixin.py:150} INFO - [2023-08-07T08:04:46.457+0000] {dag.py:2742} INFO - Sync 1 DAGs
[2023-08-07T08:04:46.475+0000] {logging_mixin.py:150} INFO - [2023-08-07T08:04:46.475+0000] {dag.py:3508} INFO - Setting next_dagrun for example_sensors to None, run_after=None
[2023-08-07T08:04:46.488+0000] {processor.py:179} INFO - Processing /home/airflow/.local/lib/python3.7/site-packages/airflow/example_dags/example_sensors.py took 0.073 seconds
[2023-08-07T08:05:16.790+0000] {processor.py:157} INFO - Started process (PID=1190) to work on /home/airflow/.local/lib/python3.7/site-packages/airflow/example_dags/example_sensors.py
[2023-08-07T08:05:16.792+0000] {processor.py:826} INFO - Processing file /home/airflow/.local/lib/python3.7/site-packages/airflow/example_dags/example_sensors.py for tasks to queue
[2023-08-07T08:05:16.793+0000] {logging_mixin.py:150} INFO - [2023-08-07T08:05:16.793+0000] {dagbag.py:541} INFO - Filling up the DagBag from /home/airflow/.local/lib/python3.7/site-packages/airflow/example_dags/example_sensors.py
[2023-08-07T08:05:16.802+0000] {processor.py:836} INFO - DAG(s) dict_keys(['example_sensors']) retrieved from /home/airflow/.local/lib/python3.7/site-packages/airflow/example_dags/example_sensors.py
[2023-08-07T08:05:16.829+0000] {logging_mixin.py:150} INFO - [2023-08-07T08:05:16.829+0000] {dag.py:2742} INFO - Sync 1 DAGs
[2023-08-07T08:05:16.847+0000] {logging_mixin.py:150} INFO - [2023-08-07T08:05:16.847+0000] {dag.py:3508} INFO - Setting next_dagrun for example_sensors to None, run_after=None
[2023-08-07T08:05:16.861+0000] {processor.py:179} INFO - Processing /home/airflow/.local/lib/python3.7/site-packages/airflow/example_dags/example_sensors.py took 0.074 seconds
[2023-08-07T08:05:47.178+0000] {processor.py:157} INFO - Started process (PID=1432) to work on /home/airflow/.local/lib/python3.7/site-packages/airflow/example_dags/example_sensors.py
[2023-08-07T08:05:47.179+0000] {processor.py:826} INFO - Processing file /home/airflow/.local/lib/python3.7/site-packages/airflow/example_dags/example_sensors.py for tasks to queue
[2023-08-07T08:05:47.181+0000] {logging_mixin.py:150} INFO - [2023-08-07T08:05:47.180+0000] {dagbag.py:541} INFO - Filling up the DagBag from /home/airflow/.local/lib/python3.7/site-packages/airflow/example_dags/example_sensors.py
[2023-08-07T08:05:47.189+0000] {processor.py:836} INFO - DAG(s) dict_keys(['example_sensors']) retrieved from /home/airflow/.local/lib/python3.7/site-packages/airflow/example_dags/example_sensors.py
[2023-08-07T08:05:47.216+0000] {logging_mixin.py:150} INFO - [2023-08-07T08:05:47.216+0000] {dag.py:2742} INFO - Sync 1 DAGs
[2023-08-07T08:05:47.237+0000] {logging_mixin.py:150} INFO - [2023-08-07T08:05:47.237+0000] {dag.py:3508} INFO - Setting next_dagrun for example_sensors to None, run_after=None
[2023-08-07T08:05:47.250+0000] {processor.py:179} INFO - Processing /home/airflow/.local/lib/python3.7/site-packages/airflow/example_dags/example_sensors.py took 0.075 seconds
[2023-08-07T08:06:17.382+0000] {processor.py:157} INFO - Started process (PID=1688) to work on /home/airflow/.local/lib/python3.7/site-packages/airflow/example_dags/example_sensors.py
[2023-08-07T08:06:17.383+0000] {processor.py:826} INFO - Processing file /home/airflow/.local/lib/python3.7/site-packages/airflow/example_dags/example_sensors.py for tasks to queue
[2023-08-07T08:06:17.389+0000] {logging_mixin.py:150} INFO - [2023-08-07T08:06:17.389+0000] {dagbag.py:541} INFO - Filling up the DagBag from /home/airflow/.local/lib/python3.7/site-packages/airflow/example_dags/example_sensors.py
[2023-08-07T08:06:17.399+0000] {processor.py:836} INFO - DAG(s) dict_keys(['example_sensors']) retrieved from /home/airflow/.local/lib/python3.7/site-packages/airflow/example_dags/example_sensors.py
[2023-08-07T08:06:17.425+0000] {logging_mixin.py:150} INFO - [2023-08-07T08:06:17.425+0000] {dag.py:2742} INFO - Sync 1 DAGs
[2023-08-07T08:06:17.445+0000] {logging_mixin.py:150} INFO - [2023-08-07T08:06:17.444+0000] {dag.py:3508} INFO - Setting next_dagrun for example_sensors to None, run_after=None
[2023-08-07T08:06:17.459+0000] {processor.py:179} INFO - Processing /home/airflow/.local/lib/python3.7/site-packages/airflow/example_dags/example_sensors.py took 0.081 seconds
[2023-08-07T08:06:47.509+0000] {processor.py:157} INFO - Started process (PID=1930) to work on /home/airflow/.local/lib/python3.7/site-packages/airflow/example_dags/example_sensors.py
[2023-08-07T08:06:47.511+0000] {processor.py:826} INFO - Processing file /home/airflow/.local/lib/python3.7/site-packages/airflow/example_dags/example_sensors.py for tasks to queue
[2023-08-07T08:06:47.512+0000] {logging_mixin.py:150} INFO - [2023-08-07T08:06:47.511+0000] {dagbag.py:541} INFO - Filling up the DagBag from /home/airflow/.local/lib/python3.7/site-packages/airflow/example_dags/example_sensors.py
[2023-08-07T08:06:47.520+0000] {processor.py:836} INFO - DAG(s) dict_keys(['example_sensors']) retrieved from /home/airflow/.local/lib/python3.7/site-packages/airflow/example_dags/example_sensors.py
[2023-08-07T08:06:47.548+0000] {logging_mixin.py:150} INFO - [2023-08-07T08:06:47.548+0000] {dag.py:2742} INFO - Sync 1 DAGs
[2023-08-07T08:06:47.569+0000] {logging_mixin.py:150} INFO - [2023-08-07T08:06:47.568+0000] {dag.py:3508} INFO - Setting next_dagrun for example_sensors to None, run_after=None
[2023-08-07T08:06:47.582+0000] {processor.py:179} INFO - Processing /home/airflow/.local/lib/python3.7/site-packages/airflow/example_dags/example_sensors.py took 0.076 seconds
[2023-08-07T08:07:17.700+0000] {processor.py:157} INFO - Started process (PID=2172) to work on /home/airflow/.local/lib/python3.7/site-packages/airflow/example_dags/example_sensors.py
[2023-08-07T08:07:17.701+0000] {processor.py:826} INFO - Processing file /home/airflow/.local/lib/python3.7/site-packages/airflow/example_dags/example_sensors.py for tasks to queue
[2023-08-07T08:07:17.703+0000] {logging_mixin.py:150} INFO - [2023-08-07T08:07:17.702+0000] {dagbag.py:541} INFO - Filling up the DagBag from /home/airflow/.local/lib/python3.7/site-packages/airflow/example_dags/example_sensors.py
[2023-08-07T08:07:17.711+0000] {processor.py:836} INFO - DAG(s) dict_keys(['example_sensors']) retrieved from /home/airflow/.local/lib/python3.7/site-packages/airflow/example_dags/example_sensors.py
[2023-08-07T08:07:17.737+0000] {logging_mixin.py:150} INFO - [2023-08-07T08:07:17.737+0000] {dag.py:2742} INFO - Sync 1 DAGs
[2023-08-07T08:07:17.756+0000] {logging_mixin.py:150} INFO - [2023-08-07T08:07:17.756+0000] {dag.py:3508} INFO - Setting next_dagrun for example_sensors to None, run_after=None
[2023-08-07T08:07:17.769+0000] {processor.py:179} INFO - Processing /home/airflow/.local/lib/python3.7/site-packages/airflow/example_dags/example_sensors.py took 0.073 seconds
[2023-08-07T08:07:47.957+0000] {processor.py:157} INFO - Started process (PID=2415) to work on /home/airflow/.local/lib/python3.7/site-packages/airflow/example_dags/example_sensors.py
[2023-08-07T08:07:47.959+0000] {processor.py:826} INFO - Processing file /home/airflow/.local/lib/python3.7/site-packages/airflow/example_dags/example_sensors.py for tasks to queue
[2023-08-07T08:07:47.960+0000] {logging_mixin.py:150} INFO - [2023-08-07T08:07:47.959+0000] {dagbag.py:541} INFO - Filling up the DagBag from /home/airflow/.local/lib/python3.7/site-packages/airflow/example_dags/example_sensors.py
[2023-08-07T08:07:47.968+0000] {processor.py:836} INFO - DAG(s) dict_keys(['example_sensors']) retrieved from /home/airflow/.local/lib/python3.7/site-packages/airflow/example_dags/example_sensors.py
[2023-08-07T08:07:47.993+0000] {logging_mixin.py:150} INFO - [2023-08-07T08:07:47.993+0000] {dag.py:2742} INFO - Sync 1 DAGs
[2023-08-07T08:07:48.012+0000] {logging_mixin.py:150} INFO - [2023-08-07T08:07:48.012+0000] {dag.py:3508} INFO - Setting next_dagrun for example_sensors to None, run_after=None
[2023-08-07T08:07:48.027+0000] {processor.py:179} INFO - Processing /home/airflow/.local/lib/python3.7/site-packages/airflow/example_dags/example_sensors.py took 0.073 seconds
[2023-08-07T08:08:18.286+0000] {processor.py:157} INFO - Started process (PID=2657) to work on /home/airflow/.local/lib/python3.7/site-packages/airflow/example_dags/example_sensors.py
[2023-08-07T08:08:18.287+0000] {processor.py:826} INFO - Processing file /home/airflow/.local/lib/python3.7/site-packages/airflow/example_dags/example_sensors.py for tasks to queue
[2023-08-07T08:08:18.288+0000] {logging_mixin.py:150} INFO - [2023-08-07T08:08:18.288+0000] {dagbag.py:541} INFO - Filling up the DagBag from /home/airflow/.local/lib/python3.7/site-packages/airflow/example_dags/example_sensors.py
[2023-08-07T08:08:18.297+0000] {processor.py:836} INFO - DAG(s) dict_keys(['example_sensors']) retrieved from /home/airflow/.local/lib/python3.7/site-packages/airflow/example_dags/example_sensors.py
[2023-08-07T08:08:18.322+0000] {logging_mixin.py:150} INFO - [2023-08-07T08:08:18.322+0000] {dag.py:2742} INFO - Sync 1 DAGs
[2023-08-07T08:08:18.341+0000] {logging_mixin.py:150} INFO - [2023-08-07T08:08:18.341+0000] {dag.py:3508} INFO - Setting next_dagrun for example_sensors to None, run_after=None
[2023-08-07T08:08:18.356+0000] {processor.py:179} INFO - Processing /home/airflow/.local/lib/python3.7/site-packages/airflow/example_dags/example_sensors.py took 0.074 seconds
[2023-08-07T08:08:48.583+0000] {processor.py:157} INFO - Started process (PID=2899) to work on /home/airflow/.local/lib/python3.7/site-packages/airflow/example_dags/example_sensors.py
[2023-08-07T08:08:48.585+0000] {processor.py:826} INFO - Processing file /home/airflow/.local/lib/python3.7/site-packages/airflow/example_dags/example_sensors.py for tasks to queue
[2023-08-07T08:08:48.586+0000] {logging_mixin.py:150} INFO - [2023-08-07T08:08:48.586+0000] {dagbag.py:541} INFO - Filling up the DagBag from /home/airflow/.local/lib/python3.7/site-packages/airflow/example_dags/example_sensors.py
[2023-08-07T08:08:48.594+0000] {processor.py:836} INFO - DAG(s) dict_keys(['example_sensors']) retrieved from /home/airflow/.local/lib/python3.7/site-packages/airflow/example_dags/example_sensors.py
[2023-08-07T08:08:48.621+0000] {logging_mixin.py:150} INFO - [2023-08-07T08:08:48.621+0000] {dag.py:2742} INFO - Sync 1 DAGs
[2023-08-07T08:08:48.639+0000] {logging_mixin.py:150} INFO - [2023-08-07T08:08:48.639+0000] {dag.py:3508} INFO - Setting next_dagrun for example_sensors to None, run_after=None
[2023-08-07T08:08:48.653+0000] {processor.py:179} INFO - Processing /home/airflow/.local/lib/python3.7/site-packages/airflow/example_dags/example_sensors.py took 0.073 seconds
