[2023-08-07T08:03:15.398+0000] {processor.py:157} INFO - Started process (PID=258) to work on /home/airflow/.local/lib/python3.7/site-packages/airflow/example_dags/example_branch_labels.py
[2023-08-07T08:03:15.399+0000] {processor.py:826} INFO - Processing file /home/airflow/.local/lib/python3.7/site-packages/airflow/example_dags/example_branch_labels.py for tasks to queue
[2023-08-07T08:03:15.401+0000] {logging_mixin.py:150} INFO - [2023-08-07T08:03:15.400+0000] {dagbag.py:541} INFO - Filling up the DagBag from /home/airflow/.local/lib/python3.7/site-packages/airflow/example_dags/example_branch_labels.py
[2023-08-07T08:03:15.409+0000] {processor.py:836} INFO - DAG(s) dict_keys(['example_branch_labels']) retrieved from /home/airflow/.local/lib/python3.7/site-packages/airflow/example_dags/example_branch_labels.py
[2023-08-07T08:03:15.424+0000] {logging_mixin.py:150} INFO - [2023-08-07T08:03:15.423+0000] {dag.py:2742} INFO - Sync 1 DAGs
[2023-08-07T08:03:15.446+0000] {logging_mixin.py:150} INFO - [2023-08-07T08:03:15.446+0000] {dag.py:3508} INFO - Setting next_dagrun for example_branch_labels to 2023-08-06T00:00:00+00:00, run_after=2023-08-07T00:00:00+00:00
[2023-08-07T08:03:15.460+0000] {processor.py:179} INFO - Processing /home/airflow/.local/lib/python3.7/site-packages/airflow/example_dags/example_branch_labels.py took 0.065 seconds
[2023-08-07T08:03:45.967+0000] {processor.py:157} INFO - Started process (PID=498) to work on /home/airflow/.local/lib/python3.7/site-packages/airflow/example_dags/example_branch_labels.py
[2023-08-07T08:03:45.968+0000] {processor.py:826} INFO - Processing file /home/airflow/.local/lib/python3.7/site-packages/airflow/example_dags/example_branch_labels.py for tasks to queue
[2023-08-07T08:03:45.969+0000] {logging_mixin.py:150} INFO - [2023-08-07T08:03:45.969+0000] {dagbag.py:541} INFO - Filling up the DagBag from /home/airflow/.local/lib/python3.7/site-packages/airflow/example_dags/example_branch_labels.py
[2023-08-07T08:03:45.977+0000] {processor.py:836} INFO - DAG(s) dict_keys(['example_branch_labels']) retrieved from /home/airflow/.local/lib/python3.7/site-packages/airflow/example_dags/example_branch_labels.py
[2023-08-07T08:03:46.001+0000] {logging_mixin.py:150} INFO - [2023-08-07T08:03:46.001+0000] {dag.py:2742} INFO - Sync 1 DAGs
[2023-08-07T08:03:46.022+0000] {logging_mixin.py:150} INFO - [2023-08-07T08:03:46.021+0000] {dag.py:3508} INFO - Setting next_dagrun for example_branch_labels to 2023-08-06T00:00:00+00:00, run_after=2023-08-07T00:00:00+00:00
[2023-08-07T08:03:46.036+0000] {processor.py:179} INFO - Processing /home/airflow/.local/lib/python3.7/site-packages/airflow/example_dags/example_branch_labels.py took 0.072 seconds
[2023-08-07T08:04:16.490+0000] {processor.py:157} INFO - Started process (PID=741) to work on /home/airflow/.local/lib/python3.7/site-packages/airflow/example_dags/example_branch_labels.py
[2023-08-07T08:04:16.491+0000] {processor.py:826} INFO - Processing file /home/airflow/.local/lib/python3.7/site-packages/airflow/example_dags/example_branch_labels.py for tasks to queue
[2023-08-07T08:04:16.492+0000] {logging_mixin.py:150} INFO - [2023-08-07T08:04:16.492+0000] {dagbag.py:541} INFO - Filling up the DagBag from /home/airflow/.local/lib/python3.7/site-packages/airflow/example_dags/example_branch_labels.py
[2023-08-07T08:04:16.499+0000] {processor.py:836} INFO - DAG(s) dict_keys(['example_branch_labels']) retrieved from /home/airflow/.local/lib/python3.7/site-packages/airflow/example_dags/example_branch_labels.py
[2023-08-07T08:04:16.528+0000] {logging_mixin.py:150} INFO - [2023-08-07T08:04:16.528+0000] {dag.py:2742} INFO - Sync 1 DAGs
[2023-08-07T08:04:16.551+0000] {logging_mixin.py:150} INFO - [2023-08-07T08:04:16.551+0000] {dag.py:3508} INFO - Setting next_dagrun for example_branch_labels to 2023-08-06T00:00:00+00:00, run_after=2023-08-07T00:00:00+00:00
[2023-08-07T08:04:16.572+0000] {processor.py:179} INFO - Processing /home/airflow/.local/lib/python3.7/site-packages/airflow/example_dags/example_branch_labels.py took 0.086 seconds
[2023-08-07T08:04:46.780+0000] {processor.py:157} INFO - Started process (PID=983) to work on /home/airflow/.local/lib/python3.7/site-packages/airflow/example_dags/example_branch_labels.py
[2023-08-07T08:04:46.782+0000] {processor.py:826} INFO - Processing file /home/airflow/.local/lib/python3.7/site-packages/airflow/example_dags/example_branch_labels.py for tasks to queue
[2023-08-07T08:04:46.783+0000] {logging_mixin.py:150} INFO - [2023-08-07T08:04:46.782+0000] {dagbag.py:541} INFO - Filling up the DagBag from /home/airflow/.local/lib/python3.7/site-packages/airflow/example_dags/example_branch_labels.py
[2023-08-07T08:04:46.790+0000] {processor.py:836} INFO - DAG(s) dict_keys(['example_branch_labels']) retrieved from /home/airflow/.local/lib/python3.7/site-packages/airflow/example_dags/example_branch_labels.py
[2023-08-07T08:04:46.814+0000] {logging_mixin.py:150} INFO - [2023-08-07T08:04:46.814+0000] {dag.py:2742} INFO - Sync 1 DAGs
[2023-08-07T08:04:46.833+0000] {logging_mixin.py:150} INFO - [2023-08-07T08:04:46.833+0000] {dag.py:3508} INFO - Setting next_dagrun for example_branch_labels to 2023-08-06T00:00:00+00:00, run_after=2023-08-07T00:00:00+00:00
[2023-08-07T08:04:46.846+0000] {processor.py:179} INFO - Processing /home/airflow/.local/lib/python3.7/site-packages/airflow/example_dags/example_branch_labels.py took 0.069 seconds
[2023-08-07T08:05:17.129+0000] {processor.py:157} INFO - Started process (PID=1225) to work on /home/airflow/.local/lib/python3.7/site-packages/airflow/example_dags/example_branch_labels.py
[2023-08-07T08:05:17.130+0000] {processor.py:826} INFO - Processing file /home/airflow/.local/lib/python3.7/site-packages/airflow/example_dags/example_branch_labels.py for tasks to queue
[2023-08-07T08:05:17.131+0000] {logging_mixin.py:150} INFO - [2023-08-07T08:05:17.131+0000] {dagbag.py:541} INFO - Filling up the DagBag from /home/airflow/.local/lib/python3.7/site-packages/airflow/example_dags/example_branch_labels.py
[2023-08-07T08:05:17.138+0000] {processor.py:836} INFO - DAG(s) dict_keys(['example_branch_labels']) retrieved from /home/airflow/.local/lib/python3.7/site-packages/airflow/example_dags/example_branch_labels.py
[2023-08-07T08:05:17.162+0000] {logging_mixin.py:150} INFO - [2023-08-07T08:05:17.162+0000] {dag.py:2742} INFO - Sync 1 DAGs
[2023-08-07T08:05:17.182+0000] {logging_mixin.py:150} INFO - [2023-08-07T08:05:17.182+0000] {dag.py:3508} INFO - Setting next_dagrun for example_branch_labels to 2023-08-06T00:00:00+00:00, run_after=2023-08-07T00:00:00+00:00
[2023-08-07T08:05:17.194+0000] {processor.py:179} INFO - Processing /home/airflow/.local/lib/python3.7/site-packages/airflow/example_dags/example_branch_labels.py took 0.068 seconds
[2023-08-07T08:05:47.537+0000] {processor.py:157} INFO - Started process (PID=1467) to work on /home/airflow/.local/lib/python3.7/site-packages/airflow/example_dags/example_branch_labels.py
[2023-08-07T08:05:47.538+0000] {processor.py:826} INFO - Processing file /home/airflow/.local/lib/python3.7/site-packages/airflow/example_dags/example_branch_labels.py for tasks to queue
[2023-08-07T08:05:47.539+0000] {logging_mixin.py:150} INFO - [2023-08-07T08:05:47.539+0000] {dagbag.py:541} INFO - Filling up the DagBag from /home/airflow/.local/lib/python3.7/site-packages/airflow/example_dags/example_branch_labels.py
[2023-08-07T08:05:47.546+0000] {processor.py:836} INFO - DAG(s) dict_keys(['example_branch_labels']) retrieved from /home/airflow/.local/lib/python3.7/site-packages/airflow/example_dags/example_branch_labels.py
[2023-08-07T08:05:47.571+0000] {logging_mixin.py:150} INFO - [2023-08-07T08:05:47.570+0000] {dag.py:2742} INFO - Sync 1 DAGs
[2023-08-07T08:05:47.591+0000] {logging_mixin.py:150} INFO - [2023-08-07T08:05:47.591+0000] {dag.py:3508} INFO - Setting next_dagrun for example_branch_labels to 2023-08-06T00:00:00+00:00, run_after=2023-08-07T00:00:00+00:00
[2023-08-07T08:05:47.605+0000] {processor.py:179} INFO - Processing /home/airflow/.local/lib/python3.7/site-packages/airflow/example_dags/example_branch_labels.py took 0.071 seconds
[2023-08-07T08:06:17.736+0000] {processor.py:157} INFO - Started process (PID=1723) to work on /home/airflow/.local/lib/python3.7/site-packages/airflow/example_dags/example_branch_labels.py
[2023-08-07T08:06:17.738+0000] {processor.py:826} INFO - Processing file /home/airflow/.local/lib/python3.7/site-packages/airflow/example_dags/example_branch_labels.py for tasks to queue
[2023-08-07T08:06:17.739+0000] {logging_mixin.py:150} INFO - [2023-08-07T08:06:17.739+0000] {dagbag.py:541} INFO - Filling up the DagBag from /home/airflow/.local/lib/python3.7/site-packages/airflow/example_dags/example_branch_labels.py
[2023-08-07T08:06:17.746+0000] {processor.py:836} INFO - DAG(s) dict_keys(['example_branch_labels']) retrieved from /home/airflow/.local/lib/python3.7/site-packages/airflow/example_dags/example_branch_labels.py
[2023-08-07T08:06:17.771+0000] {logging_mixin.py:150} INFO - [2023-08-07T08:06:17.771+0000] {dag.py:2742} INFO - Sync 1 DAGs
[2023-08-07T08:06:17.790+0000] {logging_mixin.py:150} INFO - [2023-08-07T08:06:17.790+0000] {dag.py:3508} INFO - Setting next_dagrun for example_branch_labels to 2023-08-06T00:00:00+00:00, run_after=2023-08-07T00:00:00+00:00
[2023-08-07T08:06:17.805+0000] {processor.py:179} INFO - Processing /home/airflow/.local/lib/python3.7/site-packages/airflow/example_dags/example_branch_labels.py took 0.072 seconds
[2023-08-07T08:06:47.898+0000] {processor.py:157} INFO - Started process (PID=1965) to work on /home/airflow/.local/lib/python3.7/site-packages/airflow/example_dags/example_branch_labels.py
[2023-08-07T08:06:47.900+0000] {processor.py:826} INFO - Processing file /home/airflow/.local/lib/python3.7/site-packages/airflow/example_dags/example_branch_labels.py for tasks to queue
[2023-08-07T08:06:47.901+0000] {logging_mixin.py:150} INFO - [2023-08-07T08:06:47.900+0000] {dagbag.py:541} INFO - Filling up the DagBag from /home/airflow/.local/lib/python3.7/site-packages/airflow/example_dags/example_branch_labels.py
[2023-08-07T08:06:47.908+0000] {processor.py:836} INFO - DAG(s) dict_keys(['example_branch_labels']) retrieved from /home/airflow/.local/lib/python3.7/site-packages/airflow/example_dags/example_branch_labels.py
[2023-08-07T08:06:47.933+0000] {logging_mixin.py:150} INFO - [2023-08-07T08:06:47.932+0000] {dag.py:2742} INFO - Sync 1 DAGs
[2023-08-07T08:06:47.952+0000] {logging_mixin.py:150} INFO - [2023-08-07T08:06:47.952+0000] {dag.py:3508} INFO - Setting next_dagrun for example_branch_labels to 2023-08-06T00:00:00+00:00, run_after=2023-08-07T00:00:00+00:00
[2023-08-07T08:06:47.966+0000] {processor.py:179} INFO - Processing /home/airflow/.local/lib/python3.7/site-packages/airflow/example_dags/example_branch_labels.py took 0.071 seconds
[2023-08-07T08:07:17.993+0000] {processor.py:157} INFO - Started process (PID=2202) to work on /home/airflow/.local/lib/python3.7/site-packages/airflow/example_dags/example_branch_labels.py
[2023-08-07T08:07:17.994+0000] {processor.py:826} INFO - Processing file /home/airflow/.local/lib/python3.7/site-packages/airflow/example_dags/example_branch_labels.py for tasks to queue
[2023-08-07T08:07:17.995+0000] {logging_mixin.py:150} INFO - [2023-08-07T08:07:17.995+0000] {dagbag.py:541} INFO - Filling up the DagBag from /home/airflow/.local/lib/python3.7/site-packages/airflow/example_dags/example_branch_labels.py
[2023-08-07T08:07:18.003+0000] {processor.py:836} INFO - DAG(s) dict_keys(['example_branch_labels']) retrieved from /home/airflow/.local/lib/python3.7/site-packages/airflow/example_dags/example_branch_labels.py
[2023-08-07T08:07:18.027+0000] {logging_mixin.py:150} INFO - [2023-08-07T08:07:18.027+0000] {dag.py:2742} INFO - Sync 1 DAGs
[2023-08-07T08:07:18.048+0000] {logging_mixin.py:150} INFO - [2023-08-07T08:07:18.048+0000] {dag.py:3508} INFO - Setting next_dagrun for example_branch_labels to 2023-08-06T00:00:00+00:00, run_after=2023-08-07T00:00:00+00:00
[2023-08-07T08:07:18.062+0000] {processor.py:179} INFO - Processing /home/airflow/.local/lib/python3.7/site-packages/airflow/example_dags/example_branch_labels.py took 0.073 seconds
[2023-08-07T08:07:48.244+0000] {processor.py:157} INFO - Started process (PID=2445) to work on /home/airflow/.local/lib/python3.7/site-packages/airflow/example_dags/example_branch_labels.py
[2023-08-07T08:07:48.246+0000] {processor.py:826} INFO - Processing file /home/airflow/.local/lib/python3.7/site-packages/airflow/example_dags/example_branch_labels.py for tasks to queue
[2023-08-07T08:07:48.247+0000] {logging_mixin.py:150} INFO - [2023-08-07T08:07:48.247+0000] {dagbag.py:541} INFO - Filling up the DagBag from /home/airflow/.local/lib/python3.7/site-packages/airflow/example_dags/example_branch_labels.py
[2023-08-07T08:07:48.254+0000] {processor.py:836} INFO - DAG(s) dict_keys(['example_branch_labels']) retrieved from /home/airflow/.local/lib/python3.7/site-packages/airflow/example_dags/example_branch_labels.py
[2023-08-07T08:07:48.278+0000] {logging_mixin.py:150} INFO - [2023-08-07T08:07:48.278+0000] {dag.py:2742} INFO - Sync 1 DAGs
[2023-08-07T08:07:48.298+0000] {logging_mixin.py:150} INFO - [2023-08-07T08:07:48.298+0000] {dag.py:3508} INFO - Setting next_dagrun for example_branch_labels to 2023-08-06T00:00:00+00:00, run_after=2023-08-07T00:00:00+00:00
[2023-08-07T08:07:48.311+0000] {processor.py:179} INFO - Processing /home/airflow/.local/lib/python3.7/site-packages/airflow/example_dags/example_branch_labels.py took 0.070 seconds
[2023-08-07T08:08:18.577+0000] {processor.py:157} INFO - Started process (PID=2687) to work on /home/airflow/.local/lib/python3.7/site-packages/airflow/example_dags/example_branch_labels.py
[2023-08-07T08:08:18.578+0000] {processor.py:826} INFO - Processing file /home/airflow/.local/lib/python3.7/site-packages/airflow/example_dags/example_branch_labels.py for tasks to queue
[2023-08-07T08:08:18.579+0000] {logging_mixin.py:150} INFO - [2023-08-07T08:08:18.579+0000] {dagbag.py:541} INFO - Filling up the DagBag from /home/airflow/.local/lib/python3.7/site-packages/airflow/example_dags/example_branch_labels.py
[2023-08-07T08:08:18.587+0000] {processor.py:836} INFO - DAG(s) dict_keys(['example_branch_labels']) retrieved from /home/airflow/.local/lib/python3.7/site-packages/airflow/example_dags/example_branch_labels.py
[2023-08-07T08:08:18.611+0000] {logging_mixin.py:150} INFO - [2023-08-07T08:08:18.610+0000] {dag.py:2742} INFO - Sync 1 DAGs
[2023-08-07T08:08:18.636+0000] {logging_mixin.py:150} INFO - [2023-08-07T08:08:18.635+0000] {dag.py:3508} INFO - Setting next_dagrun for example_branch_labels to 2023-08-06T00:00:00+00:00, run_after=2023-08-07T00:00:00+00:00
[2023-08-07T08:08:18.655+0000] {processor.py:179} INFO - Processing /home/airflow/.local/lib/python3.7/site-packages/airflow/example_dags/example_branch_labels.py took 0.082 seconds
[2023-08-07T08:08:48.962+0000] {processor.py:157} INFO - Started process (PID=2934) to work on /home/airflow/.local/lib/python3.7/site-packages/airflow/example_dags/example_branch_labels.py
[2023-08-07T08:08:48.963+0000] {processor.py:826} INFO - Processing file /home/airflow/.local/lib/python3.7/site-packages/airflow/example_dags/example_branch_labels.py for tasks to queue
[2023-08-07T08:08:48.965+0000] {logging_mixin.py:150} INFO - [2023-08-07T08:08:48.964+0000] {dagbag.py:541} INFO - Filling up the DagBag from /home/airflow/.local/lib/python3.7/site-packages/airflow/example_dags/example_branch_labels.py
[2023-08-07T08:08:48.971+0000] {processor.py:836} INFO - DAG(s) dict_keys(['example_branch_labels']) retrieved from /home/airflow/.local/lib/python3.7/site-packages/airflow/example_dags/example_branch_labels.py
[2023-08-07T08:08:48.996+0000] {logging_mixin.py:150} INFO - [2023-08-07T08:08:48.996+0000] {dag.py:2742} INFO - Sync 1 DAGs
[2023-08-07T08:08:49.017+0000] {logging_mixin.py:150} INFO - [2023-08-07T08:08:49.016+0000] {dag.py:3508} INFO - Setting next_dagrun for example_branch_labels to 2023-08-06T00:00:00+00:00, run_after=2023-08-07T00:00:00+00:00
[2023-08-07T08:08:49.031+0000] {processor.py:179} INFO - Processing /home/airflow/.local/lib/python3.7/site-packages/airflow/example_dags/example_branch_labels.py took 0.072 seconds
