[2023-08-07T08:03:16.070+0000] {processor.py:157} INFO - Started process (PID=308) to work on /home/airflow/.local/lib/python3.7/site-packages/airflow/example_dags/example_latest_only_with_trigger.py
[2023-08-07T08:03:16.071+0000] {processor.py:826} INFO - Processing file /home/airflow/.local/lib/python3.7/site-packages/airflow/example_dags/example_latest_only_with_trigger.py for tasks to queue
[2023-08-07T08:03:16.072+0000] {logging_mixin.py:150} INFO - [2023-08-07T08:03:16.072+0000] {dagbag.py:541} INFO - Filling up the DagBag from /home/airflow/.local/lib/python3.7/site-packages/airflow/example_dags/example_latest_only_with_trigger.py
[2023-08-07T08:03:16.082+0000] {processor.py:836} INFO - DAG(s) dict_keys(['latest_only_with_trigger']) retrieved from /home/airflow/.local/lib/python3.7/site-packages/airflow/example_dags/example_latest_only_with_trigger.py
[2023-08-07T08:03:16.097+0000] {logging_mixin.py:150} INFO - [2023-08-07T08:03:16.097+0000] {dag.py:2742} INFO - Sync 1 DAGs
[2023-08-07T08:03:16.117+0000] {logging_mixin.py:150} INFO - [2023-08-07T08:03:16.117+0000] {dag.py:3508} INFO - Setting next_dagrun for latest_only_with_trigger to 2023-08-07T04:03:16.117053+00:00, run_after=2023-08-07T08:03:16.117053+00:00
[2023-08-07T08:03:16.131+0000] {processor.py:179} INFO - Processing /home/airflow/.local/lib/python3.7/site-packages/airflow/example_dags/example_latest_only_with_trigger.py took 0.064 seconds
[2023-08-07T08:03:46.604+0000] {processor.py:157} INFO - Started process (PID=548) to work on /home/airflow/.local/lib/python3.7/site-packages/airflow/example_dags/example_latest_only_with_trigger.py
[2023-08-07T08:03:46.606+0000] {processor.py:826} INFO - Processing file /home/airflow/.local/lib/python3.7/site-packages/airflow/example_dags/example_latest_only_with_trigger.py for tasks to queue
[2023-08-07T08:03:46.607+0000] {logging_mixin.py:150} INFO - [2023-08-07T08:03:46.606+0000] {dagbag.py:541} INFO - Filling up the DagBag from /home/airflow/.local/lib/python3.7/site-packages/airflow/example_dags/example_latest_only_with_trigger.py
[2023-08-07T08:03:46.613+0000] {processor.py:836} INFO - DAG(s) dict_keys(['latest_only_with_trigger']) retrieved from /home/airflow/.local/lib/python3.7/site-packages/airflow/example_dags/example_latest_only_with_trigger.py
[2023-08-07T08:03:46.637+0000] {logging_mixin.py:150} INFO - [2023-08-07T08:03:46.637+0000] {dag.py:2742} INFO - Sync 1 DAGs
[2023-08-07T08:03:46.656+0000] {logging_mixin.py:150} INFO - [2023-08-07T08:03:46.656+0000] {dag.py:3508} INFO - Setting next_dagrun for latest_only_with_trigger to 2023-08-07T04:03:46.655955+00:00, run_after=2023-08-07T08:03:46.655955+00:00
[2023-08-07T08:03:46.671+0000] {processor.py:179} INFO - Processing /home/airflow/.local/lib/python3.7/site-packages/airflow/example_dags/example_latest_only_with_trigger.py took 0.070 seconds
[2023-08-07T08:04:17.018+0000] {processor.py:157} INFO - Started process (PID=786) to work on /home/airflow/.local/lib/python3.7/site-packages/airflow/example_dags/example_latest_only_with_trigger.py
[2023-08-07T08:04:17.020+0000] {processor.py:826} INFO - Processing file /home/airflow/.local/lib/python3.7/site-packages/airflow/example_dags/example_latest_only_with_trigger.py for tasks to queue
[2023-08-07T08:04:17.021+0000] {logging_mixin.py:150} INFO - [2023-08-07T08:04:17.021+0000] {dagbag.py:541} INFO - Filling up the DagBag from /home/airflow/.local/lib/python3.7/site-packages/airflow/example_dags/example_latest_only_with_trigger.py
[2023-08-07T08:04:17.028+0000] {processor.py:836} INFO - DAG(s) dict_keys(['latest_only_with_trigger']) retrieved from /home/airflow/.local/lib/python3.7/site-packages/airflow/example_dags/example_latest_only_with_trigger.py
[2023-08-07T08:04:17.054+0000] {logging_mixin.py:150} INFO - [2023-08-07T08:04:17.053+0000] {dag.py:2742} INFO - Sync 1 DAGs
[2023-08-07T08:04:17.073+0000] {logging_mixin.py:150} INFO - [2023-08-07T08:04:17.073+0000] {dag.py:3508} INFO - Setting next_dagrun for latest_only_with_trigger to 2023-08-07T04:04:17.072890+00:00, run_after=2023-08-07T08:04:17.072890+00:00
[2023-08-07T08:04:17.088+0000] {processor.py:179} INFO - Processing /home/airflow/.local/lib/python3.7/site-packages/airflow/example_dags/example_latest_only_with_trigger.py took 0.073 seconds
[2023-08-07T08:04:47.444+0000] {processor.py:157} INFO - Started process (PID=1033) to work on /home/airflow/.local/lib/python3.7/site-packages/airflow/example_dags/example_latest_only_with_trigger.py
[2023-08-07T08:04:47.445+0000] {processor.py:826} INFO - Processing file /home/airflow/.local/lib/python3.7/site-packages/airflow/example_dags/example_latest_only_with_trigger.py for tasks to queue
[2023-08-07T08:04:47.446+0000] {logging_mixin.py:150} INFO - [2023-08-07T08:04:47.445+0000] {dagbag.py:541} INFO - Filling up the DagBag from /home/airflow/.local/lib/python3.7/site-packages/airflow/example_dags/example_latest_only_with_trigger.py
[2023-08-07T08:04:47.452+0000] {processor.py:836} INFO - DAG(s) dict_keys(['latest_only_with_trigger']) retrieved from /home/airflow/.local/lib/python3.7/site-packages/airflow/example_dags/example_latest_only_with_trigger.py
[2023-08-07T08:04:47.475+0000] {logging_mixin.py:150} INFO - [2023-08-07T08:04:47.475+0000] {dag.py:2742} INFO - Sync 1 DAGs
[2023-08-07T08:04:47.494+0000] {logging_mixin.py:150} INFO - [2023-08-07T08:04:47.494+0000] {dag.py:3508} INFO - Setting next_dagrun for latest_only_with_trigger to 2023-08-07T04:04:47.494044+00:00, run_after=2023-08-07T08:04:47.494044+00:00
[2023-08-07T08:04:47.508+0000] {processor.py:179} INFO - Processing /home/airflow/.local/lib/python3.7/site-packages/airflow/example_dags/example_latest_only_with_trigger.py took 0.068 seconds
[2023-08-07T08:05:17.785+0000] {processor.py:157} INFO - Started process (PID=1275) to work on /home/airflow/.local/lib/python3.7/site-packages/airflow/example_dags/example_latest_only_with_trigger.py
[2023-08-07T08:05:17.786+0000] {processor.py:826} INFO - Processing file /home/airflow/.local/lib/python3.7/site-packages/airflow/example_dags/example_latest_only_with_trigger.py for tasks to queue
[2023-08-07T08:05:17.787+0000] {logging_mixin.py:150} INFO - [2023-08-07T08:05:17.787+0000] {dagbag.py:541} INFO - Filling up the DagBag from /home/airflow/.local/lib/python3.7/site-packages/airflow/example_dags/example_latest_only_with_trigger.py
[2023-08-07T08:05:17.793+0000] {processor.py:836} INFO - DAG(s) dict_keys(['latest_only_with_trigger']) retrieved from /home/airflow/.local/lib/python3.7/site-packages/airflow/example_dags/example_latest_only_with_trigger.py
[2023-08-07T08:05:17.817+0000] {logging_mixin.py:150} INFO - [2023-08-07T08:05:17.816+0000] {dag.py:2742} INFO - Sync 1 DAGs
[2023-08-07T08:05:17.836+0000] {logging_mixin.py:150} INFO - [2023-08-07T08:05:17.836+0000] {dag.py:3508} INFO - Setting next_dagrun for latest_only_with_trigger to 2023-08-07T04:05:17.836092+00:00, run_after=2023-08-07T08:05:17.836092+00:00
[2023-08-07T08:05:17.850+0000] {processor.py:179} INFO - Processing /home/airflow/.local/lib/python3.7/site-packages/airflow/example_dags/example_latest_only_with_trigger.py took 0.068 seconds
[2023-08-07T08:05:48.232+0000] {processor.py:157} INFO - Started process (PID=1517) to work on /home/airflow/.local/lib/python3.7/site-packages/airflow/example_dags/example_latest_only_with_trigger.py
[2023-08-07T08:05:48.233+0000] {processor.py:826} INFO - Processing file /home/airflow/.local/lib/python3.7/site-packages/airflow/example_dags/example_latest_only_with_trigger.py for tasks to queue
[2023-08-07T08:05:48.234+0000] {logging_mixin.py:150} INFO - [2023-08-07T08:05:48.234+0000] {dagbag.py:541} INFO - Filling up the DagBag from /home/airflow/.local/lib/python3.7/site-packages/airflow/example_dags/example_latest_only_with_trigger.py
[2023-08-07T08:05:48.240+0000] {processor.py:836} INFO - DAG(s) dict_keys(['latest_only_with_trigger']) retrieved from /home/airflow/.local/lib/python3.7/site-packages/airflow/example_dags/example_latest_only_with_trigger.py
[2023-08-07T08:05:48.264+0000] {logging_mixin.py:150} INFO - [2023-08-07T08:05:48.264+0000] {dag.py:2742} INFO - Sync 1 DAGs
[2023-08-07T08:05:48.285+0000] {logging_mixin.py:150} INFO - [2023-08-07T08:05:48.285+0000] {dag.py:3508} INFO - Setting next_dagrun for latest_only_with_trigger to 2023-08-07T04:05:48.285024+00:00, run_after=2023-08-07T08:05:48.285024+00:00
[2023-08-07T08:05:48.300+0000] {processor.py:179} INFO - Processing /home/airflow/.local/lib/python3.7/site-packages/airflow/example_dags/example_latest_only_with_trigger.py took 0.071 seconds
[2023-08-07T08:06:18.419+0000] {processor.py:157} INFO - Started process (PID=1773) to work on /home/airflow/.local/lib/python3.7/site-packages/airflow/example_dags/example_latest_only_with_trigger.py
[2023-08-07T08:06:18.420+0000] {processor.py:826} INFO - Processing file /home/airflow/.local/lib/python3.7/site-packages/airflow/example_dags/example_latest_only_with_trigger.py for tasks to queue
[2023-08-07T08:06:18.421+0000] {logging_mixin.py:150} INFO - [2023-08-07T08:06:18.421+0000] {dagbag.py:541} INFO - Filling up the DagBag from /home/airflow/.local/lib/python3.7/site-packages/airflow/example_dags/example_latest_only_with_trigger.py
[2023-08-07T08:06:18.427+0000] {processor.py:836} INFO - DAG(s) dict_keys(['latest_only_with_trigger']) retrieved from /home/airflow/.local/lib/python3.7/site-packages/airflow/example_dags/example_latest_only_with_trigger.py
[2023-08-07T08:06:18.450+0000] {logging_mixin.py:150} INFO - [2023-08-07T08:06:18.450+0000] {dag.py:2742} INFO - Sync 1 DAGs
[2023-08-07T08:06:18.469+0000] {logging_mixin.py:150} INFO - [2023-08-07T08:06:18.469+0000] {dag.py:3508} INFO - Setting next_dagrun for latest_only_with_trigger to 2023-08-07T04:06:18.469168+00:00, run_after=2023-08-07T08:06:18.469168+00:00
[2023-08-07T08:06:18.483+0000] {processor.py:179} INFO - Processing /home/airflow/.local/lib/python3.7/site-packages/airflow/example_dags/example_latest_only_with_trigger.py took 0.067 seconds
[2023-08-07T08:06:49.436+0000] {processor.py:157} INFO - Started process (PID=2015) to work on /home/airflow/.local/lib/python3.7/site-packages/airflow/example_dags/example_latest_only_with_trigger.py
[2023-08-07T08:06:49.438+0000] {processor.py:826} INFO - Processing file /home/airflow/.local/lib/python3.7/site-packages/airflow/example_dags/example_latest_only_with_trigger.py for tasks to queue
[2023-08-07T08:06:49.439+0000] {logging_mixin.py:150} INFO - [2023-08-07T08:06:49.439+0000] {dagbag.py:541} INFO - Filling up the DagBag from /home/airflow/.local/lib/python3.7/site-packages/airflow/example_dags/example_latest_only_with_trigger.py
[2023-08-07T08:06:49.445+0000] {processor.py:836} INFO - DAG(s) dict_keys(['latest_only_with_trigger']) retrieved from /home/airflow/.local/lib/python3.7/site-packages/airflow/example_dags/example_latest_only_with_trigger.py
[2023-08-07T08:06:49.469+0000] {logging_mixin.py:150} INFO - [2023-08-07T08:06:49.469+0000] {dag.py:2742} INFO - Sync 1 DAGs
[2023-08-07T08:06:49.488+0000] {logging_mixin.py:150} INFO - [2023-08-07T08:06:49.487+0000] {dag.py:3508} INFO - Setting next_dagrun for latest_only_with_trigger to 2023-08-07T04:06:49.487664+00:00, run_after=2023-08-07T08:06:49.487664+00:00
[2023-08-07T08:06:49.502+0000] {processor.py:179} INFO - Processing /home/airflow/.local/lib/python3.7/site-packages/airflow/example_dags/example_latest_only_with_trigger.py took 0.069 seconds
[2023-08-07T08:07:19.640+0000] {processor.py:157} INFO - Started process (PID=2252) to work on /home/airflow/.local/lib/python3.7/site-packages/airflow/example_dags/example_latest_only_with_trigger.py
[2023-08-07T08:07:19.641+0000] {processor.py:826} INFO - Processing file /home/airflow/.local/lib/python3.7/site-packages/airflow/example_dags/example_latest_only_with_trigger.py for tasks to queue
[2023-08-07T08:07:19.642+0000] {logging_mixin.py:150} INFO - [2023-08-07T08:07:19.642+0000] {dagbag.py:541} INFO - Filling up the DagBag from /home/airflow/.local/lib/python3.7/site-packages/airflow/example_dags/example_latest_only_with_trigger.py
[2023-08-07T08:07:19.648+0000] {processor.py:836} INFO - DAG(s) dict_keys(['latest_only_with_trigger']) retrieved from /home/airflow/.local/lib/python3.7/site-packages/airflow/example_dags/example_latest_only_with_trigger.py
[2023-08-07T08:07:19.671+0000] {logging_mixin.py:150} INFO - [2023-08-07T08:07:19.671+0000] {dag.py:2742} INFO - Sync 1 DAGs
[2023-08-07T08:07:19.690+0000] {logging_mixin.py:150} INFO - [2023-08-07T08:07:19.690+0000] {dag.py:3508} INFO - Setting next_dagrun for latest_only_with_trigger to 2023-08-07T04:07:19.690038+00:00, run_after=2023-08-07T08:07:19.690038+00:00
[2023-08-07T08:07:19.703+0000] {processor.py:179} INFO - Processing /home/airflow/.local/lib/python3.7/site-packages/airflow/example_dags/example_latest_only_with_trigger.py took 0.066 seconds
[2023-08-07T08:07:49.928+0000] {processor.py:157} INFO - Started process (PID=2497) to work on /home/airflow/.local/lib/python3.7/site-packages/airflow/example_dags/example_latest_only_with_trigger.py
[2023-08-07T08:07:49.930+0000] {processor.py:826} INFO - Processing file /home/airflow/.local/lib/python3.7/site-packages/airflow/example_dags/example_latest_only_with_trigger.py for tasks to queue
[2023-08-07T08:07:49.931+0000] {logging_mixin.py:150} INFO - [2023-08-07T08:07:49.931+0000] {dagbag.py:541} INFO - Filling up the DagBag from /home/airflow/.local/lib/python3.7/site-packages/airflow/example_dags/example_latest_only_with_trigger.py
[2023-08-07T08:07:49.937+0000] {processor.py:836} INFO - DAG(s) dict_keys(['latest_only_with_trigger']) retrieved from /home/airflow/.local/lib/python3.7/site-packages/airflow/example_dags/example_latest_only_with_trigger.py
[2023-08-07T08:07:49.960+0000] {logging_mixin.py:150} INFO - [2023-08-07T08:07:49.960+0000] {dag.py:2742} INFO - Sync 1 DAGs
[2023-08-07T08:07:49.979+0000] {logging_mixin.py:150} INFO - [2023-08-07T08:07:49.978+0000] {dag.py:3508} INFO - Setting next_dagrun for latest_only_with_trigger to 2023-08-07T04:07:49.978704+00:00, run_after=2023-08-07T08:07:49.978704+00:00
[2023-08-07T08:07:49.991+0000] {processor.py:179} INFO - Processing /home/airflow/.local/lib/python3.7/site-packages/airflow/example_dags/example_latest_only_with_trigger.py took 0.066 seconds
[2023-08-07T08:08:20.136+0000] {processor.py:157} INFO - Started process (PID=2737) to work on /home/airflow/.local/lib/python3.7/site-packages/airflow/example_dags/example_latest_only_with_trigger.py
[2023-08-07T08:08:20.137+0000] {processor.py:826} INFO - Processing file /home/airflow/.local/lib/python3.7/site-packages/airflow/example_dags/example_latest_only_with_trigger.py for tasks to queue
[2023-08-07T08:08:20.138+0000] {logging_mixin.py:150} INFO - [2023-08-07T08:08:20.138+0000] {dagbag.py:541} INFO - Filling up the DagBag from /home/airflow/.local/lib/python3.7/site-packages/airflow/example_dags/example_latest_only_with_trigger.py
[2023-08-07T08:08:20.144+0000] {processor.py:836} INFO - DAG(s) dict_keys(['latest_only_with_trigger']) retrieved from /home/airflow/.local/lib/python3.7/site-packages/airflow/example_dags/example_latest_only_with_trigger.py
[2023-08-07T08:08:20.166+0000] {logging_mixin.py:150} INFO - [2023-08-07T08:08:20.166+0000] {dag.py:2742} INFO - Sync 1 DAGs
[2023-08-07T08:08:20.185+0000] {logging_mixin.py:150} INFO - [2023-08-07T08:08:20.185+0000] {dag.py:3508} INFO - Setting next_dagrun for latest_only_with_trigger to 2023-08-07T04:08:20.184813+00:00, run_after=2023-08-07T08:08:20.184813+00:00
[2023-08-07T08:08:20.199+0000] {processor.py:179} INFO - Processing /home/airflow/.local/lib/python3.7/site-packages/airflow/example_dags/example_latest_only_with_trigger.py took 0.067 seconds
[2023-08-07T08:08:50.414+0000] {processor.py:157} INFO - Started process (PID=2979) to work on /home/airflow/.local/lib/python3.7/site-packages/airflow/example_dags/example_latest_only_with_trigger.py
[2023-08-07T08:08:50.415+0000] {processor.py:826} INFO - Processing file /home/airflow/.local/lib/python3.7/site-packages/airflow/example_dags/example_latest_only_with_trigger.py for tasks to queue
[2023-08-07T08:08:50.416+0000] {logging_mixin.py:150} INFO - [2023-08-07T08:08:50.416+0000] {dagbag.py:541} INFO - Filling up the DagBag from /home/airflow/.local/lib/python3.7/site-packages/airflow/example_dags/example_latest_only_with_trigger.py
[2023-08-07T08:08:50.423+0000] {processor.py:836} INFO - DAG(s) dict_keys(['latest_only_with_trigger']) retrieved from /home/airflow/.local/lib/python3.7/site-packages/airflow/example_dags/example_latest_only_with_trigger.py
[2023-08-07T08:08:50.445+0000] {logging_mixin.py:150} INFO - [2023-08-07T08:08:50.445+0000] {dag.py:2742} INFO - Sync 1 DAGs
[2023-08-07T08:08:50.463+0000] {logging_mixin.py:150} INFO - [2023-08-07T08:08:50.463+0000] {dag.py:3508} INFO - Setting next_dagrun for latest_only_with_trigger to 2023-08-07T04:08:50.463127+00:00, run_after=2023-08-07T08:08:50.463127+00:00
[2023-08-07T08:08:50.478+0000] {processor.py:179} INFO - Processing /home/airflow/.local/lib/python3.7/site-packages/airflow/example_dags/example_latest_only_with_trigger.py took 0.067 seconds
