[2023-08-07T08:03:15.193+0000] {processor.py:157} INFO - Started process (PID=241) to work on /home/airflow/.local/lib/python3.7/site-packages/airflow/example_dags/example_external_task_marker_dag.py
[2023-08-07T08:03:15.195+0000] {processor.py:826} INFO - Processing file /home/airflow/.local/lib/python3.7/site-packages/airflow/example_dags/example_external_task_marker_dag.py for tasks to queue
[2023-08-07T08:03:15.196+0000] {logging_mixin.py:150} INFO - [2023-08-07T08:03:15.196+0000] {dagbag.py:541} INFO - Filling up the DagBag from /home/airflow/.local/lib/python3.7/site-packages/airflow/example_dags/example_external_task_marker_dag.py
[2023-08-07T08:03:15.205+0000] {processor.py:836} INFO - DAG(s) dict_keys(['example_external_task_marker_child', 'example_external_task_marker_parent']) retrieved from /home/airflow/.local/lib/python3.7/site-packages/airflow/example_dags/example_external_task_marker_dag.py
[2023-08-07T08:03:15.222+0000] {logging_mixin.py:150} INFO - [2023-08-07T08:03:15.222+0000] {dag.py:2742} INFO - Sync 2 DAGs
[2023-08-07T08:03:15.247+0000] {logging_mixin.py:150} INFO - [2023-08-07T08:03:15.247+0000] {dag.py:3508} INFO - Setting next_dagrun for example_external_task_marker_child to None, run_after=None
[2023-08-07T08:03:15.250+0000] {logging_mixin.py:150} INFO - [2023-08-07T08:03:15.250+0000] {dag.py:3508} INFO - Setting next_dagrun for example_external_task_marker_parent to None, run_after=None
[2023-08-07T08:03:15.265+0000] {processor.py:179} INFO - Processing /home/airflow/.local/lib/python3.7/site-packages/airflow/example_dags/example_external_task_marker_dag.py took 0.075 seconds
[2023-08-07T08:03:45.812+0000] {processor.py:157} INFO - Started process (PID=483) to work on /home/airflow/.local/lib/python3.7/site-packages/airflow/example_dags/example_external_task_marker_dag.py
[2023-08-07T08:03:45.814+0000] {processor.py:826} INFO - Processing file /home/airflow/.local/lib/python3.7/site-packages/airflow/example_dags/example_external_task_marker_dag.py for tasks to queue
[2023-08-07T08:03:45.815+0000] {logging_mixin.py:150} INFO - [2023-08-07T08:03:45.815+0000] {dagbag.py:541} INFO - Filling up the DagBag from /home/airflow/.local/lib/python3.7/site-packages/airflow/example_dags/example_external_task_marker_dag.py
[2023-08-07T08:03:45.821+0000] {processor.py:836} INFO - DAG(s) dict_keys(['example_external_task_marker_parent', 'example_external_task_marker_child']) retrieved from /home/airflow/.local/lib/python3.7/site-packages/airflow/example_dags/example_external_task_marker_dag.py
[2023-08-07T08:03:45.846+0000] {logging_mixin.py:150} INFO - [2023-08-07T08:03:45.846+0000] {dag.py:2742} INFO - Sync 2 DAGs
[2023-08-07T08:03:45.865+0000] {logging_mixin.py:150} INFO - [2023-08-07T08:03:45.865+0000] {dag.py:3508} INFO - Setting next_dagrun for example_external_task_marker_child to None, run_after=None
[2023-08-07T08:03:45.869+0000] {logging_mixin.py:150} INFO - [2023-08-07T08:03:45.868+0000] {dag.py:3508} INFO - Setting next_dagrun for example_external_task_marker_parent to None, run_after=None
[2023-08-07T08:03:45.881+0000] {processor.py:179} INFO - Processing /home/airflow/.local/lib/python3.7/site-packages/airflow/example_dags/example_external_task_marker_dag.py took 0.073 seconds
[2023-08-07T08:04:16.352+0000] {processor.py:157} INFO - Started process (PID=728) to work on /home/airflow/.local/lib/python3.7/site-packages/airflow/example_dags/example_external_task_marker_dag.py
[2023-08-07T08:04:16.353+0000] {processor.py:826} INFO - Processing file /home/airflow/.local/lib/python3.7/site-packages/airflow/example_dags/example_external_task_marker_dag.py for tasks to queue
[2023-08-07T08:04:16.354+0000] {logging_mixin.py:150} INFO - [2023-08-07T08:04:16.354+0000] {dagbag.py:541} INFO - Filling up the DagBag from /home/airflow/.local/lib/python3.7/site-packages/airflow/example_dags/example_external_task_marker_dag.py
[2023-08-07T08:04:16.359+0000] {processor.py:836} INFO - DAG(s) dict_keys(['example_external_task_marker_child', 'example_external_task_marker_parent']) retrieved from /home/airflow/.local/lib/python3.7/site-packages/airflow/example_dags/example_external_task_marker_dag.py
[2023-08-07T08:04:16.385+0000] {logging_mixin.py:150} INFO - [2023-08-07T08:04:16.385+0000] {dag.py:2742} INFO - Sync 2 DAGs
[2023-08-07T08:04:16.404+0000] {logging_mixin.py:150} INFO - [2023-08-07T08:04:16.404+0000] {dag.py:3508} INFO - Setting next_dagrun for example_external_task_marker_child to None, run_after=None
[2023-08-07T08:04:16.407+0000] {logging_mixin.py:150} INFO - [2023-08-07T08:04:16.407+0000] {dag.py:3508} INFO - Setting next_dagrun for example_external_task_marker_parent to None, run_after=None
[2023-08-07T08:04:16.420+0000] {processor.py:179} INFO - Processing /home/airflow/.local/lib/python3.7/site-packages/airflow/example_dags/example_external_task_marker_dag.py took 0.071 seconds
[2023-08-07T08:04:46.629+0000] {processor.py:157} INFO - Started process (PID=968) to work on /home/airflow/.local/lib/python3.7/site-packages/airflow/example_dags/example_external_task_marker_dag.py
[2023-08-07T08:04:46.631+0000] {processor.py:826} INFO - Processing file /home/airflow/.local/lib/python3.7/site-packages/airflow/example_dags/example_external_task_marker_dag.py for tasks to queue
[2023-08-07T08:04:46.632+0000] {logging_mixin.py:150} INFO - [2023-08-07T08:04:46.631+0000] {dagbag.py:541} INFO - Filling up the DagBag from /home/airflow/.local/lib/python3.7/site-packages/airflow/example_dags/example_external_task_marker_dag.py
[2023-08-07T08:04:46.638+0000] {processor.py:836} INFO - DAG(s) dict_keys(['example_external_task_marker_child', 'example_external_task_marker_parent']) retrieved from /home/airflow/.local/lib/python3.7/site-packages/airflow/example_dags/example_external_task_marker_dag.py
[2023-08-07T08:04:46.663+0000] {logging_mixin.py:150} INFO - [2023-08-07T08:04:46.663+0000] {dag.py:2742} INFO - Sync 2 DAGs
[2023-08-07T08:04:46.683+0000] {logging_mixin.py:150} INFO - [2023-08-07T08:04:46.682+0000] {dag.py:3508} INFO - Setting next_dagrun for example_external_task_marker_child to None, run_after=None
[2023-08-07T08:04:46.686+0000] {logging_mixin.py:150} INFO - [2023-08-07T08:04:46.686+0000] {dag.py:3508} INFO - Setting next_dagrun for example_external_task_marker_parent to None, run_after=None
[2023-08-07T08:04:46.699+0000] {processor.py:179} INFO - Processing /home/airflow/.local/lib/python3.7/site-packages/airflow/example_dags/example_external_task_marker_dag.py took 0.073 seconds
[2023-08-07T08:05:16.979+0000] {processor.py:157} INFO - Started process (PID=1210) to work on /home/airflow/.local/lib/python3.7/site-packages/airflow/example_dags/example_external_task_marker_dag.py
[2023-08-07T08:05:16.980+0000] {processor.py:826} INFO - Processing file /home/airflow/.local/lib/python3.7/site-packages/airflow/example_dags/example_external_task_marker_dag.py for tasks to queue
[2023-08-07T08:05:16.981+0000] {logging_mixin.py:150} INFO - [2023-08-07T08:05:16.981+0000] {dagbag.py:541} INFO - Filling up the DagBag from /home/airflow/.local/lib/python3.7/site-packages/airflow/example_dags/example_external_task_marker_dag.py
[2023-08-07T08:05:16.987+0000] {processor.py:836} INFO - DAG(s) dict_keys(['example_external_task_marker_parent', 'example_external_task_marker_child']) retrieved from /home/airflow/.local/lib/python3.7/site-packages/airflow/example_dags/example_external_task_marker_dag.py
[2023-08-07T08:05:17.013+0000] {logging_mixin.py:150} INFO - [2023-08-07T08:05:17.013+0000] {dag.py:2742} INFO - Sync 2 DAGs
[2023-08-07T08:05:17.032+0000] {logging_mixin.py:150} INFO - [2023-08-07T08:05:17.032+0000] {dag.py:3508} INFO - Setting next_dagrun for example_external_task_marker_child to None, run_after=None
[2023-08-07T08:05:17.035+0000] {logging_mixin.py:150} INFO - [2023-08-07T08:05:17.035+0000] {dag.py:3508} INFO - Setting next_dagrun for example_external_task_marker_parent to None, run_after=None
[2023-08-07T08:05:17.047+0000] {processor.py:179} INFO - Processing /home/airflow/.local/lib/python3.7/site-packages/airflow/example_dags/example_external_task_marker_dag.py took 0.072 seconds
[2023-08-07T08:05:47.375+0000] {processor.py:157} INFO - Started process (PID=1452) to work on /home/airflow/.local/lib/python3.7/site-packages/airflow/example_dags/example_external_task_marker_dag.py
[2023-08-07T08:05:47.377+0000] {processor.py:826} INFO - Processing file /home/airflow/.local/lib/python3.7/site-packages/airflow/example_dags/example_external_task_marker_dag.py for tasks to queue
[2023-08-07T08:05:47.378+0000] {logging_mixin.py:150} INFO - [2023-08-07T08:05:47.377+0000] {dagbag.py:541} INFO - Filling up the DagBag from /home/airflow/.local/lib/python3.7/site-packages/airflow/example_dags/example_external_task_marker_dag.py
[2023-08-07T08:05:47.384+0000] {processor.py:836} INFO - DAG(s) dict_keys(['example_external_task_marker_parent', 'example_external_task_marker_child']) retrieved from /home/airflow/.local/lib/python3.7/site-packages/airflow/example_dags/example_external_task_marker_dag.py
[2023-08-07T08:05:47.414+0000] {logging_mixin.py:150} INFO - [2023-08-07T08:05:47.413+0000] {dag.py:2742} INFO - Sync 2 DAGs
[2023-08-07T08:05:47.434+0000] {logging_mixin.py:150} INFO - [2023-08-07T08:05:47.433+0000] {dag.py:3508} INFO - Setting next_dagrun for example_external_task_marker_child to None, run_after=None
[2023-08-07T08:05:47.437+0000] {logging_mixin.py:150} INFO - [2023-08-07T08:05:47.437+0000] {dag.py:3508} INFO - Setting next_dagrun for example_external_task_marker_parent to None, run_after=None
[2023-08-07T08:05:47.450+0000] {processor.py:179} INFO - Processing /home/airflow/.local/lib/python3.7/site-packages/airflow/example_dags/example_external_task_marker_dag.py took 0.079 seconds
[2023-08-07T08:06:17.580+0000] {processor.py:157} INFO - Started process (PID=1708) to work on /home/airflow/.local/lib/python3.7/site-packages/airflow/example_dags/example_external_task_marker_dag.py
[2023-08-07T08:06:17.581+0000] {processor.py:826} INFO - Processing file /home/airflow/.local/lib/python3.7/site-packages/airflow/example_dags/example_external_task_marker_dag.py for tasks to queue
[2023-08-07T08:06:17.582+0000] {logging_mixin.py:150} INFO - [2023-08-07T08:06:17.582+0000] {dagbag.py:541} INFO - Filling up the DagBag from /home/airflow/.local/lib/python3.7/site-packages/airflow/example_dags/example_external_task_marker_dag.py
[2023-08-07T08:06:17.589+0000] {processor.py:836} INFO - DAG(s) dict_keys(['example_external_task_marker_child', 'example_external_task_marker_parent']) retrieved from /home/airflow/.local/lib/python3.7/site-packages/airflow/example_dags/example_external_task_marker_dag.py
[2023-08-07T08:06:17.616+0000] {logging_mixin.py:150} INFO - [2023-08-07T08:06:17.616+0000] {dag.py:2742} INFO - Sync 2 DAGs
[2023-08-07T08:06:17.637+0000] {logging_mixin.py:150} INFO - [2023-08-07T08:06:17.637+0000] {dag.py:3508} INFO - Setting next_dagrun for example_external_task_marker_child to None, run_after=None
[2023-08-07T08:06:17.640+0000] {logging_mixin.py:150} INFO - [2023-08-07T08:06:17.640+0000] {dag.py:3508} INFO - Setting next_dagrun for example_external_task_marker_parent to None, run_after=None
[2023-08-07T08:06:17.652+0000] {processor.py:179} INFO - Processing /home/airflow/.local/lib/python3.7/site-packages/airflow/example_dags/example_external_task_marker_dag.py took 0.076 seconds
[2023-08-07T08:06:47.708+0000] {processor.py:157} INFO - Started process (PID=1950) to work on /home/airflow/.local/lib/python3.7/site-packages/airflow/example_dags/example_external_task_marker_dag.py
[2023-08-07T08:06:47.709+0000] {processor.py:826} INFO - Processing file /home/airflow/.local/lib/python3.7/site-packages/airflow/example_dags/example_external_task_marker_dag.py for tasks to queue
[2023-08-07T08:06:47.710+0000] {logging_mixin.py:150} INFO - [2023-08-07T08:06:47.710+0000] {dagbag.py:541} INFO - Filling up the DagBag from /home/airflow/.local/lib/python3.7/site-packages/airflow/example_dags/example_external_task_marker_dag.py
[2023-08-07T08:06:47.715+0000] {processor.py:836} INFO - DAG(s) dict_keys(['example_external_task_marker_child', 'example_external_task_marker_parent']) retrieved from /home/airflow/.local/lib/python3.7/site-packages/airflow/example_dags/example_external_task_marker_dag.py
[2023-08-07T08:06:47.742+0000] {logging_mixin.py:150} INFO - [2023-08-07T08:06:47.742+0000] {dag.py:2742} INFO - Sync 2 DAGs
[2023-08-07T08:06:47.762+0000] {logging_mixin.py:150} INFO - [2023-08-07T08:06:47.762+0000] {dag.py:3508} INFO - Setting next_dagrun for example_external_task_marker_child to None, run_after=None
[2023-08-07T08:06:47.765+0000] {logging_mixin.py:150} INFO - [2023-08-07T08:06:47.765+0000] {dag.py:3508} INFO - Setting next_dagrun for example_external_task_marker_parent to None, run_after=None
[2023-08-07T08:06:47.779+0000] {processor.py:179} INFO - Processing /home/airflow/.local/lib/python3.7/site-packages/airflow/example_dags/example_external_task_marker_dag.py took 0.075 seconds
[2023-08-07T08:07:17.888+0000] {processor.py:157} INFO - Started process (PID=2192) to work on /home/airflow/.local/lib/python3.7/site-packages/airflow/example_dags/example_external_task_marker_dag.py
[2023-08-07T08:07:17.889+0000] {processor.py:826} INFO - Processing file /home/airflow/.local/lib/python3.7/site-packages/airflow/example_dags/example_external_task_marker_dag.py for tasks to queue
[2023-08-07T08:07:17.890+0000] {logging_mixin.py:150} INFO - [2023-08-07T08:07:17.890+0000] {dagbag.py:541} INFO - Filling up the DagBag from /home/airflow/.local/lib/python3.7/site-packages/airflow/example_dags/example_external_task_marker_dag.py
[2023-08-07T08:07:17.896+0000] {processor.py:836} INFO - DAG(s) dict_keys(['example_external_task_marker_child', 'example_external_task_marker_parent']) retrieved from /home/airflow/.local/lib/python3.7/site-packages/airflow/example_dags/example_external_task_marker_dag.py
[2023-08-07T08:07:17.923+0000] {logging_mixin.py:150} INFO - [2023-08-07T08:07:17.923+0000] {dag.py:2742} INFO - Sync 2 DAGs
[2023-08-07T08:07:17.945+0000] {logging_mixin.py:150} INFO - [2023-08-07T08:07:17.945+0000] {dag.py:3508} INFO - Setting next_dagrun for example_external_task_marker_child to None, run_after=None
[2023-08-07T08:07:17.949+0000] {logging_mixin.py:150} INFO - [2023-08-07T08:07:17.948+0000] {dag.py:3508} INFO - Setting next_dagrun for example_external_task_marker_parent to None, run_after=None
[2023-08-07T08:07:17.962+0000] {processor.py:179} INFO - Processing /home/airflow/.local/lib/python3.7/site-packages/airflow/example_dags/example_external_task_marker_dag.py took 0.078 seconds
[2023-08-07T08:07:48.147+0000] {processor.py:157} INFO - Started process (PID=2435) to work on /home/airflow/.local/lib/python3.7/site-packages/airflow/example_dags/example_external_task_marker_dag.py
[2023-08-07T08:07:48.148+0000] {processor.py:826} INFO - Processing file /home/airflow/.local/lib/python3.7/site-packages/airflow/example_dags/example_external_task_marker_dag.py for tasks to queue
[2023-08-07T08:07:48.149+0000] {logging_mixin.py:150} INFO - [2023-08-07T08:07:48.149+0000] {dagbag.py:541} INFO - Filling up the DagBag from /home/airflow/.local/lib/python3.7/site-packages/airflow/example_dags/example_external_task_marker_dag.py
[2023-08-07T08:07:48.155+0000] {processor.py:836} INFO - DAG(s) dict_keys(['example_external_task_marker_child', 'example_external_task_marker_parent']) retrieved from /home/airflow/.local/lib/python3.7/site-packages/airflow/example_dags/example_external_task_marker_dag.py
[2023-08-07T08:07:48.183+0000] {logging_mixin.py:150} INFO - [2023-08-07T08:07:48.183+0000] {dag.py:2742} INFO - Sync 2 DAGs
[2023-08-07T08:07:48.201+0000] {logging_mixin.py:150} INFO - [2023-08-07T08:07:48.201+0000] {dag.py:3508} INFO - Setting next_dagrun for example_external_task_marker_child to None, run_after=None
[2023-08-07T08:07:48.204+0000] {logging_mixin.py:150} INFO - [2023-08-07T08:07:48.204+0000] {dag.py:3508} INFO - Setting next_dagrun for example_external_task_marker_parent to None, run_after=None
[2023-08-07T08:07:48.217+0000] {processor.py:179} INFO - Processing /home/airflow/.local/lib/python3.7/site-packages/airflow/example_dags/example_external_task_marker_dag.py took 0.074 seconds
[2023-08-07T08:08:18.476+0000] {processor.py:157} INFO - Started process (PID=2677) to work on /home/airflow/.local/lib/python3.7/site-packages/airflow/example_dags/example_external_task_marker_dag.py
[2023-08-07T08:08:18.478+0000] {processor.py:826} INFO - Processing file /home/airflow/.local/lib/python3.7/site-packages/airflow/example_dags/example_external_task_marker_dag.py for tasks to queue
[2023-08-07T08:08:18.479+0000] {logging_mixin.py:150} INFO - [2023-08-07T08:08:18.479+0000] {dagbag.py:541} INFO - Filling up the DagBag from /home/airflow/.local/lib/python3.7/site-packages/airflow/example_dags/example_external_task_marker_dag.py
[2023-08-07T08:08:18.485+0000] {processor.py:836} INFO - DAG(s) dict_keys(['example_external_task_marker_parent', 'example_external_task_marker_child']) retrieved from /home/airflow/.local/lib/python3.7/site-packages/airflow/example_dags/example_external_task_marker_dag.py
[2023-08-07T08:08:18.512+0000] {logging_mixin.py:150} INFO - [2023-08-07T08:08:18.511+0000] {dag.py:2742} INFO - Sync 2 DAGs
[2023-08-07T08:08:18.531+0000] {logging_mixin.py:150} INFO - [2023-08-07T08:08:18.531+0000] {dag.py:3508} INFO - Setting next_dagrun for example_external_task_marker_child to None, run_after=None
[2023-08-07T08:08:18.535+0000] {logging_mixin.py:150} INFO - [2023-08-07T08:08:18.535+0000] {dag.py:3508} INFO - Setting next_dagrun for example_external_task_marker_parent to None, run_after=None
[2023-08-07T08:08:18.547+0000] {processor.py:179} INFO - Processing /home/airflow/.local/lib/python3.7/site-packages/airflow/example_dags/example_external_task_marker_dag.py took 0.075 seconds
[2023-08-07T08:08:48.795+0000] {processor.py:157} INFO - Started process (PID=2919) to work on /home/airflow/.local/lib/python3.7/site-packages/airflow/example_dags/example_external_task_marker_dag.py
[2023-08-07T08:08:48.797+0000] {processor.py:826} INFO - Processing file /home/airflow/.local/lib/python3.7/site-packages/airflow/example_dags/example_external_task_marker_dag.py for tasks to queue
[2023-08-07T08:08:48.799+0000] {logging_mixin.py:150} INFO - [2023-08-07T08:08:48.798+0000] {dagbag.py:541} INFO - Filling up the DagBag from /home/airflow/.local/lib/python3.7/site-packages/airflow/example_dags/example_external_task_marker_dag.py
[2023-08-07T08:08:48.806+0000] {processor.py:836} INFO - DAG(s) dict_keys(['example_external_task_marker_parent', 'example_external_task_marker_child']) retrieved from /home/airflow/.local/lib/python3.7/site-packages/airflow/example_dags/example_external_task_marker_dag.py
[2023-08-07T08:08:48.836+0000] {logging_mixin.py:150} INFO - [2023-08-07T08:08:48.836+0000] {dag.py:2742} INFO - Sync 2 DAGs
[2023-08-07T08:08:48.856+0000] {logging_mixin.py:150} INFO - [2023-08-07T08:08:48.856+0000] {dag.py:3508} INFO - Setting next_dagrun for example_external_task_marker_child to None, run_after=None
[2023-08-07T08:08:48.859+0000] {logging_mixin.py:150} INFO - [2023-08-07T08:08:48.859+0000] {dag.py:3508} INFO - Setting next_dagrun for example_external_task_marker_parent to None, run_after=None
[2023-08-07T08:08:48.872+0000] {processor.py:179} INFO - Processing /home/airflow/.local/lib/python3.7/site-packages/airflow/example_dags/example_external_task_marker_dag.py took 0.081 seconds
