[2023-08-07T08:03:15.286+0000] {processor.py:157} INFO - Started process (PID=248) to work on /home/airflow/.local/lib/python3.7/site-packages/airflow/example_dags/example_datasets.py
[2023-08-07T08:03:15.287+0000] {processor.py:826} INFO - Processing file /home/airflow/.local/lib/python3.7/site-packages/airflow/example_dags/example_datasets.py for tasks to queue
[2023-08-07T08:03:15.288+0000] {logging_mixin.py:150} INFO - [2023-08-07T08:03:15.288+0000] {dagbag.py:541} INFO - Filling up the DagBag from /home/airflow/.local/lib/python3.7/site-packages/airflow/example_dags/example_datasets.py
[2023-08-07T08:03:15.300+0000] {processor.py:836} INFO - DAG(s) dict_keys(['dataset_consumes_1_never_scheduled', 'dataset_consumes_1', 'dataset_produces_2', 'dataset_consumes_unknown_never_scheduled', 'dataset_produces_1', 'dataset_consumes_1_and_2']) retrieved from /home/airflow/.local/lib/python3.7/site-packages/airflow/example_dags/example_datasets.py
[2023-08-07T08:03:15.317+0000] {logging_mixin.py:150} INFO - [2023-08-07T08:03:15.316+0000] {dag.py:2742} INFO - Sync 6 DAGs
[2023-08-07T08:03:15.339+0000] {logging_mixin.py:150} INFO - [2023-08-07T08:03:15.339+0000] {dag.py:3508} INFO - Setting next_dagrun for dataset_consumes_1 to None, run_after=None
[2023-08-07T08:03:15.342+0000] {logging_mixin.py:150} INFO - [2023-08-07T08:03:15.342+0000] {dag.py:3508} INFO - Setting next_dagrun for dataset_consumes_1_and_2 to None, run_after=None
[2023-08-07T08:03:15.343+0000] {logging_mixin.py:150} INFO - [2023-08-07T08:03:15.343+0000] {dag.py:3508} INFO - Setting next_dagrun for dataset_consumes_1_never_scheduled to None, run_after=None
[2023-08-07T08:03:15.344+0000] {logging_mixin.py:150} INFO - [2023-08-07T08:03:15.344+0000] {dag.py:3508} INFO - Setting next_dagrun for dataset_consumes_unknown_never_scheduled to None, run_after=None
[2023-08-07T08:03:15.347+0000] {logging_mixin.py:150} INFO - [2023-08-07T08:03:15.347+0000] {dag.py:3508} INFO - Setting next_dagrun for dataset_produces_1 to 2023-08-06T00:00:00+00:00, run_after=2023-08-07T00:00:00+00:00
[2023-08-07T08:03:15.348+0000] {logging_mixin.py:150} INFO - [2023-08-07T08:03:15.348+0000] {dag.py:3508} INFO - Setting next_dagrun for dataset_produces_2 to None, run_after=None
[2023-08-07T08:03:15.372+0000] {processor.py:179} INFO - Processing /home/airflow/.local/lib/python3.7/site-packages/airflow/example_dags/example_datasets.py took 0.089 seconds
[2023-08-07T08:03:45.835+0000] {processor.py:157} INFO - Started process (PID=488) to work on /home/airflow/.local/lib/python3.7/site-packages/airflow/example_dags/example_datasets.py
[2023-08-07T08:03:45.836+0000] {processor.py:826} INFO - Processing file /home/airflow/.local/lib/python3.7/site-packages/airflow/example_dags/example_datasets.py for tasks to queue
[2023-08-07T08:03:45.837+0000] {logging_mixin.py:150} INFO - [2023-08-07T08:03:45.837+0000] {dagbag.py:541} INFO - Filling up the DagBag from /home/airflow/.local/lib/python3.7/site-packages/airflow/example_dags/example_datasets.py
[2023-08-07T08:03:45.845+0000] {processor.py:836} INFO - DAG(s) dict_keys(['dataset_consumes_1', 'dataset_produces_1', 'dataset_consumes_unknown_never_scheduled', 'dataset_consumes_1_and_2', 'dataset_consumes_1_never_scheduled', 'dataset_produces_2']) retrieved from /home/airflow/.local/lib/python3.7/site-packages/airflow/example_dags/example_datasets.py
[2023-08-07T08:03:45.878+0000] {logging_mixin.py:150} INFO - [2023-08-07T08:03:45.878+0000] {dag.py:2742} INFO - Sync 6 DAGs
[2023-08-07T08:03:45.900+0000] {logging_mixin.py:150} INFO - [2023-08-07T08:03:45.900+0000] {dag.py:3508} INFO - Setting next_dagrun for dataset_consumes_1 to None, run_after=None
[2023-08-07T08:03:45.903+0000] {logging_mixin.py:150} INFO - [2023-08-07T08:03:45.903+0000] {dag.py:3508} INFO - Setting next_dagrun for dataset_consumes_1_and_2 to None, run_after=None
[2023-08-07T08:03:45.904+0000] {logging_mixin.py:150} INFO - [2023-08-07T08:03:45.904+0000] {dag.py:3508} INFO - Setting next_dagrun for dataset_consumes_1_never_scheduled to None, run_after=None
[2023-08-07T08:03:45.905+0000] {logging_mixin.py:150} INFO - [2023-08-07T08:03:45.905+0000] {dag.py:3508} INFO - Setting next_dagrun for dataset_consumes_unknown_never_scheduled to None, run_after=None
[2023-08-07T08:03:45.908+0000] {logging_mixin.py:150} INFO - [2023-08-07T08:03:45.908+0000] {dag.py:3508} INFO - Setting next_dagrun for dataset_produces_1 to 2023-08-06T00:00:00+00:00, run_after=2023-08-07T00:00:00+00:00
[2023-08-07T08:03:45.911+0000] {logging_mixin.py:150} INFO - [2023-08-07T08:03:45.911+0000] {dag.py:3508} INFO - Setting next_dagrun for dataset_produces_2 to None, run_after=None
[2023-08-07T08:03:45.935+0000] {processor.py:179} INFO - Processing /home/airflow/.local/lib/python3.7/site-packages/airflow/example_dags/example_datasets.py took 0.104 seconds
[2023-08-07T08:04:16.363+0000] {processor.py:157} INFO - Started process (PID=731) to work on /home/airflow/.local/lib/python3.7/site-packages/airflow/example_dags/example_datasets.py
[2023-08-07T08:04:16.364+0000] {processor.py:826} INFO - Processing file /home/airflow/.local/lib/python3.7/site-packages/airflow/example_dags/example_datasets.py for tasks to queue
[2023-08-07T08:04:16.365+0000] {logging_mixin.py:150} INFO - [2023-08-07T08:04:16.365+0000] {dagbag.py:541} INFO - Filling up the DagBag from /home/airflow/.local/lib/python3.7/site-packages/airflow/example_dags/example_datasets.py
[2023-08-07T08:04:16.374+0000] {processor.py:836} INFO - DAG(s) dict_keys(['dataset_consumes_unknown_never_scheduled', 'dataset_produces_1', 'dataset_produces_2', 'dataset_consumes_1_and_2', 'dataset_consumes_1', 'dataset_consumes_1_never_scheduled']) retrieved from /home/airflow/.local/lib/python3.7/site-packages/airflow/example_dags/example_datasets.py
[2023-08-07T08:04:16.407+0000] {logging_mixin.py:150} INFO - [2023-08-07T08:04:16.407+0000] {dag.py:2742} INFO - Sync 6 DAGs
[2023-08-07T08:04:16.427+0000] {logging_mixin.py:150} INFO - [2023-08-07T08:04:16.427+0000] {dag.py:3508} INFO - Setting next_dagrun for dataset_consumes_1 to None, run_after=None
[2023-08-07T08:04:16.431+0000] {logging_mixin.py:150} INFO - [2023-08-07T08:04:16.431+0000] {dag.py:3508} INFO - Setting next_dagrun for dataset_consumes_1_and_2 to None, run_after=None
[2023-08-07T08:04:16.432+0000] {logging_mixin.py:150} INFO - [2023-08-07T08:04:16.432+0000] {dag.py:3508} INFO - Setting next_dagrun for dataset_consumes_1_never_scheduled to None, run_after=None
[2023-08-07T08:04:16.434+0000] {logging_mixin.py:150} INFO - [2023-08-07T08:04:16.434+0000] {dag.py:3508} INFO - Setting next_dagrun for dataset_consumes_unknown_never_scheduled to None, run_after=None
[2023-08-07T08:04:16.436+0000] {logging_mixin.py:150} INFO - [2023-08-07T08:04:16.436+0000] {dag.py:3508} INFO - Setting next_dagrun for dataset_produces_1 to 2023-08-06T00:00:00+00:00, run_after=2023-08-07T00:00:00+00:00
[2023-08-07T08:04:16.437+0000] {logging_mixin.py:150} INFO - [2023-08-07T08:04:16.437+0000] {dag.py:3508} INFO - Setting next_dagrun for dataset_produces_2 to None, run_after=None
[2023-08-07T08:04:16.461+0000] {processor.py:179} INFO - Processing /home/airflow/.local/lib/python3.7/site-packages/airflow/example_dags/example_datasets.py took 0.102 seconds
[2023-08-07T08:04:46.655+0000] {processor.py:157} INFO - Started process (PID=973) to work on /home/airflow/.local/lib/python3.7/site-packages/airflow/example_dags/example_datasets.py
[2023-08-07T08:04:46.656+0000] {processor.py:826} INFO - Processing file /home/airflow/.local/lib/python3.7/site-packages/airflow/example_dags/example_datasets.py for tasks to queue
[2023-08-07T08:04:46.657+0000] {logging_mixin.py:150} INFO - [2023-08-07T08:04:46.657+0000] {dagbag.py:541} INFO - Filling up the DagBag from /home/airflow/.local/lib/python3.7/site-packages/airflow/example_dags/example_datasets.py
[2023-08-07T08:04:46.666+0000] {processor.py:836} INFO - DAG(s) dict_keys(['dataset_consumes_1_never_scheduled', 'dataset_produces_1', 'dataset_consumes_unknown_never_scheduled', 'dataset_consumes_1', 'dataset_produces_2', 'dataset_consumes_1_and_2']) retrieved from /home/airflow/.local/lib/python3.7/site-packages/airflow/example_dags/example_datasets.py
[2023-08-07T08:04:46.699+0000] {logging_mixin.py:150} INFO - [2023-08-07T08:04:46.699+0000] {dag.py:2742} INFO - Sync 6 DAGs
[2023-08-07T08:04:46.720+0000] {logging_mixin.py:150} INFO - [2023-08-07T08:04:46.719+0000] {dag.py:3508} INFO - Setting next_dagrun for dataset_consumes_1 to None, run_after=None
[2023-08-07T08:04:46.723+0000] {logging_mixin.py:150} INFO - [2023-08-07T08:04:46.723+0000] {dag.py:3508} INFO - Setting next_dagrun for dataset_consumes_1_and_2 to None, run_after=None
[2023-08-07T08:04:46.724+0000] {logging_mixin.py:150} INFO - [2023-08-07T08:04:46.724+0000] {dag.py:3508} INFO - Setting next_dagrun for dataset_consumes_1_never_scheduled to None, run_after=None
[2023-08-07T08:04:46.726+0000] {logging_mixin.py:150} INFO - [2023-08-07T08:04:46.726+0000] {dag.py:3508} INFO - Setting next_dagrun for dataset_consumes_unknown_never_scheduled to None, run_after=None
[2023-08-07T08:04:46.728+0000] {logging_mixin.py:150} INFO - [2023-08-07T08:04:46.728+0000] {dag.py:3508} INFO - Setting next_dagrun for dataset_produces_1 to 2023-08-06T00:00:00+00:00, run_after=2023-08-07T00:00:00+00:00
[2023-08-07T08:04:46.730+0000] {logging_mixin.py:150} INFO - [2023-08-07T08:04:46.730+0000] {dag.py:3508} INFO - Setting next_dagrun for dataset_produces_2 to None, run_after=None
[2023-08-07T08:04:46.752+0000] {processor.py:179} INFO - Processing /home/airflow/.local/lib/python3.7/site-packages/airflow/example_dags/example_datasets.py took 0.101 seconds
[2023-08-07T08:05:17.006+0000] {processor.py:157} INFO - Started process (PID=1215) to work on /home/airflow/.local/lib/python3.7/site-packages/airflow/example_dags/example_datasets.py
[2023-08-07T08:05:17.007+0000] {processor.py:826} INFO - Processing file /home/airflow/.local/lib/python3.7/site-packages/airflow/example_dags/example_datasets.py for tasks to queue
[2023-08-07T08:05:17.008+0000] {logging_mixin.py:150} INFO - [2023-08-07T08:05:17.008+0000] {dagbag.py:541} INFO - Filling up the DagBag from /home/airflow/.local/lib/python3.7/site-packages/airflow/example_dags/example_datasets.py
[2023-08-07T08:05:17.016+0000] {processor.py:836} INFO - DAG(s) dict_keys(['dataset_consumes_1_and_2', 'dataset_consumes_1_never_scheduled', 'dataset_consumes_unknown_never_scheduled', 'dataset_produces_2', 'dataset_consumes_1', 'dataset_produces_1']) retrieved from /home/airflow/.local/lib/python3.7/site-packages/airflow/example_dags/example_datasets.py
[2023-08-07T08:05:17.049+0000] {logging_mixin.py:150} INFO - [2023-08-07T08:05:17.048+0000] {dag.py:2742} INFO - Sync 6 DAGs
[2023-08-07T08:05:17.069+0000] {logging_mixin.py:150} INFO - [2023-08-07T08:05:17.069+0000] {dag.py:3508} INFO - Setting next_dagrun for dataset_consumes_1 to None, run_after=None
[2023-08-07T08:05:17.073+0000] {logging_mixin.py:150} INFO - [2023-08-07T08:05:17.073+0000] {dag.py:3508} INFO - Setting next_dagrun for dataset_consumes_1_and_2 to None, run_after=None
[2023-08-07T08:05:17.074+0000] {logging_mixin.py:150} INFO - [2023-08-07T08:05:17.074+0000] {dag.py:3508} INFO - Setting next_dagrun for dataset_consumes_1_never_scheduled to None, run_after=None
[2023-08-07T08:05:17.076+0000] {logging_mixin.py:150} INFO - [2023-08-07T08:05:17.076+0000] {dag.py:3508} INFO - Setting next_dagrun for dataset_consumes_unknown_never_scheduled to None, run_after=None
[2023-08-07T08:05:17.078+0000] {logging_mixin.py:150} INFO - [2023-08-07T08:05:17.078+0000] {dag.py:3508} INFO - Setting next_dagrun for dataset_produces_1 to 2023-08-06T00:00:00+00:00, run_after=2023-08-07T00:00:00+00:00
[2023-08-07T08:05:17.079+0000] {logging_mixin.py:150} INFO - [2023-08-07T08:05:17.079+0000] {dag.py:3508} INFO - Setting next_dagrun for dataset_produces_2 to None, run_after=None
[2023-08-07T08:05:17.100+0000] {processor.py:179} INFO - Processing /home/airflow/.local/lib/python3.7/site-packages/airflow/example_dags/example_datasets.py took 0.098 seconds
[2023-08-07T08:05:47.407+0000] {processor.py:157} INFO - Started process (PID=1457) to work on /home/airflow/.local/lib/python3.7/site-packages/airflow/example_dags/example_datasets.py
[2023-08-07T08:05:47.410+0000] {processor.py:826} INFO - Processing file /home/airflow/.local/lib/python3.7/site-packages/airflow/example_dags/example_datasets.py for tasks to queue
[2023-08-07T08:05:47.411+0000] {logging_mixin.py:150} INFO - [2023-08-07T08:05:47.410+0000] {dagbag.py:541} INFO - Filling up the DagBag from /home/airflow/.local/lib/python3.7/site-packages/airflow/example_dags/example_datasets.py
[2023-08-07T08:05:47.419+0000] {processor.py:836} INFO - DAG(s) dict_keys(['dataset_consumes_1_and_2', 'dataset_consumes_1', 'dataset_consumes_1_never_scheduled', 'dataset_produces_1', 'dataset_produces_2', 'dataset_consumes_unknown_never_scheduled']) retrieved from /home/airflow/.local/lib/python3.7/site-packages/airflow/example_dags/example_datasets.py
[2023-08-07T08:05:47.453+0000] {logging_mixin.py:150} INFO - [2023-08-07T08:05:47.453+0000] {dag.py:2742} INFO - Sync 6 DAGs
[2023-08-07T08:05:47.475+0000] {logging_mixin.py:150} INFO - [2023-08-07T08:05:47.474+0000] {dag.py:3508} INFO - Setting next_dagrun for dataset_consumes_1 to None, run_after=None
[2023-08-07T08:05:47.478+0000] {logging_mixin.py:150} INFO - [2023-08-07T08:05:47.478+0000] {dag.py:3508} INFO - Setting next_dagrun for dataset_consumes_1_and_2 to None, run_after=None
[2023-08-07T08:05:47.479+0000] {logging_mixin.py:150} INFO - [2023-08-07T08:05:47.479+0000] {dag.py:3508} INFO - Setting next_dagrun for dataset_consumes_1_never_scheduled to None, run_after=None
[2023-08-07T08:05:47.481+0000] {logging_mixin.py:150} INFO - [2023-08-07T08:05:47.480+0000] {dag.py:3508} INFO - Setting next_dagrun for dataset_consumes_unknown_never_scheduled to None, run_after=None
[2023-08-07T08:05:47.483+0000] {logging_mixin.py:150} INFO - [2023-08-07T08:05:47.483+0000] {dag.py:3508} INFO - Setting next_dagrun for dataset_produces_1 to 2023-08-06T00:00:00+00:00, run_after=2023-08-07T00:00:00+00:00
[2023-08-07T08:05:47.485+0000] {logging_mixin.py:150} INFO - [2023-08-07T08:05:47.484+0000] {dag.py:3508} INFO - Setting next_dagrun for dataset_produces_2 to None, run_after=None
[2023-08-07T08:05:47.508+0000] {processor.py:179} INFO - Processing /home/airflow/.local/lib/python3.7/site-packages/airflow/example_dags/example_datasets.py took 0.105 seconds
[2023-08-07T08:06:17.607+0000] {processor.py:157} INFO - Started process (PID=1713) to work on /home/airflow/.local/lib/python3.7/site-packages/airflow/example_dags/example_datasets.py
[2023-08-07T08:06:17.609+0000] {processor.py:826} INFO - Processing file /home/airflow/.local/lib/python3.7/site-packages/airflow/example_dags/example_datasets.py for tasks to queue
[2023-08-07T08:06:17.610+0000] {logging_mixin.py:150} INFO - [2023-08-07T08:06:17.610+0000] {dagbag.py:541} INFO - Filling up the DagBag from /home/airflow/.local/lib/python3.7/site-packages/airflow/example_dags/example_datasets.py
[2023-08-07T08:06:17.619+0000] {processor.py:836} INFO - DAG(s) dict_keys(['dataset_consumes_unknown_never_scheduled', 'dataset_consumes_1_and_2', 'dataset_produces_2', 'dataset_consumes_1', 'dataset_produces_1', 'dataset_consumes_1_never_scheduled']) retrieved from /home/airflow/.local/lib/python3.7/site-packages/airflow/example_dags/example_datasets.py
[2023-08-07T08:06:17.653+0000] {logging_mixin.py:150} INFO - [2023-08-07T08:06:17.653+0000] {dag.py:2742} INFO - Sync 6 DAGs
[2023-08-07T08:06:17.674+0000] {logging_mixin.py:150} INFO - [2023-08-07T08:06:17.674+0000] {dag.py:3508} INFO - Setting next_dagrun for dataset_consumes_1 to None, run_after=None
[2023-08-07T08:06:17.677+0000] {logging_mixin.py:150} INFO - [2023-08-07T08:06:17.677+0000] {dag.py:3508} INFO - Setting next_dagrun for dataset_consumes_1_and_2 to None, run_after=None
[2023-08-07T08:06:17.678+0000] {logging_mixin.py:150} INFO - [2023-08-07T08:06:17.678+0000] {dag.py:3508} INFO - Setting next_dagrun for dataset_consumes_1_never_scheduled to None, run_after=None
[2023-08-07T08:06:17.680+0000] {logging_mixin.py:150} INFO - [2023-08-07T08:06:17.680+0000] {dag.py:3508} INFO - Setting next_dagrun for dataset_consumes_unknown_never_scheduled to None, run_after=None
[2023-08-07T08:06:17.682+0000] {logging_mixin.py:150} INFO - [2023-08-07T08:06:17.682+0000] {dag.py:3508} INFO - Setting next_dagrun for dataset_produces_1 to 2023-08-06T00:00:00+00:00, run_after=2023-08-07T00:00:00+00:00
[2023-08-07T08:06:17.684+0000] {logging_mixin.py:150} INFO - [2023-08-07T08:06:17.684+0000] {dag.py:3508} INFO - Setting next_dagrun for dataset_produces_2 to None, run_after=None
[2023-08-07T08:06:17.708+0000] {processor.py:179} INFO - Processing /home/airflow/.local/lib/python3.7/site-packages/airflow/example_dags/example_datasets.py took 0.104 seconds
[2023-08-07T08:06:47.772+0000] {processor.py:157} INFO - Started process (PID=1955) to work on /home/airflow/.local/lib/python3.7/site-packages/airflow/example_dags/example_datasets.py
[2023-08-07T08:06:47.773+0000] {processor.py:826} INFO - Processing file /home/airflow/.local/lib/python3.7/site-packages/airflow/example_dags/example_datasets.py for tasks to queue
[2023-08-07T08:06:47.774+0000] {logging_mixin.py:150} INFO - [2023-08-07T08:06:47.774+0000] {dagbag.py:541} INFO - Filling up the DagBag from /home/airflow/.local/lib/python3.7/site-packages/airflow/example_dags/example_datasets.py
[2023-08-07T08:06:47.783+0000] {processor.py:836} INFO - DAG(s) dict_keys(['dataset_produces_1', 'dataset_consumes_1', 'dataset_produces_2', 'dataset_consumes_1_never_scheduled', 'dataset_consumes_1_and_2', 'dataset_consumes_unknown_never_scheduled']) retrieved from /home/airflow/.local/lib/python3.7/site-packages/airflow/example_dags/example_datasets.py
[2023-08-07T08:06:47.815+0000] {logging_mixin.py:150} INFO - [2023-08-07T08:06:47.815+0000] {dag.py:2742} INFO - Sync 6 DAGs
[2023-08-07T08:06:47.834+0000] {logging_mixin.py:150} INFO - [2023-08-07T08:06:47.834+0000] {dag.py:3508} INFO - Setting next_dagrun for dataset_consumes_1 to None, run_after=None
[2023-08-07T08:06:47.837+0000] {logging_mixin.py:150} INFO - [2023-08-07T08:06:47.837+0000] {dag.py:3508} INFO - Setting next_dagrun for dataset_consumes_1_and_2 to None, run_after=None
[2023-08-07T08:06:47.839+0000] {logging_mixin.py:150} INFO - [2023-08-07T08:06:47.838+0000] {dag.py:3508} INFO - Setting next_dagrun for dataset_consumes_1_never_scheduled to None, run_after=None
[2023-08-07T08:06:47.840+0000] {logging_mixin.py:150} INFO - [2023-08-07T08:06:47.840+0000] {dag.py:3508} INFO - Setting next_dagrun for dataset_consumes_unknown_never_scheduled to None, run_after=None
[2023-08-07T08:06:47.842+0000] {logging_mixin.py:150} INFO - [2023-08-07T08:06:47.842+0000] {dag.py:3508} INFO - Setting next_dagrun for dataset_produces_1 to 2023-08-06T00:00:00+00:00, run_after=2023-08-07T00:00:00+00:00
[2023-08-07T08:06:47.843+0000] {logging_mixin.py:150} INFO - [2023-08-07T08:06:47.843+0000] {dag.py:3508} INFO - Setting next_dagrun for dataset_produces_2 to None, run_after=None
[2023-08-07T08:06:47.867+0000] {processor.py:179} INFO - Processing /home/airflow/.local/lib/python3.7/site-packages/airflow/example_dags/example_datasets.py took 0.098 seconds
[2023-08-07T08:07:17.942+0000] {processor.py:157} INFO - Started process (PID=2197) to work on /home/airflow/.local/lib/python3.7/site-packages/airflow/example_dags/example_datasets.py
[2023-08-07T08:07:17.944+0000] {processor.py:826} INFO - Processing file /home/airflow/.local/lib/python3.7/site-packages/airflow/example_dags/example_datasets.py for tasks to queue
[2023-08-07T08:07:17.945+0000] {logging_mixin.py:150} INFO - [2023-08-07T08:07:17.945+0000] {dagbag.py:541} INFO - Filling up the DagBag from /home/airflow/.local/lib/python3.7/site-packages/airflow/example_dags/example_datasets.py
[2023-08-07T08:07:17.954+0000] {processor.py:836} INFO - DAG(s) dict_keys(['dataset_produces_2', 'dataset_consumes_1_never_scheduled', 'dataset_consumes_1_and_2', 'dataset_consumes_unknown_never_scheduled', 'dataset_consumes_1', 'dataset_produces_1']) retrieved from /home/airflow/.local/lib/python3.7/site-packages/airflow/example_dags/example_datasets.py
[2023-08-07T08:07:17.991+0000] {logging_mixin.py:150} INFO - [2023-08-07T08:07:17.991+0000] {dag.py:2742} INFO - Sync 6 DAGs
[2023-08-07T08:07:18.013+0000] {logging_mixin.py:150} INFO - [2023-08-07T08:07:18.013+0000] {dag.py:3508} INFO - Setting next_dagrun for dataset_consumes_1 to None, run_after=None
[2023-08-07T08:07:18.016+0000] {logging_mixin.py:150} INFO - [2023-08-07T08:07:18.016+0000] {dag.py:3508} INFO - Setting next_dagrun for dataset_consumes_1_and_2 to None, run_after=None
[2023-08-07T08:07:18.018+0000] {logging_mixin.py:150} INFO - [2023-08-07T08:07:18.018+0000] {dag.py:3508} INFO - Setting next_dagrun for dataset_consumes_1_never_scheduled to None, run_after=None
[2023-08-07T08:07:18.020+0000] {logging_mixin.py:150} INFO - [2023-08-07T08:07:18.019+0000] {dag.py:3508} INFO - Setting next_dagrun for dataset_consumes_unknown_never_scheduled to None, run_after=None
[2023-08-07T08:07:18.022+0000] {logging_mixin.py:150} INFO - [2023-08-07T08:07:18.022+0000] {dag.py:3508} INFO - Setting next_dagrun for dataset_produces_1 to 2023-08-06T00:00:00+00:00, run_after=2023-08-07T00:00:00+00:00
[2023-08-07T08:07:18.024+0000] {logging_mixin.py:150} INFO - [2023-08-07T08:07:18.023+0000] {dag.py:3508} INFO - Setting next_dagrun for dataset_produces_2 to None, run_after=None
[2023-08-07T08:07:18.048+0000] {processor.py:179} INFO - Processing /home/airflow/.local/lib/python3.7/site-packages/airflow/example_dags/example_datasets.py took 0.109 seconds
[2023-08-07T08:07:48.177+0000] {processor.py:157} INFO - Started process (PID=2440) to work on /home/airflow/.local/lib/python3.7/site-packages/airflow/example_dags/example_datasets.py
[2023-08-07T08:07:48.178+0000] {processor.py:826} INFO - Processing file /home/airflow/.local/lib/python3.7/site-packages/airflow/example_dags/example_datasets.py for tasks to queue
[2023-08-07T08:07:48.179+0000] {logging_mixin.py:150} INFO - [2023-08-07T08:07:48.179+0000] {dagbag.py:541} INFO - Filling up the DagBag from /home/airflow/.local/lib/python3.7/site-packages/airflow/example_dags/example_datasets.py
[2023-08-07T08:07:48.187+0000] {processor.py:836} INFO - DAG(s) dict_keys(['dataset_consumes_1_and_2', 'dataset_produces_1', 'dataset_consumes_1', 'dataset_consumes_1_never_scheduled', 'dataset_consumes_unknown_never_scheduled', 'dataset_produces_2']) retrieved from /home/airflow/.local/lib/python3.7/site-packages/airflow/example_dags/example_datasets.py
[2023-08-07T08:07:48.218+0000] {logging_mixin.py:150} INFO - [2023-08-07T08:07:48.218+0000] {dag.py:2742} INFO - Sync 6 DAGs
[2023-08-07T08:07:48.238+0000] {logging_mixin.py:150} INFO - [2023-08-07T08:07:48.238+0000] {dag.py:3508} INFO - Setting next_dagrun for dataset_consumes_1 to None, run_after=None
[2023-08-07T08:07:48.242+0000] {logging_mixin.py:150} INFO - [2023-08-07T08:07:48.241+0000] {dag.py:3508} INFO - Setting next_dagrun for dataset_consumes_1_and_2 to None, run_after=None
[2023-08-07T08:07:48.244+0000] {logging_mixin.py:150} INFO - [2023-08-07T08:07:48.244+0000] {dag.py:3508} INFO - Setting next_dagrun for dataset_consumes_1_never_scheduled to None, run_after=None
[2023-08-07T08:07:48.245+0000] {logging_mixin.py:150} INFO - [2023-08-07T08:07:48.245+0000] {dag.py:3508} INFO - Setting next_dagrun for dataset_consumes_unknown_never_scheduled to None, run_after=None
[2023-08-07T08:07:48.247+0000] {logging_mixin.py:150} INFO - [2023-08-07T08:07:48.247+0000] {dag.py:3508} INFO - Setting next_dagrun for dataset_produces_1 to 2023-08-06T00:00:00+00:00, run_after=2023-08-07T00:00:00+00:00
[2023-08-07T08:07:48.248+0000] {logging_mixin.py:150} INFO - [2023-08-07T08:07:48.248+0000] {dag.py:3508} INFO - Setting next_dagrun for dataset_produces_2 to None, run_after=None
[2023-08-07T08:07:48.271+0000] {processor.py:179} INFO - Processing /home/airflow/.local/lib/python3.7/site-packages/airflow/example_dags/example_datasets.py took 0.098 seconds
[2023-08-07T08:08:18.501+0000] {processor.py:157} INFO - Started process (PID=2682) to work on /home/airflow/.local/lib/python3.7/site-packages/airflow/example_dags/example_datasets.py
[2023-08-07T08:08:18.503+0000] {processor.py:826} INFO - Processing file /home/airflow/.local/lib/python3.7/site-packages/airflow/example_dags/example_datasets.py for tasks to queue
[2023-08-07T08:08:18.504+0000] {logging_mixin.py:150} INFO - [2023-08-07T08:08:18.504+0000] {dagbag.py:541} INFO - Filling up the DagBag from /home/airflow/.local/lib/python3.7/site-packages/airflow/example_dags/example_datasets.py
[2023-08-07T08:08:18.513+0000] {processor.py:836} INFO - DAG(s) dict_keys(['dataset_consumes_1', 'dataset_consumes_1_never_scheduled', 'dataset_produces_1', 'dataset_consumes_unknown_never_scheduled', 'dataset_produces_2', 'dataset_consumes_1_and_2']) retrieved from /home/airflow/.local/lib/python3.7/site-packages/airflow/example_dags/example_datasets.py
[2023-08-07T08:08:18.546+0000] {logging_mixin.py:150} INFO - [2023-08-07T08:08:18.546+0000] {dag.py:2742} INFO - Sync 6 DAGs
[2023-08-07T08:08:18.567+0000] {logging_mixin.py:150} INFO - [2023-08-07T08:08:18.567+0000] {dag.py:3508} INFO - Setting next_dagrun for dataset_consumes_1 to None, run_after=None
[2023-08-07T08:08:18.570+0000] {logging_mixin.py:150} INFO - [2023-08-07T08:08:18.570+0000] {dag.py:3508} INFO - Setting next_dagrun for dataset_consumes_1_and_2 to None, run_after=None
[2023-08-07T08:08:18.571+0000] {logging_mixin.py:150} INFO - [2023-08-07T08:08:18.571+0000] {dag.py:3508} INFO - Setting next_dagrun for dataset_consumes_1_never_scheduled to None, run_after=None
[2023-08-07T08:08:18.573+0000] {logging_mixin.py:150} INFO - [2023-08-07T08:08:18.573+0000] {dag.py:3508} INFO - Setting next_dagrun for dataset_consumes_unknown_never_scheduled to None, run_after=None
[2023-08-07T08:08:18.575+0000] {logging_mixin.py:150} INFO - [2023-08-07T08:08:18.575+0000] {dag.py:3508} INFO - Setting next_dagrun for dataset_produces_1 to 2023-08-06T00:00:00+00:00, run_after=2023-08-07T00:00:00+00:00
[2023-08-07T08:08:18.576+0000] {logging_mixin.py:150} INFO - [2023-08-07T08:08:18.576+0000] {dag.py:3508} INFO - Setting next_dagrun for dataset_produces_2 to None, run_after=None
[2023-08-07T08:08:18.601+0000] {processor.py:179} INFO - Processing /home/airflow/.local/lib/python3.7/site-packages/airflow/example_dags/example_datasets.py took 0.104 seconds
[2023-08-07T08:08:48.832+0000] {processor.py:157} INFO - Started process (PID=2924) to work on /home/airflow/.local/lib/python3.7/site-packages/airflow/example_dags/example_datasets.py
[2023-08-07T08:08:48.833+0000] {processor.py:826} INFO - Processing file /home/airflow/.local/lib/python3.7/site-packages/airflow/example_dags/example_datasets.py for tasks to queue
[2023-08-07T08:08:48.834+0000] {logging_mixin.py:150} INFO - [2023-08-07T08:08:48.834+0000] {dagbag.py:541} INFO - Filling up the DagBag from /home/airflow/.local/lib/python3.7/site-packages/airflow/example_dags/example_datasets.py
[2023-08-07T08:08:48.842+0000] {processor.py:836} INFO - DAG(s) dict_keys(['dataset_produces_2', 'dataset_consumes_1_never_scheduled', 'dataset_produces_1', 'dataset_consumes_unknown_never_scheduled', 'dataset_consumes_1_and_2', 'dataset_consumes_1']) retrieved from /home/airflow/.local/lib/python3.7/site-packages/airflow/example_dags/example_datasets.py
[2023-08-07T08:08:48.876+0000] {logging_mixin.py:150} INFO - [2023-08-07T08:08:48.876+0000] {dag.py:2742} INFO - Sync 6 DAGs
[2023-08-07T08:08:48.899+0000] {logging_mixin.py:150} INFO - [2023-08-07T08:08:48.899+0000] {dag.py:3508} INFO - Setting next_dagrun for dataset_consumes_1 to None, run_after=None
[2023-08-07T08:08:48.902+0000] {logging_mixin.py:150} INFO - [2023-08-07T08:08:48.902+0000] {dag.py:3508} INFO - Setting next_dagrun for dataset_consumes_1_and_2 to None, run_after=None
[2023-08-07T08:08:48.904+0000] {logging_mixin.py:150} INFO - [2023-08-07T08:08:48.903+0000] {dag.py:3508} INFO - Setting next_dagrun for dataset_consumes_1_never_scheduled to None, run_after=None
[2023-08-07T08:08:48.905+0000] {logging_mixin.py:150} INFO - [2023-08-07T08:08:48.905+0000] {dag.py:3508} INFO - Setting next_dagrun for dataset_consumes_unknown_never_scheduled to None, run_after=None
[2023-08-07T08:08:48.907+0000] {logging_mixin.py:150} INFO - [2023-08-07T08:08:48.907+0000] {dag.py:3508} INFO - Setting next_dagrun for dataset_produces_1 to 2023-08-06T00:00:00+00:00, run_after=2023-08-07T00:00:00+00:00
[2023-08-07T08:08:48.909+0000] {logging_mixin.py:150} INFO - [2023-08-07T08:08:48.909+0000] {dag.py:3508} INFO - Setting next_dagrun for dataset_produces_2 to None, run_after=None
[2023-08-07T08:08:48.933+0000] {processor.py:179} INFO - Processing /home/airflow/.local/lib/python3.7/site-packages/airflow/example_dags/example_datasets.py took 0.104 seconds
