[2023-08-07T08:03:16.077+0000] {processor.py:157} INFO - Started process (PID=311) to work on /home/airflow/.local/lib/python3.7/site-packages/airflow/example_dags/example_subdag_operator.py
[2023-08-07T08:03:16.079+0000] {processor.py:826} INFO - Processing file /home/airflow/.local/lib/python3.7/site-packages/airflow/example_dags/example_subdag_operator.py for tasks to queue
[2023-08-07T08:03:16.080+0000] {logging_mixin.py:150} INFO - [2023-08-07T08:03:16.080+0000] {dagbag.py:541} INFO - Filling up the DagBag from /home/airflow/.local/lib/python3.7/site-packages/airflow/example_dags/example_subdag_operator.py
[2023-08-07T08:03:16.107+0000] {processor.py:836} INFO - DAG(s) dict_keys(['example_subdag_operator.section-1', 'example_subdag_operator.section-2', 'example_subdag_operator']) retrieved from /home/airflow/.local/lib/python3.7/site-packages/airflow/example_dags/example_subdag_operator.py
[2023-08-07T08:03:16.111+0000] {logging_mixin.py:150} INFO - [2023-08-07T08:03:16.111+0000] {dag.py:2742} INFO - Sync 3 DAGs
[2023-08-07T08:03:16.132+0000] {logging_mixin.py:150} INFO - [2023-08-07T08:03:16.131+0000] {dag.py:3508} INFO - Setting next_dagrun for example_subdag_operator to 2022-01-01T00:00:00+00:00, run_after=2022-01-01T00:00:00+00:00
[2023-08-07T08:03:16.134+0000] {logging_mixin.py:150} INFO - [2023-08-07T08:03:16.134+0000] {dag.py:3508} INFO - Setting next_dagrun for example_subdag_operator.section-1 to None, run_after=None
[2023-08-07T08:03:16.136+0000] {logging_mixin.py:150} INFO - [2023-08-07T08:03:16.136+0000] {dag.py:3508} INFO - Setting next_dagrun for example_subdag_operator.section-2 to None, run_after=None
[2023-08-07T08:03:16.143+0000] {logging_mixin.py:150} INFO - [2023-08-07T08:03:16.143+0000] {dag.py:2742} INFO - Sync 2 DAGs
[2023-08-07T08:03:16.148+0000] {logging_mixin.py:150} INFO - [2023-08-07T08:03:16.147+0000] {dag.py:3508} INFO - Setting next_dagrun for example_subdag_operator.section-1 to None, run_after=None
[2023-08-07T08:03:16.148+0000] {logging_mixin.py:150} INFO - [2023-08-07T08:03:16.148+0000] {dag.py:3508} INFO - Setting next_dagrun for example_subdag_operator.section-2 to None, run_after=None
[2023-08-07T08:03:16.158+0000] {processor.py:179} INFO - Processing /home/airflow/.local/lib/python3.7/site-packages/airflow/example_dags/example_subdag_operator.py took 0.084 seconds
[2023-08-07T08:03:46.698+0000] {processor.py:157} INFO - Started process (PID=553) to work on /home/airflow/.local/lib/python3.7/site-packages/airflow/example_dags/example_subdag_operator.py
[2023-08-07T08:03:46.699+0000] {processor.py:826} INFO - Processing file /home/airflow/.local/lib/python3.7/site-packages/airflow/example_dags/example_subdag_operator.py for tasks to queue
[2023-08-07T08:03:46.701+0000] {logging_mixin.py:150} INFO - [2023-08-07T08:03:46.700+0000] {dagbag.py:541} INFO - Filling up the DagBag from /home/airflow/.local/lib/python3.7/site-packages/airflow/example_dags/example_subdag_operator.py
[2023-08-07T08:03:46.724+0000] {processor.py:836} INFO - DAG(s) dict_keys(['example_subdag_operator.section-1', 'example_subdag_operator.section-2', 'example_subdag_operator']) retrieved from /home/airflow/.local/lib/python3.7/site-packages/airflow/example_dags/example_subdag_operator.py
[2023-08-07T08:03:46.739+0000] {logging_mixin.py:150} INFO - [2023-08-07T08:03:46.739+0000] {dag.py:2742} INFO - Sync 3 DAGs
[2023-08-07T08:03:46.758+0000] {logging_mixin.py:150} INFO - [2023-08-07T08:03:46.758+0000] {dag.py:3508} INFO - Setting next_dagrun for example_subdag_operator to 2022-01-01T00:00:00+00:00, run_after=2022-01-01T00:00:00+00:00
[2023-08-07T08:03:46.761+0000] {logging_mixin.py:150} INFO - [2023-08-07T08:03:46.760+0000] {dag.py:3508} INFO - Setting next_dagrun for example_subdag_operator.section-1 to None, run_after=None
[2023-08-07T08:03:46.762+0000] {logging_mixin.py:150} INFO - [2023-08-07T08:03:46.762+0000] {dag.py:3508} INFO - Setting next_dagrun for example_subdag_operator.section-2 to None, run_after=None
[2023-08-07T08:03:46.768+0000] {logging_mixin.py:150} INFO - [2023-08-07T08:03:46.768+0000] {dag.py:2742} INFO - Sync 2 DAGs
[2023-08-07T08:03:46.772+0000] {logging_mixin.py:150} INFO - [2023-08-07T08:03:46.772+0000] {dag.py:3508} INFO - Setting next_dagrun for example_subdag_operator.section-1 to None, run_after=None
[2023-08-07T08:03:46.773+0000] {logging_mixin.py:150} INFO - [2023-08-07T08:03:46.773+0000] {dag.py:3508} INFO - Setting next_dagrun for example_subdag_operator.section-2 to None, run_after=None
[2023-08-07T08:03:46.781+0000] {processor.py:179} INFO - Processing /home/airflow/.local/lib/python3.7/site-packages/airflow/example_dags/example_subdag_operator.py took 0.086 seconds
[2023-08-07T08:04:17.117+0000] {processor.py:157} INFO - Started process (PID=796) to work on /home/airflow/.local/lib/python3.7/site-packages/airflow/example_dags/example_subdag_operator.py
[2023-08-07T08:04:17.118+0000] {processor.py:826} INFO - Processing file /home/airflow/.local/lib/python3.7/site-packages/airflow/example_dags/example_subdag_operator.py for tasks to queue
[2023-08-07T08:04:17.119+0000] {logging_mixin.py:150} INFO - [2023-08-07T08:04:17.119+0000] {dagbag.py:541} INFO - Filling up the DagBag from /home/airflow/.local/lib/python3.7/site-packages/airflow/example_dags/example_subdag_operator.py
[2023-08-07T08:04:17.143+0000] {processor.py:836} INFO - DAG(s) dict_keys(['example_subdag_operator.section-1', 'example_subdag_operator.section-2', 'example_subdag_operator']) retrieved from /home/airflow/.local/lib/python3.7/site-packages/airflow/example_dags/example_subdag_operator.py
[2023-08-07T08:04:17.157+0000] {logging_mixin.py:150} INFO - [2023-08-07T08:04:17.157+0000] {dag.py:2742} INFO - Sync 3 DAGs
[2023-08-07T08:04:17.176+0000] {logging_mixin.py:150} INFO - [2023-08-07T08:04:17.176+0000] {dag.py:3508} INFO - Setting next_dagrun for example_subdag_operator to 2022-01-01T00:00:00+00:00, run_after=2022-01-01T00:00:00+00:00
[2023-08-07T08:04:17.180+0000] {logging_mixin.py:150} INFO - [2023-08-07T08:04:17.180+0000] {dag.py:3508} INFO - Setting next_dagrun for example_subdag_operator.section-1 to None, run_after=None
[2023-08-07T08:04:17.181+0000] {logging_mixin.py:150} INFO - [2023-08-07T08:04:17.181+0000] {dag.py:3508} INFO - Setting next_dagrun for example_subdag_operator.section-2 to None, run_after=None
[2023-08-07T08:04:17.187+0000] {logging_mixin.py:150} INFO - [2023-08-07T08:04:17.187+0000] {dag.py:2742} INFO - Sync 2 DAGs
[2023-08-07T08:04:17.192+0000] {logging_mixin.py:150} INFO - [2023-08-07T08:04:17.191+0000] {dag.py:3508} INFO - Setting next_dagrun for example_subdag_operator.section-1 to None, run_after=None
[2023-08-07T08:04:17.192+0000] {logging_mixin.py:150} INFO - [2023-08-07T08:04:17.192+0000] {dag.py:3508} INFO - Setting next_dagrun for example_subdag_operator.section-2 to None, run_after=None
[2023-08-07T08:04:17.201+0000] {processor.py:179} INFO - Processing /home/airflow/.local/lib/python3.7/site-packages/airflow/example_dags/example_subdag_operator.py took 0.088 seconds
[2023-08-07T08:04:47.535+0000] {processor.py:157} INFO - Started process (PID=1038) to work on /home/airflow/.local/lib/python3.7/site-packages/airflow/example_dags/example_subdag_operator.py
[2023-08-07T08:04:47.536+0000] {processor.py:826} INFO - Processing file /home/airflow/.local/lib/python3.7/site-packages/airflow/example_dags/example_subdag_operator.py for tasks to queue
[2023-08-07T08:04:47.537+0000] {logging_mixin.py:150} INFO - [2023-08-07T08:04:47.537+0000] {dagbag.py:541} INFO - Filling up the DagBag from /home/airflow/.local/lib/python3.7/site-packages/airflow/example_dags/example_subdag_operator.py
[2023-08-07T08:04:47.561+0000] {processor.py:836} INFO - DAG(s) dict_keys(['example_subdag_operator.section-1', 'example_subdag_operator.section-2', 'example_subdag_operator']) retrieved from /home/airflow/.local/lib/python3.7/site-packages/airflow/example_dags/example_subdag_operator.py
[2023-08-07T08:04:47.576+0000] {logging_mixin.py:150} INFO - [2023-08-07T08:04:47.576+0000] {dag.py:2742} INFO - Sync 3 DAGs
[2023-08-07T08:04:47.598+0000] {logging_mixin.py:150} INFO - [2023-08-07T08:04:47.598+0000] {dag.py:3508} INFO - Setting next_dagrun for example_subdag_operator to 2022-01-01T00:00:00+00:00, run_after=2022-01-01T00:00:00+00:00
[2023-08-07T08:04:47.601+0000] {logging_mixin.py:150} INFO - [2023-08-07T08:04:47.601+0000] {dag.py:3508} INFO - Setting next_dagrun for example_subdag_operator.section-1 to None, run_after=None
[2023-08-07T08:04:47.602+0000] {logging_mixin.py:150} INFO - [2023-08-07T08:04:47.602+0000] {dag.py:3508} INFO - Setting next_dagrun for example_subdag_operator.section-2 to None, run_after=None
[2023-08-07T08:04:47.609+0000] {logging_mixin.py:150} INFO - [2023-08-07T08:04:47.609+0000] {dag.py:2742} INFO - Sync 2 DAGs
[2023-08-07T08:04:47.614+0000] {logging_mixin.py:150} INFO - [2023-08-07T08:04:47.613+0000] {dag.py:3508} INFO - Setting next_dagrun for example_subdag_operator.section-1 to None, run_after=None
[2023-08-07T08:04:47.614+0000] {logging_mixin.py:150} INFO - [2023-08-07T08:04:47.614+0000] {dag.py:3508} INFO - Setting next_dagrun for example_subdag_operator.section-2 to None, run_after=None
[2023-08-07T08:04:47.622+0000] {processor.py:179} INFO - Processing /home/airflow/.local/lib/python3.7/site-packages/airflow/example_dags/example_subdag_operator.py took 0.091 seconds
[2023-08-07T08:05:17.847+0000] {processor.py:157} INFO - Started process (PID=1280) to work on /home/airflow/.local/lib/python3.7/site-packages/airflow/example_dags/example_subdag_operator.py
[2023-08-07T08:05:17.849+0000] {processor.py:826} INFO - Processing file /home/airflow/.local/lib/python3.7/site-packages/airflow/example_dags/example_subdag_operator.py for tasks to queue
[2023-08-07T08:05:17.850+0000] {logging_mixin.py:150} INFO - [2023-08-07T08:05:17.849+0000] {dagbag.py:541} INFO - Filling up the DagBag from /home/airflow/.local/lib/python3.7/site-packages/airflow/example_dags/example_subdag_operator.py
[2023-08-07T08:05:17.874+0000] {processor.py:836} INFO - DAG(s) dict_keys(['example_subdag_operator.section-1', 'example_subdag_operator.section-2', 'example_subdag_operator']) retrieved from /home/airflow/.local/lib/python3.7/site-packages/airflow/example_dags/example_subdag_operator.py
[2023-08-07T08:05:17.889+0000] {logging_mixin.py:150} INFO - [2023-08-07T08:05:17.889+0000] {dag.py:2742} INFO - Sync 3 DAGs
[2023-08-07T08:05:17.908+0000] {logging_mixin.py:150} INFO - [2023-08-07T08:05:17.908+0000] {dag.py:3508} INFO - Setting next_dagrun for example_subdag_operator to 2022-01-01T00:00:00+00:00, run_after=2022-01-01T00:00:00+00:00
[2023-08-07T08:05:17.911+0000] {logging_mixin.py:150} INFO - [2023-08-07T08:05:17.911+0000] {dag.py:3508} INFO - Setting next_dagrun for example_subdag_operator.section-1 to None, run_after=None
[2023-08-07T08:05:17.913+0000] {logging_mixin.py:150} INFO - [2023-08-07T08:05:17.912+0000] {dag.py:3508} INFO - Setting next_dagrun for example_subdag_operator.section-2 to None, run_after=None
[2023-08-07T08:05:17.918+0000] {logging_mixin.py:150} INFO - [2023-08-07T08:05:17.918+0000] {dag.py:2742} INFO - Sync 2 DAGs
[2023-08-07T08:05:17.923+0000] {logging_mixin.py:150} INFO - [2023-08-07T08:05:17.923+0000] {dag.py:3508} INFO - Setting next_dagrun for example_subdag_operator.section-1 to None, run_after=None
[2023-08-07T08:05:17.924+0000] {logging_mixin.py:150} INFO - [2023-08-07T08:05:17.924+0000] {dag.py:3508} INFO - Setting next_dagrun for example_subdag_operator.section-2 to None, run_after=None
[2023-08-07T08:05:17.932+0000] {processor.py:179} INFO - Processing /home/airflow/.local/lib/python3.7/site-packages/airflow/example_dags/example_subdag_operator.py took 0.087 seconds
[2023-08-07T08:05:48.291+0000] {processor.py:157} INFO - Started process (PID=1522) to work on /home/airflow/.local/lib/python3.7/site-packages/airflow/example_dags/example_subdag_operator.py
[2023-08-07T08:05:48.293+0000] {processor.py:826} INFO - Processing file /home/airflow/.local/lib/python3.7/site-packages/airflow/example_dags/example_subdag_operator.py for tasks to queue
[2023-08-07T08:05:48.294+0000] {logging_mixin.py:150} INFO - [2023-08-07T08:05:48.293+0000] {dagbag.py:541} INFO - Filling up the DagBag from /home/airflow/.local/lib/python3.7/site-packages/airflow/example_dags/example_subdag_operator.py
[2023-08-07T08:05:48.319+0000] {processor.py:836} INFO - DAG(s) dict_keys(['example_subdag_operator.section-1', 'example_subdag_operator.section-2', 'example_subdag_operator']) retrieved from /home/airflow/.local/lib/python3.7/site-packages/airflow/example_dags/example_subdag_operator.py
[2023-08-07T08:05:48.334+0000] {logging_mixin.py:150} INFO - [2023-08-07T08:05:48.334+0000] {dag.py:2742} INFO - Sync 3 DAGs
[2023-08-07T08:05:48.354+0000] {logging_mixin.py:150} INFO - [2023-08-07T08:05:48.354+0000] {dag.py:3508} INFO - Setting next_dagrun for example_subdag_operator to 2022-01-01T00:00:00+00:00, run_after=2022-01-01T00:00:00+00:00
[2023-08-07T08:05:48.357+0000] {logging_mixin.py:150} INFO - [2023-08-07T08:05:48.357+0000] {dag.py:3508} INFO - Setting next_dagrun for example_subdag_operator.section-1 to None, run_after=None
[2023-08-07T08:05:48.359+0000] {logging_mixin.py:150} INFO - [2023-08-07T08:05:48.359+0000] {dag.py:3508} INFO - Setting next_dagrun for example_subdag_operator.section-2 to None, run_after=None
[2023-08-07T08:05:48.364+0000] {logging_mixin.py:150} INFO - [2023-08-07T08:05:48.364+0000] {dag.py:2742} INFO - Sync 2 DAGs
[2023-08-07T08:05:48.368+0000] {logging_mixin.py:150} INFO - [2023-08-07T08:05:48.368+0000] {dag.py:3508} INFO - Setting next_dagrun for example_subdag_operator.section-1 to None, run_after=None
[2023-08-07T08:05:48.369+0000] {logging_mixin.py:150} INFO - [2023-08-07T08:05:48.369+0000] {dag.py:3508} INFO - Setting next_dagrun for example_subdag_operator.section-2 to None, run_after=None
[2023-08-07T08:05:48.377+0000] {processor.py:179} INFO - Processing /home/airflow/.local/lib/python3.7/site-packages/airflow/example_dags/example_subdag_operator.py took 0.090 seconds
[2023-08-07T08:06:18.511+0000] {processor.py:157} INFO - Started process (PID=1778) to work on /home/airflow/.local/lib/python3.7/site-packages/airflow/example_dags/example_subdag_operator.py
[2023-08-07T08:06:18.512+0000] {processor.py:826} INFO - Processing file /home/airflow/.local/lib/python3.7/site-packages/airflow/example_dags/example_subdag_operator.py for tasks to queue
[2023-08-07T08:06:18.513+0000] {logging_mixin.py:150} INFO - [2023-08-07T08:06:18.513+0000] {dagbag.py:541} INFO - Filling up the DagBag from /home/airflow/.local/lib/python3.7/site-packages/airflow/example_dags/example_subdag_operator.py
[2023-08-07T08:06:18.537+0000] {processor.py:836} INFO - DAG(s) dict_keys(['example_subdag_operator.section-1', 'example_subdag_operator.section-2', 'example_subdag_operator']) retrieved from /home/airflow/.local/lib/python3.7/site-packages/airflow/example_dags/example_subdag_operator.py
[2023-08-07T08:06:18.553+0000] {logging_mixin.py:150} INFO - [2023-08-07T08:06:18.553+0000] {dag.py:2742} INFO - Sync 3 DAGs
[2023-08-07T08:06:18.573+0000] {logging_mixin.py:150} INFO - [2023-08-07T08:06:18.573+0000] {dag.py:3508} INFO - Setting next_dagrun for example_subdag_operator to 2022-01-01T00:00:00+00:00, run_after=2022-01-01T00:00:00+00:00
[2023-08-07T08:06:18.576+0000] {logging_mixin.py:150} INFO - [2023-08-07T08:06:18.575+0000] {dag.py:3508} INFO - Setting next_dagrun for example_subdag_operator.section-1 to None, run_after=None
[2023-08-07T08:06:18.577+0000] {logging_mixin.py:150} INFO - [2023-08-07T08:06:18.577+0000] {dag.py:3508} INFO - Setting next_dagrun for example_subdag_operator.section-2 to None, run_after=None
[2023-08-07T08:06:18.583+0000] {logging_mixin.py:150} INFO - [2023-08-07T08:06:18.583+0000] {dag.py:2742} INFO - Sync 2 DAGs
[2023-08-07T08:06:18.587+0000] {logging_mixin.py:150} INFO - [2023-08-07T08:06:18.587+0000] {dag.py:3508} INFO - Setting next_dagrun for example_subdag_operator.section-1 to None, run_after=None
[2023-08-07T08:06:18.588+0000] {logging_mixin.py:150} INFO - [2023-08-07T08:06:18.588+0000] {dag.py:3508} INFO - Setting next_dagrun for example_subdag_operator.section-2 to None, run_after=None
[2023-08-07T08:06:18.596+0000] {processor.py:179} INFO - Processing /home/airflow/.local/lib/python3.7/site-packages/airflow/example_dags/example_subdag_operator.py took 0.089 seconds
[2023-08-07T08:06:49.528+0000] {processor.py:157} INFO - Started process (PID=2020) to work on /home/airflow/.local/lib/python3.7/site-packages/airflow/example_dags/example_subdag_operator.py
[2023-08-07T08:06:49.530+0000] {processor.py:826} INFO - Processing file /home/airflow/.local/lib/python3.7/site-packages/airflow/example_dags/example_subdag_operator.py for tasks to queue
[2023-08-07T08:06:49.532+0000] {logging_mixin.py:150} INFO - [2023-08-07T08:06:49.531+0000] {dagbag.py:541} INFO - Filling up the DagBag from /home/airflow/.local/lib/python3.7/site-packages/airflow/example_dags/example_subdag_operator.py
[2023-08-07T08:06:49.560+0000] {processor.py:836} INFO - DAG(s) dict_keys(['example_subdag_operator.section-1', 'example_subdag_operator.section-2', 'example_subdag_operator']) retrieved from /home/airflow/.local/lib/python3.7/site-packages/airflow/example_dags/example_subdag_operator.py
[2023-08-07T08:06:49.576+0000] {logging_mixin.py:150} INFO - [2023-08-07T08:06:49.576+0000] {dag.py:2742} INFO - Sync 3 DAGs
[2023-08-07T08:06:49.597+0000] {logging_mixin.py:150} INFO - [2023-08-07T08:06:49.597+0000] {dag.py:3508} INFO - Setting next_dagrun for example_subdag_operator to 2022-01-01T00:00:00+00:00, run_after=2022-01-01T00:00:00+00:00
[2023-08-07T08:06:49.600+0000] {logging_mixin.py:150} INFO - [2023-08-07T08:06:49.600+0000] {dag.py:3508} INFO - Setting next_dagrun for example_subdag_operator.section-1 to None, run_after=None
[2023-08-07T08:06:49.602+0000] {logging_mixin.py:150} INFO - [2023-08-07T08:06:49.602+0000] {dag.py:3508} INFO - Setting next_dagrun for example_subdag_operator.section-2 to None, run_after=None
[2023-08-07T08:06:49.609+0000] {logging_mixin.py:150} INFO - [2023-08-07T08:06:49.609+0000] {dag.py:2742} INFO - Sync 2 DAGs
[2023-08-07T08:06:49.614+0000] {logging_mixin.py:150} INFO - [2023-08-07T08:06:49.614+0000] {dag.py:3508} INFO - Setting next_dagrun for example_subdag_operator.section-1 to None, run_after=None
[2023-08-07T08:06:49.615+0000] {logging_mixin.py:150} INFO - [2023-08-07T08:06:49.615+0000] {dag.py:3508} INFO - Setting next_dagrun for example_subdag_operator.section-2 to None, run_after=None
[2023-08-07T08:06:49.624+0000] {processor.py:179} INFO - Processing /home/airflow/.local/lib/python3.7/site-packages/airflow/example_dags/example_subdag_operator.py took 0.099 seconds
[2023-08-07T08:07:19.872+0000] {processor.py:157} INFO - Started process (PID=2264) to work on /home/airflow/.local/lib/python3.7/site-packages/airflow/example_dags/example_subdag_operator.py
[2023-08-07T08:07:19.873+0000] {processor.py:826} INFO - Processing file /home/airflow/.local/lib/python3.7/site-packages/airflow/example_dags/example_subdag_operator.py for tasks to queue
[2023-08-07T08:07:19.874+0000] {logging_mixin.py:150} INFO - [2023-08-07T08:07:19.874+0000] {dagbag.py:541} INFO - Filling up the DagBag from /home/airflow/.local/lib/python3.7/site-packages/airflow/example_dags/example_subdag_operator.py
[2023-08-07T08:07:19.898+0000] {processor.py:836} INFO - DAG(s) dict_keys(['example_subdag_operator.section-1', 'example_subdag_operator.section-2', 'example_subdag_operator']) retrieved from /home/airflow/.local/lib/python3.7/site-packages/airflow/example_dags/example_subdag_operator.py
[2023-08-07T08:07:19.912+0000] {logging_mixin.py:150} INFO - [2023-08-07T08:07:19.912+0000] {dag.py:2742} INFO - Sync 3 DAGs
[2023-08-07T08:07:19.932+0000] {logging_mixin.py:150} INFO - [2023-08-07T08:07:19.932+0000] {dag.py:3508} INFO - Setting next_dagrun for example_subdag_operator to 2022-01-01T00:00:00+00:00, run_after=2022-01-01T00:00:00+00:00
[2023-08-07T08:07:19.936+0000] {logging_mixin.py:150} INFO - [2023-08-07T08:07:19.935+0000] {dag.py:3508} INFO - Setting next_dagrun for example_subdag_operator.section-1 to None, run_after=None
[2023-08-07T08:07:19.937+0000] {logging_mixin.py:150} INFO - [2023-08-07T08:07:19.937+0000] {dag.py:3508} INFO - Setting next_dagrun for example_subdag_operator.section-2 to None, run_after=None
[2023-08-07T08:07:19.943+0000] {logging_mixin.py:150} INFO - [2023-08-07T08:07:19.943+0000] {dag.py:2742} INFO - Sync 2 DAGs
[2023-08-07T08:07:19.949+0000] {logging_mixin.py:150} INFO - [2023-08-07T08:07:19.949+0000] {dag.py:3508} INFO - Setting next_dagrun for example_subdag_operator.section-1 to None, run_after=None
[2023-08-07T08:07:19.950+0000] {logging_mixin.py:150} INFO - [2023-08-07T08:07:19.949+0000] {dag.py:3508} INFO - Setting next_dagrun for example_subdag_operator.section-2 to None, run_after=None
[2023-08-07T08:07:19.959+0000] {processor.py:179} INFO - Processing /home/airflow/.local/lib/python3.7/site-packages/airflow/example_dags/example_subdag_operator.py took 0.090 seconds
[2023-08-07T08:07:50.023+0000] {processor.py:157} INFO - Started process (PID=2505) to work on /home/airflow/.local/lib/python3.7/site-packages/airflow/example_dags/example_subdag_operator.py
[2023-08-07T08:07:50.024+0000] {processor.py:826} INFO - Processing file /home/airflow/.local/lib/python3.7/site-packages/airflow/example_dags/example_subdag_operator.py for tasks to queue
[2023-08-07T08:07:50.025+0000] {logging_mixin.py:150} INFO - [2023-08-07T08:07:50.025+0000] {dagbag.py:541} INFO - Filling up the DagBag from /home/airflow/.local/lib/python3.7/site-packages/airflow/example_dags/example_subdag_operator.py
[2023-08-07T08:07:50.048+0000] {processor.py:836} INFO - DAG(s) dict_keys(['example_subdag_operator.section-1', 'example_subdag_operator.section-2', 'example_subdag_operator']) retrieved from /home/airflow/.local/lib/python3.7/site-packages/airflow/example_dags/example_subdag_operator.py
[2023-08-07T08:07:50.063+0000] {logging_mixin.py:150} INFO - [2023-08-07T08:07:50.062+0000] {dag.py:2742} INFO - Sync 3 DAGs
[2023-08-07T08:07:50.081+0000] {logging_mixin.py:150} INFO - [2023-08-07T08:07:50.081+0000] {dag.py:3508} INFO - Setting next_dagrun for example_subdag_operator to 2022-01-01T00:00:00+00:00, run_after=2022-01-01T00:00:00+00:00
[2023-08-07T08:07:50.084+0000] {logging_mixin.py:150} INFO - [2023-08-07T08:07:50.084+0000] {dag.py:3508} INFO - Setting next_dagrun for example_subdag_operator.section-1 to None, run_after=None
[2023-08-07T08:07:50.086+0000] {logging_mixin.py:150} INFO - [2023-08-07T08:07:50.085+0000] {dag.py:3508} INFO - Setting next_dagrun for example_subdag_operator.section-2 to None, run_after=None
[2023-08-07T08:07:50.091+0000] {logging_mixin.py:150} INFO - [2023-08-07T08:07:50.091+0000] {dag.py:2742} INFO - Sync 2 DAGs
[2023-08-07T08:07:50.096+0000] {logging_mixin.py:150} INFO - [2023-08-07T08:07:50.095+0000] {dag.py:3508} INFO - Setting next_dagrun for example_subdag_operator.section-1 to None, run_after=None
[2023-08-07T08:07:50.096+0000] {logging_mixin.py:150} INFO - [2023-08-07T08:07:50.096+0000] {dag.py:3508} INFO - Setting next_dagrun for example_subdag_operator.section-2 to None, run_after=None
[2023-08-07T08:07:50.104+0000] {processor.py:179} INFO - Processing /home/airflow/.local/lib/python3.7/site-packages/airflow/example_dags/example_subdag_operator.py took 0.084 seconds
[2023-08-07T08:08:20.150+0000] {processor.py:157} INFO - Started process (PID=2742) to work on /home/airflow/.local/lib/python3.7/site-packages/airflow/example_dags/example_subdag_operator.py
[2023-08-07T08:08:20.151+0000] {processor.py:826} INFO - Processing file /home/airflow/.local/lib/python3.7/site-packages/airflow/example_dags/example_subdag_operator.py for tasks to queue
[2023-08-07T08:08:20.152+0000] {logging_mixin.py:150} INFO - [2023-08-07T08:08:20.152+0000] {dagbag.py:541} INFO - Filling up the DagBag from /home/airflow/.local/lib/python3.7/site-packages/airflow/example_dags/example_subdag_operator.py
[2023-08-07T08:08:20.176+0000] {processor.py:836} INFO - DAG(s) dict_keys(['example_subdag_operator.section-1', 'example_subdag_operator.section-2', 'example_subdag_operator']) retrieved from /home/airflow/.local/lib/python3.7/site-packages/airflow/example_dags/example_subdag_operator.py
[2023-08-07T08:08:20.189+0000] {logging_mixin.py:150} INFO - [2023-08-07T08:08:20.189+0000] {dag.py:2742} INFO - Sync 3 DAGs
[2023-08-07T08:08:20.208+0000] {logging_mixin.py:150} INFO - [2023-08-07T08:08:20.208+0000] {dag.py:3508} INFO - Setting next_dagrun for example_subdag_operator to 2022-01-01T00:00:00+00:00, run_after=2022-01-01T00:00:00+00:00
[2023-08-07T08:08:20.213+0000] {logging_mixin.py:150} INFO - [2023-08-07T08:08:20.213+0000] {dag.py:3508} INFO - Setting next_dagrun for example_subdag_operator.section-1 to None, run_after=None
[2023-08-07T08:08:20.214+0000] {logging_mixin.py:150} INFO - [2023-08-07T08:08:20.214+0000] {dag.py:3508} INFO - Setting next_dagrun for example_subdag_operator.section-2 to None, run_after=None
[2023-08-07T08:08:20.221+0000] {logging_mixin.py:150} INFO - [2023-08-07T08:08:20.221+0000] {dag.py:2742} INFO - Sync 2 DAGs
[2023-08-07T08:08:20.226+0000] {logging_mixin.py:150} INFO - [2023-08-07T08:08:20.226+0000] {dag.py:3508} INFO - Setting next_dagrun for example_subdag_operator.section-1 to None, run_after=None
[2023-08-07T08:08:20.227+0000] {logging_mixin.py:150} INFO - [2023-08-07T08:08:20.227+0000] {dag.py:3508} INFO - Setting next_dagrun for example_subdag_operator.section-2 to None, run_after=None
[2023-08-07T08:08:20.235+0000] {processor.py:179} INFO - Processing /home/airflow/.local/lib/python3.7/site-packages/airflow/example_dags/example_subdag_operator.py took 0.088 seconds
[2023-08-07T08:08:50.506+0000] {processor.py:157} INFO - Started process (PID=2986) to work on /home/airflow/.local/lib/python3.7/site-packages/airflow/example_dags/example_subdag_operator.py
[2023-08-07T08:08:50.507+0000] {processor.py:826} INFO - Processing file /home/airflow/.local/lib/python3.7/site-packages/airflow/example_dags/example_subdag_operator.py for tasks to queue
[2023-08-07T08:08:50.508+0000] {logging_mixin.py:150} INFO - [2023-08-07T08:08:50.508+0000] {dagbag.py:541} INFO - Filling up the DagBag from /home/airflow/.local/lib/python3.7/site-packages/airflow/example_dags/example_subdag_operator.py
[2023-08-07T08:08:50.532+0000] {processor.py:836} INFO - DAG(s) dict_keys(['example_subdag_operator.section-1', 'example_subdag_operator.section-2', 'example_subdag_operator']) retrieved from /home/airflow/.local/lib/python3.7/site-packages/airflow/example_dags/example_subdag_operator.py
[2023-08-07T08:08:50.547+0000] {logging_mixin.py:150} INFO - [2023-08-07T08:08:50.547+0000] {dag.py:2742} INFO - Sync 3 DAGs
[2023-08-07T08:08:50.569+0000] {logging_mixin.py:150} INFO - [2023-08-07T08:08:50.568+0000] {dag.py:3508} INFO - Setting next_dagrun for example_subdag_operator to 2022-01-01T00:00:00+00:00, run_after=2022-01-01T00:00:00+00:00
[2023-08-07T08:08:50.572+0000] {logging_mixin.py:150} INFO - [2023-08-07T08:08:50.572+0000] {dag.py:3508} INFO - Setting next_dagrun for example_subdag_operator.section-1 to None, run_after=None
[2023-08-07T08:08:50.574+0000] {logging_mixin.py:150} INFO - [2023-08-07T08:08:50.574+0000] {dag.py:3508} INFO - Setting next_dagrun for example_subdag_operator.section-2 to None, run_after=None
[2023-08-07T08:08:50.580+0000] {logging_mixin.py:150} INFO - [2023-08-07T08:08:50.580+0000] {dag.py:2742} INFO - Sync 2 DAGs
[2023-08-07T08:08:50.585+0000] {logging_mixin.py:150} INFO - [2023-08-07T08:08:50.585+0000] {dag.py:3508} INFO - Setting next_dagrun for example_subdag_operator.section-1 to None, run_after=None
[2023-08-07T08:08:50.586+0000] {logging_mixin.py:150} INFO - [2023-08-07T08:08:50.586+0000] {dag.py:3508} INFO - Setting next_dagrun for example_subdag_operator.section-2 to None, run_after=None
[2023-08-07T08:08:50.594+0000] {processor.py:179} INFO - Processing /home/airflow/.local/lib/python3.7/site-packages/airflow/example_dags/example_subdag_operator.py took 0.092 seconds
