[2023-08-07T08:03:15.299+0000] {processor.py:157} INFO - Started process (PID=251) to work on /home/airflow/.local/lib/python3.7/site-packages/airflow/example_dags/example_params_trigger_ui.py
[2023-08-07T08:03:15.301+0000] {processor.py:826} INFO - Processing file /home/airflow/.local/lib/python3.7/site-packages/airflow/example_dags/example_params_trigger_ui.py for tasks to queue
[2023-08-07T08:03:15.302+0000] {logging_mixin.py:150} INFO - [2023-08-07T08:03:15.301+0000] {dagbag.py:541} INFO - Filling up the DagBag from /home/airflow/.local/lib/python3.7/site-packages/airflow/example_dags/example_params_trigger_ui.py
[2023-08-07T08:03:15.321+0000] {processor.py:836} INFO - DAG(s) dict_keys(['example_params_trigger_ui']) retrieved from /home/airflow/.local/lib/python3.7/site-packages/airflow/example_dags/example_params_trigger_ui.py
[2023-08-07T08:03:15.334+0000] {logging_mixin.py:150} INFO - [2023-08-07T08:03:15.334+0000] {dag.py:2742} INFO - Sync 1 DAGs
[2023-08-07T08:03:15.355+0000] {logging_mixin.py:150} INFO - [2023-08-07T08:03:15.355+0000] {dag.py:3508} INFO - Setting next_dagrun for example_params_trigger_ui to None, run_after=None
[2023-08-07T08:03:15.369+0000] {processor.py:179} INFO - Processing /home/airflow/.local/lib/python3.7/site-packages/airflow/example_dags/example_params_trigger_ui.py took 0.073 seconds
[2023-08-07T08:03:45.912+0000] {processor.py:157} INFO - Started process (PID=493) to work on /home/airflow/.local/lib/python3.7/site-packages/airflow/example_dags/example_params_trigger_ui.py
[2023-08-07T08:03:45.913+0000] {processor.py:826} INFO - Processing file /home/airflow/.local/lib/python3.7/site-packages/airflow/example_dags/example_params_trigger_ui.py for tasks to queue
[2023-08-07T08:03:45.914+0000] {logging_mixin.py:150} INFO - [2023-08-07T08:03:45.914+0000] {dagbag.py:541} INFO - Filling up the DagBag from /home/airflow/.local/lib/python3.7/site-packages/airflow/example_dags/example_params_trigger_ui.py
[2023-08-07T08:03:45.932+0000] {processor.py:836} INFO - DAG(s) dict_keys(['example_params_trigger_ui']) retrieved from /home/airflow/.local/lib/python3.7/site-packages/airflow/example_dags/example_params_trigger_ui.py
[2023-08-07T08:03:45.992+0000] {logging_mixin.py:150} INFO - [2023-08-07T08:03:45.992+0000] {dag.py:2742} INFO - Sync 1 DAGs
[2023-08-07T08:03:46.012+0000] {logging_mixin.py:150} INFO - [2023-08-07T08:03:46.011+0000] {dag.py:3508} INFO - Setting next_dagrun for example_params_trigger_ui to None, run_after=None
[2023-08-07T08:03:46.026+0000] {processor.py:179} INFO - Processing /home/airflow/.local/lib/python3.7/site-packages/airflow/example_dags/example_params_trigger_ui.py took 0.117 seconds
[2023-08-07T08:04:16.451+0000] {processor.py:157} INFO - Started process (PID=736) to work on /home/airflow/.local/lib/python3.7/site-packages/airflow/example_dags/example_params_trigger_ui.py
[2023-08-07T08:04:16.452+0000] {processor.py:826} INFO - Processing file /home/airflow/.local/lib/python3.7/site-packages/airflow/example_dags/example_params_trigger_ui.py for tasks to queue
[2023-08-07T08:04:16.453+0000] {logging_mixin.py:150} INFO - [2023-08-07T08:04:16.453+0000] {dagbag.py:541} INFO - Filling up the DagBag from /home/airflow/.local/lib/python3.7/site-packages/airflow/example_dags/example_params_trigger_ui.py
[2023-08-07T08:04:16.471+0000] {processor.py:836} INFO - DAG(s) dict_keys(['example_params_trigger_ui']) retrieved from /home/airflow/.local/lib/python3.7/site-packages/airflow/example_dags/example_params_trigger_ui.py
[2023-08-07T08:04:16.537+0000] {logging_mixin.py:150} INFO - [2023-08-07T08:04:16.537+0000] {dag.py:2742} INFO - Sync 1 DAGs
[2023-08-07T08:04:16.564+0000] {logging_mixin.py:150} INFO - [2023-08-07T08:04:16.564+0000] {dag.py:3508} INFO - Setting next_dagrun for example_params_trigger_ui to None, run_after=None
[2023-08-07T08:04:16.592+0000] {processor.py:179} INFO - Processing /home/airflow/.local/lib/python3.7/site-packages/airflow/example_dags/example_params_trigger_ui.py took 0.144 seconds
[2023-08-07T08:04:46.730+0000] {processor.py:157} INFO - Started process (PID=978) to work on /home/airflow/.local/lib/python3.7/site-packages/airflow/example_dags/example_params_trigger_ui.py
[2023-08-07T08:04:46.731+0000] {processor.py:826} INFO - Processing file /home/airflow/.local/lib/python3.7/site-packages/airflow/example_dags/example_params_trigger_ui.py for tasks to queue
[2023-08-07T08:04:46.732+0000] {logging_mixin.py:150} INFO - [2023-08-07T08:04:46.732+0000] {dagbag.py:541} INFO - Filling up the DagBag from /home/airflow/.local/lib/python3.7/site-packages/airflow/example_dags/example_params_trigger_ui.py
[2023-08-07T08:04:46.750+0000] {processor.py:836} INFO - DAG(s) dict_keys(['example_params_trigger_ui']) retrieved from /home/airflow/.local/lib/python3.7/site-packages/airflow/example_dags/example_params_trigger_ui.py
[2023-08-07T08:04:46.808+0000] {logging_mixin.py:150} INFO - [2023-08-07T08:04:46.808+0000] {dag.py:2742} INFO - Sync 1 DAGs
[2023-08-07T08:04:46.828+0000] {logging_mixin.py:150} INFO - [2023-08-07T08:04:46.828+0000] {dag.py:3508} INFO - Setting next_dagrun for example_params_trigger_ui to None, run_after=None
[2023-08-07T08:04:46.842+0000] {processor.py:179} INFO - Processing /home/airflow/.local/lib/python3.7/site-packages/airflow/example_dags/example_params_trigger_ui.py took 0.116 seconds
[2023-08-07T08:05:17.077+0000] {processor.py:157} INFO - Started process (PID=1220) to work on /home/airflow/.local/lib/python3.7/site-packages/airflow/example_dags/example_params_trigger_ui.py
[2023-08-07T08:05:17.079+0000] {processor.py:826} INFO - Processing file /home/airflow/.local/lib/python3.7/site-packages/airflow/example_dags/example_params_trigger_ui.py for tasks to queue
[2023-08-07T08:05:17.080+0000] {logging_mixin.py:150} INFO - [2023-08-07T08:05:17.079+0000] {dagbag.py:541} INFO - Filling up the DagBag from /home/airflow/.local/lib/python3.7/site-packages/airflow/example_dags/example_params_trigger_ui.py
[2023-08-07T08:05:17.097+0000] {processor.py:836} INFO - DAG(s) dict_keys(['example_params_trigger_ui']) retrieved from /home/airflow/.local/lib/python3.7/site-packages/airflow/example_dags/example_params_trigger_ui.py
[2023-08-07T08:05:17.155+0000] {logging_mixin.py:150} INFO - [2023-08-07T08:05:17.155+0000] {dag.py:2742} INFO - Sync 1 DAGs
[2023-08-07T08:05:17.173+0000] {logging_mixin.py:150} INFO - [2023-08-07T08:05:17.173+0000] {dag.py:3508} INFO - Setting next_dagrun for example_params_trigger_ui to None, run_after=None
[2023-08-07T08:05:17.187+0000] {processor.py:179} INFO - Processing /home/airflow/.local/lib/python3.7/site-packages/airflow/example_dags/example_params_trigger_ui.py took 0.113 seconds
[2023-08-07T08:05:47.480+0000] {processor.py:157} INFO - Started process (PID=1462) to work on /home/airflow/.local/lib/python3.7/site-packages/airflow/example_dags/example_params_trigger_ui.py
[2023-08-07T08:05:47.482+0000] {processor.py:826} INFO - Processing file /home/airflow/.local/lib/python3.7/site-packages/airflow/example_dags/example_params_trigger_ui.py for tasks to queue
[2023-08-07T08:05:47.483+0000] {logging_mixin.py:150} INFO - [2023-08-07T08:05:47.482+0000] {dagbag.py:541} INFO - Filling up the DagBag from /home/airflow/.local/lib/python3.7/site-packages/airflow/example_dags/example_params_trigger_ui.py
[2023-08-07T08:05:47.501+0000] {processor.py:836} INFO - DAG(s) dict_keys(['example_params_trigger_ui']) retrieved from /home/airflow/.local/lib/python3.7/site-packages/airflow/example_dags/example_params_trigger_ui.py
[2023-08-07T08:05:47.563+0000] {logging_mixin.py:150} INFO - [2023-08-07T08:05:47.563+0000] {dag.py:2742} INFO - Sync 1 DAGs
[2023-08-07T08:05:47.583+0000] {logging_mixin.py:150} INFO - [2023-08-07T08:05:47.583+0000] {dag.py:3508} INFO - Setting next_dagrun for example_params_trigger_ui to None, run_after=None
[2023-08-07T08:05:47.598+0000] {processor.py:179} INFO - Processing /home/airflow/.local/lib/python3.7/site-packages/airflow/example_dags/example_params_trigger_ui.py took 0.122 seconds
[2023-08-07T08:06:17.681+0000] {processor.py:157} INFO - Started process (PID=1718) to work on /home/airflow/.local/lib/python3.7/site-packages/airflow/example_dags/example_params_trigger_ui.py
[2023-08-07T08:06:17.683+0000] {processor.py:826} INFO - Processing file /home/airflow/.local/lib/python3.7/site-packages/airflow/example_dags/example_params_trigger_ui.py for tasks to queue
[2023-08-07T08:06:17.685+0000] {logging_mixin.py:150} INFO - [2023-08-07T08:06:17.684+0000] {dagbag.py:541} INFO - Filling up the DagBag from /home/airflow/.local/lib/python3.7/site-packages/airflow/example_dags/example_params_trigger_ui.py
[2023-08-07T08:06:17.702+0000] {processor.py:836} INFO - DAG(s) dict_keys(['example_params_trigger_ui']) retrieved from /home/airflow/.local/lib/python3.7/site-packages/airflow/example_dags/example_params_trigger_ui.py
[2023-08-07T08:06:17.760+0000] {logging_mixin.py:150} INFO - [2023-08-07T08:06:17.760+0000] {dag.py:2742} INFO - Sync 1 DAGs
[2023-08-07T08:06:17.780+0000] {logging_mixin.py:150} INFO - [2023-08-07T08:06:17.780+0000] {dag.py:3508} INFO - Setting next_dagrun for example_params_trigger_ui to None, run_after=None
[2023-08-07T08:06:17.794+0000] {processor.py:179} INFO - Processing /home/airflow/.local/lib/python3.7/site-packages/airflow/example_dags/example_params_trigger_ui.py took 0.115 seconds
[2023-08-07T08:06:47.895+0000] {processor.py:157} INFO - Started process (PID=1962) to work on /home/airflow/.local/lib/python3.7/site-packages/airflow/example_dags/example_params_trigger_ui.py
[2023-08-07T08:06:47.896+0000] {processor.py:826} INFO - Processing file /home/airflow/.local/lib/python3.7/site-packages/airflow/example_dags/example_params_trigger_ui.py for tasks to queue
[2023-08-07T08:06:47.897+0000] {logging_mixin.py:150} INFO - [2023-08-07T08:06:47.897+0000] {dagbag.py:541} INFO - Filling up the DagBag from /home/airflow/.local/lib/python3.7/site-packages/airflow/example_dags/example_params_trigger_ui.py
[2023-08-07T08:06:47.915+0000] {processor.py:836} INFO - DAG(s) dict_keys(['example_params_trigger_ui']) retrieved from /home/airflow/.local/lib/python3.7/site-packages/airflow/example_dags/example_params_trigger_ui.py
[2023-08-07T08:06:47.971+0000] {logging_mixin.py:150} INFO - [2023-08-07T08:06:47.971+0000] {dag.py:2742} INFO - Sync 1 DAGs
[2023-08-07T08:06:47.991+0000] {logging_mixin.py:150} INFO - [2023-08-07T08:06:47.991+0000] {dag.py:3508} INFO - Setting next_dagrun for example_params_trigger_ui to None, run_after=None
[2023-08-07T08:06:48.006+0000] {processor.py:179} INFO - Processing /home/airflow/.local/lib/python3.7/site-packages/airflow/example_dags/example_params_trigger_ui.py took 0.115 seconds
[2023-08-07T08:07:18.079+0000] {processor.py:157} INFO - Started process (PID=2209) to work on /home/airflow/.local/lib/python3.7/site-packages/airflow/example_dags/example_params_trigger_ui.py
[2023-08-07T08:07:18.080+0000] {processor.py:826} INFO - Processing file /home/airflow/.local/lib/python3.7/site-packages/airflow/example_dags/example_params_trigger_ui.py for tasks to queue
[2023-08-07T08:07:18.081+0000] {logging_mixin.py:150} INFO - [2023-08-07T08:07:18.081+0000] {dagbag.py:541} INFO - Filling up the DagBag from /home/airflow/.local/lib/python3.7/site-packages/airflow/example_dags/example_params_trigger_ui.py
[2023-08-07T08:07:18.102+0000] {processor.py:836} INFO - DAG(s) dict_keys(['example_params_trigger_ui']) retrieved from /home/airflow/.local/lib/python3.7/site-packages/airflow/example_dags/example_params_trigger_ui.py
[2023-08-07T08:07:18.180+0000] {logging_mixin.py:150} INFO - [2023-08-07T08:07:18.179+0000] {dag.py:2742} INFO - Sync 1 DAGs
[2023-08-07T08:07:18.199+0000] {logging_mixin.py:150} INFO - [2023-08-07T08:07:18.199+0000] {dag.py:3508} INFO - Setting next_dagrun for example_params_trigger_ui to None, run_after=None
[2023-08-07T08:07:18.213+0000] {processor.py:179} INFO - Processing /home/airflow/.local/lib/python3.7/site-packages/airflow/example_dags/example_params_trigger_ui.py took 0.138 seconds
[2023-08-07T08:07:48.301+0000] {processor.py:157} INFO - Started process (PID=2450) to work on /home/airflow/.local/lib/python3.7/site-packages/airflow/example_dags/example_params_trigger_ui.py
[2023-08-07T08:07:48.302+0000] {processor.py:826} INFO - Processing file /home/airflow/.local/lib/python3.7/site-packages/airflow/example_dags/example_params_trigger_ui.py for tasks to queue
[2023-08-07T08:07:48.303+0000] {logging_mixin.py:150} INFO - [2023-08-07T08:07:48.303+0000] {dagbag.py:541} INFO - Filling up the DagBag from /home/airflow/.local/lib/python3.7/site-packages/airflow/example_dags/example_params_trigger_ui.py
[2023-08-07T08:07:48.321+0000] {processor.py:836} INFO - DAG(s) dict_keys(['example_params_trigger_ui']) retrieved from /home/airflow/.local/lib/python3.7/site-packages/airflow/example_dags/example_params_trigger_ui.py
[2023-08-07T08:07:48.378+0000] {logging_mixin.py:150} INFO - [2023-08-07T08:07:48.378+0000] {dag.py:2742} INFO - Sync 1 DAGs
[2023-08-07T08:07:48.396+0000] {logging_mixin.py:150} INFO - [2023-08-07T08:07:48.396+0000] {dag.py:3508} INFO - Setting next_dagrun for example_params_trigger_ui to None, run_after=None
[2023-08-07T08:07:48.410+0000] {processor.py:179} INFO - Processing /home/airflow/.local/lib/python3.7/site-packages/airflow/example_dags/example_params_trigger_ui.py took 0.112 seconds
[2023-08-07T08:08:18.631+0000] {processor.py:157} INFO - Started process (PID=2692) to work on /home/airflow/.local/lib/python3.7/site-packages/airflow/example_dags/example_params_trigger_ui.py
[2023-08-07T08:08:18.633+0000] {processor.py:826} INFO - Processing file /home/airflow/.local/lib/python3.7/site-packages/airflow/example_dags/example_params_trigger_ui.py for tasks to queue
[2023-08-07T08:08:18.634+0000] {logging_mixin.py:150} INFO - [2023-08-07T08:08:18.633+0000] {dagbag.py:541} INFO - Filling up the DagBag from /home/airflow/.local/lib/python3.7/site-packages/airflow/example_dags/example_params_trigger_ui.py
[2023-08-07T08:08:18.652+0000] {processor.py:836} INFO - DAG(s) dict_keys(['example_params_trigger_ui']) retrieved from /home/airflow/.local/lib/python3.7/site-packages/airflow/example_dags/example_params_trigger_ui.py
[2023-08-07T08:08:18.714+0000] {logging_mixin.py:150} INFO - [2023-08-07T08:08:18.713+0000] {dag.py:2742} INFO - Sync 1 DAGs
[2023-08-07T08:08:18.733+0000] {logging_mixin.py:150} INFO - [2023-08-07T08:08:18.733+0000] {dag.py:3508} INFO - Setting next_dagrun for example_params_trigger_ui to None, run_after=None
[2023-08-07T08:08:18.746+0000] {processor.py:179} INFO - Processing /home/airflow/.local/lib/python3.7/site-packages/airflow/example_dags/example_params_trigger_ui.py took 0.118 seconds
[2023-08-07T08:08:48.903+0000] {processor.py:157} INFO - Started process (PID=2929) to work on /home/airflow/.local/lib/python3.7/site-packages/airflow/example_dags/example_params_trigger_ui.py
[2023-08-07T08:08:48.904+0000] {processor.py:826} INFO - Processing file /home/airflow/.local/lib/python3.7/site-packages/airflow/example_dags/example_params_trigger_ui.py for tasks to queue
[2023-08-07T08:08:48.905+0000] {logging_mixin.py:150} INFO - [2023-08-07T08:08:48.905+0000] {dagbag.py:541} INFO - Filling up the DagBag from /home/airflow/.local/lib/python3.7/site-packages/airflow/example_dags/example_params_trigger_ui.py
[2023-08-07T08:08:48.923+0000] {processor.py:836} INFO - DAG(s) dict_keys(['example_params_trigger_ui']) retrieved from /home/airflow/.local/lib/python3.7/site-packages/airflow/example_dags/example_params_trigger_ui.py
[2023-08-07T08:08:48.983+0000] {logging_mixin.py:150} INFO - [2023-08-07T08:08:48.983+0000] {dag.py:2742} INFO - Sync 1 DAGs
[2023-08-07T08:08:49.003+0000] {logging_mixin.py:150} INFO - [2023-08-07T08:08:49.003+0000] {dag.py:3508} INFO - Setting next_dagrun for example_params_trigger_ui to None, run_after=None
[2023-08-07T08:08:49.017+0000] {processor.py:179} INFO - Processing /home/airflow/.local/lib/python3.7/site-packages/airflow/example_dags/example_params_trigger_ui.py took 0.117 seconds
