[2023-08-07T08:03:15.679+0000] {processor.py:157} INFO - Started process (PID=278) to work on /home/airflow/.local/lib/python3.7/site-packages/airflow/example_dags/tutorial_dag.py
[2023-08-07T08:03:15.680+0000] {processor.py:826} INFO - Processing file /home/airflow/.local/lib/python3.7/site-packages/airflow/example_dags/tutorial_dag.py for tasks to queue
[2023-08-07T08:03:15.682+0000] {logging_mixin.py:150} INFO - [2023-08-07T08:03:15.681+0000] {dagbag.py:541} INFO - Filling up the DagBag from /home/airflow/.local/lib/python3.7/site-packages/airflow/example_dags/tutorial_dag.py
[2023-08-07T08:03:15.689+0000] {processor.py:836} INFO - DAG(s) dict_keys(['tutorial_dag']) retrieved from /home/airflow/.local/lib/python3.7/site-packages/airflow/example_dags/tutorial_dag.py
[2023-08-07T08:03:15.704+0000] {logging_mixin.py:150} INFO - [2023-08-07T08:03:15.703+0000] {dag.py:2742} INFO - Sync 1 DAGs
[2023-08-07T08:03:15.725+0000] {logging_mixin.py:150} INFO - [2023-08-07T08:03:15.725+0000] {dag.py:3508} INFO - Setting next_dagrun for tutorial_dag to None, run_after=None
[2023-08-07T08:03:15.739+0000] {processor.py:179} INFO - Processing /home/airflow/.local/lib/python3.7/site-packages/airflow/example_dags/tutorial_dag.py took 0.063 seconds
[2023-08-07T08:03:46.293+0000] {processor.py:157} INFO - Started process (PID=520) to work on /home/airflow/.local/lib/python3.7/site-packages/airflow/example_dags/tutorial_dag.py
[2023-08-07T08:03:46.295+0000] {processor.py:826} INFO - Processing file /home/airflow/.local/lib/python3.7/site-packages/airflow/example_dags/tutorial_dag.py for tasks to queue
[2023-08-07T08:03:46.296+0000] {logging_mixin.py:150} INFO - [2023-08-07T08:03:46.295+0000] {dagbag.py:541} INFO - Filling up the DagBag from /home/airflow/.local/lib/python3.7/site-packages/airflow/example_dags/tutorial_dag.py
[2023-08-07T08:03:46.301+0000] {processor.py:836} INFO - DAG(s) dict_keys(['tutorial_dag']) retrieved from /home/airflow/.local/lib/python3.7/site-packages/airflow/example_dags/tutorial_dag.py
[2023-08-07T08:03:46.325+0000] {logging_mixin.py:150} INFO - [2023-08-07T08:03:46.325+0000] {dag.py:2742} INFO - Sync 1 DAGs
[2023-08-07T08:03:46.344+0000] {logging_mixin.py:150} INFO - [2023-08-07T08:03:46.344+0000] {dag.py:3508} INFO - Setting next_dagrun for tutorial_dag to None, run_after=None
[2023-08-07T08:03:46.358+0000] {processor.py:179} INFO - Processing /home/airflow/.local/lib/python3.7/site-packages/airflow/example_dags/tutorial_dag.py took 0.069 seconds
[2023-08-07T08:04:16.820+0000] {processor.py:157} INFO - Started process (PID=763) to work on /home/airflow/.local/lib/python3.7/site-packages/airflow/example_dags/tutorial_dag.py
[2023-08-07T08:04:16.821+0000] {processor.py:826} INFO - Processing file /home/airflow/.local/lib/python3.7/site-packages/airflow/example_dags/tutorial_dag.py for tasks to queue
[2023-08-07T08:04:16.822+0000] {logging_mixin.py:150} INFO - [2023-08-07T08:04:16.822+0000] {dagbag.py:541} INFO - Filling up the DagBag from /home/airflow/.local/lib/python3.7/site-packages/airflow/example_dags/tutorial_dag.py
[2023-08-07T08:04:16.827+0000] {processor.py:836} INFO - DAG(s) dict_keys(['tutorial_dag']) retrieved from /home/airflow/.local/lib/python3.7/site-packages/airflow/example_dags/tutorial_dag.py
[2023-08-07T08:04:16.850+0000] {logging_mixin.py:150} INFO - [2023-08-07T08:04:16.850+0000] {dag.py:2742} INFO - Sync 1 DAGs
[2023-08-07T08:04:16.870+0000] {logging_mixin.py:150} INFO - [2023-08-07T08:04:16.870+0000] {dag.py:3508} INFO - Setting next_dagrun for tutorial_dag to None, run_after=None
[2023-08-07T08:04:16.883+0000] {processor.py:179} INFO - Processing /home/airflow/.local/lib/python3.7/site-packages/airflow/example_dags/tutorial_dag.py took 0.066 seconds
[2023-08-07T08:04:47.065+0000] {processor.py:157} INFO - Started process (PID=1003) to work on /home/airflow/.local/lib/python3.7/site-packages/airflow/example_dags/tutorial_dag.py
[2023-08-07T08:04:47.066+0000] {processor.py:826} INFO - Processing file /home/airflow/.local/lib/python3.7/site-packages/airflow/example_dags/tutorial_dag.py for tasks to queue
[2023-08-07T08:04:47.068+0000] {logging_mixin.py:150} INFO - [2023-08-07T08:04:47.068+0000] {dagbag.py:541} INFO - Filling up the DagBag from /home/airflow/.local/lib/python3.7/site-packages/airflow/example_dags/tutorial_dag.py
[2023-08-07T08:04:47.073+0000] {processor.py:836} INFO - DAG(s) dict_keys(['tutorial_dag']) retrieved from /home/airflow/.local/lib/python3.7/site-packages/airflow/example_dags/tutorial_dag.py
[2023-08-07T08:04:47.096+0000] {logging_mixin.py:150} INFO - [2023-08-07T08:04:47.096+0000] {dag.py:2742} INFO - Sync 1 DAGs
[2023-08-07T08:04:47.114+0000] {logging_mixin.py:150} INFO - [2023-08-07T08:04:47.114+0000] {dag.py:3508} INFO - Setting next_dagrun for tutorial_dag to None, run_after=None
[2023-08-07T08:04:47.129+0000] {processor.py:179} INFO - Processing /home/airflow/.local/lib/python3.7/site-packages/airflow/example_dags/tutorial_dag.py took 0.067 seconds
[2023-08-07T08:05:17.414+0000] {processor.py:157} INFO - Started process (PID=1245) to work on /home/airflow/.local/lib/python3.7/site-packages/airflow/example_dags/tutorial_dag.py
[2023-08-07T08:05:17.415+0000] {processor.py:826} INFO - Processing file /home/airflow/.local/lib/python3.7/site-packages/airflow/example_dags/tutorial_dag.py for tasks to queue
[2023-08-07T08:05:17.416+0000] {logging_mixin.py:150} INFO - [2023-08-07T08:05:17.416+0000] {dagbag.py:541} INFO - Filling up the DagBag from /home/airflow/.local/lib/python3.7/site-packages/airflow/example_dags/tutorial_dag.py
[2023-08-07T08:05:17.421+0000] {processor.py:836} INFO - DAG(s) dict_keys(['tutorial_dag']) retrieved from /home/airflow/.local/lib/python3.7/site-packages/airflow/example_dags/tutorial_dag.py
[2023-08-07T08:05:17.445+0000] {logging_mixin.py:150} INFO - [2023-08-07T08:05:17.444+0000] {dag.py:2742} INFO - Sync 1 DAGs
[2023-08-07T08:05:17.464+0000] {logging_mixin.py:150} INFO - [2023-08-07T08:05:17.464+0000] {dag.py:3508} INFO - Setting next_dagrun for tutorial_dag to None, run_after=None
[2023-08-07T08:05:17.478+0000] {processor.py:179} INFO - Processing /home/airflow/.local/lib/python3.7/site-packages/airflow/example_dags/tutorial_dag.py took 0.067 seconds
[2023-08-07T08:05:47.847+0000] {processor.py:157} INFO - Started process (PID=1487) to work on /home/airflow/.local/lib/python3.7/site-packages/airflow/example_dags/tutorial_dag.py
[2023-08-07T08:05:47.848+0000] {processor.py:826} INFO - Processing file /home/airflow/.local/lib/python3.7/site-packages/airflow/example_dags/tutorial_dag.py for tasks to queue
[2023-08-07T08:05:47.849+0000] {logging_mixin.py:150} INFO - [2023-08-07T08:05:47.849+0000] {dagbag.py:541} INFO - Filling up the DagBag from /home/airflow/.local/lib/python3.7/site-packages/airflow/example_dags/tutorial_dag.py
[2023-08-07T08:05:47.854+0000] {processor.py:836} INFO - DAG(s) dict_keys(['tutorial_dag']) retrieved from /home/airflow/.local/lib/python3.7/site-packages/airflow/example_dags/tutorial_dag.py
[2023-08-07T08:05:47.879+0000] {logging_mixin.py:150} INFO - [2023-08-07T08:05:47.879+0000] {dag.py:2742} INFO - Sync 1 DAGs
[2023-08-07T08:05:47.898+0000] {logging_mixin.py:150} INFO - [2023-08-07T08:05:47.898+0000] {dag.py:3508} INFO - Setting next_dagrun for tutorial_dag to None, run_after=None
[2023-08-07T08:05:47.913+0000] {processor.py:179} INFO - Processing /home/airflow/.local/lib/python3.7/site-packages/airflow/example_dags/tutorial_dag.py took 0.070 seconds
[2023-08-07T08:06:18.032+0000] {processor.py:157} INFO - Started process (PID=1743) to work on /home/airflow/.local/lib/python3.7/site-packages/airflow/example_dags/tutorial_dag.py
[2023-08-07T08:06:18.033+0000] {processor.py:826} INFO - Processing file /home/airflow/.local/lib/python3.7/site-packages/airflow/example_dags/tutorial_dag.py for tasks to queue
[2023-08-07T08:06:18.034+0000] {logging_mixin.py:150} INFO - [2023-08-07T08:06:18.034+0000] {dagbag.py:541} INFO - Filling up the DagBag from /home/airflow/.local/lib/python3.7/site-packages/airflow/example_dags/tutorial_dag.py
[2023-08-07T08:06:18.039+0000] {processor.py:836} INFO - DAG(s) dict_keys(['tutorial_dag']) retrieved from /home/airflow/.local/lib/python3.7/site-packages/airflow/example_dags/tutorial_dag.py
[2023-08-07T08:06:18.065+0000] {logging_mixin.py:150} INFO - [2023-08-07T08:06:18.065+0000] {dag.py:2742} INFO - Sync 1 DAGs
[2023-08-07T08:06:18.085+0000] {logging_mixin.py:150} INFO - [2023-08-07T08:06:18.085+0000] {dag.py:3508} INFO - Setting next_dagrun for tutorial_dag to None, run_after=None
[2023-08-07T08:06:18.101+0000] {processor.py:179} INFO - Processing /home/airflow/.local/lib/python3.7/site-packages/airflow/example_dags/tutorial_dag.py took 0.072 seconds
[2023-08-07T08:06:49.113+0000] {processor.py:157} INFO - Started process (PID=1985) to work on /home/airflow/.local/lib/python3.7/site-packages/airflow/example_dags/tutorial_dag.py
[2023-08-07T08:06:49.114+0000] {processor.py:826} INFO - Processing file /home/airflow/.local/lib/python3.7/site-packages/airflow/example_dags/tutorial_dag.py for tasks to queue
[2023-08-07T08:06:49.115+0000] {logging_mixin.py:150} INFO - [2023-08-07T08:06:49.115+0000] {dagbag.py:541} INFO - Filling up the DagBag from /home/airflow/.local/lib/python3.7/site-packages/airflow/example_dags/tutorial_dag.py
[2023-08-07T08:06:49.120+0000] {processor.py:836} INFO - DAG(s) dict_keys(['tutorial_dag']) retrieved from /home/airflow/.local/lib/python3.7/site-packages/airflow/example_dags/tutorial_dag.py
[2023-08-07T08:06:49.144+0000] {logging_mixin.py:150} INFO - [2023-08-07T08:06:49.144+0000] {dag.py:2742} INFO - Sync 1 DAGs
[2023-08-07T08:06:49.167+0000] {logging_mixin.py:150} INFO - [2023-08-07T08:06:49.167+0000] {dag.py:3508} INFO - Setting next_dagrun for tutorial_dag to None, run_after=None
[2023-08-07T08:06:49.185+0000] {processor.py:179} INFO - Processing /home/airflow/.local/lib/python3.7/site-packages/airflow/example_dags/tutorial_dag.py took 0.075 seconds
[2023-08-07T08:07:19.359+0000] {processor.py:157} INFO - Started process (PID=2227) to work on /home/airflow/.local/lib/python3.7/site-packages/airflow/example_dags/tutorial_dag.py
[2023-08-07T08:07:19.360+0000] {processor.py:826} INFO - Processing file /home/airflow/.local/lib/python3.7/site-packages/airflow/example_dags/tutorial_dag.py for tasks to queue
[2023-08-07T08:07:19.361+0000] {logging_mixin.py:150} INFO - [2023-08-07T08:07:19.361+0000] {dagbag.py:541} INFO - Filling up the DagBag from /home/airflow/.local/lib/python3.7/site-packages/airflow/example_dags/tutorial_dag.py
[2023-08-07T08:07:19.366+0000] {processor.py:836} INFO - DAG(s) dict_keys(['tutorial_dag']) retrieved from /home/airflow/.local/lib/python3.7/site-packages/airflow/example_dags/tutorial_dag.py
[2023-08-07T08:07:19.389+0000] {logging_mixin.py:150} INFO - [2023-08-07T08:07:19.389+0000] {dag.py:2742} INFO - Sync 1 DAGs
[2023-08-07T08:07:19.408+0000] {logging_mixin.py:150} INFO - [2023-08-07T08:07:19.408+0000] {dag.py:3508} INFO - Setting next_dagrun for tutorial_dag to None, run_after=None
[2023-08-07T08:07:19.422+0000] {processor.py:179} INFO - Processing /home/airflow/.local/lib/python3.7/site-packages/airflow/example_dags/tutorial_dag.py took 0.066 seconds
[2023-08-07T08:07:49.558+0000] {processor.py:157} INFO - Started process (PID=2470) to work on /home/airflow/.local/lib/python3.7/site-packages/airflow/example_dags/tutorial_dag.py
[2023-08-07T08:07:49.559+0000] {processor.py:826} INFO - Processing file /home/airflow/.local/lib/python3.7/site-packages/airflow/example_dags/tutorial_dag.py for tasks to queue
[2023-08-07T08:07:49.560+0000] {logging_mixin.py:150} INFO - [2023-08-07T08:07:49.560+0000] {dagbag.py:541} INFO - Filling up the DagBag from /home/airflow/.local/lib/python3.7/site-packages/airflow/example_dags/tutorial_dag.py
[2023-08-07T08:07:49.565+0000] {processor.py:836} INFO - DAG(s) dict_keys(['tutorial_dag']) retrieved from /home/airflow/.local/lib/python3.7/site-packages/airflow/example_dags/tutorial_dag.py
[2023-08-07T08:07:49.589+0000] {logging_mixin.py:150} INFO - [2023-08-07T08:07:49.588+0000] {dag.py:2742} INFO - Sync 1 DAGs
[2023-08-07T08:07:49.608+0000] {logging_mixin.py:150} INFO - [2023-08-07T08:07:49.608+0000] {dag.py:3508} INFO - Setting next_dagrun for tutorial_dag to None, run_after=None
[2023-08-07T08:07:49.623+0000] {processor.py:179} INFO - Processing /home/airflow/.local/lib/python3.7/site-packages/airflow/example_dags/tutorial_dag.py took 0.069 seconds
[2023-08-07T08:08:19.847+0000] {processor.py:157} INFO - Started process (PID=2712) to work on /home/airflow/.local/lib/python3.7/site-packages/airflow/example_dags/tutorial_dag.py
[2023-08-07T08:08:19.848+0000] {processor.py:826} INFO - Processing file /home/airflow/.local/lib/python3.7/site-packages/airflow/example_dags/tutorial_dag.py for tasks to queue
[2023-08-07T08:08:19.849+0000] {logging_mixin.py:150} INFO - [2023-08-07T08:08:19.849+0000] {dagbag.py:541} INFO - Filling up the DagBag from /home/airflow/.local/lib/python3.7/site-packages/airflow/example_dags/tutorial_dag.py
[2023-08-07T08:08:19.855+0000] {processor.py:836} INFO - DAG(s) dict_keys(['tutorial_dag']) retrieved from /home/airflow/.local/lib/python3.7/site-packages/airflow/example_dags/tutorial_dag.py
[2023-08-07T08:08:19.882+0000] {logging_mixin.py:150} INFO - [2023-08-07T08:08:19.882+0000] {dag.py:2742} INFO - Sync 1 DAGs
[2023-08-07T08:08:19.901+0000] {logging_mixin.py:150} INFO - [2023-08-07T08:08:19.901+0000] {dag.py:3508} INFO - Setting next_dagrun for tutorial_dag to None, run_after=None
[2023-08-07T08:08:19.917+0000] {processor.py:179} INFO - Processing /home/airflow/.local/lib/python3.7/site-packages/airflow/example_dags/tutorial_dag.py took 0.074 seconds
[2023-08-07T08:08:50.109+0000] {processor.py:157} INFO - Started process (PID=2954) to work on /home/airflow/.local/lib/python3.7/site-packages/airflow/example_dags/tutorial_dag.py
[2023-08-07T08:08:50.111+0000] {processor.py:826} INFO - Processing file /home/airflow/.local/lib/python3.7/site-packages/airflow/example_dags/tutorial_dag.py for tasks to queue
[2023-08-07T08:08:50.112+0000] {logging_mixin.py:150} INFO - [2023-08-07T08:08:50.112+0000] {dagbag.py:541} INFO - Filling up the DagBag from /home/airflow/.local/lib/python3.7/site-packages/airflow/example_dags/tutorial_dag.py
[2023-08-07T08:08:50.117+0000] {processor.py:836} INFO - DAG(s) dict_keys(['tutorial_dag']) retrieved from /home/airflow/.local/lib/python3.7/site-packages/airflow/example_dags/tutorial_dag.py
[2023-08-07T08:08:50.142+0000] {logging_mixin.py:150} INFO - [2023-08-07T08:08:50.142+0000] {dag.py:2742} INFO - Sync 1 DAGs
[2023-08-07T08:08:50.162+0000] {logging_mixin.py:150} INFO - [2023-08-07T08:08:50.162+0000] {dag.py:3508} INFO - Setting next_dagrun for tutorial_dag to None, run_after=None
[2023-08-07T08:08:50.177+0000] {processor.py:179} INFO - Processing /home/airflow/.local/lib/python3.7/site-packages/airflow/example_dags/tutorial_dag.py took 0.073 seconds
