[2023-08-15T00:54:23.580+0000] {taskinstance.py:1103} INFO - Dependencies all met for dep_context=non-requeueable deps ti=<TaskInstance: dag_w_postgres_v3.delete_postgres_data scheduled__2023-08-14T00:00:00+00:00 [queued]>
[2023-08-15T00:54:23.586+0000] {taskinstance.py:1103} INFO - Dependencies all met for dep_context=requeueable deps ti=<TaskInstance: dag_w_postgres_v3.delete_postgres_data scheduled__2023-08-14T00:00:00+00:00 [queued]>
[2023-08-15T00:54:23.587+0000] {taskinstance.py:1308} INFO - Starting attempt 1 of 6
[2023-08-15T00:54:23.600+0000] {taskinstance.py:1327} INFO - Executing <Task(PostgresOperator): delete_postgres_data> on 2023-08-14 00:00:00+00:00
[2023-08-15T00:54:23.605+0000] {standard_task_runner.py:57} INFO - Started process 9859 to run task
[2023-08-15T00:54:23.610+0000] {standard_task_runner.py:84} INFO - Running: ['***', 'tasks', 'run', 'dag_w_postgres_v3', 'delete_postgres_data', 'scheduled__2023-08-14T00:00:00+00:00', '--job-id', '1144', '--raw', '--subdir', 'DAGS_FOLDER/dag_postgresql.py', '--cfg-path', '/tmp/tmpa06142_d']
[2023-08-15T00:54:23.613+0000] {standard_task_runner.py:85} INFO - Job 1144: Subtask delete_postgres_data
[2023-08-15T00:54:23.661+0000] {task_command.py:410} INFO - Running <TaskInstance: dag_w_postgres_v3.delete_postgres_data scheduled__2023-08-14T00:00:00+00:00 [running]> on host e3ce6cb94b48
[2023-08-15T00:54:23.730+0000] {taskinstance.py:1547} INFO - Exporting env vars: AIRFLOW_CTX_DAG_OWNER='Zack' AIRFLOW_CTX_DAG_ID='dag_w_postgres_v3' AIRFLOW_CTX_TASK_ID='delete_postgres_data' AIRFLOW_CTX_EXECUTION_DATE='2023-08-14T00:00:00+00:00' AIRFLOW_CTX_TRY_NUMBER='1' AIRFLOW_CTX_DAG_RUN_ID='scheduled__2023-08-14T00:00:00+00:00'
[2023-08-15T00:54:23.731+0000] {sql.py:265} INFO - Executing: 
            DELETE FROM dag_runs WHERE dt = '2023-08-14' AND dag_id = 'dag_w_postgres_v3';
        
[2023-08-15T00:54:23.739+0000] {base.py:73} INFO - Using connection ID 'postgres_localhost' for task execution.
[2023-08-15T00:54:23.774+0000] {base.py:73} INFO - Using connection ID 'postgres_localhost' for task execution.
[2023-08-15T00:54:23.783+0000] {sql.py:375} INFO - Running statement: 
            DELETE FROM dag_runs WHERE dt = '2023-08-14' AND dag_id = 'dag_w_postgres_v3';
        , parameters: None
[2023-08-15T00:54:23.786+0000] {sql.py:384} INFO - Rows affected: 0
[2023-08-15T00:54:23.796+0000] {taskinstance.py:1350} INFO - Marking task as SUCCESS. dag_id=dag_w_postgres_v3, task_id=delete_postgres_data, execution_date=20230814T000000, start_date=20230815T005423, end_date=20230815T005423
[2023-08-15T00:54:23.823+0000] {local_task_job_runner.py:225} INFO - Task exited with return code 0
[2023-08-15T00:54:23.840+0000] {taskinstance.py:2653} INFO - 1 downstream tasks scheduled from follow-on schedule check
