[2023-08-09T00:04:50.756+0000] {taskinstance.py:1103} INFO - Dependencies all met for dep_context=non-requeueable deps ti=<TaskInstance: dag_w_postgres_v3.delete_postgres_data scheduled__2023-08-08T00:00:00+00:00 [queued]>
[2023-08-09T00:04:50.762+0000] {taskinstance.py:1103} INFO - Dependencies all met for dep_context=requeueable deps ti=<TaskInstance: dag_w_postgres_v3.delete_postgres_data scheduled__2023-08-08T00:00:00+00:00 [queued]>
[2023-08-09T00:04:50.763+0000] {taskinstance.py:1308} INFO - Starting attempt 1 of 6
[2023-08-09T00:04:50.774+0000] {taskinstance.py:1327} INFO - Executing <Task(PostgresOperator): delete_postgres_data> on 2023-08-08 00:00:00+00:00
[2023-08-09T00:04:50.778+0000] {standard_task_runner.py:57} INFO - Started process 21600 to run task
[2023-08-09T00:04:50.782+0000] {standard_task_runner.py:84} INFO - Running: ['***', 'tasks', 'run', 'dag_w_postgres_v3', 'delete_postgres_data', 'scheduled__2023-08-08T00:00:00+00:00', '--job-id', '1126', '--raw', '--subdir', 'DAGS_FOLDER/dag_postgresql.py', '--cfg-path', '/tmp/tmpgnsav2sl']
[2023-08-09T00:04:50.785+0000] {standard_task_runner.py:85} INFO - Job 1126: Subtask delete_postgres_data
[2023-08-09T00:04:50.832+0000] {task_command.py:410} INFO - Running <TaskInstance: dag_w_postgres_v3.delete_postgres_data scheduled__2023-08-08T00:00:00+00:00 [running]> on host e3ce6cb94b48
[2023-08-09T00:04:50.911+0000] {taskinstance.py:1547} INFO - Exporting env vars: AIRFLOW_CTX_DAG_OWNER='Zack' AIRFLOW_CTX_DAG_ID='dag_w_postgres_v3' AIRFLOW_CTX_TASK_ID='delete_postgres_data' AIRFLOW_CTX_EXECUTION_DATE='2023-08-08T00:00:00+00:00' AIRFLOW_CTX_TRY_NUMBER='1' AIRFLOW_CTX_DAG_RUN_ID='scheduled__2023-08-08T00:00:00+00:00'
[2023-08-09T00:04:50.912+0000] {sql.py:265} INFO - Executing: 
            DELETE FROM dag_runs WHERE dt = '2023-08-08' AND dag_id = 'dag_w_postgres_v3';
        
[2023-08-09T00:04:50.922+0000] {base.py:73} INFO - Using connection ID 'postgres_localhost' for task execution.
[2023-08-09T00:04:50.966+0000] {base.py:73} INFO - Using connection ID 'postgres_localhost' for task execution.
[2023-08-09T00:04:50.975+0000] {sql.py:375} INFO - Running statement: 
            DELETE FROM dag_runs WHERE dt = '2023-08-08' AND dag_id = 'dag_w_postgres_v3';
        , parameters: None
[2023-08-09T00:04:50.979+0000] {sql.py:384} INFO - Rows affected: 1
[2023-08-09T00:04:50.991+0000] {taskinstance.py:1350} INFO - Marking task as SUCCESS. dag_id=dag_w_postgres_v3, task_id=delete_postgres_data, execution_date=20230808T000000, start_date=20230809T000450, end_date=20230809T000450
[2023-08-09T00:04:51.035+0000] {local_task_job_runner.py:225} INFO - Task exited with return code 0
[2023-08-09T00:04:51.056+0000] {taskinstance.py:2653} INFO - 1 downstream tasks scheduled from follow-on schedule check
