[2023-08-14T00:06:53.165+0000] {taskinstance.py:1103} INFO - Dependencies all met for dep_context=non-requeueable deps ti=<TaskInstance: dag_w_postgres_v3.insert_data_to_postgres scheduled__2023-08-13T00:00:00+00:00 [queued]>
[2023-08-14T00:06:53.171+0000] {taskinstance.py:1103} INFO - Dependencies all met for dep_context=requeueable deps ti=<TaskInstance: dag_w_postgres_v3.insert_data_to_postgres scheduled__2023-08-13T00:00:00+00:00 [queued]>
[2023-08-14T00:06:53.172+0000] {taskinstance.py:1308} INFO - Starting attempt 1 of 6
[2023-08-14T00:06:53.180+0000] {taskinstance.py:1327} INFO - Executing <Task(PostgresOperator): insert_data_to_postgres> on 2023-08-13 00:00:00+00:00
[2023-08-14T00:06:53.184+0000] {standard_task_runner.py:57} INFO - Started process 89583 to run task
[2023-08-14T00:06:53.187+0000] {standard_task_runner.py:84} INFO - Running: ['***', 'tasks', 'run', 'dag_w_postgres_v3', 'insert_data_to_postgres', 'scheduled__2023-08-13T00:00:00+00:00', '--job-id', '1142', '--raw', '--subdir', 'DAGS_FOLDER/dag_postgresql.py', '--cfg-path', '/tmp/tmpm33z1u07']
[2023-08-14T00:06:53.189+0000] {standard_task_runner.py:85} INFO - Job 1142: Subtask insert_data_to_postgres
[2023-08-14T00:06:53.229+0000] {task_command.py:410} INFO - Running <TaskInstance: dag_w_postgres_v3.insert_data_to_postgres scheduled__2023-08-13T00:00:00+00:00 [running]> on host e3ce6cb94b48
[2023-08-14T00:06:53.292+0000] {taskinstance.py:1547} INFO - Exporting env vars: AIRFLOW_CTX_DAG_OWNER='Zack' AIRFLOW_CTX_DAG_ID='dag_w_postgres_v3' AIRFLOW_CTX_TASK_ID='insert_data_to_postgres' AIRFLOW_CTX_EXECUTION_DATE='2023-08-13T00:00:00+00:00' AIRFLOW_CTX_TRY_NUMBER='1' AIRFLOW_CTX_DAG_RUN_ID='scheduled__2023-08-13T00:00:00+00:00'
[2023-08-14T00:06:53.293+0000] {sql.py:265} INFO - Executing: 
            INSERT INTO dag_runs (dt, dag_id) values ('2023-08-13', 'dag_w_postgres_v3')
        
[2023-08-14T00:06:53.301+0000] {base.py:73} INFO - Using connection ID 'postgres_localhost' for task execution.
[2023-08-14T00:06:53.335+0000] {base.py:73} INFO - Using connection ID 'postgres_localhost' for task execution.
[2023-08-14T00:06:53.343+0000] {sql.py:375} INFO - Running statement: 
            INSERT INTO dag_runs (dt, dag_id) values ('2023-08-13', 'dag_w_postgres_v3')
        , parameters: None
[2023-08-14T00:06:53.345+0000] {sql.py:384} INFO - Rows affected: 1
[2023-08-14T00:06:53.355+0000] {taskinstance.py:1350} INFO - Marking task as SUCCESS. dag_id=dag_w_postgres_v3, task_id=insert_data_to_postgres, execution_date=20230813T000000, start_date=20230814T000653, end_date=20230814T000653
[2023-08-14T00:06:53.401+0000] {local_task_job_runner.py:225} INFO - Task exited with return code 0
[2023-08-14T00:06:53.415+0000] {taskinstance.py:2653} INFO - 0 downstream tasks scheduled from follow-on schedule check
