[2023-08-09T00:04:51.857+0000] {taskinstance.py:1103} INFO - Dependencies all met for dep_context=non-requeueable deps ti=<TaskInstance: dag_w_postgres_v3.insert_data_to_postgres scheduled__2023-08-08T00:00:00+00:00 [queued]>
[2023-08-09T00:04:51.864+0000] {taskinstance.py:1103} INFO - Dependencies all met for dep_context=requeueable deps ti=<TaskInstance: dag_w_postgres_v3.insert_data_to_postgres scheduled__2023-08-08T00:00:00+00:00 [queued]>
[2023-08-09T00:04:51.864+0000] {taskinstance.py:1308} INFO - Starting attempt 1 of 6
[2023-08-09T00:04:51.875+0000] {taskinstance.py:1327} INFO - Executing <Task(PostgresOperator): insert_data_to_postgres> on 2023-08-08 00:00:00+00:00
[2023-08-09T00:04:51.879+0000] {standard_task_runner.py:57} INFO - Started process 21602 to run task
[2023-08-09T00:04:51.883+0000] {standard_task_runner.py:84} INFO - Running: ['***', 'tasks', 'run', 'dag_w_postgres_v3', 'insert_data_to_postgres', 'scheduled__2023-08-08T00:00:00+00:00', '--job-id', '1127', '--raw', '--subdir', 'DAGS_FOLDER/dag_postgresql.py', '--cfg-path', '/tmp/tmpg9ubxuwv']
[2023-08-09T00:04:51.885+0000] {standard_task_runner.py:85} INFO - Job 1127: Subtask insert_data_to_postgres
[2023-08-09T00:04:51.933+0000] {task_command.py:410} INFO - Running <TaskInstance: dag_w_postgres_v3.insert_data_to_postgres scheduled__2023-08-08T00:00:00+00:00 [running]> on host e3ce6cb94b48
[2023-08-09T00:04:52.011+0000] {taskinstance.py:1547} INFO - Exporting env vars: AIRFLOW_CTX_DAG_OWNER='Zack' AIRFLOW_CTX_DAG_ID='dag_w_postgres_v3' AIRFLOW_CTX_TASK_ID='insert_data_to_postgres' AIRFLOW_CTX_EXECUTION_DATE='2023-08-08T00:00:00+00:00' AIRFLOW_CTX_TRY_NUMBER='1' AIRFLOW_CTX_DAG_RUN_ID='scheduled__2023-08-08T00:00:00+00:00'
[2023-08-09T00:04:52.012+0000] {sql.py:265} INFO - Executing: 
            INSERT INTO dag_runs (dt, dag_id) values ('2023-08-08', 'dag_w_postgres_v3')
        
[2023-08-09T00:04:52.021+0000] {base.py:73} INFO - Using connection ID 'postgres_localhost' for task execution.
[2023-08-09T00:04:52.065+0000] {base.py:73} INFO - Using connection ID 'postgres_localhost' for task execution.
[2023-08-09T00:04:52.074+0000] {sql.py:375} INFO - Running statement: 
            INSERT INTO dag_runs (dt, dag_id) values ('2023-08-08', 'dag_w_postgres_v3')
        , parameters: None
[2023-08-09T00:04:52.077+0000] {sql.py:384} INFO - Rows affected: 1
[2023-08-09T00:04:52.088+0000] {taskinstance.py:1350} INFO - Marking task as SUCCESS. dag_id=dag_w_postgres_v3, task_id=insert_data_to_postgres, execution_date=20230808T000000, start_date=20230809T000451, end_date=20230809T000452
[2023-08-09T00:04:52.137+0000] {local_task_job_runner.py:225} INFO - Task exited with return code 0
[2023-08-09T00:04:52.155+0000] {taskinstance.py:2653} INFO - 0 downstream tasks scheduled from follow-on schedule check
